2024-10-30T16:31:27.005+0100	INFO	IDSS	server/idss_main.go:168	Listening on peer Address: /ip4/127.0.0.1/tcp/45129/p2p/QmX1sbhz8fEW5hsDd12ZCafi9tNSD69ARQEp1Gz4zpsQvP

2024-10-30T16:31:27.006+0100	INFO	IDSS	server/idss_main.go:201	Loading data from file: ./idss_graph_db/QmX1sbhz8fEW5hsDd12ZCafi9tNSD69ARQEp1Gz4zpsQvP/QmX1sbhz8fEW5hsDd12ZCafi9tNSD69ARQEp1Gz4zpsQvP_data.json
2024-10-30T16:31:28.452+0100	INFO	IDSS	server/idss_db_init.go:76	Creating the Query Manager node...
2024-10-30T16:31:28.500+0100	INFO	IDSS	server/idss_db_init.go:102	Committed Query Manager node store transaction
2024-10-30T16:31:28.500+0100	INFO	IDSS	server/idss_main.go:341	Bootstrapped the DHT
2024/10/30 16:31:28 failed to sufficiently increase receive buffer size (was: 208 kiB, wanted: 7168 kiB, got: 416 kiB). See https://github.com/quic-go/quic-go/wiki/UDP-Buffer-Sizes for details.
2024-10-30T16:31:28.650+0100	INFO	IDSS	server/idss_main.go:352	Connected to bootstrap peer: QmbLHAnMoJPWSCR5Zhtx6BHJX9KiKNN6tpvbUcqanj75Nb
2024-10-30T16:31:28.781+0100	INFO	IDSS	server/idss_main.go:352	Connected to bootstrap peer: QmQCU2EcMqAqQPR2i9bChDtGNJchTbq5TbXJJ16u19uLTa
2024-10-30T16:31:28.908+0100	INFO	IDSS	server/idss_main.go:352	Connected to bootstrap peer: QmNnooDu7bfjPFoTZYxMNLWUQJyrVwtbZg5gBMjTezGAJN
2024-10-30T16:31:29.095+0100	INFO	IDSS	server/idss_main.go:352	Connected to bootstrap peer: QmcZf59bWwK5XFi76CZX8cbJ4BhTzzA3gU1ZjYZcYW3dwt
2024-10-30T16:31:29.234+0100	INFO	IDSS	server/idss_main.go:352	Connected to bootstrap peer: QmaCpDMGvV2BGHeYERUEnRQAwe3N8SzbUtfsmvsqQLuvuJ
2024-10-30T16:31:29.234+0100	INFO	IDSS	server/idss_main.go:282	Starting peer discovery...
2024-10-30T16:31:29.234+0100	INFO	IDSS	server/idss_main.go:291	Searching for other peers...
...
2024-10-30T16:31:31.058+0100	INFO	IDSS	server/idss_main.go:309	Connected to peer QmYzmFZrD7oeB5Ln2Qkz4FKJ6X5amj7quked8RJUHQGty4
2024-10-30T16:31:31.077+0100	INFO	IDSS	server/idss_main.go:309	Connected to peer QmaUyzWdNRMfEHLTVieiUysBr8vC2N3VUexp92Jcjdi4QZ
2024-10-30T16:31:31.085+0100	INFO	IDSS	server/idss_main.go:309	Connected to peer QmZV3TbhWtfrDkYAnFJVMYUZUU9fMYp7UJzjfCHDv9qr5A
2024-10-30T16:31:31.097+0100	INFO	IDSS	server/idss_main.go:309	Connected to peer QmbvLEyecLKJzWEaF1DwJjSpjjFZhytBLyvaLPyV6JB5Jx
2024-10-30T16:31:31.103+0100	INFO	IDSS	server/idss_main.go:309	Connected to peer QmY3KziLnhU6RCNc9uSgBaP6CZFwSUUMij2XXcNYC6mUX4
2024-10-30T16:31:31.121+0100	INFO	IDSS	server/idss_main.go:309	Connected to peer QmTS2oW64P5TvNk61d5Hj9P4AFim7J9Dtp9sNQ14mdrhqx
2024-10-30T16:31:31.132+0100	INFO	IDSS	server/idss_main.go:309	Connected to peer QmQpQXB1b7TmgWsv6pvRMqwMMPyn1sJ7SbjuhdK6r5daQG
2024-10-30T16:31:31.139+0100	INFO	IDSS	server/idss_main.go:309	Connected to peer QmX87h1VTfYQK5n2DCVHzHua6YV21QVTxtn6JQD4P6Up3k
2024-10-30T16:31:31.146+0100	INFO	IDSS	server/idss_main.go:309	Connected to peer QmZajqudreu5rkvjDADMY7g16UitD7RkWSQpr7cBaf5R8f
2024-10-30T16:31:41.480+0100	INFO	IDSS	server/idss_main.go:316	Num of found peers in the Routing Table: 88
2024-10-30T16:31:41.480+0100	INFO	IDSS	server/idss_main.go:319	Time taken to find peers: 12.245485736s
2024-10-30T16:31:41.480+0100	INFO	IDSS	server/idss_main.go:320	Peer discovery completed
2024-10-30T16:32:22.709+0100	INFO	IDSS	server/idss_main.go:364	Received incoming from QmYzmFZrD7oeB5Ln2Qkz4FKJ6X5amj7quked8RJUHQGty4
2024-10-30T16:32:22.710+0100	INFO	IDSS	server/idss_main.go:400	Query received:
On peer QmX1sbhz8fEW5hsDd12ZCafi9tNSD69ARQEp1Gz4zpsQvP 
UQI: QmVT4nXkCcghnSgaxCMuF3seddRXZCZSajtdrfGJXDxmZB-1730302342626177708
TTL: 1.500000 
From: QmYzmFZrD7oeB5Ln2Qkz4FKJ6X5amj7quked8RJUHQGty4
2024-10-30T16:32:22.797+0100	INFO	IDSS	server/idss_main.go:417	This is a new query on this peer
2024-10-30T16:32:22.797+0100	INFO	IDSS	server/idss_main.go:423	Entering executeAndBroadcastQuery...
2024-10-30T16:32:22.797+0100	INFO	IDSS	server/idss_main.go:857	Executing get Client
 locally in QmX1sbhz8fEW5hsDd12ZCafi9tNSD69ARQEp1Gz4zpsQvP
2024-10-30T16:32:22.900+0100	INFO	IDSS	server/idss_main.go:364	Received incoming from QmTS2oW64P5TvNk61d5Hj9P4AFim7J9Dtp9sNQ14mdrhqx
2024-10-30T16:32:22.900+0100	INFO	IDSS	server/idss_main.go:400	Query received:
On peer QmX1sbhz8fEW5hsDd12ZCafi9tNSD69ARQEp1Gz4zpsQvP 
UQI: QmVT4nXkCcghnSgaxCMuF3seddRXZCZSajtdrfGJXDxmZB-1730302342626177708
TTL: 1.125000 
From: QmTS2oW64P5TvNk61d5Hj9P4AFim7J9Dtp9sNQ14mdrhqx
2024-10-30T16:32:22.926+0100	INFO	IDSS	server/idss_main.go:364	Received incoming from QmX87h1VTfYQK5n2DCVHzHua6YV21QVTxtn6JQD4P6Up3k
2024-10-30T16:32:22.931+0100	INFO	IDSS	server/idss_main.go:400	Query received:
On peer QmX1sbhz8fEW5hsDd12ZCafi9tNSD69ARQEp1Gz4zpsQvP 
UQI: QmVT4nXkCcghnSgaxCMuF3seddRXZCZSajtdrfGJXDxmZB-1730302342626177708
TTL: 1.125000 
From: QmX87h1VTfYQK5n2DCVHzHua6YV21QVTxtn6JQD4P6Up3k
2024-10-30T16:32:22.992+0100	INFO	IDSS	server/idss_main.go:364	Received incoming from QmY3KziLnhU6RCNc9uSgBaP6CZFwSUUMij2XXcNYC6mUX4
2024-10-30T16:32:23.006+0100	INFO	IDSS	server/idss_main.go:400	Query received:
On peer QmX1sbhz8fEW5hsDd12ZCafi9tNSD69ARQEp1Gz4zpsQvP 
UQI: QmVT4nXkCcghnSgaxCMuF3seddRXZCZSajtdrfGJXDxmZB-1730302342626177708
TTL: 1.125000 
From: QmY3KziLnhU6RCNc9uSgBaP6CZFwSUUMij2XXcNYC6mUX4
2024-10-30T16:32:23.030+0100	INFO	IDSS	server/idss_main.go:364	Received incoming from QmZajqudreu5rkvjDADMY7g16UitD7RkWSQpr7cBaf5R8f
2024-10-30T16:32:23.031+0100	INFO	IDSS	server/idss_main.go:400	Query received:
On peer QmX1sbhz8fEW5hsDd12ZCafi9tNSD69ARQEp1Gz4zpsQvP 
UQI: QmVT4nXkCcghnSgaxCMuF3seddRXZCZSajtdrfGJXDxmZB-1730302342626177708
TTL: 1.125000 
From: QmZajqudreu5rkvjDADMY7g16UitD7RkWSQpr7cBaf5R8f
2024-10-30T16:32:23.140+0100	INFO	IDSS	server/idss_main.go:364	Received incoming from QmbvLEyecLKJzWEaF1DwJjSpjjFZhytBLyvaLPyV6JB5Jx
2024-10-30T16:32:23.141+0100	INFO	IDSS	server/idss_main.go:400	Query received:
On peer QmX1sbhz8fEW5hsDd12ZCafi9tNSD69ARQEp1Gz4zpsQvP 
UQI: QmVT4nXkCcghnSgaxCMuF3seddRXZCZSajtdrfGJXDxmZB-1730302342626177708
TTL: 1.125000 
From: QmbvLEyecLKJzWEaF1DwJjSpjjFZhytBLyvaLPyV6JB5Jx
2024-10-30T16:32:23.209+0100	INFO	IDSS	server/idss_main.go:449	Local query executed successfully
2024-10-30T16:32:23.210+0100	INFO	IDSS	server/idss_main.go:463	Sender address updated to: QmX1sbhz8fEW5hsDd12ZCafi9tNSD69ARQEp1Gz4zpsQvP
2024-10-30T16:32:23.210+0100	INFO	IDSS	server/idss_main.go:513	Broadcasting query in peer: QmX1sbhz8fEW5hsDd12ZCafi9tNSD69ARQEp1Gz4zpsQvP, Parent peer QmYzmFZrD7oeB5Ln2Qkz4FKJ6X5amj7quked8RJUHQGty4 
2024-10-30T16:32:23.210+0100	INFO	IDSS	server/idss_main.go:545	TTL in QmX1sbhz8fEW5hsDd12ZCafi9tNSD69ARQEp1Gz4zpsQvP after decrement: 1.125000
2024-10-30T16:32:23.210+0100	INFO	IDSS	server/idss_main.go:644	Peer QmX1sbhz8fEW5hsDd12ZCafi9tNSD69ARQEp1Gz4zpsQvP waiting for overlay peers results...
2024-10-30T16:32:23.210+0100	INFO	IDSS	server/idss_main.go:651	Overlay peers peer results collected, start merging...
2024-10-30T16:32:23.210+0100	WARN	IDSS	server/idss_main.go:409	Duplicate query received on Peer: QmX1sbhz8fEW5hsDd12ZCafi9tNSD69ARQEp1Gz4zpsQvP get Client
 (UQI: QmVT4nXkCcghnSgaxCMuF3seddRXZCZSajtdrfGJXDxmZB-1730302342626177708)
2024-10-30T16:32:23.211+0100	INFO	IDSS	server/idss_main.go:598	Query sent to peer QmaUyzWdNRMfEHLTVieiUysBr8vC2N3VUexp92Jcjdi4QZ, awaiting for response
2024-10-30T16:32:23.211+0100	WARN	IDSS	server/idss_main.go:409	Duplicate query received on Peer: QmX1sbhz8fEW5hsDd12ZCafi9tNSD69ARQEp1Gz4zpsQvP get Client
 (UQI: QmVT4nXkCcghnSgaxCMuF3seddRXZCZSajtdrfGJXDxmZB-1730302342626177708)
2024-10-30T16:32:23.211+0100	WARN	IDSS	server/idss_main.go:409	Duplicate query received on Peer: QmX1sbhz8fEW5hsDd12ZCafi9tNSD69ARQEp1Gz4zpsQvP get Client
 (UQI: QmVT4nXkCcghnSgaxCMuF3seddRXZCZSajtdrfGJXDxmZB-1730302342626177708)
2024-10-30T16:32:23.212+0100	INFO	IDSS	server/idss_main.go:598	Query sent to peer QmY3KziLnhU6RCNc9uSgBaP6CZFwSUUMij2XXcNYC6mUX4, awaiting for response
2024-10-30T16:32:23.213+0100	INFO	IDSS	server/idss_main.go:598	Query sent to peer QmTS2oW64P5TvNk61d5Hj9P4AFim7J9Dtp9sNQ14mdrhqx, awaiting for response
2024-10-30T16:32:23.216+0100	INFO	IDSS	server/idss_main.go:598	Query sent to peer QmZV3TbhWtfrDkYAnFJVMYUZUU9fMYp7UJzjfCHDv9qr5A, awaiting for response
2024-10-30T16:32:23.210+0100	WARN	IDSS	server/idss_main.go:409	Duplicate query received on Peer: QmX1sbhz8fEW5hsDd12ZCafi9tNSD69ARQEp1Gz4zpsQvP get Client
 (UQI: QmVT4nXkCcghnSgaxCMuF3seddRXZCZSajtdrfGJXDxmZB-1730302342626177708)
2024-10-30T16:32:23.221+0100	INFO	IDSS	server/idss_main.go:598	Query sent to peer QmX87h1VTfYQK5n2DCVHzHua6YV21QVTxtn6JQD4P6Up3k, awaiting for response
2024-10-30T16:32:23.224+0100	INFO	IDSS	server/idss_main.go:598	Query sent to peer QmQpQXB1b7TmgWsv6pvRMqwMMPyn1sJ7SbjuhdK6r5daQG, awaiting for response
2024-10-30T16:32:23.228+0100	INFO	IDSS	server/idss_main.go:598	Query sent to peer QmZajqudreu5rkvjDADMY7g16UitD7RkWSQpr7cBaf5R8f, awaiting for response
2024-10-30T16:32:23.231+0100	INFO	IDSS	server/idss_main.go:598	Query sent to peer QmbvLEyecLKJzWEaF1DwJjSpjjFZhytBLyvaLPyV6JB5Jx, awaiting for response
2024-10-30T16:32:23.235+0100	WARN	IDSS	server/idss_main.go:409	Duplicate query received on Peer: QmX1sbhz8fEW5hsDd12ZCafi9tNSD69ARQEp1Gz4zpsQvP get Client
 (UQI: QmVT4nXkCcghnSgaxCMuF3seddRXZCZSajtdrfGJXDxmZB-1730302342626177708)
2024-10-30T16:32:23.262+0100	INFO	IDSS	server/idss_main.go:364	Received incoming from QmaUyzWdNRMfEHLTVieiUysBr8vC2N3VUexp92Jcjdi4QZ
2024-10-30T16:32:23.263+0100	INFO	IDSS	server/idss_main.go:400	Query received:
On peer QmX1sbhz8fEW5hsDd12ZCafi9tNSD69ARQEp1Gz4zpsQvP 
UQI: QmVT4nXkCcghnSgaxCMuF3seddRXZCZSajtdrfGJXDxmZB-1730302342626177708
TTL: 1.125000 
From: QmaUyzWdNRMfEHLTVieiUysBr8vC2N3VUexp92Jcjdi4QZ
2024-10-30T16:32:23.264+0100	WARN	IDSS	server/idss_main.go:409	Duplicate query received on Peer: QmX1sbhz8fEW5hsDd12ZCafi9tNSD69ARQEp1Gz4zpsQvP get Client
 (UQI: QmVT4nXkCcghnSgaxCMuF3seddRXZCZSajtdrfGJXDxmZB-1730302342626177708)
2024-10-30T16:32:23.349+0100	INFO	IDSS	server/idss_main.go:364	Received incoming from QmZV3TbhWtfrDkYAnFJVMYUZUU9fMYp7UJzjfCHDv9qr5A
2024-10-30T16:32:23.350+0100	INFO	IDSS	server/idss_main.go:400	Query received:
On peer QmX1sbhz8fEW5hsDd12ZCafi9tNSD69ARQEp1Gz4zpsQvP 
UQI: QmVT4nXkCcghnSgaxCMuF3seddRXZCZSajtdrfGJXDxmZB-1730302342626177708
TTL: 1.125000 
From: QmZV3TbhWtfrDkYAnFJVMYUZUU9fMYp7UJzjfCHDv9qr5A
2024-10-30T16:32:23.351+0100	WARN	IDSS	server/idss_main.go:409	Duplicate query received on Peer: QmX1sbhz8fEW5hsDd12ZCafi9tNSD69ARQEp1Gz4zpsQvP get Client
 (UQI: QmVT4nXkCcghnSgaxCMuF3seddRXZCZSajtdrfGJXDxmZB-1730302342626177708)
2024-10-30T16:32:23.389+0100	INFO	IDSS	server/idss_main.go:364	Received incoming from QmQpQXB1b7TmgWsv6pvRMqwMMPyn1sJ7SbjuhdK6r5daQG
2024-10-30T16:32:23.389+0100	INFO	IDSS	server/idss_main.go:400	Query received:
On peer QmX1sbhz8fEW5hsDd12ZCafi9tNSD69ARQEp1Gz4zpsQvP 
UQI: QmVT4nXkCcghnSgaxCMuF3seddRXZCZSajtdrfGJXDxmZB-1730302342626177708
TTL: 1.125000 
From: QmQpQXB1b7TmgWsv6pvRMqwMMPyn1sJ7SbjuhdK6r5daQG
2024-10-30T16:32:23.390+0100	WARN	IDSS	server/idss_main.go:409	Duplicate query received on Peer: QmX1sbhz8fEW5hsDd12ZCafi9tNSD69ARQEp1Gz4zpsQvP get Client
 (UQI: QmVT4nXkCcghnSgaxCMuF3seddRXZCZSajtdrfGJXDxmZB-1730302342626177708)
2024-10-30T16:32:24.337+0100	WARN	IDSS	server/idss_main.go:604	Response timeout from peer QmaUyzWdNRMfEHLTVieiUysBr8vC2N3VUexp92Jcjdi4QZ
2024-10-30T16:32:24.338+0100	WARN	IDSS	server/idss_main.go:604	Response timeout from peer QmTS2oW64P5TvNk61d5Hj9P4AFim7J9Dtp9sNQ14mdrhqx
2024-10-30T16:32:24.338+0100	WARN	IDSS	server/idss_main.go:604	Response timeout from peer QmY3KziLnhU6RCNc9uSgBaP6CZFwSUUMij2XXcNYC6mUX4
2024-10-30T16:32:24.339+0100	WARN	IDSS	server/idss_main.go:604	Response timeout from peer QmZajqudreu5rkvjDADMY7g16UitD7RkWSQpr7cBaf5R8f
2024-10-30T16:32:24.339+0100	WARN	IDSS	server/idss_main.go:604	Response timeout from peer QmQpQXB1b7TmgWsv6pvRMqwMMPyn1sJ7SbjuhdK6r5daQG
2024-10-30T16:32:24.340+0100	WARN	IDSS	server/idss_main.go:604	Response timeout from peer QmX87h1VTfYQK5n2DCVHzHua6YV21QVTxtn6JQD4P6Up3k
2024-10-30T16:32:24.342+0100	WARN	IDSS	server/idss_main.go:604	Response timeout from peer QmZV3TbhWtfrDkYAnFJVMYUZUU9fMYp7UJzjfCHDv9qr5A
2024-10-30T16:32:24.341+0100	WARN	IDSS	server/idss_main.go:604	Response timeout from peer QmbvLEyecLKJzWEaF1DwJjSpjjFZhytBLyvaLPyV6JB5Jx
2024-10-30T16:32:24.343+0100	INFO	IDSS	server/idss_main.go:658	DONE merging local and remote results
2024-10-30T16:32:24.381+0100	INFO	IDSS	server/idss_main.go:695	This is an intermediate peer QmX1sbhz8fEW5hsDd12ZCafi9tNSD69ARQEp1Gz4zpsQvP. Merging results to send to parent peer QmX1sbhz8fEW5hsDd12ZCafi9tNSD69ARQEp1Gz4zpsQvP
2024-10-30T16:32:24.381+0100	INFO	IDSS	server/idss_main.go:710	Sending merged result to peer QmYzmFZrD7oeB5Ln2Qkz4FKJ6X5amj7quked8RJUHQGty4
2024-10-30T16:32:24.381+0100	INFO	IDSS	server/idss_main.go:712	Record count: 100
2024-10-30T16:32:24.381+0100	INFO	IDSS	server/idss_main.go:731	Successfully sent merged result to peer QmYzmFZrD7oeB5Ln2Qkz4FKJ6X5amj7quked8RJUHQGty4
2024-10-30T16:32:49.133+0100	INFO	IDSS	server/idss_main.go:364	Received incoming from QmYzmFZrD7oeB5Ln2Qkz4FKJ6X5amj7quked8RJUHQGty4
2024-10-30T16:32:49.133+0100	INFO	IDSS	server/idss_main.go:400	Query received:
On peer QmX1sbhz8fEW5hsDd12ZCafi9tNSD69ARQEp1Gz4zpsQvP 
UQI: QmVT4nXkCcghnSgaxCMuF3seddRXZCZSajtdrfGJXDxmZB-1730302369075974629
TTL: 1.500000 
From: QmYzmFZrD7oeB5Ln2Qkz4FKJ6X5amj7quked8RJUHQGty4
2024-10-30T16:32:49.205+0100	INFO	IDSS	server/idss_main.go:417	This is a new query on this peer
2024-10-30T16:32:49.205+0100	INFO	IDSS	server/idss_main.go:423	Entering executeAndBroadcastQuery...
2024-10-30T16:32:49.205+0100	INFO	IDSS	server/idss_main.go:857	Executing get Client
 locally in QmX1sbhz8fEW5hsDd12ZCafi9tNSD69ARQEp1Gz4zpsQvP
2024-10-30T16:32:49.271+0100	INFO	IDSS	server/idss_main.go:449	Local query executed successfully
2024-10-30T16:32:49.272+0100	INFO	IDSS	server/idss_main.go:463	Sender address updated to: QmX1sbhz8fEW5hsDd12ZCafi9tNSD69ARQEp1Gz4zpsQvP
2024-10-30T16:32:49.272+0100	INFO	IDSS	server/idss_main.go:513	Broadcasting query in peer: QmX1sbhz8fEW5hsDd12ZCafi9tNSD69ARQEp1Gz4zpsQvP, Parent peer QmYzmFZrD7oeB5Ln2Qkz4FKJ6X5amj7quked8RJUHQGty4 
2024-10-30T16:32:49.272+0100	INFO	IDSS	server/idss_main.go:545	TTL in QmX1sbhz8fEW5hsDd12ZCafi9tNSD69ARQEp1Gz4zpsQvP after decrement: 1.125000
2024-10-30T16:32:49.272+0100	INFO	IDSS	server/idss_main.go:644	Peer QmX1sbhz8fEW5hsDd12ZCafi9tNSD69ARQEp1Gz4zpsQvP waiting for overlay peers results...
2024-10-30T16:32:49.272+0100	INFO	IDSS	server/idss_main.go:651	Overlay peers peer results collected, start merging...
2024-10-30T16:32:49.273+0100	INFO	IDSS	server/idss_main.go:598	Query sent to peer QmaUyzWdNRMfEHLTVieiUysBr8vC2N3VUexp92Jcjdi4QZ, awaiting for response
2024-10-30T16:32:49.273+0100	INFO	IDSS	server/idss_main.go:598	Query sent to peer QmTS2oW64P5TvNk61d5Hj9P4AFim7J9Dtp9sNQ14mdrhqx, awaiting for response
2024-10-30T16:32:49.273+0100	INFO	IDSS	server/idss_main.go:598	Query sent to peer QmZajqudreu5rkvjDADMY7g16UitD7RkWSQpr7cBaf5R8f, awaiting for response
2024-10-30T16:32:49.274+0100	INFO	IDSS	server/idss_main.go:598	Query sent to peer QmbvLEyecLKJzWEaF1DwJjSpjjFZhytBLyvaLPyV6JB5Jx, awaiting for response
2024-10-30T16:32:49.275+0100	INFO	IDSS	server/idss_main.go:598	Query sent to peer QmY3KziLnhU6RCNc9uSgBaP6CZFwSUUMij2XXcNYC6mUX4, awaiting for response
2024-10-30T16:32:49.277+0100	INFO	IDSS	server/idss_main.go:364	Received incoming from QmX87h1VTfYQK5n2DCVHzHua6YV21QVTxtn6JQD4P6Up3k
2024-10-30T16:32:49.277+0100	INFO	IDSS	server/idss_main.go:400	Query received:
On peer QmX1sbhz8fEW5hsDd12ZCafi9tNSD69ARQEp1Gz4zpsQvP 
UQI: QmVT4nXkCcghnSgaxCMuF3seddRXZCZSajtdrfGJXDxmZB-1730302369075974629
TTL: 1.125000 
From: QmX87h1VTfYQK5n2DCVHzHua6YV21QVTxtn6JQD4P6Up3k
2024-10-30T16:32:49.277+0100	INFO	IDSS	server/idss_main.go:364	Received incoming from QmZV3TbhWtfrDkYAnFJVMYUZUU9fMYp7UJzjfCHDv9qr5A
2024-10-30T16:32:49.278+0100	WARN	IDSS	server/idss_main.go:409	Duplicate query received on Peer: QmX1sbhz8fEW5hsDd12ZCafi9tNSD69ARQEp1Gz4zpsQvP get Client
 (UQI: QmVT4nXkCcghnSgaxCMuF3seddRXZCZSajtdrfGJXDxmZB-1730302369075974629)
2024-10-30T16:32:49.278+0100	INFO	IDSS	server/idss_main.go:400	Query received:
On peer QmX1sbhz8fEW5hsDd12ZCafi9tNSD69ARQEp1Gz4zpsQvP 
UQI: QmVT4nXkCcghnSgaxCMuF3seddRXZCZSajtdrfGJXDxmZB-1730302369075974629
TTL: 1.125000 
From: QmZV3TbhWtfrDkYAnFJVMYUZUU9fMYp7UJzjfCHDv9qr5A
2024-10-30T16:32:49.278+0100	INFO	IDSS	server/idss_main.go:364	Received incoming from QmaUyzWdNRMfEHLTVieiUysBr8vC2N3VUexp92Jcjdi4QZ
2024-10-30T16:32:49.278+0100	WARN	IDSS	server/idss_main.go:409	Duplicate query received on Peer: QmX1sbhz8fEW5hsDd12ZCafi9tNSD69ARQEp1Gz4zpsQvP get Client
 (UQI: QmVT4nXkCcghnSgaxCMuF3seddRXZCZSajtdrfGJXDxmZB-1730302369075974629)
2024-10-30T16:32:49.278+0100	INFO	IDSS	server/idss_main.go:400	Query received:
On peer QmX1sbhz8fEW5hsDd12ZCafi9tNSD69ARQEp1Gz4zpsQvP 
UQI: QmVT4nXkCcghnSgaxCMuF3seddRXZCZSajtdrfGJXDxmZB-1730302369075974629
TTL: 1.125000 
From: QmaUyzWdNRMfEHLTVieiUysBr8vC2N3VUexp92Jcjdi4QZ
2024-10-30T16:32:49.278+0100	WARN	IDSS	server/idss_main.go:409	Duplicate query received on Peer: QmX1sbhz8fEW5hsDd12ZCafi9tNSD69ARQEp1Gz4zpsQvP get Client
 (UQI: QmVT4nXkCcghnSgaxCMuF3seddRXZCZSajtdrfGJXDxmZB-1730302369075974629)
2024-10-30T16:32:49.279+0100	INFO	IDSS	server/idss_main.go:598	Query sent to peer QmQpQXB1b7TmgWsv6pvRMqwMMPyn1sJ7SbjuhdK6r5daQG, awaiting for response
2024-10-30T16:32:49.280+0100	INFO	IDSS	server/idss_main.go:598	Query sent to peer QmX87h1VTfYQK5n2DCVHzHua6YV21QVTxtn6JQD4P6Up3k, awaiting for response
2024-10-30T16:32:49.285+0100	INFO	IDSS	server/idss_main.go:598	Query sent to peer QmZV3TbhWtfrDkYAnFJVMYUZUU9fMYp7UJzjfCHDv9qr5A, awaiting for response
2024-10-30T16:32:49.306+0100	INFO	IDSS	server/idss_main.go:364	Received incoming from QmY3KziLnhU6RCNc9uSgBaP6CZFwSUUMij2XXcNYC6mUX4
2024-10-30T16:32:49.306+0100	INFO	IDSS	server/idss_main.go:400	Query received:
On peer QmX1sbhz8fEW5hsDd12ZCafi9tNSD69ARQEp1Gz4zpsQvP 
UQI: QmVT4nXkCcghnSgaxCMuF3seddRXZCZSajtdrfGJXDxmZB-1730302369075974629
TTL: 1.125000 
From: QmY3KziLnhU6RCNc9uSgBaP6CZFwSUUMij2XXcNYC6mUX4
2024-10-30T16:32:49.306+0100	WARN	IDSS	server/idss_main.go:409	Duplicate query received on Peer: QmX1sbhz8fEW5hsDd12ZCafi9tNSD69ARQEp1Gz4zpsQvP get Client
 (UQI: QmVT4nXkCcghnSgaxCMuF3seddRXZCZSajtdrfGJXDxmZB-1730302369075974629)
2024-10-30T16:32:49.368+0100	INFO	IDSS	server/idss_main.go:364	Received incoming from QmZajqudreu5rkvjDADMY7g16UitD7RkWSQpr7cBaf5R8f
2024-10-30T16:32:49.368+0100	INFO	IDSS	server/idss_main.go:400	Query received:
On peer QmX1sbhz8fEW5hsDd12ZCafi9tNSD69ARQEp1Gz4zpsQvP 
UQI: QmVT4nXkCcghnSgaxCMuF3seddRXZCZSajtdrfGJXDxmZB-1730302369075974629
TTL: 1.125000 
From: QmZajqudreu5rkvjDADMY7g16UitD7RkWSQpr7cBaf5R8f
2024-10-30T16:32:49.369+0100	WARN	IDSS	server/idss_main.go:409	Duplicate query received on Peer: QmX1sbhz8fEW5hsDd12ZCafi9tNSD69ARQEp1Gz4zpsQvP get Client
 (UQI: QmVT4nXkCcghnSgaxCMuF3seddRXZCZSajtdrfGJXDxmZB-1730302369075974629)
2024-10-30T16:32:49.377+0100	INFO	IDSS	server/idss_main.go:364	Received incoming from QmQpQXB1b7TmgWsv6pvRMqwMMPyn1sJ7SbjuhdK6r5daQG
2024-10-30T16:32:49.377+0100	INFO	IDSS	server/idss_main.go:364	Received incoming from QmTS2oW64P5TvNk61d5Hj9P4AFim7J9Dtp9sNQ14mdrhqx
2024-10-30T16:32:49.384+0100	INFO	IDSS	server/idss_main.go:400	Query received:
On peer QmX1sbhz8fEW5hsDd12ZCafi9tNSD69ARQEp1Gz4zpsQvP 
UQI: QmVT4nXkCcghnSgaxCMuF3seddRXZCZSajtdrfGJXDxmZB-1730302369075974629
TTL: 1.125000 
From: QmTS2oW64P5TvNk61d5Hj9P4AFim7J9Dtp9sNQ14mdrhqx
2024-10-30T16:32:49.385+0100	WARN	IDSS	server/idss_main.go:409	Duplicate query received on Peer: QmX1sbhz8fEW5hsDd12ZCafi9tNSD69ARQEp1Gz4zpsQvP get Client
 (UQI: QmVT4nXkCcghnSgaxCMuF3seddRXZCZSajtdrfGJXDxmZB-1730302369075974629)
2024-10-30T16:32:49.385+0100	INFO	IDSS	server/idss_main.go:400	Query received:
On peer QmX1sbhz8fEW5hsDd12ZCafi9tNSD69ARQEp1Gz4zpsQvP 
UQI: QmVT4nXkCcghnSgaxCMuF3seddRXZCZSajtdrfGJXDxmZB-1730302369075974629
TTL: 1.125000 
From: QmQpQXB1b7TmgWsv6pvRMqwMMPyn1sJ7SbjuhdK6r5daQG
2024-10-30T16:32:49.385+0100	WARN	IDSS	server/idss_main.go:409	Duplicate query received on Peer: QmX1sbhz8fEW5hsDd12ZCafi9tNSD69ARQEp1Gz4zpsQvP get Client
 (UQI: QmVT4nXkCcghnSgaxCMuF3seddRXZCZSajtdrfGJXDxmZB-1730302369075974629)
2024-10-30T16:32:49.476+0100	INFO	IDSS	server/idss_main.go:364	Received incoming from QmbvLEyecLKJzWEaF1DwJjSpjjFZhytBLyvaLPyV6JB5Jx
2024-10-30T16:32:49.476+0100	INFO	IDSS	server/idss_main.go:400	Query received:
On peer QmX1sbhz8fEW5hsDd12ZCafi9tNSD69ARQEp1Gz4zpsQvP 
UQI: QmVT4nXkCcghnSgaxCMuF3seddRXZCZSajtdrfGJXDxmZB-1730302369075974629
TTL: 1.125000 
From: QmbvLEyecLKJzWEaF1DwJjSpjjFZhytBLyvaLPyV6JB5Jx
2024-10-30T16:32:49.477+0100	WARN	IDSS	server/idss_main.go:409	Duplicate query received on Peer: QmX1sbhz8fEW5hsDd12ZCafi9tNSD69ARQEp1Gz4zpsQvP get Client
 (UQI: QmVT4nXkCcghnSgaxCMuF3seddRXZCZSajtdrfGJXDxmZB-1730302369075974629)
2024-10-30T16:32:50.398+0100	WARN	IDSS	server/idss_main.go:604	Response timeout from peer QmaUyzWdNRMfEHLTVieiUysBr8vC2N3VUexp92Jcjdi4QZ
2024-10-30T16:32:50.398+0100	WARN	IDSS	server/idss_main.go:604	Response timeout from peer QmTS2oW64P5TvNk61d5Hj9P4AFim7J9Dtp9sNQ14mdrhqx
2024-10-30T16:32:50.399+0100	WARN	IDSS	server/idss_main.go:604	Response timeout from peer QmZajqudreu5rkvjDADMY7g16UitD7RkWSQpr7cBaf5R8f
2024-10-30T16:32:50.400+0100	WARN	IDSS	server/idss_main.go:604	Response timeout from peer QmbvLEyecLKJzWEaF1DwJjSpjjFZhytBLyvaLPyV6JB5Jx
2024-10-30T16:32:50.400+0100	WARN	IDSS	server/idss_main.go:604	Response timeout from peer QmY3KziLnhU6RCNc9uSgBaP6CZFwSUUMij2XXcNYC6mUX4
2024-10-30T16:32:50.404+0100	WARN	IDSS	server/idss_main.go:604	Response timeout from peer QmQpQXB1b7TmgWsv6pvRMqwMMPyn1sJ7SbjuhdK6r5daQG
2024-10-30T16:32:50.404+0100	WARN	IDSS	server/idss_main.go:604	Response timeout from peer QmX87h1VTfYQK5n2DCVHzHua6YV21QVTxtn6JQD4P6Up3k
2024-10-30T16:32:50.404+0100	WARN	IDSS	server/idss_main.go:604	Response timeout from peer QmZV3TbhWtfrDkYAnFJVMYUZUU9fMYp7UJzjfCHDv9qr5A
2024-10-30T16:32:50.405+0100	INFO	IDSS	server/idss_main.go:658	DONE merging local and remote results
2024-10-30T16:32:50.444+0100	INFO	IDSS	server/idss_main.go:695	This is an intermediate peer QmX1sbhz8fEW5hsDd12ZCafi9tNSD69ARQEp1Gz4zpsQvP. Merging results to send to parent peer QmX1sbhz8fEW5hsDd12ZCafi9tNSD69ARQEp1Gz4zpsQvP
2024-10-30T16:32:50.444+0100	INFO	IDSS	server/idss_main.go:710	Sending merged result to peer QmYzmFZrD7oeB5Ln2Qkz4FKJ6X5amj7quked8RJUHQGty4
2024-10-30T16:32:50.444+0100	INFO	IDSS	server/idss_main.go:712	Record count: 100
2024-10-30T16:32:50.445+0100	INFO	IDSS	server/idss_main.go:731	Successfully sent merged result to peer QmYzmFZrD7oeB5Ln2Qkz4FKJ6X5amj7quked8RJUHQGty4
2024-10-30T16:33:03.291+0100	INFO	IDSS	server/idss_main.go:364	Received incoming from QmYzmFZrD7oeB5Ln2Qkz4FKJ6X5amj7quked8RJUHQGty4
2024-10-30T16:33:03.291+0100	INFO	IDSS	server/idss_main.go:400	Query received:
On peer QmX1sbhz8fEW5hsDd12ZCafi9tNSD69ARQEp1Gz4zpsQvP 
UQI: QmVT4nXkCcghnSgaxCMuF3seddRXZCZSajtdrfGJXDxmZB-1730302383238050570
TTL: 1.500000 
From: QmYzmFZrD7oeB5Ln2Qkz4FKJ6X5amj7quked8RJUHQGty4
2024-10-30T16:33:03.373+0100	INFO	IDSS	server/idss_main.go:417	This is a new query on this peer
2024-10-30T16:33:03.373+0100	INFO	IDSS	server/idss_main.go:423	Entering executeAndBroadcastQuery...
2024-10-30T16:33:03.373+0100	INFO	IDSS	server/idss_main.go:857	Executing get Client
 locally in QmX1sbhz8fEW5hsDd12ZCafi9tNSD69ARQEp1Gz4zpsQvP
2024-10-30T16:33:03.461+0100	INFO	IDSS	server/idss_main.go:364	Received incoming from QmZV3TbhWtfrDkYAnFJVMYUZUU9fMYp7UJzjfCHDv9qr5A
2024-10-30T16:33:03.461+0100	INFO	IDSS	server/idss_main.go:400	Query received:
On peer QmX1sbhz8fEW5hsDd12ZCafi9tNSD69ARQEp1Gz4zpsQvP 
UQI: QmVT4nXkCcghnSgaxCMuF3seddRXZCZSajtdrfGJXDxmZB-1730302383238050570
TTL: 1.125000 
From: QmZV3TbhWtfrDkYAnFJVMYUZUU9fMYp7UJzjfCHDv9qr5A
2024-10-30T16:33:03.468+0100	INFO	IDSS	server/idss_main.go:449	Local query executed successfully
2024-10-30T16:33:03.481+0100	INFO	IDSS	server/idss_main.go:463	Sender address updated to: QmX1sbhz8fEW5hsDd12ZCafi9tNSD69ARQEp1Gz4zpsQvP
2024-10-30T16:33:03.481+0100	INFO	IDSS	server/idss_main.go:513	Broadcasting query in peer: QmX1sbhz8fEW5hsDd12ZCafi9tNSD69ARQEp1Gz4zpsQvP, Parent peer QmYzmFZrD7oeB5Ln2Qkz4FKJ6X5amj7quked8RJUHQGty4 
2024-10-30T16:33:03.481+0100	INFO	IDSS	server/idss_main.go:545	TTL in QmX1sbhz8fEW5hsDd12ZCafi9tNSD69ARQEp1Gz4zpsQvP after decrement: 1.125000
2024-10-30T16:33:03.481+0100	INFO	IDSS	server/idss_main.go:644	Peer QmX1sbhz8fEW5hsDd12ZCafi9tNSD69ARQEp1Gz4zpsQvP waiting for overlay peers results...
2024-10-30T16:33:03.481+0100	INFO	IDSS	server/idss_main.go:651	Overlay peers peer results collected, start merging...
2024-10-30T16:33:03.469+0100	WARN	IDSS	server/idss_main.go:409	Duplicate query received on Peer: QmX1sbhz8fEW5hsDd12ZCafi9tNSD69ARQEp1Gz4zpsQvP get Client
 (UQI: QmVT4nXkCcghnSgaxCMuF3seddRXZCZSajtdrfGJXDxmZB-1730302383238050570)
2024-10-30T16:33:03.482+0100	INFO	IDSS	server/idss_main.go:598	Query sent to peer QmaUyzWdNRMfEHLTVieiUysBr8vC2N3VUexp92Jcjdi4QZ, awaiting for response
2024-10-30T16:33:03.482+0100	INFO	IDSS	server/idss_main.go:598	Query sent to peer QmTS2oW64P5TvNk61d5Hj9P4AFim7J9Dtp9sNQ14mdrhqx, awaiting for response
2024-10-30T16:33:03.482+0100	INFO	IDSS	server/idss_main.go:598	Query sent to peer QmZajqudreu5rkvjDADMY7g16UitD7RkWSQpr7cBaf5R8f, awaiting for response
2024-10-30T16:33:03.483+0100	INFO	IDSS	server/idss_main.go:598	Query sent to peer QmbvLEyecLKJzWEaF1DwJjSpjjFZhytBLyvaLPyV6JB5Jx, awaiting for response
2024-10-30T16:33:03.484+0100	INFO	IDSS	server/idss_main.go:598	Query sent to peer QmY3KziLnhU6RCNc9uSgBaP6CZFwSUUMij2XXcNYC6mUX4, awaiting for response
2024-10-30T16:33:03.485+0100	INFO	IDSS	server/idss_main.go:598	Query sent to peer QmQpQXB1b7TmgWsv6pvRMqwMMPyn1sJ7SbjuhdK6r5daQG, awaiting for response
2024-10-30T16:33:03.485+0100	INFO	IDSS	server/idss_main.go:598	Query sent to peer QmX87h1VTfYQK5n2DCVHzHua6YV21QVTxtn6JQD4P6Up3k, awaiting for response
2024-10-30T16:33:03.489+0100	INFO	IDSS	server/idss_main.go:364	Received incoming from QmbvLEyecLKJzWEaF1DwJjSpjjFZhytBLyvaLPyV6JB5Jx
2024-10-30T16:33:03.489+0100	INFO	IDSS	server/idss_main.go:400	Query received:
On peer QmX1sbhz8fEW5hsDd12ZCafi9tNSD69ARQEp1Gz4zpsQvP 
UQI: QmVT4nXkCcghnSgaxCMuF3seddRXZCZSajtdrfGJXDxmZB-1730302383238050570
TTL: 1.125000 
From: QmbvLEyecLKJzWEaF1DwJjSpjjFZhytBLyvaLPyV6JB5Jx
2024-10-30T16:33:03.490+0100	WARN	IDSS	server/idss_main.go:409	Duplicate query received on Peer: QmX1sbhz8fEW5hsDd12ZCafi9tNSD69ARQEp1Gz4zpsQvP get Client
 (UQI: QmVT4nXkCcghnSgaxCMuF3seddRXZCZSajtdrfGJXDxmZB-1730302383238050570)
2024-10-30T16:33:03.478+0100	INFO	IDSS	server/idss_main.go:364	Received incoming from QmZajqudreu5rkvjDADMY7g16UitD7RkWSQpr7cBaf5R8f
2024-10-30T16:33:03.492+0100	INFO	IDSS	server/idss_main.go:400	Query received:
On peer QmX1sbhz8fEW5hsDd12ZCafi9tNSD69ARQEp1Gz4zpsQvP 
UQI: QmVT4nXkCcghnSgaxCMuF3seddRXZCZSajtdrfGJXDxmZB-1730302383238050570
TTL: 1.125000 
From: QmZajqudreu5rkvjDADMY7g16UitD7RkWSQpr7cBaf5R8f
2024-10-30T16:33:03.493+0100	WARN	IDSS	server/idss_main.go:409	Duplicate query received on Peer: QmX1sbhz8fEW5hsDd12ZCafi9tNSD69ARQEp1Gz4zpsQvP get Client
 (UQI: QmVT4nXkCcghnSgaxCMuF3seddRXZCZSajtdrfGJXDxmZB-1730302383238050570)
2024-10-30T16:33:03.502+0100	INFO	IDSS	server/idss_main.go:364	Received incoming from QmaUyzWdNRMfEHLTVieiUysBr8vC2N3VUexp92Jcjdi4QZ
2024-10-30T16:33:03.502+0100	INFO	IDSS	server/idss_main.go:400	Query received:
On peer QmX1sbhz8fEW5hsDd12ZCafi9tNSD69ARQEp1Gz4zpsQvP 
UQI: QmVT4nXkCcghnSgaxCMuF3seddRXZCZSajtdrfGJXDxmZB-1730302383238050570
TTL: 1.125000 
From: QmaUyzWdNRMfEHLTVieiUysBr8vC2N3VUexp92Jcjdi4QZ
2024-10-30T16:33:03.503+0100	WARN	IDSS	server/idss_main.go:409	Duplicate query received on Peer: QmX1sbhz8fEW5hsDd12ZCafi9tNSD69ARQEp1Gz4zpsQvP get Client
 (UQI: QmVT4nXkCcghnSgaxCMuF3seddRXZCZSajtdrfGJXDxmZB-1730302383238050570)
2024-10-30T16:33:03.513+0100	INFO	IDSS	server/idss_main.go:364	Received incoming from QmTS2oW64P5TvNk61d5Hj9P4AFim7J9Dtp9sNQ14mdrhqx
2024-10-30T16:33:03.513+0100	INFO	IDSS	server/idss_main.go:400	Query received:
On peer QmX1sbhz8fEW5hsDd12ZCafi9tNSD69ARQEp1Gz4zpsQvP 
UQI: QmVT4nXkCcghnSgaxCMuF3seddRXZCZSajtdrfGJXDxmZB-1730302383238050570
TTL: 1.125000 
From: QmTS2oW64P5TvNk61d5Hj9P4AFim7J9Dtp9sNQ14mdrhqx
2024-10-30T16:33:03.514+0100	WARN	IDSS	server/idss_main.go:409	Duplicate query received on Peer: QmX1sbhz8fEW5hsDd12ZCafi9tNSD69ARQEp1Gz4zpsQvP get Client
 (UQI: QmVT4nXkCcghnSgaxCMuF3seddRXZCZSajtdrfGJXDxmZB-1730302383238050570)
2024-10-30T16:33:03.523+0100	INFO	IDSS	server/idss_main.go:598	Query sent to peer QmZV3TbhWtfrDkYAnFJVMYUZUU9fMYp7UJzjfCHDv9qr5A, awaiting for response
2024-10-30T16:33:03.562+0100	INFO	IDSS	server/idss_main.go:364	Received incoming from QmY3KziLnhU6RCNc9uSgBaP6CZFwSUUMij2XXcNYC6mUX4
2024-10-30T16:33:03.562+0100	INFO	IDSS	server/idss_main.go:400	Query received:
On peer QmX1sbhz8fEW5hsDd12ZCafi9tNSD69ARQEp1Gz4zpsQvP 
UQI: QmVT4nXkCcghnSgaxCMuF3seddRXZCZSajtdrfGJXDxmZB-1730302383238050570
TTL: 1.125000 
From: QmY3KziLnhU6RCNc9uSgBaP6CZFwSUUMij2XXcNYC6mUX4
2024-10-30T16:33:03.563+0100	WARN	IDSS	server/idss_main.go:409	Duplicate query received on Peer: QmX1sbhz8fEW5hsDd12ZCafi9tNSD69ARQEp1Gz4zpsQvP get Client
 (UQI: QmVT4nXkCcghnSgaxCMuF3seddRXZCZSajtdrfGJXDxmZB-1730302383238050570)
2024-10-30T16:33:03.615+0100	INFO	IDSS	server/idss_main.go:364	Received incoming from QmX87h1VTfYQK5n2DCVHzHua6YV21QVTxtn6JQD4P6Up3k
2024-10-30T16:33:03.615+0100	INFO	IDSS	server/idss_main.go:400	Query received:
On peer QmX1sbhz8fEW5hsDd12ZCafi9tNSD69ARQEp1Gz4zpsQvP 
UQI: QmVT4nXkCcghnSgaxCMuF3seddRXZCZSajtdrfGJXDxmZB-1730302383238050570
TTL: 1.125000 
From: QmX87h1VTfYQK5n2DCVHzHua6YV21QVTxtn6JQD4P6Up3k
2024-10-30T16:33:03.616+0100	WARN	IDSS	server/idss_main.go:409	Duplicate query received on Peer: QmX1sbhz8fEW5hsDd12ZCafi9tNSD69ARQEp1Gz4zpsQvP get Client
 (UQI: QmVT4nXkCcghnSgaxCMuF3seddRXZCZSajtdrfGJXDxmZB-1730302383238050570)
2024-10-30T16:33:03.655+0100	INFO	IDSS	server/idss_main.go:364	Received incoming from QmQpQXB1b7TmgWsv6pvRMqwMMPyn1sJ7SbjuhdK6r5daQG
2024-10-30T16:33:03.655+0100	INFO	IDSS	server/idss_main.go:400	Query received:
On peer QmX1sbhz8fEW5hsDd12ZCafi9tNSD69ARQEp1Gz4zpsQvP 
UQI: QmVT4nXkCcghnSgaxCMuF3seddRXZCZSajtdrfGJXDxmZB-1730302383238050570
TTL: 1.125000 
From: QmQpQXB1b7TmgWsv6pvRMqwMMPyn1sJ7SbjuhdK6r5daQG
2024-10-30T16:33:03.656+0100	WARN	IDSS	server/idss_main.go:409	Duplicate query received on Peer: QmX1sbhz8fEW5hsDd12ZCafi9tNSD69ARQEp1Gz4zpsQvP get Client
 (UQI: QmVT4nXkCcghnSgaxCMuF3seddRXZCZSajtdrfGJXDxmZB-1730302383238050570)
2024-10-30T16:33:04.607+0100	WARN	IDSS	server/idss_main.go:604	Response timeout from peer QmaUyzWdNRMfEHLTVieiUysBr8vC2N3VUexp92Jcjdi4QZ
2024-10-30T16:33:04.607+0100	WARN	IDSS	server/idss_main.go:604	Response timeout from peer QmTS2oW64P5TvNk61d5Hj9P4AFim7J9Dtp9sNQ14mdrhqx
2024-10-30T16:33:04.607+0100	WARN	IDSS	server/idss_main.go:604	Response timeout from peer QmZajqudreu5rkvjDADMY7g16UitD7RkWSQpr7cBaf5R8f
2024-10-30T16:33:04.609+0100	WARN	IDSS	server/idss_main.go:604	Response timeout from peer QmbvLEyecLKJzWEaF1DwJjSpjjFZhytBLyvaLPyV6JB5Jx
2024-10-30T16:33:04.609+0100	WARN	IDSS	server/idss_main.go:604	Response timeout from peer QmY3KziLnhU6RCNc9uSgBaP6CZFwSUUMij2XXcNYC6mUX4
2024-10-30T16:33:04.611+0100	WARN	IDSS	server/idss_main.go:604	Response timeout from peer QmX87h1VTfYQK5n2DCVHzHua6YV21QVTxtn6JQD4P6Up3k
2024-10-30T16:33:04.610+0100	WARN	IDSS	server/idss_main.go:604	Response timeout from peer QmQpQXB1b7TmgWsv6pvRMqwMMPyn1sJ7SbjuhdK6r5daQG
2024-10-30T16:33:04.612+0100	WARN	IDSS	server/idss_main.go:604	Response timeout from peer QmZV3TbhWtfrDkYAnFJVMYUZUU9fMYp7UJzjfCHDv9qr5A
2024-10-30T16:33:04.612+0100	INFO	IDSS	server/idss_main.go:658	DONE merging local and remote results
2024-10-30T16:33:04.646+0100	INFO	IDSS	server/idss_main.go:695	This is an intermediate peer QmX1sbhz8fEW5hsDd12ZCafi9tNSD69ARQEp1Gz4zpsQvP. Merging results to send to parent peer QmX1sbhz8fEW5hsDd12ZCafi9tNSD69ARQEp1Gz4zpsQvP
2024-10-30T16:33:04.647+0100	INFO	IDSS	server/idss_main.go:710	Sending merged result to peer QmYzmFZrD7oeB5Ln2Qkz4FKJ6X5amj7quked8RJUHQGty4
2024-10-30T16:33:04.647+0100	INFO	IDSS	server/idss_main.go:712	Record count: 100
2024-10-30T16:33:04.647+0100	INFO	IDSS	server/idss_main.go:731	Successfully sent merged result to peer QmYzmFZrD7oeB5Ln2Qkz4FKJ6X5amj7quked8RJUHQGty4
2024-10-30T16:33:26.073+0100	INFO	IDSS	server/idss_main.go:364	Received incoming from QmYzmFZrD7oeB5Ln2Qkz4FKJ6X5amj7quked8RJUHQGty4
2024-10-30T16:33:26.073+0100	INFO	IDSS	server/idss_main.go:400	Query received:
On peer QmX1sbhz8fEW5hsDd12ZCafi9tNSD69ARQEp1Gz4zpsQvP 
UQI: QmVT4nXkCcghnSgaxCMuF3seddRXZCZSajtdrfGJXDxmZB-1730302406007796947
TTL: 1.500000 
From: QmYzmFZrD7oeB5Ln2Qkz4FKJ6X5amj7quked8RJUHQGty4
2024-10-30T16:33:26.244+0100	INFO	IDSS	server/idss_main.go:417	This is a new query on this peer
2024-10-30T16:33:26.244+0100	INFO	IDSS	server/idss_main.go:423	Entering executeAndBroadcastQuery...
2024-10-30T16:33:26.244+0100	INFO	IDSS	server/idss_main.go:857	Executing get Client
 locally in QmX1sbhz8fEW5hsDd12ZCafi9tNSD69ARQEp1Gz4zpsQvP
2024-10-30T16:33:26.299+0100	INFO	IDSS	server/idss_main.go:364	Received incoming from QmbvLEyecLKJzWEaF1DwJjSpjjFZhytBLyvaLPyV6JB5Jx
2024-10-30T16:33:26.299+0100	INFO	IDSS	server/idss_main.go:400	Query received:
On peer QmX1sbhz8fEW5hsDd12ZCafi9tNSD69ARQEp1Gz4zpsQvP 
UQI: QmVT4nXkCcghnSgaxCMuF3seddRXZCZSajtdrfGJXDxmZB-1730302406007796947
TTL: 1.125000 
From: QmbvLEyecLKJzWEaF1DwJjSpjjFZhytBLyvaLPyV6JB5Jx
2024-10-30T16:33:26.339+0100	INFO	IDSS	server/idss_main.go:364	Received incoming from QmQpQXB1b7TmgWsv6pvRMqwMMPyn1sJ7SbjuhdK6r5daQG
2024-10-30T16:33:26.340+0100	INFO	IDSS	server/idss_main.go:400	Query received:
On peer QmX1sbhz8fEW5hsDd12ZCafi9tNSD69ARQEp1Gz4zpsQvP 
UQI: QmVT4nXkCcghnSgaxCMuF3seddRXZCZSajtdrfGJXDxmZB-1730302406007796947
TTL: 1.125000 
From: QmQpQXB1b7TmgWsv6pvRMqwMMPyn1sJ7SbjuhdK6r5daQG
2024-10-30T16:33:26.340+0100	INFO	IDSS	server/idss_main.go:364	Received incoming from QmZV3TbhWtfrDkYAnFJVMYUZUU9fMYp7UJzjfCHDv9qr5A
2024-10-30T16:33:26.341+0100	INFO	IDSS	server/idss_main.go:400	Query received:
On peer QmX1sbhz8fEW5hsDd12ZCafi9tNSD69ARQEp1Gz4zpsQvP 
UQI: QmVT4nXkCcghnSgaxCMuF3seddRXZCZSajtdrfGJXDxmZB-1730302406007796947
TTL: 1.125000 
From: QmZV3TbhWtfrDkYAnFJVMYUZUU9fMYp7UJzjfCHDv9qr5A
2024-10-30T16:33:26.363+0100	INFO	IDSS	server/idss_main.go:364	Received incoming from QmTS2oW64P5TvNk61d5Hj9P4AFim7J9Dtp9sNQ14mdrhqx
2024-10-30T16:33:26.363+0100	INFO	IDSS	server/idss_main.go:400	Query received:
On peer QmX1sbhz8fEW5hsDd12ZCafi9tNSD69ARQEp1Gz4zpsQvP 
UQI: QmVT4nXkCcghnSgaxCMuF3seddRXZCZSajtdrfGJXDxmZB-1730302406007796947
TTL: 1.125000 
From: QmTS2oW64P5TvNk61d5Hj9P4AFim7J9Dtp9sNQ14mdrhqx
2024-10-30T16:33:26.364+0100	INFO	IDSS	server/idss_main.go:364	Received incoming from QmZajqudreu5rkvjDADMY7g16UitD7RkWSQpr7cBaf5R8f
2024-10-30T16:33:26.364+0100	INFO	IDSS	server/idss_main.go:400	Query received:
On peer QmX1sbhz8fEW5hsDd12ZCafi9tNSD69ARQEp1Gz4zpsQvP 
UQI: QmVT4nXkCcghnSgaxCMuF3seddRXZCZSajtdrfGJXDxmZB-1730302406007796947
TTL: 1.125000 
From: QmZajqudreu5rkvjDADMY7g16UitD7RkWSQpr7cBaf5R8f
2024-10-30T16:33:26.375+0100	INFO	IDSS	server/idss_main.go:449	Local query executed successfully
2024-10-30T16:33:26.375+0100	WARN	IDSS	server/idss_main.go:409	Duplicate query received on Peer: QmX1sbhz8fEW5hsDd12ZCafi9tNSD69ARQEp1Gz4zpsQvP get Client
 (UQI: QmVT4nXkCcghnSgaxCMuF3seddRXZCZSajtdrfGJXDxmZB-1730302406007796947)
2024-10-30T16:33:26.375+0100	INFO	IDSS	server/idss_main.go:463	Sender address updated to: QmX1sbhz8fEW5hsDd12ZCafi9tNSD69ARQEp1Gz4zpsQvP
2024-10-30T16:33:26.375+0100	INFO	IDSS	server/idss_main.go:513	Broadcasting query in peer: QmX1sbhz8fEW5hsDd12ZCafi9tNSD69ARQEp1Gz4zpsQvP, Parent peer QmYzmFZrD7oeB5Ln2Qkz4FKJ6X5amj7quked8RJUHQGty4 
2024-10-30T16:33:26.375+0100	INFO	IDSS	server/idss_main.go:545	TTL in QmX1sbhz8fEW5hsDd12ZCafi9tNSD69ARQEp1Gz4zpsQvP after decrement: 1.125000
2024-10-30T16:33:26.375+0100	INFO	IDSS	server/idss_main.go:644	Peer QmX1sbhz8fEW5hsDd12ZCafi9tNSD69ARQEp1Gz4zpsQvP waiting for overlay peers results...
2024-10-30T16:33:26.375+0100	INFO	IDSS	server/idss_main.go:651	Overlay peers peer results collected, start merging...
2024-10-30T16:33:26.375+0100	WARN	IDSS	server/idss_main.go:409	Duplicate query received on Peer: QmX1sbhz8fEW5hsDd12ZCafi9tNSD69ARQEp1Gz4zpsQvP get Client
 (UQI: QmVT4nXkCcghnSgaxCMuF3seddRXZCZSajtdrfGJXDxmZB-1730302406007796947)
2024-10-30T16:33:26.376+0100	WARN	IDSS	server/idss_main.go:409	Duplicate query received on Peer: QmX1sbhz8fEW5hsDd12ZCafi9tNSD69ARQEp1Gz4zpsQvP get Client
 (UQI: QmVT4nXkCcghnSgaxCMuF3seddRXZCZSajtdrfGJXDxmZB-1730302406007796947)
2024-10-30T16:33:26.376+0100	INFO	IDSS	server/idss_main.go:598	Query sent to peer QmZV3TbhWtfrDkYAnFJVMYUZUU9fMYp7UJzjfCHDv9qr5A, awaiting for response
2024-10-30T16:33:26.376+0100	WARN	IDSS	server/idss_main.go:409	Duplicate query received on Peer: QmX1sbhz8fEW5hsDd12ZCafi9tNSD69ARQEp1Gz4zpsQvP get Client
 (UQI: QmVT4nXkCcghnSgaxCMuF3seddRXZCZSajtdrfGJXDxmZB-1730302406007796947)
2024-10-30T16:33:26.376+0100	INFO	IDSS	server/idss_main.go:598	Query sent to peer QmaUyzWdNRMfEHLTVieiUysBr8vC2N3VUexp92Jcjdi4QZ, awaiting for response
2024-10-30T16:33:26.376+0100	WARN	IDSS	server/idss_main.go:409	Duplicate query received on Peer: QmX1sbhz8fEW5hsDd12ZCafi9tNSD69ARQEp1Gz4zpsQvP get Client
 (UQI: QmVT4nXkCcghnSgaxCMuF3seddRXZCZSajtdrfGJXDxmZB-1730302406007796947)
2024-10-30T16:33:26.377+0100	INFO	IDSS	server/idss_main.go:598	Query sent to peer QmTS2oW64P5TvNk61d5Hj9P4AFim7J9Dtp9sNQ14mdrhqx, awaiting for response
2024-10-30T16:33:26.377+0100	INFO	IDSS	server/idss_main.go:598	Query sent to peer QmQpQXB1b7TmgWsv6pvRMqwMMPyn1sJ7SbjuhdK6r5daQG, awaiting for response
2024-10-30T16:33:26.377+0100	INFO	IDSS	server/idss_main.go:598	Query sent to peer QmX87h1VTfYQK5n2DCVHzHua6YV21QVTxtn6JQD4P6Up3k, awaiting for response
2024-10-30T16:33:26.377+0100	INFO	IDSS	server/idss_main.go:598	Query sent to peer QmZajqudreu5rkvjDADMY7g16UitD7RkWSQpr7cBaf5R8f, awaiting for response
2024-10-30T16:33:26.379+0100	INFO	IDSS	server/idss_main.go:598	Query sent to peer QmY3KziLnhU6RCNc9uSgBaP6CZFwSUUMij2XXcNYC6mUX4, awaiting for response
2024-10-30T16:33:26.380+0100	INFO	IDSS	server/idss_main.go:598	Query sent to peer QmbvLEyecLKJzWEaF1DwJjSpjjFZhytBLyvaLPyV6JB5Jx, awaiting for response
2024-10-30T16:33:26.393+0100	INFO	IDSS	server/idss_main.go:364	Received incoming from QmY3KziLnhU6RCNc9uSgBaP6CZFwSUUMij2XXcNYC6mUX4
2024-10-30T16:33:26.393+0100	INFO	IDSS	server/idss_main.go:400	Query received:
On peer QmX1sbhz8fEW5hsDd12ZCafi9tNSD69ARQEp1Gz4zpsQvP 
UQI: QmVT4nXkCcghnSgaxCMuF3seddRXZCZSajtdrfGJXDxmZB-1730302406007796947
TTL: 1.125000 
From: QmY3KziLnhU6RCNc9uSgBaP6CZFwSUUMij2XXcNYC6mUX4
2024-10-30T16:33:26.396+0100	WARN	IDSS	server/idss_main.go:409	Duplicate query received on Peer: QmX1sbhz8fEW5hsDd12ZCafi9tNSD69ARQEp1Gz4zpsQvP get Client
 (UQI: QmVT4nXkCcghnSgaxCMuF3seddRXZCZSajtdrfGJXDxmZB-1730302406007796947)
2024-10-30T16:33:26.416+0100	INFO	IDSS	server/idss_main.go:364	Received incoming from QmaUyzWdNRMfEHLTVieiUysBr8vC2N3VUexp92Jcjdi4QZ
2024-10-30T16:33:26.416+0100	INFO	IDSS	server/idss_main.go:400	Query received:
On peer QmX1sbhz8fEW5hsDd12ZCafi9tNSD69ARQEp1Gz4zpsQvP 
UQI: QmVT4nXkCcghnSgaxCMuF3seddRXZCZSajtdrfGJXDxmZB-1730302406007796947
TTL: 1.125000 
From: QmaUyzWdNRMfEHLTVieiUysBr8vC2N3VUexp92Jcjdi4QZ
2024-10-30T16:33:26.417+0100	WARN	IDSS	server/idss_main.go:409	Duplicate query received on Peer: QmX1sbhz8fEW5hsDd12ZCafi9tNSD69ARQEp1Gz4zpsQvP get Client
 (UQI: QmVT4nXkCcghnSgaxCMuF3seddRXZCZSajtdrfGJXDxmZB-1730302406007796947)
2024-10-30T16:33:26.458+0100	INFO	IDSS	server/idss_main.go:364	Received incoming from QmX87h1VTfYQK5n2DCVHzHua6YV21QVTxtn6JQD4P6Up3k
2024-10-30T16:33:26.458+0100	INFO	IDSS	server/idss_main.go:400	Query received:
On peer QmX1sbhz8fEW5hsDd12ZCafi9tNSD69ARQEp1Gz4zpsQvP 
UQI: QmVT4nXkCcghnSgaxCMuF3seddRXZCZSajtdrfGJXDxmZB-1730302406007796947
TTL: 1.125000 
From: QmX87h1VTfYQK5n2DCVHzHua6YV21QVTxtn6JQD4P6Up3k
2024-10-30T16:33:26.459+0100	WARN	IDSS	server/idss_main.go:409	Duplicate query received on Peer: QmX1sbhz8fEW5hsDd12ZCafi9tNSD69ARQEp1Gz4zpsQvP get Client
 (UQI: QmVT4nXkCcghnSgaxCMuF3seddRXZCZSajtdrfGJXDxmZB-1730302406007796947)
2024-10-30T16:33:27.502+0100	WARN	IDSS	server/idss_main.go:604	Response timeout from peer QmZV3TbhWtfrDkYAnFJVMYUZUU9fMYp7UJzjfCHDv9qr5A
2024-10-30T16:33:27.502+0100	WARN	IDSS	server/idss_main.go:604	Response timeout from peer QmaUyzWdNRMfEHLTVieiUysBr8vC2N3VUexp92Jcjdi4QZ
2024-10-30T16:33:27.502+0100	WARN	IDSS	server/idss_main.go:604	Response timeout from peer QmQpQXB1b7TmgWsv6pvRMqwMMPyn1sJ7SbjuhdK6r5daQG
2024-10-30T16:33:27.502+0100	WARN	IDSS	server/idss_main.go:604	Response timeout from peer QmTS2oW64P5TvNk61d5Hj9P4AFim7J9Dtp9sNQ14mdrhqx
2024-10-30T16:33:27.502+0100	WARN	IDSS	server/idss_main.go:604	Response timeout from peer QmZajqudreu5rkvjDADMY7g16UitD7RkWSQpr7cBaf5R8f
2024-10-30T16:33:27.502+0100	WARN	IDSS	server/idss_main.go:604	Response timeout from peer QmX87h1VTfYQK5n2DCVHzHua6YV21QVTxtn6JQD4P6Up3k
2024-10-30T16:33:27.502+0100	WARN	IDSS	server/idss_main.go:604	Response timeout from peer QmbvLEyecLKJzWEaF1DwJjSpjjFZhytBLyvaLPyV6JB5Jx
2024-10-30T16:33:27.502+0100	WARN	IDSS	server/idss_main.go:604	Response timeout from peer QmY3KziLnhU6RCNc9uSgBaP6CZFwSUUMij2XXcNYC6mUX4
2024-10-30T16:33:27.502+0100	INFO	IDSS	server/idss_main.go:658	DONE merging local and remote results
2024-10-30T16:33:27.537+0100	INFO	IDSS	server/idss_main.go:695	This is an intermediate peer QmX1sbhz8fEW5hsDd12ZCafi9tNSD69ARQEp1Gz4zpsQvP. Merging results to send to parent peer QmX1sbhz8fEW5hsDd12ZCafi9tNSD69ARQEp1Gz4zpsQvP
2024-10-30T16:33:27.537+0100	INFO	IDSS	server/idss_main.go:710	Sending merged result to peer QmYzmFZrD7oeB5Ln2Qkz4FKJ6X5amj7quked8RJUHQGty4
2024-10-30T16:33:27.537+0100	INFO	IDSS	server/idss_main.go:712	Record count: 100
2024-10-30T16:33:27.537+0100	INFO	IDSS	server/idss_main.go:731	Successfully sent merged result to peer QmYzmFZrD7oeB5Ln2Qkz4FKJ6X5amj7quked8RJUHQGty4
2024-10-30T16:33:33.573+0100	INFO	IDSS	server/idss_main.go:364	Received incoming from QmYzmFZrD7oeB5Ln2Qkz4FKJ6X5amj7quked8RJUHQGty4
2024-10-30T16:33:33.573+0100	INFO	IDSS	server/idss_main.go:400	Query received:
On peer QmX1sbhz8fEW5hsDd12ZCafi9tNSD69ARQEp1Gz4zpsQvP 
UQI: QmVT4nXkCcghnSgaxCMuF3seddRXZCZSajtdrfGJXDxmZB-1730302413518736887
TTL: 1.500000 
From: QmYzmFZrD7oeB5Ln2Qkz4FKJ6X5amj7quked8RJUHQGty4
2024-10-30T16:33:33.667+0100	INFO	IDSS	server/idss_main.go:417	This is a new query on this peer
2024-10-30T16:33:33.667+0100	INFO	IDSS	server/idss_main.go:423	Entering executeAndBroadcastQuery...
2024-10-30T16:33:33.667+0100	INFO	IDSS	server/idss_main.go:857	Executing get Client
 locally in QmX1sbhz8fEW5hsDd12ZCafi9tNSD69ARQEp1Gz4zpsQvP
2024-10-30T16:33:33.801+0100	INFO	IDSS	server/idss_main.go:364	Received incoming from QmZajqudreu5rkvjDADMY7g16UitD7RkWSQpr7cBaf5R8f
2024-10-30T16:33:33.801+0100	INFO	IDSS	server/idss_main.go:400	Query received:
On peer QmX1sbhz8fEW5hsDd12ZCafi9tNSD69ARQEp1Gz4zpsQvP 
UQI: QmVT4nXkCcghnSgaxCMuF3seddRXZCZSajtdrfGJXDxmZB-1730302413518736887
TTL: 1.125000 
From: QmZajqudreu5rkvjDADMY7g16UitD7RkWSQpr7cBaf5R8f
2024-10-30T16:33:33.801+0100	INFO	IDSS	server/idss_main.go:364	Received incoming from QmZV3TbhWtfrDkYAnFJVMYUZUU9fMYp7UJzjfCHDv9qr5A
2024-10-30T16:33:33.801+0100	INFO	IDSS	server/idss_main.go:400	Query received:
On peer QmX1sbhz8fEW5hsDd12ZCafi9tNSD69ARQEp1Gz4zpsQvP 
UQI: QmVT4nXkCcghnSgaxCMuF3seddRXZCZSajtdrfGJXDxmZB-1730302413518736887
TTL: 1.125000 
From: QmZV3TbhWtfrDkYAnFJVMYUZUU9fMYp7UJzjfCHDv9qr5A
2024-10-30T16:33:33.801+0100	INFO	IDSS	server/idss_main.go:364	Received incoming from QmY3KziLnhU6RCNc9uSgBaP6CZFwSUUMij2XXcNYC6mUX4
2024-10-30T16:33:33.801+0100	INFO	IDSS	server/idss_main.go:364	Received incoming from QmaUyzWdNRMfEHLTVieiUysBr8vC2N3VUexp92Jcjdi4QZ
2024-10-30T16:33:33.802+0100	INFO	IDSS	server/idss_main.go:364	Received incoming from QmTS2oW64P5TvNk61d5Hj9P4AFim7J9Dtp9sNQ14mdrhqx
2024-10-30T16:33:33.802+0100	INFO	IDSS	server/idss_main.go:400	Query received:
On peer QmX1sbhz8fEW5hsDd12ZCafi9tNSD69ARQEp1Gz4zpsQvP 
UQI: QmVT4nXkCcghnSgaxCMuF3seddRXZCZSajtdrfGJXDxmZB-1730302413518736887
TTL: 1.125000 
From: QmY3KziLnhU6RCNc9uSgBaP6CZFwSUUMij2XXcNYC6mUX4
2024-10-30T16:33:33.802+0100	INFO	IDSS	server/idss_main.go:400	Query received:
On peer QmX1sbhz8fEW5hsDd12ZCafi9tNSD69ARQEp1Gz4zpsQvP 
UQI: QmVT4nXkCcghnSgaxCMuF3seddRXZCZSajtdrfGJXDxmZB-1730302413518736887
TTL: 1.125000 
From: QmaUyzWdNRMfEHLTVieiUysBr8vC2N3VUexp92Jcjdi4QZ
2024-10-30T16:33:33.802+0100	INFO	IDSS	server/idss_main.go:400	Query received:
On peer QmX1sbhz8fEW5hsDd12ZCafi9tNSD69ARQEp1Gz4zpsQvP 
UQI: QmVT4nXkCcghnSgaxCMuF3seddRXZCZSajtdrfGJXDxmZB-1730302413518736887
TTL: 1.125000 
From: QmTS2oW64P5TvNk61d5Hj9P4AFim7J9Dtp9sNQ14mdrhqx
2024-10-30T16:33:33.840+0100	INFO	IDSS	server/idss_main.go:449	Local query executed successfully
2024-10-30T16:33:33.840+0100	INFO	IDSS	server/idss_main.go:463	Sender address updated to: QmX1sbhz8fEW5hsDd12ZCafi9tNSD69ARQEp1Gz4zpsQvP
2024-10-30T16:33:33.841+0100	INFO	IDSS	server/idss_main.go:513	Broadcasting query in peer: QmX1sbhz8fEW5hsDd12ZCafi9tNSD69ARQEp1Gz4zpsQvP, Parent peer QmYzmFZrD7oeB5Ln2Qkz4FKJ6X5amj7quked8RJUHQGty4 
2024-10-30T16:33:33.841+0100	INFO	IDSS	server/idss_main.go:545	TTL in QmX1sbhz8fEW5hsDd12ZCafi9tNSD69ARQEp1Gz4zpsQvP after decrement: 1.125000
2024-10-30T16:33:33.841+0100	INFO	IDSS	server/idss_main.go:644	Peer QmX1sbhz8fEW5hsDd12ZCafi9tNSD69ARQEp1Gz4zpsQvP waiting for overlay peers results...
2024-10-30T16:33:33.841+0100	INFO	IDSS	server/idss_main.go:651	Overlay peers peer results collected, start merging...
2024-10-30T16:33:33.841+0100	WARN	IDSS	server/idss_main.go:409	Duplicate query received on Peer: QmX1sbhz8fEW5hsDd12ZCafi9tNSD69ARQEp1Gz4zpsQvP get Client
 (UQI: QmVT4nXkCcghnSgaxCMuF3seddRXZCZSajtdrfGJXDxmZB-1730302413518736887)
2024-10-30T16:33:33.842+0100	WARN	IDSS	server/idss_main.go:409	Duplicate query received on Peer: QmX1sbhz8fEW5hsDd12ZCafi9tNSD69ARQEp1Gz4zpsQvP get Client
 (UQI: QmVT4nXkCcghnSgaxCMuF3seddRXZCZSajtdrfGJXDxmZB-1730302413518736887)
2024-10-30T16:33:33.842+0100	WARN	IDSS	server/idss_main.go:409	Duplicate query received on Peer: QmX1sbhz8fEW5hsDd12ZCafi9tNSD69ARQEp1Gz4zpsQvP get Client
 (UQI: QmVT4nXkCcghnSgaxCMuF3seddRXZCZSajtdrfGJXDxmZB-1730302413518736887)
2024-10-30T16:33:33.843+0100	WARN	IDSS	server/idss_main.go:409	Duplicate query received on Peer: QmX1sbhz8fEW5hsDd12ZCafi9tNSD69ARQEp1Gz4zpsQvP get Client
 (UQI: QmVT4nXkCcghnSgaxCMuF3seddRXZCZSajtdrfGJXDxmZB-1730302413518736887)
2024-10-30T16:33:33.842+0100	INFO	IDSS	server/idss_main.go:598	Query sent to peer QmZV3TbhWtfrDkYAnFJVMYUZUU9fMYp7UJzjfCHDv9qr5A, awaiting for response
2024-10-30T16:33:33.843+0100	WARN	IDSS	server/idss_main.go:409	Duplicate query received on Peer: QmX1sbhz8fEW5hsDd12ZCafi9tNSD69ARQEp1Gz4zpsQvP get Client
 (UQI: QmVT4nXkCcghnSgaxCMuF3seddRXZCZSajtdrfGJXDxmZB-1730302413518736887)
2024-10-30T16:33:33.843+0100	INFO	IDSS	server/idss_main.go:598	Query sent to peer QmaUyzWdNRMfEHLTVieiUysBr8vC2N3VUexp92Jcjdi4QZ, awaiting for response
2024-10-30T16:33:33.845+0100	INFO	IDSS	server/idss_main.go:598	Query sent to peer QmQpQXB1b7TmgWsv6pvRMqwMMPyn1sJ7SbjuhdK6r5daQG, awaiting for response
2024-10-30T16:33:33.846+0100	INFO	IDSS	server/idss_main.go:598	Query sent to peer QmX87h1VTfYQK5n2DCVHzHua6YV21QVTxtn6JQD4P6Up3k, awaiting for response
2024-10-30T16:33:33.847+0100	INFO	IDSS	server/idss_main.go:598	Query sent to peer QmY3KziLnhU6RCNc9uSgBaP6CZFwSUUMij2XXcNYC6mUX4, awaiting for response
2024-10-30T16:33:33.848+0100	INFO	IDSS	server/idss_main.go:598	Query sent to peer QmTS2oW64P5TvNk61d5Hj9P4AFim7J9Dtp9sNQ14mdrhqx, awaiting for response
2024-10-30T16:33:33.849+0100	INFO	IDSS	server/idss_main.go:598	Query sent to peer QmZajqudreu5rkvjDADMY7g16UitD7RkWSQpr7cBaf5R8f, awaiting for response
2024-10-30T16:33:33.852+0100	INFO	IDSS	server/idss_main.go:598	Query sent to peer QmbvLEyecLKJzWEaF1DwJjSpjjFZhytBLyvaLPyV6JB5Jx, awaiting for response
2024-10-30T16:33:33.916+0100	INFO	IDSS	server/idss_main.go:364	Received incoming from QmQpQXB1b7TmgWsv6pvRMqwMMPyn1sJ7SbjuhdK6r5daQG
2024-10-30T16:33:33.916+0100	INFO	IDSS	server/idss_main.go:400	Query received:
On peer QmX1sbhz8fEW5hsDd12ZCafi9tNSD69ARQEp1Gz4zpsQvP 
UQI: QmVT4nXkCcghnSgaxCMuF3seddRXZCZSajtdrfGJXDxmZB-1730302413518736887
TTL: 1.125000 
From: QmQpQXB1b7TmgWsv6pvRMqwMMPyn1sJ7SbjuhdK6r5daQG
2024-10-30T16:33:33.917+0100	WARN	IDSS	server/idss_main.go:409	Duplicate query received on Peer: QmX1sbhz8fEW5hsDd12ZCafi9tNSD69ARQEp1Gz4zpsQvP get Client
 (UQI: QmVT4nXkCcghnSgaxCMuF3seddRXZCZSajtdrfGJXDxmZB-1730302413518736887)
2024-10-30T16:33:33.932+0100	INFO	IDSS	server/idss_main.go:364	Received incoming from QmX87h1VTfYQK5n2DCVHzHua6YV21QVTxtn6JQD4P6Up3k
2024-10-30T16:33:33.932+0100	INFO	IDSS	server/idss_main.go:400	Query received:
On peer QmX1sbhz8fEW5hsDd12ZCafi9tNSD69ARQEp1Gz4zpsQvP 
UQI: QmVT4nXkCcghnSgaxCMuF3seddRXZCZSajtdrfGJXDxmZB-1730302413518736887
TTL: 1.125000 
From: QmX87h1VTfYQK5n2DCVHzHua6YV21QVTxtn6JQD4P6Up3k
2024-10-30T16:33:33.933+0100	WARN	IDSS	server/idss_main.go:409	Duplicate query received on Peer: QmX1sbhz8fEW5hsDd12ZCafi9tNSD69ARQEp1Gz4zpsQvP get Client
 (UQI: QmVT4nXkCcghnSgaxCMuF3seddRXZCZSajtdrfGJXDxmZB-1730302413518736887)
2024-10-30T16:33:34.028+0100	INFO	IDSS	server/idss_main.go:364	Received incoming from QmbvLEyecLKJzWEaF1DwJjSpjjFZhytBLyvaLPyV6JB5Jx
2024-10-30T16:33:34.029+0100	INFO	IDSS	server/idss_main.go:400	Query received:
On peer QmX1sbhz8fEW5hsDd12ZCafi9tNSD69ARQEp1Gz4zpsQvP 
UQI: QmVT4nXkCcghnSgaxCMuF3seddRXZCZSajtdrfGJXDxmZB-1730302413518736887
TTL: 1.125000 
From: QmbvLEyecLKJzWEaF1DwJjSpjjFZhytBLyvaLPyV6JB5Jx
2024-10-30T16:33:34.036+0100	WARN	IDSS	server/idss_main.go:409	Duplicate query received on Peer: QmX1sbhz8fEW5hsDd12ZCafi9tNSD69ARQEp1Gz4zpsQvP get Client
 (UQI: QmVT4nXkCcghnSgaxCMuF3seddRXZCZSajtdrfGJXDxmZB-1730302413518736887)
2024-10-30T16:33:34.969+0100	WARN	IDSS	server/idss_main.go:604	Response timeout from peer QmZV3TbhWtfrDkYAnFJVMYUZUU9fMYp7UJzjfCHDv9qr5A
2024-10-30T16:33:34.969+0100	WARN	IDSS	server/idss_main.go:604	Response timeout from peer QmaUyzWdNRMfEHLTVieiUysBr8vC2N3VUexp92Jcjdi4QZ
2024-10-30T16:33:34.969+0100	WARN	IDSS	server/idss_main.go:604	Response timeout from peer QmY3KziLnhU6RCNc9uSgBaP6CZFwSUUMij2XXcNYC6mUX4
2024-10-30T16:33:34.969+0100	WARN	IDSS	server/idss_main.go:604	Response timeout from peer QmZajqudreu5rkvjDADMY7g16UitD7RkWSQpr7cBaf5R8f
2024-10-30T16:33:34.969+0100	WARN	IDSS	server/idss_main.go:604	Response timeout from peer QmTS2oW64P5TvNk61d5Hj9P4AFim7J9Dtp9sNQ14mdrhqx
2024-10-30T16:33:34.969+0100	WARN	IDSS	server/idss_main.go:604	Response timeout from peer QmQpQXB1b7TmgWsv6pvRMqwMMPyn1sJ7SbjuhdK6r5daQG
2024-10-30T16:33:34.970+0100	WARN	IDSS	server/idss_main.go:604	Response timeout from peer QmX87h1VTfYQK5n2DCVHzHua6YV21QVTxtn6JQD4P6Up3k
2024-10-30T16:33:34.970+0100	WARN	IDSS	server/idss_main.go:604	Response timeout from peer QmbvLEyecLKJzWEaF1DwJjSpjjFZhytBLyvaLPyV6JB5Jx
2024-10-30T16:33:34.971+0100	INFO	IDSS	server/idss_main.go:658	DONE merging local and remote results
2024-10-30T16:33:35.007+0100	INFO	IDSS	server/idss_main.go:695	This is an intermediate peer QmX1sbhz8fEW5hsDd12ZCafi9tNSD69ARQEp1Gz4zpsQvP. Merging results to send to parent peer QmX1sbhz8fEW5hsDd12ZCafi9tNSD69ARQEp1Gz4zpsQvP
2024-10-30T16:33:35.008+0100	INFO	IDSS	server/idss_main.go:710	Sending merged result to peer QmYzmFZrD7oeB5Ln2Qkz4FKJ6X5amj7quked8RJUHQGty4
2024-10-30T16:33:35.008+0100	INFO	IDSS	server/idss_main.go:712	Record count: 100
2024-10-30T16:33:35.008+0100	INFO	IDSS	server/idss_main.go:731	Successfully sent merged result to peer QmYzmFZrD7oeB5Ln2Qkz4FKJ6X5amj7quked8RJUHQGty4
