2024-10-30T16:31:53.222+0100	INFO	IDSS	server/idss_main.go:168	Listening on peer Address: /ip4/127.0.0.1/tcp/44209/p2p/QmVnLCArhEN5n2LNqva2qfra5N8wrAi7YzarfbU19xdSeT

2024-10-30T16:31:53.223+0100	INFO	IDSS	server/idss_main.go:201	Loading data from file: ./idss_graph_db/QmVnLCArhEN5n2LNqva2qfra5N8wrAi7YzarfbU19xdSeT/QmVnLCArhEN5n2LNqva2qfra5N8wrAi7YzarfbU19xdSeT_data.json
2024-10-30T16:31:54.870+0100	INFO	IDSS	server/idss_db_init.go:76	Creating the Query Manager node...
2024-10-30T16:31:54.918+0100	INFO	IDSS	server/idss_db_init.go:102	Committed Query Manager node store transaction
2024-10-30T16:31:54.918+0100	INFO	IDSS	server/idss_main.go:341	Bootstrapped the DHT
2024/10/30 16:31:54 failed to sufficiently increase receive buffer size (was: 208 kiB, wanted: 7168 kiB, got: 416 kiB). See https://github.com/quic-go/quic-go/wiki/UDP-Buffer-Sizes for details.
2024-10-30T16:31:55.047+0100	INFO	IDSS	server/idss_main.go:352	Connected to bootstrap peer: QmbLHAnMoJPWSCR5Zhtx6BHJX9KiKNN6tpvbUcqanj75Nb
2024-10-30T16:31:55.182+0100	INFO	IDSS	server/idss_main.go:352	Connected to bootstrap peer: QmQCU2EcMqAqQPR2i9bChDtGNJchTbq5TbXJJ16u19uLTa
2024-10-30T16:31:55.315+0100	INFO	IDSS	server/idss_main.go:352	Connected to bootstrap peer: QmNnooDu7bfjPFoTZYxMNLWUQJyrVwtbZg5gBMjTezGAJN
2024-10-30T16:31:55.504+0100	INFO	IDSS	server/idss_main.go:352	Connected to bootstrap peer: QmcZf59bWwK5XFi76CZX8cbJ4BhTzzA3gU1ZjYZcYW3dwt
2024-10-30T16:31:55.669+0100	INFO	IDSS	server/idss_main.go:352	Connected to bootstrap peer: QmaCpDMGvV2BGHeYERUEnRQAwe3N8SzbUtfsmvsqQLuvuJ
2024-10-30T16:31:55.669+0100	INFO	IDSS	server/idss_main.go:282	Starting peer discovery...
2024-10-30T16:31:55.669+0100	INFO	IDSS	server/idss_main.go:291	Searching for other peers...
...
2024-10-30T16:31:56.841+0100	INFO	IDSS	server/idss_main.go:309	Connected to peer QmYzmFZrD7oeB5Ln2Qkz4FKJ6X5amj7quked8RJUHQGty4
2024-10-30T16:31:56.847+0100	INFO	IDSS	server/idss_main.go:309	Connected to peer QmaUyzWdNRMfEHLTVieiUysBr8vC2N3VUexp92Jcjdi4QZ
2024-10-30T16:31:56.853+0100	INFO	IDSS	server/idss_main.go:309	Connected to peer QmZV3TbhWtfrDkYAnFJVMYUZUU9fMYp7UJzjfCHDv9qr5A
2024-10-30T16:31:56.860+0100	INFO	IDSS	server/idss_main.go:309	Connected to peer QmbvLEyecLKJzWEaF1DwJjSpjjFZhytBLyvaLPyV6JB5Jx
2024-10-30T16:31:56.869+0100	INFO	IDSS	server/idss_main.go:309	Connected to peer QmY3KziLnhU6RCNc9uSgBaP6CZFwSUUMij2XXcNYC6mUX4
2024-10-30T16:31:56.881+0100	INFO	IDSS	server/idss_main.go:309	Connected to peer QmTS2oW64P5TvNk61d5Hj9P4AFim7J9Dtp9sNQ14mdrhqx
2024-10-30T16:31:56.887+0100	INFO	IDSS	server/idss_main.go:309	Connected to peer QmQpQXB1b7TmgWsv6pvRMqwMMPyn1sJ7SbjuhdK6r5daQG
2024-10-30T16:31:56.893+0100	INFO	IDSS	server/idss_main.go:309	Connected to peer QmX87h1VTfYQK5n2DCVHzHua6YV21QVTxtn6JQD4P6Up3k
2024-10-30T16:31:56.899+0100	INFO	IDSS	server/idss_main.go:309	Connected to peer QmZajqudreu5rkvjDADMY7g16UitD7RkWSQpr7cBaf5R8f
2024-10-30T16:31:56.904+0100	INFO	IDSS	server/idss_main.go:309	Connected to peer QmaCZ6PGzv7TqjNbcyVqzfH5KsuX5YE4AE1QYDCDcK49Ep
2024-10-30T16:31:56.909+0100	INFO	IDSS	server/idss_main.go:309	Connected to peer Qmcq2Fi6i1ufA6cWD5PhHCbDcLbXz3zr43gmqZD7auG977
2024-10-30T16:31:56.915+0100	INFO	IDSS	server/idss_main.go:309	Connected to peer QmTjaGMytF5yVvUt7xwPyQMMdaxK53sBp8mnWAFQb4RVg8
2024-10-30T16:31:56.925+0100	INFO	IDSS	server/idss_main.go:309	Connected to peer QmQgd2SGH3tGMf4Au184f2euzY4RoDshacFDnDLJUH5Bke
2024-10-30T16:32:01.941+0100	INFO	IDSS	server/idss_main.go:316	Num of found peers in the Routing Table: 49
2024-10-30T16:32:01.941+0100	INFO	IDSS	server/idss_main.go:319	Time taken to find peers: 6.272101154s
2024-10-30T16:32:01.941+0100	INFO	IDSS	server/idss_main.go:320	Peer discovery completed
2024-10-30T16:32:22.696+0100	INFO	IDSS	server/idss_main.go:364	Received incoming from QmYzmFZrD7oeB5Ln2Qkz4FKJ6X5amj7quked8RJUHQGty4
2024-10-30T16:32:22.716+0100	INFO	IDSS	server/idss_main.go:400	Query received:
On peer QmVnLCArhEN5n2LNqva2qfra5N8wrAi7YzarfbU19xdSeT 
UQI: QmVT4nXkCcghnSgaxCMuF3seddRXZCZSajtdrfGJXDxmZB-1730302342626177708
TTL: 1.500000 
From: QmYzmFZrD7oeB5Ln2Qkz4FKJ6X5amj7quked8RJUHQGty4
2024-10-30T16:32:22.816+0100	INFO	IDSS	server/idss_main.go:417	This is a new query on this peer
2024-10-30T16:32:22.816+0100	INFO	IDSS	server/idss_main.go:423	Entering executeAndBroadcastQuery...
2024-10-30T16:32:22.816+0100	INFO	IDSS	server/idss_main.go:857	Executing get Client
 locally in QmVnLCArhEN5n2LNqva2qfra5N8wrAi7YzarfbU19xdSeT
2024-10-30T16:32:22.889+0100	INFO	IDSS	server/idss_main.go:364	Received incoming from Qmcq2Fi6i1ufA6cWD5PhHCbDcLbXz3zr43gmqZD7auG977
2024-10-30T16:32:22.890+0100	INFO	IDSS	server/idss_main.go:400	Query received:
On peer QmVnLCArhEN5n2LNqva2qfra5N8wrAi7YzarfbU19xdSeT 
UQI: QmVT4nXkCcghnSgaxCMuF3seddRXZCZSajtdrfGJXDxmZB-1730302342626177708
TTL: 1.125000 
From: Qmcq2Fi6i1ufA6cWD5PhHCbDcLbXz3zr43gmqZD7auG977
2024-10-30T16:32:22.924+0100	INFO	IDSS	server/idss_main.go:364	Received incoming from QmTS2oW64P5TvNk61d5Hj9P4AFim7J9Dtp9sNQ14mdrhqx
2024-10-30T16:32:22.927+0100	INFO	IDSS	server/idss_main.go:364	Received incoming from QmX87h1VTfYQK5n2DCVHzHua6YV21QVTxtn6JQD4P6Up3k
2024-10-30T16:32:23.064+0100	INFO	IDSS	server/idss_main.go:400	Query received:
On peer QmVnLCArhEN5n2LNqva2qfra5N8wrAi7YzarfbU19xdSeT 
UQI: QmVT4nXkCcghnSgaxCMuF3seddRXZCZSajtdrfGJXDxmZB-1730302342626177708
TTL: 1.125000 
From: QmX87h1VTfYQK5n2DCVHzHua6YV21QVTxtn6JQD4P6Up3k
2024-10-30T16:32:23.067+0100	INFO	IDSS	server/idss_main.go:400	Query received:
On peer QmVnLCArhEN5n2LNqva2qfra5N8wrAi7YzarfbU19xdSeT 
UQI: QmVT4nXkCcghnSgaxCMuF3seddRXZCZSajtdrfGJXDxmZB-1730302342626177708
TTL: 1.125000 
From: QmTS2oW64P5TvNk61d5Hj9P4AFim7J9Dtp9sNQ14mdrhqx
2024-10-30T16:32:23.003+0100	INFO	IDSS	server/idss_main.go:364	Received incoming from QmY3KziLnhU6RCNc9uSgBaP6CZFwSUUMij2XXcNYC6mUX4
2024-10-30T16:32:23.068+0100	INFO	IDSS	server/idss_main.go:400	Query received:
On peer QmVnLCArhEN5n2LNqva2qfra5N8wrAi7YzarfbU19xdSeT 
UQI: QmVT4nXkCcghnSgaxCMuF3seddRXZCZSajtdrfGJXDxmZB-1730302342626177708
TTL: 1.125000 
From: QmY3KziLnhU6RCNc9uSgBaP6CZFwSUUMij2XXcNYC6mUX4
2024-10-30T16:32:23.070+0100	INFO	IDSS	server/idss_main.go:364	Received incoming from QmQgd2SGH3tGMf4Au184f2euzY4RoDshacFDnDLJUH5Bke
2024-10-30T16:32:23.070+0100	INFO	IDSS	server/idss_main.go:400	Query received:
On peer QmVnLCArhEN5n2LNqva2qfra5N8wrAi7YzarfbU19xdSeT 
UQI: QmVT4nXkCcghnSgaxCMuF3seddRXZCZSajtdrfGJXDxmZB-1730302342626177708
TTL: 1.125000 
From: QmQgd2SGH3tGMf4Au184f2euzY4RoDshacFDnDLJUH5Bke
2024-10-30T16:32:23.071+0100	INFO	IDSS	server/idss_main.go:364	Received incoming from QmTjaGMytF5yVvUt7xwPyQMMdaxK53sBp8mnWAFQb4RVg8
2024-10-30T16:32:23.071+0100	INFO	IDSS	server/idss_main.go:400	Query received:
On peer QmVnLCArhEN5n2LNqva2qfra5N8wrAi7YzarfbU19xdSeT 
UQI: QmVT4nXkCcghnSgaxCMuF3seddRXZCZSajtdrfGJXDxmZB-1730302342626177708
TTL: 1.125000 
From: QmTjaGMytF5yVvUt7xwPyQMMdaxK53sBp8mnWAFQb4RVg8
2024-10-30T16:32:23.072+0100	INFO	IDSS	server/idss_main.go:364	Received incoming from QmZajqudreu5rkvjDADMY7g16UitD7RkWSQpr7cBaf5R8f
2024-10-30T16:32:23.072+0100	INFO	IDSS	server/idss_main.go:400	Query received:
On peer QmVnLCArhEN5n2LNqva2qfra5N8wrAi7YzarfbU19xdSeT 
UQI: QmVT4nXkCcghnSgaxCMuF3seddRXZCZSajtdrfGJXDxmZB-1730302342626177708
TTL: 1.125000 
From: QmZajqudreu5rkvjDADMY7g16UitD7RkWSQpr7cBaf5R8f
2024-10-30T16:32:23.072+0100	INFO	IDSS	server/idss_main.go:364	Received incoming from QmbvLEyecLKJzWEaF1DwJjSpjjFZhytBLyvaLPyV6JB5Jx
2024-10-30T16:32:23.073+0100	INFO	IDSS	server/idss_main.go:400	Query received:
On peer QmVnLCArhEN5n2LNqva2qfra5N8wrAi7YzarfbU19xdSeT 
UQI: QmVT4nXkCcghnSgaxCMuF3seddRXZCZSajtdrfGJXDxmZB-1730302342626177708
TTL: 1.125000 
From: QmbvLEyecLKJzWEaF1DwJjSpjjFZhytBLyvaLPyV6JB5Jx
2024-10-30T16:32:23.074+0100	INFO	IDSS	server/idss_main.go:364	Received incoming from QmaCZ6PGzv7TqjNbcyVqzfH5KsuX5YE4AE1QYDCDcK49Ep
2024-10-30T16:32:23.074+0100	INFO	IDSS	server/idss_main.go:400	Query received:
On peer QmVnLCArhEN5n2LNqva2qfra5N8wrAi7YzarfbU19xdSeT 
UQI: QmVT4nXkCcghnSgaxCMuF3seddRXZCZSajtdrfGJXDxmZB-1730302342626177708
TTL: 1.125000 
From: QmaCZ6PGzv7TqjNbcyVqzfH5KsuX5YE4AE1QYDCDcK49Ep
2024-10-30T16:32:23.178+0100	INFO	IDSS	server/idss_main.go:449	Local query executed successfully
2024-10-30T16:32:23.179+0100	INFO	IDSS	server/idss_main.go:463	Sender address updated to: QmVnLCArhEN5n2LNqva2qfra5N8wrAi7YzarfbU19xdSeT
2024-10-30T16:32:23.179+0100	INFO	IDSS	server/idss_main.go:513	Broadcasting query in peer: QmVnLCArhEN5n2LNqva2qfra5N8wrAi7YzarfbU19xdSeT, Parent peer QmYzmFZrD7oeB5Ln2Qkz4FKJ6X5amj7quked8RJUHQGty4 
2024-10-30T16:32:23.180+0100	INFO	IDSS	server/idss_main.go:545	TTL in QmVnLCArhEN5n2LNqva2qfra5N8wrAi7YzarfbU19xdSeT after decrement: 1.125000
2024-10-30T16:32:23.180+0100	INFO	IDSS	server/idss_main.go:644	Peer QmVnLCArhEN5n2LNqva2qfra5N8wrAi7YzarfbU19xdSeT waiting for overlay peers results...
2024-10-30T16:32:23.180+0100	INFO	IDSS	server/idss_main.go:651	Overlay peers peer results collected, start merging...
2024-10-30T16:32:23.182+0100	WARN	IDSS	server/idss_main.go:409	Duplicate query received on Peer: QmVnLCArhEN5n2LNqva2qfra5N8wrAi7YzarfbU19xdSeT get Client
 (UQI: QmVT4nXkCcghnSgaxCMuF3seddRXZCZSajtdrfGJXDxmZB-1730302342626177708)
2024-10-30T16:32:23.185+0100	INFO	IDSS	server/idss_main.go:598	Query sent to peer QmTS2oW64P5TvNk61d5Hj9P4AFim7J9Dtp9sNQ14mdrhqx, awaiting for response
2024-10-30T16:32:23.185+0100	INFO	IDSS	server/idss_main.go:598	Query sent to peer QmaCZ6PGzv7TqjNbcyVqzfH5KsuX5YE4AE1QYDCDcK49Ep, awaiting for response
2024-10-30T16:32:23.185+0100	INFO	IDSS	server/idss_main.go:598	Query sent to peer QmQgd2SGH3tGMf4Au184f2euzY4RoDshacFDnDLJUH5Bke, awaiting for response
2024-10-30T16:32:23.187+0100	INFO	IDSS	server/idss_main.go:598	Query sent to peer QmQpQXB1b7TmgWsv6pvRMqwMMPyn1sJ7SbjuhdK6r5daQG, awaiting for response
2024-10-30T16:32:23.191+0100	INFO	IDSS	server/idss_main.go:598	Query sent to peer Qmcq2Fi6i1ufA6cWD5PhHCbDcLbXz3zr43gmqZD7auG977, awaiting for response
2024-10-30T16:32:23.191+0100	INFO	IDSS	server/idss_main.go:598	Query sent to peer QmY3KziLnhU6RCNc9uSgBaP6CZFwSUUMij2XXcNYC6mUX4, awaiting for response
2024-10-30T16:32:23.191+0100	INFO	IDSS	server/idss_main.go:598	Query sent to peer QmTjaGMytF5yVvUt7xwPyQMMdaxK53sBp8mnWAFQb4RVg8, awaiting for response
2024-10-30T16:32:23.195+0100	INFO	IDSS	server/idss_main.go:598	Query sent to peer QmX87h1VTfYQK5n2DCVHzHua6YV21QVTxtn6JQD4P6Up3k, awaiting for response
2024-10-30T16:32:23.196+0100	INFO	IDSS	server/idss_main.go:598	Query sent to peer QmaUyzWdNRMfEHLTVieiUysBr8vC2N3VUexp92Jcjdi4QZ, awaiting for response
2024-10-30T16:32:23.197+0100	INFO	IDSS	server/idss_main.go:598	Query sent to peer QmZajqudreu5rkvjDADMY7g16UitD7RkWSQpr7cBaf5R8f, awaiting for response
2024-10-30T16:32:23.201+0100	WARN	IDSS	server/idss_main.go:409	Duplicate query received on Peer: QmVnLCArhEN5n2LNqva2qfra5N8wrAi7YzarfbU19xdSeT get Client
 (UQI: QmVT4nXkCcghnSgaxCMuF3seddRXZCZSajtdrfGJXDxmZB-1730302342626177708)
2024-10-30T16:32:23.202+0100	WARN	IDSS	server/idss_main.go:409	Duplicate query received on Peer: QmVnLCArhEN5n2LNqva2qfra5N8wrAi7YzarfbU19xdSeT get Client
 (UQI: QmVT4nXkCcghnSgaxCMuF3seddRXZCZSajtdrfGJXDxmZB-1730302342626177708)
2024-10-30T16:32:23.202+0100	WARN	IDSS	server/idss_main.go:409	Duplicate query received on Peer: QmVnLCArhEN5n2LNqva2qfra5N8wrAi7YzarfbU19xdSeT get Client
 (UQI: QmVT4nXkCcghnSgaxCMuF3seddRXZCZSajtdrfGJXDxmZB-1730302342626177708)
2024-10-30T16:32:23.202+0100	WARN	IDSS	server/idss_main.go:409	Duplicate query received on Peer: QmVnLCArhEN5n2LNqva2qfra5N8wrAi7YzarfbU19xdSeT get Client
 (UQI: QmVT4nXkCcghnSgaxCMuF3seddRXZCZSajtdrfGJXDxmZB-1730302342626177708)
2024-10-30T16:32:23.203+0100	WARN	IDSS	server/idss_main.go:409	Duplicate query received on Peer: QmVnLCArhEN5n2LNqva2qfra5N8wrAi7YzarfbU19xdSeT get Client
 (UQI: QmVT4nXkCcghnSgaxCMuF3seddRXZCZSajtdrfGJXDxmZB-1730302342626177708)
2024-10-30T16:32:23.203+0100	WARN	IDSS	server/idss_main.go:409	Duplicate query received on Peer: QmVnLCArhEN5n2LNqva2qfra5N8wrAi7YzarfbU19xdSeT get Client
 (UQI: QmVT4nXkCcghnSgaxCMuF3seddRXZCZSajtdrfGJXDxmZB-1730302342626177708)
2024-10-30T16:32:23.203+0100	WARN	IDSS	server/idss_main.go:409	Duplicate query received on Peer: QmVnLCArhEN5n2LNqva2qfra5N8wrAi7YzarfbU19xdSeT get Client
 (UQI: QmVT4nXkCcghnSgaxCMuF3seddRXZCZSajtdrfGJXDxmZB-1730302342626177708)
2024-10-30T16:32:23.203+0100	WARN	IDSS	server/idss_main.go:409	Duplicate query received on Peer: QmVnLCArhEN5n2LNqva2qfra5N8wrAi7YzarfbU19xdSeT get Client
 (UQI: QmVT4nXkCcghnSgaxCMuF3seddRXZCZSajtdrfGJXDxmZB-1730302342626177708)
2024-10-30T16:32:23.256+0100	INFO	IDSS	server/idss_main.go:598	Query sent to peer QmbvLEyecLKJzWEaF1DwJjSpjjFZhytBLyvaLPyV6JB5Jx, awaiting for response
2024-10-30T16:32:23.258+0100	INFO	IDSS	server/idss_main.go:598	Query sent to peer QmZV3TbhWtfrDkYAnFJVMYUZUU9fMYp7UJzjfCHDv9qr5A, awaiting for response
2024-10-30T16:32:23.265+0100	INFO	IDSS	server/idss_main.go:364	Received incoming from QmaUyzWdNRMfEHLTVieiUysBr8vC2N3VUexp92Jcjdi4QZ
2024-10-30T16:32:23.265+0100	INFO	IDSS	server/idss_main.go:400	Query received:
On peer QmVnLCArhEN5n2LNqva2qfra5N8wrAi7YzarfbU19xdSeT 
UQI: QmVT4nXkCcghnSgaxCMuF3seddRXZCZSajtdrfGJXDxmZB-1730302342626177708
TTL: 1.125000 
From: QmaUyzWdNRMfEHLTVieiUysBr8vC2N3VUexp92Jcjdi4QZ
2024-10-30T16:32:23.265+0100	WARN	IDSS	server/idss_main.go:409	Duplicate query received on Peer: QmVnLCArhEN5n2LNqva2qfra5N8wrAi7YzarfbU19xdSeT get Client
 (UQI: QmVT4nXkCcghnSgaxCMuF3seddRXZCZSajtdrfGJXDxmZB-1730302342626177708)
2024-10-30T16:32:23.349+0100	INFO	IDSS	server/idss_main.go:364	Received incoming from QmZV3TbhWtfrDkYAnFJVMYUZUU9fMYp7UJzjfCHDv9qr5A
2024-10-30T16:32:23.350+0100	INFO	IDSS	server/idss_main.go:400	Query received:
On peer QmVnLCArhEN5n2LNqva2qfra5N8wrAi7YzarfbU19xdSeT 
UQI: QmVT4nXkCcghnSgaxCMuF3seddRXZCZSajtdrfGJXDxmZB-1730302342626177708
TTL: 1.125000 
From: QmZV3TbhWtfrDkYAnFJVMYUZUU9fMYp7UJzjfCHDv9qr5A
2024-10-30T16:32:23.351+0100	WARN	IDSS	server/idss_main.go:409	Duplicate query received on Peer: QmVnLCArhEN5n2LNqva2qfra5N8wrAi7YzarfbU19xdSeT get Client
 (UQI: QmVT4nXkCcghnSgaxCMuF3seddRXZCZSajtdrfGJXDxmZB-1730302342626177708)
2024-10-30T16:32:23.391+0100	INFO	IDSS	server/idss_main.go:364	Received incoming from QmQpQXB1b7TmgWsv6pvRMqwMMPyn1sJ7SbjuhdK6r5daQG
2024-10-30T16:32:23.391+0100	INFO	IDSS	server/idss_main.go:400	Query received:
On peer QmVnLCArhEN5n2LNqva2qfra5N8wrAi7YzarfbU19xdSeT 
UQI: QmVT4nXkCcghnSgaxCMuF3seddRXZCZSajtdrfGJXDxmZB-1730302342626177708
TTL: 1.125000 
From: QmQpQXB1b7TmgWsv6pvRMqwMMPyn1sJ7SbjuhdK6r5daQG
2024-10-30T16:32:23.394+0100	WARN	IDSS	server/idss_main.go:409	Duplicate query received on Peer: QmVnLCArhEN5n2LNqva2qfra5N8wrAi7YzarfbU19xdSeT get Client
 (UQI: QmVT4nXkCcghnSgaxCMuF3seddRXZCZSajtdrfGJXDxmZB-1730302342626177708)
2024-10-30T16:32:24.310+0100	WARN	IDSS	server/idss_main.go:604	Response timeout from peer QmTS2oW64P5TvNk61d5Hj9P4AFim7J9Dtp9sNQ14mdrhqx
2024-10-30T16:32:24.310+0100	WARN	IDSS	server/idss_main.go:604	Response timeout from peer QmaCZ6PGzv7TqjNbcyVqzfH5KsuX5YE4AE1QYDCDcK49Ep
2024-10-30T16:32:24.310+0100	WARN	IDSS	server/idss_main.go:604	Response timeout from peer QmQgd2SGH3tGMf4Au184f2euzY4RoDshacFDnDLJUH5Bke
2024-10-30T16:32:24.312+0100	WARN	IDSS	server/idss_main.go:604	Response timeout from peer QmQpQXB1b7TmgWsv6pvRMqwMMPyn1sJ7SbjuhdK6r5daQG
2024-10-30T16:32:24.317+0100	WARN	IDSS	server/idss_main.go:604	Response timeout from peer QmY3KziLnhU6RCNc9uSgBaP6CZFwSUUMij2XXcNYC6mUX4
2024-10-30T16:32:24.317+0100	WARN	IDSS	server/idss_main.go:604	Response timeout from peer QmTjaGMytF5yVvUt7xwPyQMMdaxK53sBp8mnWAFQb4RVg8
2024-10-30T16:32:24.317+0100	WARN	IDSS	server/idss_main.go:604	Response timeout from peer QmZV3TbhWtfrDkYAnFJVMYUZUU9fMYp7UJzjfCHDv9qr5A
2024-10-30T16:32:24.317+0100	WARN	IDSS	server/idss_main.go:604	Response timeout from peer Qmcq2Fi6i1ufA6cWD5PhHCbDcLbXz3zr43gmqZD7auG977
2024-10-30T16:32:24.318+0100	WARN	IDSS	server/idss_main.go:604	Response timeout from peer QmX87h1VTfYQK5n2DCVHzHua6YV21QVTxtn6JQD4P6Up3k
2024-10-30T16:32:24.321+0100	WARN	IDSS	server/idss_main.go:604	Response timeout from peer QmaUyzWdNRMfEHLTVieiUysBr8vC2N3VUexp92Jcjdi4QZ
2024-10-30T16:32:24.323+0100	WARN	IDSS	server/idss_main.go:604	Response timeout from peer QmZajqudreu5rkvjDADMY7g16UitD7RkWSQpr7cBaf5R8f
2024-10-30T16:32:24.328+0100	WARN	IDSS	server/idss_main.go:604	Response timeout from peer QmbvLEyecLKJzWEaF1DwJjSpjjFZhytBLyvaLPyV6JB5Jx
2024-10-30T16:32:24.329+0100	INFO	IDSS	server/idss_main.go:658	DONE merging local and remote results
2024-10-30T16:32:24.367+0100	INFO	IDSS	server/idss_main.go:695	This is an intermediate peer QmVnLCArhEN5n2LNqva2qfra5N8wrAi7YzarfbU19xdSeT. Merging results to send to parent peer QmVnLCArhEN5n2LNqva2qfra5N8wrAi7YzarfbU19xdSeT
2024-10-30T16:32:24.367+0100	INFO	IDSS	server/idss_main.go:710	Sending merged result to peer QmYzmFZrD7oeB5Ln2Qkz4FKJ6X5amj7quked8RJUHQGty4
2024-10-30T16:32:24.367+0100	INFO	IDSS	server/idss_main.go:712	Record count: 100
2024-10-30T16:32:24.367+0100	INFO	IDSS	server/idss_main.go:731	Successfully sent merged result to peer QmYzmFZrD7oeB5Ln2Qkz4FKJ6X5amj7quked8RJUHQGty4
2024-10-30T16:32:49.134+0100	INFO	IDSS	server/idss_main.go:364	Received incoming from QmYzmFZrD7oeB5Ln2Qkz4FKJ6X5amj7quked8RJUHQGty4
2024-10-30T16:32:49.134+0100	INFO	IDSS	server/idss_main.go:400	Query received:
On peer QmVnLCArhEN5n2LNqva2qfra5N8wrAi7YzarfbU19xdSeT 
UQI: QmVT4nXkCcghnSgaxCMuF3seddRXZCZSajtdrfGJXDxmZB-1730302369075974629
TTL: 1.500000 
From: QmYzmFZrD7oeB5Ln2Qkz4FKJ6X5amj7quked8RJUHQGty4
2024-10-30T16:32:49.202+0100	INFO	IDSS	server/idss_main.go:417	This is a new query on this peer
2024-10-30T16:32:49.202+0100	INFO	IDSS	server/idss_main.go:423	Entering executeAndBroadcastQuery...
2024-10-30T16:32:49.202+0100	INFO	IDSS	server/idss_main.go:857	Executing get Client
 locally in QmVnLCArhEN5n2LNqva2qfra5N8wrAi7YzarfbU19xdSeT
2024-10-30T16:32:49.264+0100	INFO	IDSS	server/idss_main.go:449	Local query executed successfully
2024-10-30T16:32:49.264+0100	INFO	IDSS	server/idss_main.go:463	Sender address updated to: QmVnLCArhEN5n2LNqva2qfra5N8wrAi7YzarfbU19xdSeT
2024-10-30T16:32:49.264+0100	INFO	IDSS	server/idss_main.go:513	Broadcasting query in peer: QmVnLCArhEN5n2LNqva2qfra5N8wrAi7YzarfbU19xdSeT, Parent peer QmYzmFZrD7oeB5Ln2Qkz4FKJ6X5amj7quked8RJUHQGty4 
2024-10-30T16:32:49.264+0100	INFO	IDSS	server/idss_main.go:545	TTL in QmVnLCArhEN5n2LNqva2qfra5N8wrAi7YzarfbU19xdSeT after decrement: 1.125000
2024-10-30T16:32:49.265+0100	INFO	IDSS	server/idss_main.go:644	Peer QmVnLCArhEN5n2LNqva2qfra5N8wrAi7YzarfbU19xdSeT waiting for overlay peers results...
2024-10-30T16:32:49.265+0100	INFO	IDSS	server/idss_main.go:651	Overlay peers peer results collected, start merging...
2024-10-30T16:32:49.265+0100	INFO	IDSS	server/idss_main.go:598	Query sent to peer QmZV3TbhWtfrDkYAnFJVMYUZUU9fMYp7UJzjfCHDv9qr5A, awaiting for response
2024-10-30T16:32:49.265+0100	INFO	IDSS	server/idss_main.go:598	Query sent to peer QmTS2oW64P5TvNk61d5Hj9P4AFim7J9Dtp9sNQ14mdrhqx, awaiting for response
2024-10-30T16:32:49.267+0100	INFO	IDSS	server/idss_main.go:598	Query sent to peer QmQgd2SGH3tGMf4Au184f2euzY4RoDshacFDnDLJUH5Bke, awaiting for response
2024-10-30T16:32:49.270+0100	INFO	IDSS	server/idss_main.go:598	Query sent to peer QmY3KziLnhU6RCNc9uSgBaP6CZFwSUUMij2XXcNYC6mUX4, awaiting for response
2024-10-30T16:32:49.272+0100	INFO	IDSS	server/idss_main.go:598	Query sent to peer QmZajqudreu5rkvjDADMY7g16UitD7RkWSQpr7cBaf5R8f, awaiting for response
2024-10-30T16:32:49.273+0100	INFO	IDSS	server/idss_main.go:598	Query sent to peer QmbvLEyecLKJzWEaF1DwJjSpjjFZhytBLyvaLPyV6JB5Jx, awaiting for response
2024-10-30T16:32:49.273+0100	INFO	IDSS	server/idss_main.go:598	Query sent to peer QmaCZ6PGzv7TqjNbcyVqzfH5KsuX5YE4AE1QYDCDcK49Ep, awaiting for response
2024-10-30T16:32:49.273+0100	INFO	IDSS	server/idss_main.go:598	Query sent to peer QmQpQXB1b7TmgWsv6pvRMqwMMPyn1sJ7SbjuhdK6r5daQG, awaiting for response
2024-10-30T16:32:49.274+0100	INFO	IDSS	server/idss_main.go:598	Query sent to peer QmX87h1VTfYQK5n2DCVHzHua6YV21QVTxtn6JQD4P6Up3k, awaiting for response
2024-10-30T16:32:49.276+0100	INFO	IDSS	server/idss_main.go:598	Query sent to peer Qmcq2Fi6i1ufA6cWD5PhHCbDcLbXz3zr43gmqZD7auG977, awaiting for response
2024-10-30T16:32:49.276+0100	INFO	IDSS	server/idss_main.go:598	Query sent to peer QmTjaGMytF5yVvUt7xwPyQMMdaxK53sBp8mnWAFQb4RVg8, awaiting for response
2024-10-30T16:32:49.277+0100	INFO	IDSS	server/idss_main.go:598	Query sent to peer QmaUyzWdNRMfEHLTVieiUysBr8vC2N3VUexp92Jcjdi4QZ, awaiting for response
2024-10-30T16:32:49.296+0100	INFO	IDSS	server/idss_main.go:364	Received incoming from QmZV3TbhWtfrDkYAnFJVMYUZUU9fMYp7UJzjfCHDv9qr5A
2024-10-30T16:32:49.304+0100	INFO	IDSS	server/idss_main.go:400	Query received:
On peer QmVnLCArhEN5n2LNqva2qfra5N8wrAi7YzarfbU19xdSeT 
UQI: QmVT4nXkCcghnSgaxCMuF3seddRXZCZSajtdrfGJXDxmZB-1730302369075974629
TTL: 1.125000 
From: QmZV3TbhWtfrDkYAnFJVMYUZUU9fMYp7UJzjfCHDv9qr5A
2024-10-30T16:32:49.304+0100	WARN	IDSS	server/idss_main.go:409	Duplicate query received on Peer: QmVnLCArhEN5n2LNqva2qfra5N8wrAi7YzarfbU19xdSeT get Client
 (UQI: QmVT4nXkCcghnSgaxCMuF3seddRXZCZSajtdrfGJXDxmZB-1730302369075974629)
2024-10-30T16:32:49.300+0100	INFO	IDSS	server/idss_main.go:364	Received incoming from QmQgd2SGH3tGMf4Au184f2euzY4RoDshacFDnDLJUH5Bke
2024-10-30T16:32:49.305+0100	INFO	IDSS	server/idss_main.go:400	Query received:
On peer QmVnLCArhEN5n2LNqva2qfra5N8wrAi7YzarfbU19xdSeT 
UQI: QmVT4nXkCcghnSgaxCMuF3seddRXZCZSajtdrfGJXDxmZB-1730302369075974629
TTL: 1.125000 
From: QmQgd2SGH3tGMf4Au184f2euzY4RoDshacFDnDLJUH5Bke
2024-10-30T16:32:49.301+0100	INFO	IDSS	server/idss_main.go:364	Received incoming from QmTjaGMytF5yVvUt7xwPyQMMdaxK53sBp8mnWAFQb4RVg8
2024-10-30T16:32:49.305+0100	WARN	IDSS	server/idss_main.go:409	Duplicate query received on Peer: QmVnLCArhEN5n2LNqva2qfra5N8wrAi7YzarfbU19xdSeT get Client
 (UQI: QmVT4nXkCcghnSgaxCMuF3seddRXZCZSajtdrfGJXDxmZB-1730302369075974629)
2024-10-30T16:32:49.301+0100	INFO	IDSS	server/idss_main.go:364	Received incoming from QmY3KziLnhU6RCNc9uSgBaP6CZFwSUUMij2XXcNYC6mUX4
2024-10-30T16:32:49.305+0100	INFO	IDSS	server/idss_main.go:400	Query received:
On peer QmVnLCArhEN5n2LNqva2qfra5N8wrAi7YzarfbU19xdSeT 
UQI: QmVT4nXkCcghnSgaxCMuF3seddRXZCZSajtdrfGJXDxmZB-1730302369075974629
TTL: 1.125000 
From: QmTjaGMytF5yVvUt7xwPyQMMdaxK53sBp8mnWAFQb4RVg8
2024-10-30T16:32:49.305+0100	INFO	IDSS	server/idss_main.go:400	Query received:
On peer QmVnLCArhEN5n2LNqva2qfra5N8wrAi7YzarfbU19xdSeT 
UQI: QmVT4nXkCcghnSgaxCMuF3seddRXZCZSajtdrfGJXDxmZB-1730302369075974629
TTL: 1.125000 
From: QmY3KziLnhU6RCNc9uSgBaP6CZFwSUUMij2XXcNYC6mUX4
2024-10-30T16:32:49.302+0100	INFO	IDSS	server/idss_main.go:364	Received incoming from QmX87h1VTfYQK5n2DCVHzHua6YV21QVTxtn6JQD4P6Up3k
2024-10-30T16:32:49.305+0100	INFO	IDSS	server/idss_main.go:400	Query received:
On peer QmVnLCArhEN5n2LNqva2qfra5N8wrAi7YzarfbU19xdSeT 
UQI: QmVT4nXkCcghnSgaxCMuF3seddRXZCZSajtdrfGJXDxmZB-1730302369075974629
TTL: 1.125000 
From: QmX87h1VTfYQK5n2DCVHzHua6YV21QVTxtn6JQD4P6Up3k
2024-10-30T16:32:49.306+0100	WARN	IDSS	server/idss_main.go:409	Duplicate query received on Peer: QmVnLCArhEN5n2LNqva2qfra5N8wrAi7YzarfbU19xdSeT get Client
 (UQI: QmVT4nXkCcghnSgaxCMuF3seddRXZCZSajtdrfGJXDxmZB-1730302369075974629)
2024-10-30T16:32:49.306+0100	WARN	IDSS	server/idss_main.go:409	Duplicate query received on Peer: QmVnLCArhEN5n2LNqva2qfra5N8wrAi7YzarfbU19xdSeT get Client
 (UQI: QmVT4nXkCcghnSgaxCMuF3seddRXZCZSajtdrfGJXDxmZB-1730302369075974629)
2024-10-30T16:32:49.306+0100	WARN	IDSS	server/idss_main.go:409	Duplicate query received on Peer: QmVnLCArhEN5n2LNqva2qfra5N8wrAi7YzarfbU19xdSeT get Client
 (UQI: QmVT4nXkCcghnSgaxCMuF3seddRXZCZSajtdrfGJXDxmZB-1730302369075974629)
2024-10-30T16:32:49.312+0100	INFO	IDSS	server/idss_main.go:364	Received incoming from Qmcq2Fi6i1ufA6cWD5PhHCbDcLbXz3zr43gmqZD7auG977
2024-10-30T16:32:49.331+0100	INFO	IDSS	server/idss_main.go:400	Query received:
On peer QmVnLCArhEN5n2LNqva2qfra5N8wrAi7YzarfbU19xdSeT 
UQI: QmVT4nXkCcghnSgaxCMuF3seddRXZCZSajtdrfGJXDxmZB-1730302369075974629
TTL: 1.125000 
From: Qmcq2Fi6i1ufA6cWD5PhHCbDcLbXz3zr43gmqZD7auG977
2024-10-30T16:32:49.331+0100	WARN	IDSS	server/idss_main.go:409	Duplicate query received on Peer: QmVnLCArhEN5n2LNqva2qfra5N8wrAi7YzarfbU19xdSeT get Client
 (UQI: QmVT4nXkCcghnSgaxCMuF3seddRXZCZSajtdrfGJXDxmZB-1730302369075974629)
2024-10-30T16:32:49.359+0100	INFO	IDSS	server/idss_main.go:364	Received incoming from QmaUyzWdNRMfEHLTVieiUysBr8vC2N3VUexp92Jcjdi4QZ
2024-10-30T16:32:49.360+0100	INFO	IDSS	server/idss_main.go:400	Query received:
On peer QmVnLCArhEN5n2LNqva2qfra5N8wrAi7YzarfbU19xdSeT 
UQI: QmVT4nXkCcghnSgaxCMuF3seddRXZCZSajtdrfGJXDxmZB-1730302369075974629
TTL: 1.125000 
From: QmaUyzWdNRMfEHLTVieiUysBr8vC2N3VUexp92Jcjdi4QZ
2024-10-30T16:32:49.361+0100	INFO	IDSS	server/idss_main.go:364	Received incoming from QmZajqudreu5rkvjDADMY7g16UitD7RkWSQpr7cBaf5R8f
2024-10-30T16:32:49.364+0100	INFO	IDSS	server/idss_main.go:400	Query received:
On peer QmVnLCArhEN5n2LNqva2qfra5N8wrAi7YzarfbU19xdSeT 
UQI: QmVT4nXkCcghnSgaxCMuF3seddRXZCZSajtdrfGJXDxmZB-1730302369075974629
TTL: 1.125000 
From: QmZajqudreu5rkvjDADMY7g16UitD7RkWSQpr7cBaf5R8f
2024-10-30T16:32:49.365+0100	WARN	IDSS	server/idss_main.go:409	Duplicate query received on Peer: QmVnLCArhEN5n2LNqva2qfra5N8wrAi7YzarfbU19xdSeT get Client
 (UQI: QmVT4nXkCcghnSgaxCMuF3seddRXZCZSajtdrfGJXDxmZB-1730302369075974629)
2024-10-30T16:32:49.365+0100	INFO	IDSS	server/idss_main.go:364	Received incoming from QmQpQXB1b7TmgWsv6pvRMqwMMPyn1sJ7SbjuhdK6r5daQG
2024-10-30T16:32:49.365+0100	INFO	IDSS	server/idss_main.go:400	Query received:
On peer QmVnLCArhEN5n2LNqva2qfra5N8wrAi7YzarfbU19xdSeT 
UQI: QmVT4nXkCcghnSgaxCMuF3seddRXZCZSajtdrfGJXDxmZB-1730302369075974629
TTL: 1.125000 
From: QmQpQXB1b7TmgWsv6pvRMqwMMPyn1sJ7SbjuhdK6r5daQG
2024-10-30T16:32:49.366+0100	WARN	IDSS	server/idss_main.go:409	Duplicate query received on Peer: QmVnLCArhEN5n2LNqva2qfra5N8wrAi7YzarfbU19xdSeT get Client
 (UQI: QmVT4nXkCcghnSgaxCMuF3seddRXZCZSajtdrfGJXDxmZB-1730302369075974629)
2024-10-30T16:32:49.398+0100	INFO	IDSS	server/idss_main.go:364	Received incoming from QmTS2oW64P5TvNk61d5Hj9P4AFim7J9Dtp9sNQ14mdrhqx
2024-10-30T16:32:49.399+0100	INFO	IDSS	server/idss_main.go:400	Query received:
On peer QmVnLCArhEN5n2LNqva2qfra5N8wrAi7YzarfbU19xdSeT 
UQI: QmVT4nXkCcghnSgaxCMuF3seddRXZCZSajtdrfGJXDxmZB-1730302369075974629
TTL: 1.125000 
From: QmTS2oW64P5TvNk61d5Hj9P4AFim7J9Dtp9sNQ14mdrhqx
2024-10-30T16:32:49.400+0100	WARN	IDSS	server/idss_main.go:409	Duplicate query received on Peer: QmVnLCArhEN5n2LNqva2qfra5N8wrAi7YzarfbU19xdSeT get Client
 (UQI: QmVT4nXkCcghnSgaxCMuF3seddRXZCZSajtdrfGJXDxmZB-1730302369075974629)
2024-10-30T16:32:49.408+0100	WARN	IDSS	server/idss_main.go:409	Duplicate query received on Peer: QmVnLCArhEN5n2LNqva2qfra5N8wrAi7YzarfbU19xdSeT get Client
 (UQI: QmVT4nXkCcghnSgaxCMuF3seddRXZCZSajtdrfGJXDxmZB-1730302369075974629)
2024-10-30T16:32:49.436+0100	INFO	IDSS	server/idss_main.go:364	Received incoming from QmbvLEyecLKJzWEaF1DwJjSpjjFZhytBLyvaLPyV6JB5Jx
2024-10-30T16:32:49.437+0100	INFO	IDSS	server/idss_main.go:400	Query received:
On peer QmVnLCArhEN5n2LNqva2qfra5N8wrAi7YzarfbU19xdSeT 
UQI: QmVT4nXkCcghnSgaxCMuF3seddRXZCZSajtdrfGJXDxmZB-1730302369075974629
TTL: 1.125000 
From: QmbvLEyecLKJzWEaF1DwJjSpjjFZhytBLyvaLPyV6JB5Jx
2024-10-30T16:32:49.438+0100	WARN	IDSS	server/idss_main.go:409	Duplicate query received on Peer: QmVnLCArhEN5n2LNqva2qfra5N8wrAi7YzarfbU19xdSeT get Client
 (UQI: QmVT4nXkCcghnSgaxCMuF3seddRXZCZSajtdrfGJXDxmZB-1730302369075974629)
2024-10-30T16:32:49.476+0100	INFO	IDSS	server/idss_main.go:364	Received incoming from QmaCZ6PGzv7TqjNbcyVqzfH5KsuX5YE4AE1QYDCDcK49Ep
2024-10-30T16:32:49.476+0100	INFO	IDSS	server/idss_main.go:400	Query received:
On peer QmVnLCArhEN5n2LNqva2qfra5N8wrAi7YzarfbU19xdSeT 
UQI: QmVT4nXkCcghnSgaxCMuF3seddRXZCZSajtdrfGJXDxmZB-1730302369075974629
TTL: 1.125000 
From: QmaCZ6PGzv7TqjNbcyVqzfH5KsuX5YE4AE1QYDCDcK49Ep
2024-10-30T16:32:49.477+0100	WARN	IDSS	server/idss_main.go:409	Duplicate query received on Peer: QmVnLCArhEN5n2LNqva2qfra5N8wrAi7YzarfbU19xdSeT get Client
 (UQI: QmVT4nXkCcghnSgaxCMuF3seddRXZCZSajtdrfGJXDxmZB-1730302369075974629)
2024-10-30T16:32:50.390+0100	WARN	IDSS	server/idss_main.go:604	Response timeout from peer QmZV3TbhWtfrDkYAnFJVMYUZUU9fMYp7UJzjfCHDv9qr5A
2024-10-30T16:32:50.390+0100	WARN	IDSS	server/idss_main.go:604	Response timeout from peer QmTS2oW64P5TvNk61d5Hj9P4AFim7J9Dtp9sNQ14mdrhqx
2024-10-30T16:32:50.391+0100	WARN	IDSS	server/idss_main.go:604	Response timeout from peer QmZajqudreu5rkvjDADMY7g16UitD7RkWSQpr7cBaf5R8f
2024-10-30T16:32:50.391+0100	WARN	IDSS	server/idss_main.go:604	Response timeout from peer QmaUyzWdNRMfEHLTVieiUysBr8vC2N3VUexp92Jcjdi4QZ
2024-10-30T16:32:50.391+0100	WARN	IDSS	server/idss_main.go:604	Response timeout from peer QmbvLEyecLKJzWEaF1DwJjSpjjFZhytBLyvaLPyV6JB5Jx
2024-10-30T16:32:50.391+0100	WARN	IDSS	server/idss_main.go:604	Response timeout from peer QmQpQXB1b7TmgWsv6pvRMqwMMPyn1sJ7SbjuhdK6r5daQG
2024-10-30T16:32:50.391+0100	WARN	IDSS	server/idss_main.go:604	Response timeout from peer Qmcq2Fi6i1ufA6cWD5PhHCbDcLbXz3zr43gmqZD7auG977
2024-10-30T16:32:50.391+0100	WARN	IDSS	server/idss_main.go:604	Response timeout from peer QmX87h1VTfYQK5n2DCVHzHua6YV21QVTxtn6JQD4P6Up3k
2024-10-30T16:32:50.391+0100	WARN	IDSS	server/idss_main.go:604	Response timeout from peer QmQgd2SGH3tGMf4Au184f2euzY4RoDshacFDnDLJUH5Bke
2024-10-30T16:32:50.391+0100	WARN	IDSS	server/idss_main.go:604	Response timeout from peer QmY3KziLnhU6RCNc9uSgBaP6CZFwSUUMij2XXcNYC6mUX4
2024-10-30T16:32:50.391+0100	WARN	IDSS	server/idss_main.go:604	Response timeout from peer QmTjaGMytF5yVvUt7xwPyQMMdaxK53sBp8mnWAFQb4RVg8
2024-10-30T16:32:50.391+0100	WARN	IDSS	server/idss_main.go:604	Response timeout from peer QmaCZ6PGzv7TqjNbcyVqzfH5KsuX5YE4AE1QYDCDcK49Ep
2024-10-30T16:32:50.391+0100	INFO	IDSS	server/idss_main.go:658	DONE merging local and remote results
2024-10-30T16:32:50.430+0100	INFO	IDSS	server/idss_main.go:695	This is an intermediate peer QmVnLCArhEN5n2LNqva2qfra5N8wrAi7YzarfbU19xdSeT. Merging results to send to parent peer QmVnLCArhEN5n2LNqva2qfra5N8wrAi7YzarfbU19xdSeT
2024-10-30T16:32:50.430+0100	INFO	IDSS	server/idss_main.go:710	Sending merged result to peer QmYzmFZrD7oeB5Ln2Qkz4FKJ6X5amj7quked8RJUHQGty4
2024-10-30T16:32:50.430+0100	INFO	IDSS	server/idss_main.go:712	Record count: 100
2024-10-30T16:32:50.431+0100	INFO	IDSS	server/idss_main.go:731	Successfully sent merged result to peer QmYzmFZrD7oeB5Ln2Qkz4FKJ6X5amj7quked8RJUHQGty4
2024-10-30T16:33:03.287+0100	INFO	IDSS	server/idss_main.go:364	Received incoming from QmYzmFZrD7oeB5Ln2Qkz4FKJ6X5amj7quked8RJUHQGty4
2024-10-30T16:33:03.288+0100	INFO	IDSS	server/idss_main.go:400	Query received:
On peer QmVnLCArhEN5n2LNqva2qfra5N8wrAi7YzarfbU19xdSeT 
UQI: QmVT4nXkCcghnSgaxCMuF3seddRXZCZSajtdrfGJXDxmZB-1730302383238050570
TTL: 1.500000 
From: QmYzmFZrD7oeB5Ln2Qkz4FKJ6X5amj7quked8RJUHQGty4
2024-10-30T16:33:03.402+0100	INFO	IDSS	server/idss_main.go:417	This is a new query on this peer
2024-10-30T16:33:03.402+0100	INFO	IDSS	server/idss_main.go:423	Entering executeAndBroadcastQuery...
2024-10-30T16:33:03.402+0100	INFO	IDSS	server/idss_main.go:857	Executing get Client
 locally in QmVnLCArhEN5n2LNqva2qfra5N8wrAi7YzarfbU19xdSeT
2024-10-30T16:33:03.461+0100	INFO	IDSS	server/idss_main.go:364	Received incoming from QmZV3TbhWtfrDkYAnFJVMYUZUU9fMYp7UJzjfCHDv9qr5A
2024-10-30T16:33:03.461+0100	INFO	IDSS	server/idss_main.go:400	Query received:
On peer QmVnLCArhEN5n2LNqva2qfra5N8wrAi7YzarfbU19xdSeT 
UQI: QmVT4nXkCcghnSgaxCMuF3seddRXZCZSajtdrfGJXDxmZB-1730302383238050570
TTL: 1.125000 
From: QmZV3TbhWtfrDkYAnFJVMYUZUU9fMYp7UJzjfCHDv9qr5A
2024-10-30T16:33:03.463+0100	INFO	IDSS	server/idss_main.go:364	Received incoming from QmaCZ6PGzv7TqjNbcyVqzfH5KsuX5YE4AE1QYDCDcK49Ep
2024-10-30T16:33:03.463+0100	INFO	IDSS	server/idss_main.go:400	Query received:
On peer QmVnLCArhEN5n2LNqva2qfra5N8wrAi7YzarfbU19xdSeT 
UQI: QmVT4nXkCcghnSgaxCMuF3seddRXZCZSajtdrfGJXDxmZB-1730302383238050570
TTL: 1.125000 
From: QmaCZ6PGzv7TqjNbcyVqzfH5KsuX5YE4AE1QYDCDcK49Ep
2024-10-30T16:33:03.478+0100	INFO	IDSS	server/idss_main.go:364	Received incoming from QmZajqudreu5rkvjDADMY7g16UitD7RkWSQpr7cBaf5R8f
2024-10-30T16:33:03.478+0100	INFO	IDSS	server/idss_main.go:400	Query received:
On peer QmVnLCArhEN5n2LNqva2qfra5N8wrAi7YzarfbU19xdSeT 
UQI: QmVT4nXkCcghnSgaxCMuF3seddRXZCZSajtdrfGJXDxmZB-1730302383238050570
TTL: 1.125000 
From: QmZajqudreu5rkvjDADMY7g16UitD7RkWSQpr7cBaf5R8f
2024-10-30T16:33:03.495+0100	INFO	IDSS	server/idss_main.go:364	Received incoming from QmTjaGMytF5yVvUt7xwPyQMMdaxK53sBp8mnWAFQb4RVg8
2024-10-30T16:33:03.496+0100	INFO	IDSS	server/idss_main.go:400	Query received:
On peer QmVnLCArhEN5n2LNqva2qfra5N8wrAi7YzarfbU19xdSeT 
UQI: QmVT4nXkCcghnSgaxCMuF3seddRXZCZSajtdrfGJXDxmZB-1730302383238050570
TTL: 1.125000 
From: QmTjaGMytF5yVvUt7xwPyQMMdaxK53sBp8mnWAFQb4RVg8
2024-10-30T16:33:03.496+0100	INFO	IDSS	server/idss_main.go:364	Received incoming from QmbvLEyecLKJzWEaF1DwJjSpjjFZhytBLyvaLPyV6JB5Jx
2024-10-30T16:33:03.497+0100	INFO	IDSS	server/idss_main.go:400	Query received:
On peer QmVnLCArhEN5n2LNqva2qfra5N8wrAi7YzarfbU19xdSeT 
UQI: QmVT4nXkCcghnSgaxCMuF3seddRXZCZSajtdrfGJXDxmZB-1730302383238050570
TTL: 1.125000 
From: QmbvLEyecLKJzWEaF1DwJjSpjjFZhytBLyvaLPyV6JB5Jx
2024-10-30T16:33:03.502+0100	INFO	IDSS	server/idss_main.go:364	Received incoming from QmaUyzWdNRMfEHLTVieiUysBr8vC2N3VUexp92Jcjdi4QZ
2024-10-30T16:33:03.502+0100	INFO	IDSS	server/idss_main.go:400	Query received:
On peer QmVnLCArhEN5n2LNqva2qfra5N8wrAi7YzarfbU19xdSeT 
UQI: QmVT4nXkCcghnSgaxCMuF3seddRXZCZSajtdrfGJXDxmZB-1730302383238050570
TTL: 1.125000 
From: QmaUyzWdNRMfEHLTVieiUysBr8vC2N3VUexp92Jcjdi4QZ
2024-10-30T16:33:03.508+0100	INFO	IDSS	server/idss_main.go:364	Received incoming from QmTS2oW64P5TvNk61d5Hj9P4AFim7J9Dtp9sNQ14mdrhqx
2024-10-30T16:33:03.528+0100	INFO	IDSS	server/idss_main.go:400	Query received:
On peer QmVnLCArhEN5n2LNqva2qfra5N8wrAi7YzarfbU19xdSeT 
UQI: QmVT4nXkCcghnSgaxCMuF3seddRXZCZSajtdrfGJXDxmZB-1730302383238050570
TTL: 1.125000 
From: QmTS2oW64P5TvNk61d5Hj9P4AFim7J9Dtp9sNQ14mdrhqx
2024-10-30T16:33:03.530+0100	INFO	IDSS	server/idss_main.go:364	Received incoming from Qmcq2Fi6i1ufA6cWD5PhHCbDcLbXz3zr43gmqZD7auG977
2024-10-30T16:33:03.531+0100	INFO	IDSS	server/idss_main.go:400	Query received:
On peer QmVnLCArhEN5n2LNqva2qfra5N8wrAi7YzarfbU19xdSeT 
UQI: QmVT4nXkCcghnSgaxCMuF3seddRXZCZSajtdrfGJXDxmZB-1730302383238050570
TTL: 1.125000 
From: Qmcq2Fi6i1ufA6cWD5PhHCbDcLbXz3zr43gmqZD7auG977
2024-10-30T16:33:03.543+0100	INFO	IDSS	server/idss_main.go:364	Received incoming from QmQgd2SGH3tGMf4Au184f2euzY4RoDshacFDnDLJUH5Bke
2024-10-30T16:33:03.544+0100	INFO	IDSS	server/idss_main.go:400	Query received:
On peer QmVnLCArhEN5n2LNqva2qfra5N8wrAi7YzarfbU19xdSeT 
UQI: QmVT4nXkCcghnSgaxCMuF3seddRXZCZSajtdrfGJXDxmZB-1730302383238050570
TTL: 1.125000 
From: QmQgd2SGH3tGMf4Au184f2euzY4RoDshacFDnDLJUH5Bke
2024-10-30T16:33:03.551+0100	INFO	IDSS	server/idss_main.go:449	Local query executed successfully
2024-10-30T16:33:03.552+0100	INFO	IDSS	server/idss_main.go:463	Sender address updated to: QmVnLCArhEN5n2LNqva2qfra5N8wrAi7YzarfbU19xdSeT
2024-10-30T16:33:03.552+0100	INFO	IDSS	server/idss_main.go:513	Broadcasting query in peer: QmVnLCArhEN5n2LNqva2qfra5N8wrAi7YzarfbU19xdSeT, Parent peer QmYzmFZrD7oeB5Ln2Qkz4FKJ6X5amj7quked8RJUHQGty4 
2024-10-30T16:33:03.552+0100	INFO	IDSS	server/idss_main.go:545	TTL in QmVnLCArhEN5n2LNqva2qfra5N8wrAi7YzarfbU19xdSeT after decrement: 1.125000
2024-10-30T16:33:03.552+0100	INFO	IDSS	server/idss_main.go:644	Peer QmVnLCArhEN5n2LNqva2qfra5N8wrAi7YzarfbU19xdSeT waiting for overlay peers results...
2024-10-30T16:33:03.552+0100	INFO	IDSS	server/idss_main.go:651	Overlay peers peer results collected, start merging...
2024-10-30T16:33:03.552+0100	INFO	IDSS	server/idss_main.go:598	Query sent to peer Qmcq2Fi6i1ufA6cWD5PhHCbDcLbXz3zr43gmqZD7auG977, awaiting for response
2024-10-30T16:33:03.552+0100	WARN	IDSS	server/idss_main.go:409	Duplicate query received on Peer: QmVnLCArhEN5n2LNqva2qfra5N8wrAi7YzarfbU19xdSeT get Client
 (UQI: QmVT4nXkCcghnSgaxCMuF3seddRXZCZSajtdrfGJXDxmZB-1730302383238050570)
2024-10-30T16:33:03.552+0100	INFO	IDSS	server/idss_main.go:598	Query sent to peer QmTjaGMytF5yVvUt7xwPyQMMdaxK53sBp8mnWAFQb4RVg8, awaiting for response
2024-10-30T16:33:03.553+0100	WARN	IDSS	server/idss_main.go:409	Duplicate query received on Peer: QmVnLCArhEN5n2LNqva2qfra5N8wrAi7YzarfbU19xdSeT get Client
 (UQI: QmVT4nXkCcghnSgaxCMuF3seddRXZCZSajtdrfGJXDxmZB-1730302383238050570)
2024-10-30T16:33:03.554+0100	WARN	IDSS	server/idss_main.go:409	Duplicate query received on Peer: QmVnLCArhEN5n2LNqva2qfra5N8wrAi7YzarfbU19xdSeT get Client
 (UQI: QmVT4nXkCcghnSgaxCMuF3seddRXZCZSajtdrfGJXDxmZB-1730302383238050570)
2024-10-30T16:33:03.554+0100	INFO	IDSS	server/idss_main.go:598	Query sent to peer QmX87h1VTfYQK5n2DCVHzHua6YV21QVTxtn6JQD4P6Up3k, awaiting for response
2024-10-30T16:33:03.554+0100	WARN	IDSS	server/idss_main.go:409	Duplicate query received on Peer: QmVnLCArhEN5n2LNqva2qfra5N8wrAi7YzarfbU19xdSeT get Client
 (UQI: QmVT4nXkCcghnSgaxCMuF3seddRXZCZSajtdrfGJXDxmZB-1730302383238050570)
2024-10-30T16:33:03.555+0100	WARN	IDSS	server/idss_main.go:409	Duplicate query received on Peer: QmVnLCArhEN5n2LNqva2qfra5N8wrAi7YzarfbU19xdSeT get Client
 (UQI: QmVT4nXkCcghnSgaxCMuF3seddRXZCZSajtdrfGJXDxmZB-1730302383238050570)
2024-10-30T16:33:03.555+0100	INFO	IDSS	server/idss_main.go:598	Query sent to peer QmY3KziLnhU6RCNc9uSgBaP6CZFwSUUMij2XXcNYC6mUX4, awaiting for response
2024-10-30T16:33:03.556+0100	INFO	IDSS	server/idss_main.go:598	Query sent to peer QmZV3TbhWtfrDkYAnFJVMYUZUU9fMYp7UJzjfCHDv9qr5A, awaiting for response
2024-10-30T16:33:03.556+0100	WARN	IDSS	server/idss_main.go:409	Duplicate query received on Peer: QmVnLCArhEN5n2LNqva2qfra5N8wrAi7YzarfbU19xdSeT get Client
 (UQI: QmVT4nXkCcghnSgaxCMuF3seddRXZCZSajtdrfGJXDxmZB-1730302383238050570)
2024-10-30T16:33:03.556+0100	INFO	IDSS	server/idss_main.go:598	Query sent to peer QmaUyzWdNRMfEHLTVieiUysBr8vC2N3VUexp92Jcjdi4QZ, awaiting for response
2024-10-30T16:33:03.557+0100	WARN	IDSS	server/idss_main.go:409	Duplicate query received on Peer: QmVnLCArhEN5n2LNqva2qfra5N8wrAi7YzarfbU19xdSeT get Client
 (UQI: QmVT4nXkCcghnSgaxCMuF3seddRXZCZSajtdrfGJXDxmZB-1730302383238050570)
2024-10-30T16:33:03.557+0100	WARN	IDSS	server/idss_main.go:409	Duplicate query received on Peer: QmVnLCArhEN5n2LNqva2qfra5N8wrAi7YzarfbU19xdSeT get Client
 (UQI: QmVT4nXkCcghnSgaxCMuF3seddRXZCZSajtdrfGJXDxmZB-1730302383238050570)
2024-10-30T16:33:03.567+0100	WARN	IDSS	server/idss_main.go:409	Duplicate query received on Peer: QmVnLCArhEN5n2LNqva2qfra5N8wrAi7YzarfbU19xdSeT get Client
 (UQI: QmVT4nXkCcghnSgaxCMuF3seddRXZCZSajtdrfGJXDxmZB-1730302383238050570)
2024-10-30T16:33:03.591+0100	INFO	IDSS	server/idss_main.go:364	Received incoming from QmY3KziLnhU6RCNc9uSgBaP6CZFwSUUMij2XXcNYC6mUX4
2024-10-30T16:33:03.592+0100	INFO	IDSS	server/idss_main.go:400	Query received:
On peer QmVnLCArhEN5n2LNqva2qfra5N8wrAi7YzarfbU19xdSeT 
UQI: QmVT4nXkCcghnSgaxCMuF3seddRXZCZSajtdrfGJXDxmZB-1730302383238050570
TTL: 1.125000 
From: QmY3KziLnhU6RCNc9uSgBaP6CZFwSUUMij2XXcNYC6mUX4
2024-10-30T16:33:03.592+0100	WARN	IDSS	server/idss_main.go:409	Duplicate query received on Peer: QmVnLCArhEN5n2LNqva2qfra5N8wrAi7YzarfbU19xdSeT get Client
 (UQI: QmVT4nXkCcghnSgaxCMuF3seddRXZCZSajtdrfGJXDxmZB-1730302383238050570)
2024-10-30T16:33:03.593+0100	INFO	IDSS	server/idss_main.go:598	Query sent to peer QmZajqudreu5rkvjDADMY7g16UitD7RkWSQpr7cBaf5R8f, awaiting for response
2024-10-30T16:33:03.594+0100	INFO	IDSS	server/idss_main.go:598	Query sent to peer QmbvLEyecLKJzWEaF1DwJjSpjjFZhytBLyvaLPyV6JB5Jx, awaiting for response
2024-10-30T16:33:03.597+0100	INFO	IDSS	server/idss_main.go:598	Query sent to peer QmTS2oW64P5TvNk61d5Hj9P4AFim7J9Dtp9sNQ14mdrhqx, awaiting for response
2024-10-30T16:33:03.597+0100	INFO	IDSS	server/idss_main.go:598	Query sent to peer QmaCZ6PGzv7TqjNbcyVqzfH5KsuX5YE4AE1QYDCDcK49Ep, awaiting for response
2024-10-30T16:33:03.599+0100	INFO	IDSS	server/idss_main.go:598	Query sent to peer QmQgd2SGH3tGMf4Au184f2euzY4RoDshacFDnDLJUH5Bke, awaiting for response
2024-10-30T16:33:03.601+0100	INFO	IDSS	server/idss_main.go:598	Query sent to peer QmQpQXB1b7TmgWsv6pvRMqwMMPyn1sJ7SbjuhdK6r5daQG, awaiting for response
2024-10-30T16:33:03.623+0100	INFO	IDSS	server/idss_main.go:364	Received incoming from QmX87h1VTfYQK5n2DCVHzHua6YV21QVTxtn6JQD4P6Up3k
2024-10-30T16:33:03.623+0100	INFO	IDSS	server/idss_main.go:400	Query received:
On peer QmVnLCArhEN5n2LNqva2qfra5N8wrAi7YzarfbU19xdSeT 
UQI: QmVT4nXkCcghnSgaxCMuF3seddRXZCZSajtdrfGJXDxmZB-1730302383238050570
TTL: 1.125000 
From: QmX87h1VTfYQK5n2DCVHzHua6YV21QVTxtn6JQD4P6Up3k
2024-10-30T16:33:03.624+0100	WARN	IDSS	server/idss_main.go:409	Duplicate query received on Peer: QmVnLCArhEN5n2LNqva2qfra5N8wrAi7YzarfbU19xdSeT get Client
 (UQI: QmVT4nXkCcghnSgaxCMuF3seddRXZCZSajtdrfGJXDxmZB-1730302383238050570)
2024-10-30T16:33:03.691+0100	INFO	IDSS	server/idss_main.go:364	Received incoming from QmQpQXB1b7TmgWsv6pvRMqwMMPyn1sJ7SbjuhdK6r5daQG
2024-10-30T16:33:03.691+0100	INFO	IDSS	server/idss_main.go:400	Query received:
On peer QmVnLCArhEN5n2LNqva2qfra5N8wrAi7YzarfbU19xdSeT 
UQI: QmVT4nXkCcghnSgaxCMuF3seddRXZCZSajtdrfGJXDxmZB-1730302383238050570
TTL: 1.125000 
From: QmQpQXB1b7TmgWsv6pvRMqwMMPyn1sJ7SbjuhdK6r5daQG
2024-10-30T16:33:03.692+0100	WARN	IDSS	server/idss_main.go:409	Duplicate query received on Peer: QmVnLCArhEN5n2LNqva2qfra5N8wrAi7YzarfbU19xdSeT get Client
 (UQI: QmVT4nXkCcghnSgaxCMuF3seddRXZCZSajtdrfGJXDxmZB-1730302383238050570)
2024-10-30T16:33:04.677+0100	WARN	IDSS	server/idss_main.go:604	Response timeout from peer Qmcq2Fi6i1ufA6cWD5PhHCbDcLbXz3zr43gmqZD7auG977
2024-10-30T16:33:04.677+0100	WARN	IDSS	server/idss_main.go:604	Response timeout from peer QmTjaGMytF5yVvUt7xwPyQMMdaxK53sBp8mnWAFQb4RVg8
2024-10-30T16:33:04.679+0100	WARN	IDSS	server/idss_main.go:604	Response timeout from peer QmX87h1VTfYQK5n2DCVHzHua6YV21QVTxtn6JQD4P6Up3k
2024-10-30T16:33:04.681+0100	WARN	IDSS	server/idss_main.go:604	Response timeout from peer QmY3KziLnhU6RCNc9uSgBaP6CZFwSUUMij2XXcNYC6mUX4
2024-10-30T16:33:04.681+0100	WARN	IDSS	server/idss_main.go:604	Response timeout from peer QmZV3TbhWtfrDkYAnFJVMYUZUU9fMYp7UJzjfCHDv9qr5A
2024-10-30T16:33:04.682+0100	WARN	IDSS	server/idss_main.go:604	Response timeout from peer QmaUyzWdNRMfEHLTVieiUysBr8vC2N3VUexp92Jcjdi4QZ
2024-10-30T16:33:04.686+0100	WARN	IDSS	server/idss_main.go:604	Response timeout from peer QmZajqudreu5rkvjDADMY7g16UitD7RkWSQpr7cBaf5R8f
2024-10-30T16:33:04.686+0100	WARN	IDSS	server/idss_main.go:604	Response timeout from peer QmaCZ6PGzv7TqjNbcyVqzfH5KsuX5YE4AE1QYDCDcK49Ep
2024-10-30T16:33:04.686+0100	WARN	IDSS	server/idss_main.go:604	Response timeout from peer QmbvLEyecLKJzWEaF1DwJjSpjjFZhytBLyvaLPyV6JB5Jx
2024-10-30T16:33:04.686+0100	WARN	IDSS	server/idss_main.go:604	Response timeout from peer QmQgd2SGH3tGMf4Au184f2euzY4RoDshacFDnDLJUH5Bke
2024-10-30T16:33:04.686+0100	WARN	IDSS	server/idss_main.go:604	Response timeout from peer QmTS2oW64P5TvNk61d5Hj9P4AFim7J9Dtp9sNQ14mdrhqx
2024-10-30T16:33:04.686+0100	WARN	IDSS	server/idss_main.go:604	Response timeout from peer QmQpQXB1b7TmgWsv6pvRMqwMMPyn1sJ7SbjuhdK6r5daQG
2024-10-30T16:33:04.686+0100	INFO	IDSS	server/idss_main.go:658	DONE merging local and remote results
2024-10-30T16:33:04.711+0100	INFO	IDSS	server/idss_main.go:695	This is an intermediate peer QmVnLCArhEN5n2LNqva2qfra5N8wrAi7YzarfbU19xdSeT. Merging results to send to parent peer QmVnLCArhEN5n2LNqva2qfra5N8wrAi7YzarfbU19xdSeT
2024-10-30T16:33:04.711+0100	INFO	IDSS	server/idss_main.go:710	Sending merged result to peer QmYzmFZrD7oeB5Ln2Qkz4FKJ6X5amj7quked8RJUHQGty4
2024-10-30T16:33:04.711+0100	INFO	IDSS	server/idss_main.go:712	Record count: 100
2024-10-30T16:33:04.711+0100	INFO	IDSS	server/idss_main.go:731	Successfully sent merged result to peer QmYzmFZrD7oeB5Ln2Qkz4FKJ6X5amj7quked8RJUHQGty4
2024-10-30T16:33:26.081+0100	INFO	IDSS	server/idss_main.go:364	Received incoming from QmYzmFZrD7oeB5Ln2Qkz4FKJ6X5amj7quked8RJUHQGty4
2024-10-30T16:33:26.082+0100	INFO	IDSS	server/idss_main.go:400	Query received:
On peer QmVnLCArhEN5n2LNqva2qfra5N8wrAi7YzarfbU19xdSeT 
UQI: QmVT4nXkCcghnSgaxCMuF3seddRXZCZSajtdrfGJXDxmZB-1730302406007796947
TTL: 1.500000 
From: QmYzmFZrD7oeB5Ln2Qkz4FKJ6X5amj7quked8RJUHQGty4
2024-10-30T16:33:26.268+0100	INFO	IDSS	server/idss_main.go:417	This is a new query on this peer
2024-10-30T16:33:26.268+0100	INFO	IDSS	server/idss_main.go:423	Entering executeAndBroadcastQuery...
2024-10-30T16:33:26.268+0100	INFO	IDSS	server/idss_main.go:857	Executing get Client
 locally in QmVnLCArhEN5n2LNqva2qfra5N8wrAi7YzarfbU19xdSeT
2024-10-30T16:33:26.303+0100	INFO	IDSS	server/idss_main.go:364	Received incoming from QmbvLEyecLKJzWEaF1DwJjSpjjFZhytBLyvaLPyV6JB5Jx
2024-10-30T16:33:26.303+0100	INFO	IDSS	server/idss_main.go:400	Query received:
On peer QmVnLCArhEN5n2LNqva2qfra5N8wrAi7YzarfbU19xdSeT 
UQI: QmVT4nXkCcghnSgaxCMuF3seddRXZCZSajtdrfGJXDxmZB-1730302406007796947
TTL: 1.125000 
From: QmbvLEyecLKJzWEaF1DwJjSpjjFZhytBLyvaLPyV6JB5Jx
2024-10-30T16:33:26.306+0100	INFO	IDSS	server/idss_main.go:364	Received incoming from QmTjaGMytF5yVvUt7xwPyQMMdaxK53sBp8mnWAFQb4RVg8
2024-10-30T16:33:26.307+0100	INFO	IDSS	server/idss_main.go:400	Query received:
On peer QmVnLCArhEN5n2LNqva2qfra5N8wrAi7YzarfbU19xdSeT 
UQI: QmVT4nXkCcghnSgaxCMuF3seddRXZCZSajtdrfGJXDxmZB-1730302406007796947
TTL: 1.125000 
From: QmTjaGMytF5yVvUt7xwPyQMMdaxK53sBp8mnWAFQb4RVg8
2024-10-30T16:33:26.309+0100	INFO	IDSS	server/idss_main.go:364	Received incoming from Qmcq2Fi6i1ufA6cWD5PhHCbDcLbXz3zr43gmqZD7auG977
2024-10-30T16:33:26.309+0100	INFO	IDSS	server/idss_main.go:400	Query received:
On peer QmVnLCArhEN5n2LNqva2qfra5N8wrAi7YzarfbU19xdSeT 
UQI: QmVT4nXkCcghnSgaxCMuF3seddRXZCZSajtdrfGJXDxmZB-1730302406007796947
TTL: 1.125000 
From: Qmcq2Fi6i1ufA6cWD5PhHCbDcLbXz3zr43gmqZD7auG977
2024-10-30T16:33:26.318+0100	INFO	IDSS	server/idss_main.go:364	Received incoming from QmaCZ6PGzv7TqjNbcyVqzfH5KsuX5YE4AE1QYDCDcK49Ep
2024-10-30T16:33:26.318+0100	INFO	IDSS	server/idss_main.go:400	Query received:
On peer QmVnLCArhEN5n2LNqva2qfra5N8wrAi7YzarfbU19xdSeT 
UQI: QmVT4nXkCcghnSgaxCMuF3seddRXZCZSajtdrfGJXDxmZB-1730302406007796947
TTL: 1.125000 
From: QmaCZ6PGzv7TqjNbcyVqzfH5KsuX5YE4AE1QYDCDcK49Ep
2024-10-30T16:33:26.331+0100	INFO	IDSS	server/idss_main.go:364	Received incoming from QmZV3TbhWtfrDkYAnFJVMYUZUU9fMYp7UJzjfCHDv9qr5A
2024-10-30T16:33:26.331+0100	INFO	IDSS	server/idss_main.go:400	Query received:
On peer QmVnLCArhEN5n2LNqva2qfra5N8wrAi7YzarfbU19xdSeT 
UQI: QmVT4nXkCcghnSgaxCMuF3seddRXZCZSajtdrfGJXDxmZB-1730302406007796947
TTL: 1.125000 
From: QmZV3TbhWtfrDkYAnFJVMYUZUU9fMYp7UJzjfCHDv9qr5A
2024-10-30T16:33:26.331+0100	INFO	IDSS	server/idss_main.go:364	Received incoming from QmQpQXB1b7TmgWsv6pvRMqwMMPyn1sJ7SbjuhdK6r5daQG
2024-10-30T16:33:26.332+0100	INFO	IDSS	server/idss_main.go:400	Query received:
On peer QmVnLCArhEN5n2LNqva2qfra5N8wrAi7YzarfbU19xdSeT 
UQI: QmVT4nXkCcghnSgaxCMuF3seddRXZCZSajtdrfGJXDxmZB-1730302406007796947
TTL: 1.125000 
From: QmQpQXB1b7TmgWsv6pvRMqwMMPyn1sJ7SbjuhdK6r5daQG
2024-10-30T16:33:26.363+0100	INFO	IDSS	server/idss_main.go:364	Received incoming from QmZajqudreu5rkvjDADMY7g16UitD7RkWSQpr7cBaf5R8f
2024-10-30T16:33:26.364+0100	INFO	IDSS	server/idss_main.go:400	Query received:
On peer QmVnLCArhEN5n2LNqva2qfra5N8wrAi7YzarfbU19xdSeT 
UQI: QmVT4nXkCcghnSgaxCMuF3seddRXZCZSajtdrfGJXDxmZB-1730302406007796947
TTL: 1.125000 
From: QmZajqudreu5rkvjDADMY7g16UitD7RkWSQpr7cBaf5R8f
2024-10-30T16:33:26.370+0100	INFO	IDSS	server/idss_main.go:364	Received incoming from QmTS2oW64P5TvNk61d5Hj9P4AFim7J9Dtp9sNQ14mdrhqx
2024-10-30T16:33:26.370+0100	INFO	IDSS	server/idss_main.go:400	Query received:
On peer QmVnLCArhEN5n2LNqva2qfra5N8wrAi7YzarfbU19xdSeT 
UQI: QmVT4nXkCcghnSgaxCMuF3seddRXZCZSajtdrfGJXDxmZB-1730302406007796947
TTL: 1.125000 
From: QmTS2oW64P5TvNk61d5Hj9P4AFim7J9Dtp9sNQ14mdrhqx
2024-10-30T16:33:26.391+0100	INFO	IDSS	server/idss_main.go:364	Received incoming from QmQgd2SGH3tGMf4Au184f2euzY4RoDshacFDnDLJUH5Bke
2024-10-30T16:33:26.392+0100	INFO	IDSS	server/idss_main.go:400	Query received:
On peer QmVnLCArhEN5n2LNqva2qfra5N8wrAi7YzarfbU19xdSeT 
UQI: QmVT4nXkCcghnSgaxCMuF3seddRXZCZSajtdrfGJXDxmZB-1730302406007796947
TTL: 1.125000 
From: QmQgd2SGH3tGMf4Au184f2euzY4RoDshacFDnDLJUH5Bke
2024-10-30T16:33:26.421+0100	INFO	IDSS	server/idss_main.go:364	Received incoming from QmaUyzWdNRMfEHLTVieiUysBr8vC2N3VUexp92Jcjdi4QZ
2024-10-30T16:33:26.422+0100	INFO	IDSS	server/idss_main.go:400	Query received:
On peer QmVnLCArhEN5n2LNqva2qfra5N8wrAi7YzarfbU19xdSeT 
UQI: QmVT4nXkCcghnSgaxCMuF3seddRXZCZSajtdrfGJXDxmZB-1730302406007796947
TTL: 1.125000 
From: QmaUyzWdNRMfEHLTVieiUysBr8vC2N3VUexp92Jcjdi4QZ
2024-10-30T16:33:26.435+0100	INFO	IDSS	server/idss_main.go:364	Received incoming from QmY3KziLnhU6RCNc9uSgBaP6CZFwSUUMij2XXcNYC6mUX4
2024-10-30T16:33:26.435+0100	INFO	IDSS	server/idss_main.go:400	Query received:
On peer QmVnLCArhEN5n2LNqva2qfra5N8wrAi7YzarfbU19xdSeT 
UQI: QmVT4nXkCcghnSgaxCMuF3seddRXZCZSajtdrfGJXDxmZB-1730302406007796947
TTL: 1.125000 
From: QmY3KziLnhU6RCNc9uSgBaP6CZFwSUUMij2XXcNYC6mUX4
2024-10-30T16:33:26.449+0100	INFO	IDSS	server/idss_main.go:449	Local query executed successfully
2024-10-30T16:33:26.449+0100	INFO	IDSS	server/idss_main.go:463	Sender address updated to: QmVnLCArhEN5n2LNqva2qfra5N8wrAi7YzarfbU19xdSeT
2024-10-30T16:33:26.450+0100	INFO	IDSS	server/idss_main.go:513	Broadcasting query in peer: QmVnLCArhEN5n2LNqva2qfra5N8wrAi7YzarfbU19xdSeT, Parent peer QmYzmFZrD7oeB5Ln2Qkz4FKJ6X5amj7quked8RJUHQGty4 
2024-10-30T16:33:26.450+0100	INFO	IDSS	server/idss_main.go:545	TTL in QmVnLCArhEN5n2LNqva2qfra5N8wrAi7YzarfbU19xdSeT after decrement: 1.125000
2024-10-30T16:33:26.450+0100	INFO	IDSS	server/idss_main.go:644	Peer QmVnLCArhEN5n2LNqva2qfra5N8wrAi7YzarfbU19xdSeT waiting for overlay peers results...
2024-10-30T16:33:26.450+0100	INFO	IDSS	server/idss_main.go:651	Overlay peers peer results collected, start merging...
2024-10-30T16:33:26.451+0100	WARN	IDSS	server/idss_main.go:409	Duplicate query received on Peer: QmVnLCArhEN5n2LNqva2qfra5N8wrAi7YzarfbU19xdSeT get Client
 (UQI: QmVT4nXkCcghnSgaxCMuF3seddRXZCZSajtdrfGJXDxmZB-1730302406007796947)
2024-10-30T16:33:26.451+0100	WARN	IDSS	server/idss_main.go:409	Duplicate query received on Peer: QmVnLCArhEN5n2LNqva2qfra5N8wrAi7YzarfbU19xdSeT get Client
 (UQI: QmVT4nXkCcghnSgaxCMuF3seddRXZCZSajtdrfGJXDxmZB-1730302406007796947)
2024-10-30T16:33:26.452+0100	WARN	IDSS	server/idss_main.go:409	Duplicate query received on Peer: QmVnLCArhEN5n2LNqva2qfra5N8wrAi7YzarfbU19xdSeT get Client
 (UQI: QmVT4nXkCcghnSgaxCMuF3seddRXZCZSajtdrfGJXDxmZB-1730302406007796947)
2024-10-30T16:33:26.452+0100	INFO	IDSS	server/idss_main.go:364	Received incoming from QmX87h1VTfYQK5n2DCVHzHua6YV21QVTxtn6JQD4P6Up3k
2024-10-30T16:33:26.453+0100	WARN	IDSS	server/idss_main.go:409	Duplicate query received on Peer: QmVnLCArhEN5n2LNqva2qfra5N8wrAi7YzarfbU19xdSeT get Client
 (UQI: QmVT4nXkCcghnSgaxCMuF3seddRXZCZSajtdrfGJXDxmZB-1730302406007796947)
2024-10-30T16:33:26.453+0100	INFO	IDSS	server/idss_main.go:598	Query sent to peer QmaCZ6PGzv7TqjNbcyVqzfH5KsuX5YE4AE1QYDCDcK49Ep, awaiting for response
2024-10-30T16:33:26.453+0100	WARN	IDSS	server/idss_main.go:409	Duplicate query received on Peer: QmVnLCArhEN5n2LNqva2qfra5N8wrAi7YzarfbU19xdSeT get Client
 (UQI: QmVT4nXkCcghnSgaxCMuF3seddRXZCZSajtdrfGJXDxmZB-1730302406007796947)
2024-10-30T16:33:26.453+0100	INFO	IDSS	server/idss_main.go:598	Query sent to peer QmQgd2SGH3tGMf4Au184f2euzY4RoDshacFDnDLJUH5Bke, awaiting for response
2024-10-30T16:33:26.453+0100	WARN	IDSS	server/idss_main.go:409	Duplicate query received on Peer: QmVnLCArhEN5n2LNqva2qfra5N8wrAi7YzarfbU19xdSeT get Client
 (UQI: QmVT4nXkCcghnSgaxCMuF3seddRXZCZSajtdrfGJXDxmZB-1730302406007796947)
2024-10-30T16:33:26.454+0100	WARN	IDSS	server/idss_main.go:409	Duplicate query received on Peer: QmVnLCArhEN5n2LNqva2qfra5N8wrAi7YzarfbU19xdSeT get Client
 (UQI: QmVT4nXkCcghnSgaxCMuF3seddRXZCZSajtdrfGJXDxmZB-1730302406007796947)
2024-10-30T16:33:26.454+0100	INFO	IDSS	server/idss_main.go:598	Query sent to peer QmTS2oW64P5TvNk61d5Hj9P4AFim7J9Dtp9sNQ14mdrhqx, awaiting for response
2024-10-30T16:33:26.454+0100	WARN	IDSS	server/idss_main.go:409	Duplicate query received on Peer: QmVnLCArhEN5n2LNqva2qfra5N8wrAi7YzarfbU19xdSeT get Client
 (UQI: QmVT4nXkCcghnSgaxCMuF3seddRXZCZSajtdrfGJXDxmZB-1730302406007796947)
2024-10-30T16:33:26.454+0100	WARN	IDSS	server/idss_main.go:409	Duplicate query received on Peer: QmVnLCArhEN5n2LNqva2qfra5N8wrAi7YzarfbU19xdSeT get Client
 (UQI: QmVT4nXkCcghnSgaxCMuF3seddRXZCZSajtdrfGJXDxmZB-1730302406007796947)
2024-10-30T16:33:26.455+0100	WARN	IDSS	server/idss_main.go:409	Duplicate query received on Peer: QmVnLCArhEN5n2LNqva2qfra5N8wrAi7YzarfbU19xdSeT get Client
 (UQI: QmVT4nXkCcghnSgaxCMuF3seddRXZCZSajtdrfGJXDxmZB-1730302406007796947)
2024-10-30T16:33:26.455+0100	INFO	IDSS	server/idss_main.go:598	Query sent to peer QmQpQXB1b7TmgWsv6pvRMqwMMPyn1sJ7SbjuhdK6r5daQG, awaiting for response
2024-10-30T16:33:26.455+0100	WARN	IDSS	server/idss_main.go:409	Duplicate query received on Peer: QmVnLCArhEN5n2LNqva2qfra5N8wrAi7YzarfbU19xdSeT get Client
 (UQI: QmVT4nXkCcghnSgaxCMuF3seddRXZCZSajtdrfGJXDxmZB-1730302406007796947)
2024-10-30T16:33:26.455+0100	INFO	IDSS	server/idss_main.go:598	Query sent to peer Qmcq2Fi6i1ufA6cWD5PhHCbDcLbXz3zr43gmqZD7auG977, awaiting for response
2024-10-30T16:33:26.455+0100	INFO	IDSS	server/idss_main.go:598	Query sent to peer QmTjaGMytF5yVvUt7xwPyQMMdaxK53sBp8mnWAFQb4RVg8, awaiting for response
2024-10-30T16:33:26.457+0100	INFO	IDSS	server/idss_main.go:598	Query sent to peer QmZajqudreu5rkvjDADMY7g16UitD7RkWSQpr7cBaf5R8f, awaiting for response
2024-10-30T16:33:26.460+0100	INFO	IDSS	server/idss_main.go:598	Query sent to peer QmbvLEyecLKJzWEaF1DwJjSpjjFZhytBLyvaLPyV6JB5Jx, awaiting for response
2024-10-30T16:33:26.462+0100	INFO	IDSS	server/idss_main.go:400	Query received:
On peer QmVnLCArhEN5n2LNqva2qfra5N8wrAi7YzarfbU19xdSeT 
UQI: QmVT4nXkCcghnSgaxCMuF3seddRXZCZSajtdrfGJXDxmZB-1730302406007796947
TTL: 1.125000 
From: QmX87h1VTfYQK5n2DCVHzHua6YV21QVTxtn6JQD4P6Up3k
2024-10-30T16:33:26.463+0100	WARN	IDSS	server/idss_main.go:409	Duplicate query received on Peer: QmVnLCArhEN5n2LNqva2qfra5N8wrAi7YzarfbU19xdSeT get Client
 (UQI: QmVT4nXkCcghnSgaxCMuF3seddRXZCZSajtdrfGJXDxmZB-1730302406007796947)
2024-10-30T16:33:26.463+0100	INFO	IDSS	server/idss_main.go:598	Query sent to peer QmX87h1VTfYQK5n2DCVHzHua6YV21QVTxtn6JQD4P6Up3k, awaiting for response
2024-10-30T16:33:26.464+0100	INFO	IDSS	server/idss_main.go:598	Query sent to peer QmZV3TbhWtfrDkYAnFJVMYUZUU9fMYp7UJzjfCHDv9qr5A, awaiting for response
2024-10-30T16:33:26.465+0100	INFO	IDSS	server/idss_main.go:598	Query sent to peer QmaUyzWdNRMfEHLTVieiUysBr8vC2N3VUexp92Jcjdi4QZ, awaiting for response
2024-10-30T16:33:26.465+0100	INFO	IDSS	server/idss_main.go:598	Query sent to peer QmY3KziLnhU6RCNc9uSgBaP6CZFwSUUMij2XXcNYC6mUX4, awaiting for response
2024-10-30T16:33:27.577+0100	WARN	IDSS	server/idss_main.go:604	Response timeout from peer QmaCZ6PGzv7TqjNbcyVqzfH5KsuX5YE4AE1QYDCDcK49Ep
2024-10-30T16:33:27.577+0100	WARN	IDSS	server/idss_main.go:604	Response timeout from peer QmQgd2SGH3tGMf4Au184f2euzY4RoDshacFDnDLJUH5Bke
2024-10-30T16:33:27.577+0100	WARN	IDSS	server/idss_main.go:604	Response timeout from peer QmTS2oW64P5TvNk61d5Hj9P4AFim7J9Dtp9sNQ14mdrhqx
2024-10-30T16:33:27.577+0100	WARN	IDSS	server/idss_main.go:604	Response timeout from peer QmTjaGMytF5yVvUt7xwPyQMMdaxK53sBp8mnWAFQb4RVg8
2024-10-30T16:33:27.577+0100	WARN	IDSS	server/idss_main.go:604	Response timeout from peer QmQpQXB1b7TmgWsv6pvRMqwMMPyn1sJ7SbjuhdK6r5daQG
2024-10-30T16:33:27.577+0100	WARN	IDSS	server/idss_main.go:604	Response timeout from peer Qmcq2Fi6i1ufA6cWD5PhHCbDcLbXz3zr43gmqZD7auG977
2024-10-30T16:33:27.577+0100	WARN	IDSS	server/idss_main.go:604	Response timeout from peer QmZajqudreu5rkvjDADMY7g16UitD7RkWSQpr7cBaf5R8f
2024-10-30T16:33:27.577+0100	WARN	IDSS	server/idss_main.go:604	Response timeout from peer QmbvLEyecLKJzWEaF1DwJjSpjjFZhytBLyvaLPyV6JB5Jx
2024-10-30T16:33:27.577+0100	WARN	IDSS	server/idss_main.go:604	Response timeout from peer QmX87h1VTfYQK5n2DCVHzHua6YV21QVTxtn6JQD4P6Up3k
2024-10-30T16:33:27.577+0100	WARN	IDSS	server/idss_main.go:604	Response timeout from peer QmZV3TbhWtfrDkYAnFJVMYUZUU9fMYp7UJzjfCHDv9qr5A
2024-10-30T16:33:27.577+0100	WARN	IDSS	server/idss_main.go:604	Response timeout from peer QmY3KziLnhU6RCNc9uSgBaP6CZFwSUUMij2XXcNYC6mUX4
2024-10-30T16:33:27.577+0100	WARN	IDSS	server/idss_main.go:604	Response timeout from peer QmaUyzWdNRMfEHLTVieiUysBr8vC2N3VUexp92Jcjdi4QZ
2024-10-30T16:33:27.578+0100	INFO	IDSS	server/idss_main.go:658	DONE merging local and remote results
2024-10-30T16:33:27.605+0100	INFO	IDSS	server/idss_main.go:695	This is an intermediate peer QmVnLCArhEN5n2LNqva2qfra5N8wrAi7YzarfbU19xdSeT. Merging results to send to parent peer QmVnLCArhEN5n2LNqva2qfra5N8wrAi7YzarfbU19xdSeT
2024-10-30T16:33:27.605+0100	INFO	IDSS	server/idss_main.go:710	Sending merged result to peer QmYzmFZrD7oeB5Ln2Qkz4FKJ6X5amj7quked8RJUHQGty4
2024-10-30T16:33:27.605+0100	INFO	IDSS	server/idss_main.go:712	Record count: 100
2024-10-30T16:33:27.605+0100	INFO	IDSS	server/idss_main.go:731	Successfully sent merged result to peer QmYzmFZrD7oeB5Ln2Qkz4FKJ6X5amj7quked8RJUHQGty4
2024-10-30T16:33:33.577+0100	INFO	IDSS	server/idss_main.go:364	Received incoming from QmYzmFZrD7oeB5Ln2Qkz4FKJ6X5amj7quked8RJUHQGty4
2024-10-30T16:33:33.577+0100	INFO	IDSS	server/idss_main.go:400	Query received:
On peer QmVnLCArhEN5n2LNqva2qfra5N8wrAi7YzarfbU19xdSeT 
UQI: QmVT4nXkCcghnSgaxCMuF3seddRXZCZSajtdrfGJXDxmZB-1730302413518736887
TTL: 1.500000 
From: QmYzmFZrD7oeB5Ln2Qkz4FKJ6X5amj7quked8RJUHQGty4
2024-10-30T16:33:33.660+0100	INFO	IDSS	server/idss_main.go:417	This is a new query on this peer
2024-10-30T16:33:33.662+0100	INFO	IDSS	server/idss_main.go:423	Entering executeAndBroadcastQuery...
2024-10-30T16:33:33.662+0100	INFO	IDSS	server/idss_main.go:857	Executing get Client
 locally in QmVnLCArhEN5n2LNqva2qfra5N8wrAi7YzarfbU19xdSeT
2024-10-30T16:33:33.787+0100	INFO	IDSS	server/idss_main.go:364	Received incoming from QmY3KziLnhU6RCNc9uSgBaP6CZFwSUUMij2XXcNYC6mUX4
2024-10-30T16:33:33.787+0100	INFO	IDSS	server/idss_main.go:400	Query received:
On peer QmVnLCArhEN5n2LNqva2qfra5N8wrAi7YzarfbU19xdSeT 
UQI: QmVT4nXkCcghnSgaxCMuF3seddRXZCZSajtdrfGJXDxmZB-1730302413518736887
TTL: 1.125000 
From: QmY3KziLnhU6RCNc9uSgBaP6CZFwSUUMij2XXcNYC6mUX4
2024-10-30T16:33:33.789+0100	INFO	IDSS	server/idss_main.go:364	Received incoming from QmZV3TbhWtfrDkYAnFJVMYUZUU9fMYp7UJzjfCHDv9qr5A
2024-10-30T16:33:33.789+0100	INFO	IDSS	server/idss_main.go:400	Query received:
On peer QmVnLCArhEN5n2LNqva2qfra5N8wrAi7YzarfbU19xdSeT 
UQI: QmVT4nXkCcghnSgaxCMuF3seddRXZCZSajtdrfGJXDxmZB-1730302413518736887
TTL: 1.125000 
From: QmZV3TbhWtfrDkYAnFJVMYUZUU9fMYp7UJzjfCHDv9qr5A
2024-10-30T16:33:33.804+0100	INFO	IDSS	server/idss_main.go:364	Received incoming from QmaUyzWdNRMfEHLTVieiUysBr8vC2N3VUexp92Jcjdi4QZ
2024-10-30T16:33:33.804+0100	INFO	IDSS	server/idss_main.go:400	Query received:
On peer QmVnLCArhEN5n2LNqva2qfra5N8wrAi7YzarfbU19xdSeT 
UQI: QmVT4nXkCcghnSgaxCMuF3seddRXZCZSajtdrfGJXDxmZB-1730302413518736887
TTL: 1.125000 
From: QmaUyzWdNRMfEHLTVieiUysBr8vC2N3VUexp92Jcjdi4QZ
2024-10-30T16:33:33.804+0100	INFO	IDSS	server/idss_main.go:364	Received incoming from QmaCZ6PGzv7TqjNbcyVqzfH5KsuX5YE4AE1QYDCDcK49Ep
2024-10-30T16:33:33.805+0100	INFO	IDSS	server/idss_main.go:400	Query received:
On peer QmVnLCArhEN5n2LNqva2qfra5N8wrAi7YzarfbU19xdSeT 
UQI: QmVT4nXkCcghnSgaxCMuF3seddRXZCZSajtdrfGJXDxmZB-1730302413518736887
TTL: 1.125000 
From: QmaCZ6PGzv7TqjNbcyVqzfH5KsuX5YE4AE1QYDCDcK49Ep
2024-10-30T16:33:33.805+0100	INFO	IDSS	server/idss_main.go:364	Received incoming from QmZajqudreu5rkvjDADMY7g16UitD7RkWSQpr7cBaf5R8f
2024-10-30T16:33:33.805+0100	INFO	IDSS	server/idss_main.go:400	Query received:
On peer QmVnLCArhEN5n2LNqva2qfra5N8wrAi7YzarfbU19xdSeT 
UQI: QmVT4nXkCcghnSgaxCMuF3seddRXZCZSajtdrfGJXDxmZB-1730302413518736887
TTL: 1.125000 
From: QmZajqudreu5rkvjDADMY7g16UitD7RkWSQpr7cBaf5R8f
2024-10-30T16:33:33.817+0100	INFO	IDSS	server/idss_main.go:449	Local query executed successfully
2024-10-30T16:33:33.820+0100	INFO	IDSS	server/idss_main.go:463	Sender address updated to: QmVnLCArhEN5n2LNqva2qfra5N8wrAi7YzarfbU19xdSeT
2024-10-30T16:33:33.820+0100	INFO	IDSS	server/idss_main.go:513	Broadcasting query in peer: QmVnLCArhEN5n2LNqva2qfra5N8wrAi7YzarfbU19xdSeT, Parent peer QmYzmFZrD7oeB5Ln2Qkz4FKJ6X5amj7quked8RJUHQGty4 
2024-10-30T16:33:33.820+0100	INFO	IDSS	server/idss_main.go:545	TTL in QmVnLCArhEN5n2LNqva2qfra5N8wrAi7YzarfbU19xdSeT after decrement: 1.125000
2024-10-30T16:33:33.821+0100	INFO	IDSS	server/idss_main.go:644	Peer QmVnLCArhEN5n2LNqva2qfra5N8wrAi7YzarfbU19xdSeT waiting for overlay peers results...
2024-10-30T16:33:33.821+0100	INFO	IDSS	server/idss_main.go:651	Overlay peers peer results collected, start merging...
2024-10-30T16:33:33.817+0100	INFO	IDSS	server/idss_main.go:364	Received incoming from QmTS2oW64P5TvNk61d5Hj9P4AFim7J9Dtp9sNQ14mdrhqx
2024-10-30T16:33:33.821+0100	INFO	IDSS	server/idss_main.go:400	Query received:
On peer QmVnLCArhEN5n2LNqva2qfra5N8wrAi7YzarfbU19xdSeT 
UQI: QmVT4nXkCcghnSgaxCMuF3seddRXZCZSajtdrfGJXDxmZB-1730302413518736887
TTL: 1.125000 
From: QmTS2oW64P5TvNk61d5Hj9P4AFim7J9Dtp9sNQ14mdrhqx
2024-10-30T16:33:33.822+0100	WARN	IDSS	server/idss_main.go:409	Duplicate query received on Peer: QmVnLCArhEN5n2LNqva2qfra5N8wrAi7YzarfbU19xdSeT get Client
 (UQI: QmVT4nXkCcghnSgaxCMuF3seddRXZCZSajtdrfGJXDxmZB-1730302413518736887)
2024-10-30T16:33:33.823+0100	INFO	IDSS	server/idss_main.go:598	Query sent to peer Qmcq2Fi6i1ufA6cWD5PhHCbDcLbXz3zr43gmqZD7auG977, awaiting for response
2024-10-30T16:33:33.818+0100	WARN	IDSS	server/idss_main.go:409	Duplicate query received on Peer: QmVnLCArhEN5n2LNqva2qfra5N8wrAi7YzarfbU19xdSeT get Client
 (UQI: QmVT4nXkCcghnSgaxCMuF3seddRXZCZSajtdrfGJXDxmZB-1730302413518736887)
2024-10-30T16:33:33.818+0100	WARN	IDSS	server/idss_main.go:409	Duplicate query received on Peer: QmVnLCArhEN5n2LNqva2qfra5N8wrAi7YzarfbU19xdSeT get Client
 (UQI: QmVT4nXkCcghnSgaxCMuF3seddRXZCZSajtdrfGJXDxmZB-1730302413518736887)
2024-10-30T16:33:33.819+0100	WARN	IDSS	server/idss_main.go:409	Duplicate query received on Peer: QmVnLCArhEN5n2LNqva2qfra5N8wrAi7YzarfbU19xdSeT get Client
 (UQI: QmVT4nXkCcghnSgaxCMuF3seddRXZCZSajtdrfGJXDxmZB-1730302413518736887)
2024-10-30T16:33:33.818+0100	WARN	IDSS	server/idss_main.go:409	Duplicate query received on Peer: QmVnLCArhEN5n2LNqva2qfra5N8wrAi7YzarfbU19xdSeT get Client
 (UQI: QmVT4nXkCcghnSgaxCMuF3seddRXZCZSajtdrfGJXDxmZB-1730302413518736887)
2024-10-30T16:33:33.819+0100	WARN	IDSS	server/idss_main.go:409	Duplicate query received on Peer: QmVnLCArhEN5n2LNqva2qfra5N8wrAi7YzarfbU19xdSeT get Client
 (UQI: QmVT4nXkCcghnSgaxCMuF3seddRXZCZSajtdrfGJXDxmZB-1730302413518736887)
2024-10-30T16:33:33.826+0100	INFO	IDSS	server/idss_main.go:598	Query sent to peer QmZajqudreu5rkvjDADMY7g16UitD7RkWSQpr7cBaf5R8f, awaiting for response
2024-10-30T16:33:33.826+0100	INFO	IDSS	server/idss_main.go:598	Query sent to peer QmZV3TbhWtfrDkYAnFJVMYUZUU9fMYp7UJzjfCHDv9qr5A, awaiting for response
2024-10-30T16:33:33.826+0100	INFO	IDSS	server/idss_main.go:598	Query sent to peer QmY3KziLnhU6RCNc9uSgBaP6CZFwSUUMij2XXcNYC6mUX4, awaiting for response
2024-10-30T16:33:33.827+0100	INFO	IDSS	server/idss_main.go:598	Query sent to peer QmX87h1VTfYQK5n2DCVHzHua6YV21QVTxtn6JQD4P6Up3k, awaiting for response
2024-10-30T16:33:33.827+0100	INFO	IDSS	server/idss_main.go:598	Query sent to peer QmaUyzWdNRMfEHLTVieiUysBr8vC2N3VUexp92Jcjdi4QZ, awaiting for response
2024-10-30T16:33:33.827+0100	INFO	IDSS	server/idss_main.go:598	Query sent to peer QmTS2oW64P5TvNk61d5Hj9P4AFim7J9Dtp9sNQ14mdrhqx, awaiting for response
2024-10-30T16:33:33.827+0100	INFO	IDSS	server/idss_main.go:598	Query sent to peer QmaCZ6PGzv7TqjNbcyVqzfH5KsuX5YE4AE1QYDCDcK49Ep, awaiting for response
2024-10-30T16:33:33.828+0100	INFO	IDSS	server/idss_main.go:598	Query sent to peer QmQgd2SGH3tGMf4Au184f2euzY4RoDshacFDnDLJUH5Bke, awaiting for response
2024-10-30T16:33:33.829+0100	INFO	IDSS	server/idss_main.go:598	Query sent to peer QmQpQXB1b7TmgWsv6pvRMqwMMPyn1sJ7SbjuhdK6r5daQG, awaiting for response
2024-10-30T16:33:33.829+0100	INFO	IDSS	server/idss_main.go:598	Query sent to peer QmTjaGMytF5yVvUt7xwPyQMMdaxK53sBp8mnWAFQb4RVg8, awaiting for response
2024-10-30T16:33:33.830+0100	INFO	IDSS	server/idss_main.go:598	Query sent to peer QmbvLEyecLKJzWEaF1DwJjSpjjFZhytBLyvaLPyV6JB5Jx, awaiting for response
2024-10-30T16:33:33.838+0100	INFO	IDSS	server/idss_main.go:364	Received incoming from Qmcq2Fi6i1ufA6cWD5PhHCbDcLbXz3zr43gmqZD7auG977
2024-10-30T16:33:33.851+0100	INFO	IDSS	server/idss_main.go:400	Query received:
On peer QmVnLCArhEN5n2LNqva2qfra5N8wrAi7YzarfbU19xdSeT 
UQI: QmVT4nXkCcghnSgaxCMuF3seddRXZCZSajtdrfGJXDxmZB-1730302413518736887
TTL: 1.125000 
From: Qmcq2Fi6i1ufA6cWD5PhHCbDcLbXz3zr43gmqZD7auG977
2024-10-30T16:33:33.852+0100	WARN	IDSS	server/idss_main.go:409	Duplicate query received on Peer: QmVnLCArhEN5n2LNqva2qfra5N8wrAi7YzarfbU19xdSeT get Client
 (UQI: QmVT4nXkCcghnSgaxCMuF3seddRXZCZSajtdrfGJXDxmZB-1730302413518736887)
2024-10-30T16:33:33.876+0100	INFO	IDSS	server/idss_main.go:364	Received incoming from QmTjaGMytF5yVvUt7xwPyQMMdaxK53sBp8mnWAFQb4RVg8
2024-10-30T16:33:33.876+0100	INFO	IDSS	server/idss_main.go:400	Query received:
On peer QmVnLCArhEN5n2LNqva2qfra5N8wrAi7YzarfbU19xdSeT 
UQI: QmVT4nXkCcghnSgaxCMuF3seddRXZCZSajtdrfGJXDxmZB-1730302413518736887
TTL: 1.125000 
From: QmTjaGMytF5yVvUt7xwPyQMMdaxK53sBp8mnWAFQb4RVg8
2024-10-30T16:33:33.898+0100	INFO	IDSS	server/idss_main.go:364	Received incoming from QmQgd2SGH3tGMf4Au184f2euzY4RoDshacFDnDLJUH5Bke
2024-10-30T16:33:33.910+0100	INFO	IDSS	server/idss_main.go:400	Query received:
On peer QmVnLCArhEN5n2LNqva2qfra5N8wrAi7YzarfbU19xdSeT 
UQI: QmVT4nXkCcghnSgaxCMuF3seddRXZCZSajtdrfGJXDxmZB-1730302413518736887
TTL: 1.125000 
From: QmQgd2SGH3tGMf4Au184f2euzY4RoDshacFDnDLJUH5Bke
2024-10-30T16:33:33.911+0100	WARN	IDSS	server/idss_main.go:409	Duplicate query received on Peer: QmVnLCArhEN5n2LNqva2qfra5N8wrAi7YzarfbU19xdSeT get Client
 (UQI: QmVT4nXkCcghnSgaxCMuF3seddRXZCZSajtdrfGJXDxmZB-1730302413518736887)
2024-10-30T16:33:33.913+0100	WARN	IDSS	server/idss_main.go:409	Duplicate query received on Peer: QmVnLCArhEN5n2LNqva2qfra5N8wrAi7YzarfbU19xdSeT get Client
 (UQI: QmVT4nXkCcghnSgaxCMuF3seddRXZCZSajtdrfGJXDxmZB-1730302413518736887)
2024-10-30T16:33:33.942+0100	INFO	IDSS	server/idss_main.go:364	Received incoming from QmQpQXB1b7TmgWsv6pvRMqwMMPyn1sJ7SbjuhdK6r5daQG
2024-10-30T16:33:33.943+0100	INFO	IDSS	server/idss_main.go:400	Query received:
On peer QmVnLCArhEN5n2LNqva2qfra5N8wrAi7YzarfbU19xdSeT 
UQI: QmVT4nXkCcghnSgaxCMuF3seddRXZCZSajtdrfGJXDxmZB-1730302413518736887
TTL: 1.125000 
From: QmQpQXB1b7TmgWsv6pvRMqwMMPyn1sJ7SbjuhdK6r5daQG
2024-10-30T16:33:33.943+0100	WARN	IDSS	server/idss_main.go:409	Duplicate query received on Peer: QmVnLCArhEN5n2LNqva2qfra5N8wrAi7YzarfbU19xdSeT get Client
 (UQI: QmVT4nXkCcghnSgaxCMuF3seddRXZCZSajtdrfGJXDxmZB-1730302413518736887)
2024-10-30T16:33:33.944+0100	INFO	IDSS	server/idss_main.go:364	Received incoming from QmX87h1VTfYQK5n2DCVHzHua6YV21QVTxtn6JQD4P6Up3k
2024-10-30T16:33:33.945+0100	INFO	IDSS	server/idss_main.go:400	Query received:
On peer QmVnLCArhEN5n2LNqva2qfra5N8wrAi7YzarfbU19xdSeT 
UQI: QmVT4nXkCcghnSgaxCMuF3seddRXZCZSajtdrfGJXDxmZB-1730302413518736887
TTL: 1.125000 
From: QmX87h1VTfYQK5n2DCVHzHua6YV21QVTxtn6JQD4P6Up3k
2024-10-30T16:33:33.946+0100	WARN	IDSS	server/idss_main.go:409	Duplicate query received on Peer: QmVnLCArhEN5n2LNqva2qfra5N8wrAi7YzarfbU19xdSeT get Client
 (UQI: QmVT4nXkCcghnSgaxCMuF3seddRXZCZSajtdrfGJXDxmZB-1730302413518736887)
2024-10-30T16:33:34.025+0100	INFO	IDSS	server/idss_main.go:364	Received incoming from QmbvLEyecLKJzWEaF1DwJjSpjjFZhytBLyvaLPyV6JB5Jx
2024-10-30T16:33:34.026+0100	INFO	IDSS	server/idss_main.go:400	Query received:
On peer QmVnLCArhEN5n2LNqva2qfra5N8wrAi7YzarfbU19xdSeT 
UQI: QmVT4nXkCcghnSgaxCMuF3seddRXZCZSajtdrfGJXDxmZB-1730302413518736887
TTL: 1.125000 
From: QmbvLEyecLKJzWEaF1DwJjSpjjFZhytBLyvaLPyV6JB5Jx
2024-10-30T16:33:34.027+0100	WARN	IDSS	server/idss_main.go:409	Duplicate query received on Peer: QmVnLCArhEN5n2LNqva2qfra5N8wrAi7YzarfbU19xdSeT get Client
 (UQI: QmVT4nXkCcghnSgaxCMuF3seddRXZCZSajtdrfGJXDxmZB-1730302413518736887)
2024-10-30T16:33:34.948+0100	WARN	IDSS	server/idss_main.go:604	Response timeout from peer Qmcq2Fi6i1ufA6cWD5PhHCbDcLbXz3zr43gmqZD7auG977
2024-10-30T16:33:34.948+0100	WARN	IDSS	server/idss_main.go:604	Response timeout from peer QmTjaGMytF5yVvUt7xwPyQMMdaxK53sBp8mnWAFQb4RVg8
2024-10-30T16:33:34.949+0100	WARN	IDSS	server/idss_main.go:604	Response timeout from peer QmZajqudreu5rkvjDADMY7g16UitD7RkWSQpr7cBaf5R8f
2024-10-30T16:33:34.949+0100	WARN	IDSS	server/idss_main.go:604	Response timeout from peer QmbvLEyecLKJzWEaF1DwJjSpjjFZhytBLyvaLPyV6JB5Jx
2024-10-30T16:33:34.949+0100	WARN	IDSS	server/idss_main.go:604	Response timeout from peer QmX87h1VTfYQK5n2DCVHzHua6YV21QVTxtn6JQD4P6Up3k
2024-10-30T16:33:34.949+0100	WARN	IDSS	server/idss_main.go:604	Response timeout from peer QmQpQXB1b7TmgWsv6pvRMqwMMPyn1sJ7SbjuhdK6r5daQG
2024-10-30T16:33:34.949+0100	WARN	IDSS	server/idss_main.go:604	Response timeout from peer QmY3KziLnhU6RCNc9uSgBaP6CZFwSUUMij2XXcNYC6mUX4
2024-10-30T16:33:34.949+0100	WARN	IDSS	server/idss_main.go:604	Response timeout from peer QmaUyzWdNRMfEHLTVieiUysBr8vC2N3VUexp92Jcjdi4QZ
2024-10-30T16:33:34.949+0100	WARN	IDSS	server/idss_main.go:604	Response timeout from peer QmZV3TbhWtfrDkYAnFJVMYUZUU9fMYp7UJzjfCHDv9qr5A
2024-10-30T16:33:34.949+0100	WARN	IDSS	server/idss_main.go:604	Response timeout from peer QmTS2oW64P5TvNk61d5Hj9P4AFim7J9Dtp9sNQ14mdrhqx
2024-10-30T16:33:34.950+0100	WARN	IDSS	server/idss_main.go:604	Response timeout from peer QmQgd2SGH3tGMf4Au184f2euzY4RoDshacFDnDLJUH5Bke
2024-10-30T16:33:34.950+0100	WARN	IDSS	server/idss_main.go:604	Response timeout from peer QmaCZ6PGzv7TqjNbcyVqzfH5KsuX5YE4AE1QYDCDcK49Ep
2024-10-30T16:33:34.950+0100	INFO	IDSS	server/idss_main.go:658	DONE merging local and remote results
2024-10-30T16:33:34.981+0100	INFO	IDSS	server/idss_main.go:695	This is an intermediate peer QmVnLCArhEN5n2LNqva2qfra5N8wrAi7YzarfbU19xdSeT. Merging results to send to parent peer QmVnLCArhEN5n2LNqva2qfra5N8wrAi7YzarfbU19xdSeT
2024-10-30T16:33:34.981+0100	INFO	IDSS	server/idss_main.go:710	Sending merged result to peer QmYzmFZrD7oeB5Ln2Qkz4FKJ6X5amj7quked8RJUHQGty4
2024-10-30T16:33:34.981+0100	INFO	IDSS	server/idss_main.go:712	Record count: 100
2024-10-30T16:33:34.982+0100	INFO	IDSS	server/idss_main.go:731	Successfully sent merged result to peer QmYzmFZrD7oeB5Ln2Qkz4FKJ6X5amj7quked8RJUHQGty4
