2024-10-30T16:31:39.195+0100	INFO	IDSS	server/idss_main.go:168	Listening on peer Address: /ip4/127.0.0.1/tcp/42205/p2p/QmfL7YfqPeAax7XMx3eV8AzsJbZarFKg45jVy8p9Rtn9sq

2024-10-30T16:31:39.198+0100	INFO	IDSS	server/idss_main.go:201	Loading data from file: ./idss_graph_db/QmfL7YfqPeAax7XMx3eV8AzsJbZarFKg45jVy8p9Rtn9sq/QmfL7YfqPeAax7XMx3eV8AzsJbZarFKg45jVy8p9Rtn9sq_data.json
2024-10-30T16:31:41.296+0100	INFO	IDSS	server/idss_db_init.go:76	Creating the Query Manager node...
2024-10-30T16:31:41.354+0100	INFO	IDSS	server/idss_db_init.go:102	Committed Query Manager node store transaction
2024-10-30T16:31:41.354+0100	INFO	IDSS	server/idss_main.go:341	Bootstrapped the DHT
2024/10/30 16:31:41 failed to sufficiently increase receive buffer size (was: 208 kiB, wanted: 7168 kiB, got: 416 kiB). See https://github.com/quic-go/quic-go/wiki/UDP-Buffer-Sizes for details.
2024-10-30T16:31:41.490+0100	INFO	IDSS	server/idss_main.go:352	Connected to bootstrap peer: QmbLHAnMoJPWSCR5Zhtx6BHJX9KiKNN6tpvbUcqanj75Nb
2024-10-30T16:31:41.636+0100	INFO	IDSS	server/idss_main.go:352	Connected to bootstrap peer: QmQCU2EcMqAqQPR2i9bChDtGNJchTbq5TbXJJ16u19uLTa
2024-10-30T16:31:41.752+0100	INFO	IDSS	server/idss_main.go:352	Connected to bootstrap peer: QmNnooDu7bfjPFoTZYxMNLWUQJyrVwtbZg5gBMjTezGAJN
2024-10-30T16:31:41.940+0100	INFO	IDSS	server/idss_main.go:352	Connected to bootstrap peer: QmcZf59bWwK5XFi76CZX8cbJ4BhTzzA3gU1ZjYZcYW3dwt
2024-10-30T16:31:42.280+0100	INFO	IDSS	server/idss_main.go:352	Connected to bootstrap peer: QmaCpDMGvV2BGHeYERUEnRQAwe3N8SzbUtfsmvsqQLuvuJ
2024-10-30T16:31:42.281+0100	INFO	IDSS	server/idss_main.go:282	Starting peer discovery...
2024-10-30T16:31:42.281+0100	INFO	IDSS	server/idss_main.go:291	Searching for other peers...
...
2024-10-30T16:31:43.761+0100	INFO	IDSS	server/idss_main.go:309	Connected to peer QmYzmFZrD7oeB5Ln2Qkz4FKJ6X5amj7quked8RJUHQGty4
2024-10-30T16:31:43.765+0100	INFO	IDSS	server/idss_main.go:309	Connected to peer QmaUyzWdNRMfEHLTVieiUysBr8vC2N3VUexp92Jcjdi4QZ
2024-10-30T16:31:43.770+0100	INFO	IDSS	server/idss_main.go:309	Connected to peer QmZV3TbhWtfrDkYAnFJVMYUZUU9fMYp7UJzjfCHDv9qr5A
2024-10-30T16:31:43.776+0100	INFO	IDSS	server/idss_main.go:309	Connected to peer QmbvLEyecLKJzWEaF1DwJjSpjjFZhytBLyvaLPyV6JB5Jx
2024-10-30T16:31:43.781+0100	INFO	IDSS	server/idss_main.go:309	Connected to peer QmY3KziLnhU6RCNc9uSgBaP6CZFwSUUMij2XXcNYC6mUX4
2024-10-30T16:31:43.786+0100	INFO	IDSS	server/idss_main.go:309	Connected to peer QmTS2oW64P5TvNk61d5Hj9P4AFim7J9Dtp9sNQ14mdrhqx
2024-10-30T16:31:43.792+0100	INFO	IDSS	server/idss_main.go:309	Connected to peer QmQpQXB1b7TmgWsv6pvRMqwMMPyn1sJ7SbjuhdK6r5daQG
2024-10-30T16:31:43.796+0100	INFO	IDSS	server/idss_main.go:309	Connected to peer QmX87h1VTfYQK5n2DCVHzHua6YV21QVTxtn6JQD4P6Up3k
2024-10-30T16:31:43.800+0100	INFO	IDSS	server/idss_main.go:309	Connected to peer QmZajqudreu5rkvjDADMY7g16UitD7RkWSQpr7cBaf5R8f
2024-10-30T16:31:43.806+0100	INFO	IDSS	server/idss_main.go:309	Connected to peer QmaCZ6PGzv7TqjNbcyVqzfH5KsuX5YE4AE1QYDCDcK49Ep
2024-10-30T16:31:43.813+0100	INFO	IDSS	server/idss_main.go:309	Connected to peer Qmcq2Fi6i1ufA6cWD5PhHCbDcLbXz3zr43gmqZD7auG977
2024-10-30T16:31:44.873+0100	INFO	IDSS	server/idss_main.go:309	Connected to peer QmTjaGMytF5yVvUt7xwPyQMMdaxK53sBp8mnWAFQb4RVg8
2024-10-30T16:31:46.577+0100	INFO	IDSS	server/idss_main.go:316	Num of found peers in the Routing Table: 50
2024-10-30T16:31:46.577+0100	INFO	IDSS	server/idss_main.go:319	Time taken to find peers: 4.296541849s
2024-10-30T16:31:46.577+0100	INFO	IDSS	server/idss_main.go:320	Peer discovery completed
2024-10-30T16:32:22.690+0100	INFO	IDSS	server/idss_main.go:364	Received incoming from QmYzmFZrD7oeB5Ln2Qkz4FKJ6X5amj7quked8RJUHQGty4
2024-10-30T16:32:22.690+0100	INFO	IDSS	server/idss_main.go:400	Query received:
On peer QmfL7YfqPeAax7XMx3eV8AzsJbZarFKg45jVy8p9Rtn9sq 
UQI: QmVT4nXkCcghnSgaxCMuF3seddRXZCZSajtdrfGJXDxmZB-1730302342626177708
TTL: 1.500000 
From: QmYzmFZrD7oeB5Ln2Qkz4FKJ6X5amj7quked8RJUHQGty4
2024-10-30T16:32:22.770+0100	INFO	IDSS	server/idss_main.go:417	This is a new query on this peer
2024-10-30T16:32:22.770+0100	INFO	IDSS	server/idss_main.go:423	Entering executeAndBroadcastQuery...
2024-10-30T16:32:22.770+0100	INFO	IDSS	server/idss_main.go:857	Executing get Client
 locally in QmfL7YfqPeAax7XMx3eV8AzsJbZarFKg45jVy8p9Rtn9sq
2024-10-30T16:32:22.892+0100	INFO	IDSS	server/idss_main.go:364	Received incoming from Qmcq2Fi6i1ufA6cWD5PhHCbDcLbXz3zr43gmqZD7auG977
2024-10-30T16:32:22.894+0100	INFO	IDSS	server/idss_main.go:400	Query received:
On peer QmfL7YfqPeAax7XMx3eV8AzsJbZarFKg45jVy8p9Rtn9sq 
UQI: QmVT4nXkCcghnSgaxCMuF3seddRXZCZSajtdrfGJXDxmZB-1730302342626177708
TTL: 1.125000 
From: Qmcq2Fi6i1ufA6cWD5PhHCbDcLbXz3zr43gmqZD7auG977
2024-10-30T16:32:22.902+0100	INFO	IDSS	server/idss_main.go:449	Local query executed successfully
2024-10-30T16:32:22.902+0100	WARN	IDSS	server/idss_main.go:409	Duplicate query received on Peer: QmfL7YfqPeAax7XMx3eV8AzsJbZarFKg45jVy8p9Rtn9sq get Client
 (UQI: QmVT4nXkCcghnSgaxCMuF3seddRXZCZSajtdrfGJXDxmZB-1730302342626177708)
2024-10-30T16:32:22.922+0100	INFO	IDSS	server/idss_main.go:364	Received incoming from QmTS2oW64P5TvNk61d5Hj9P4AFim7J9Dtp9sNQ14mdrhqx
2024-10-30T16:32:22.929+0100	INFO	IDSS	server/idss_main.go:364	Received incoming from QmX87h1VTfYQK5n2DCVHzHua6YV21QVTxtn6JQD4P6Up3k
2024-10-30T16:32:22.951+0100	INFO	IDSS	server/idss_main.go:463	Sender address updated to: QmfL7YfqPeAax7XMx3eV8AzsJbZarFKg45jVy8p9Rtn9sq
2024-10-30T16:32:22.952+0100	INFO	IDSS	server/idss_main.go:513	Broadcasting query in peer: QmfL7YfqPeAax7XMx3eV8AzsJbZarFKg45jVy8p9Rtn9sq, Parent peer QmYzmFZrD7oeB5Ln2Qkz4FKJ6X5amj7quked8RJUHQGty4 
2024-10-30T16:32:22.952+0100	INFO	IDSS	server/idss_main.go:400	Query received:
On peer QmfL7YfqPeAax7XMx3eV8AzsJbZarFKg45jVy8p9Rtn9sq 
UQI: QmVT4nXkCcghnSgaxCMuF3seddRXZCZSajtdrfGJXDxmZB-1730302342626177708
TTL: 1.125000 
From: QmX87h1VTfYQK5n2DCVHzHua6YV21QVTxtn6JQD4P6Up3k
2024-10-30T16:32:22.952+0100	INFO	IDSS	server/idss_main.go:545	TTL in QmfL7YfqPeAax7XMx3eV8AzsJbZarFKg45jVy8p9Rtn9sq after decrement: 1.125000
2024-10-30T16:32:22.952+0100	WARN	IDSS	server/idss_main.go:409	Duplicate query received on Peer: QmfL7YfqPeAax7XMx3eV8AzsJbZarFKg45jVy8p9Rtn9sq get Client
 (UQI: QmVT4nXkCcghnSgaxCMuF3seddRXZCZSajtdrfGJXDxmZB-1730302342626177708)
2024-10-30T16:32:22.953+0100	INFO	IDSS	server/idss_main.go:400	Query received:
On peer QmfL7YfqPeAax7XMx3eV8AzsJbZarFKg45jVy8p9Rtn9sq 
UQI: QmVT4nXkCcghnSgaxCMuF3seddRXZCZSajtdrfGJXDxmZB-1730302342626177708
TTL: 1.125000 
From: QmTS2oW64P5TvNk61d5Hj9P4AFim7J9Dtp9sNQ14mdrhqx
2024-10-30T16:32:22.953+0100	INFO	IDSS	server/idss_main.go:644	Peer QmfL7YfqPeAax7XMx3eV8AzsJbZarFKg45jVy8p9Rtn9sq waiting for overlay peers results...
2024-10-30T16:32:22.953+0100	INFO	IDSS	server/idss_main.go:651	Overlay peers peer results collected, start merging...
2024-10-30T16:32:22.953+0100	WARN	IDSS	server/idss_main.go:409	Duplicate query received on Peer: QmfL7YfqPeAax7XMx3eV8AzsJbZarFKg45jVy8p9Rtn9sq get Client
 (UQI: QmVT4nXkCcghnSgaxCMuF3seddRXZCZSajtdrfGJXDxmZB-1730302342626177708)
2024-10-30T16:32:22.957+0100	INFO	IDSS	server/idss_main.go:598	Query sent to peer QmQpQXB1b7TmgWsv6pvRMqwMMPyn1sJ7SbjuhdK6r5daQG, awaiting for response
2024-10-30T16:32:22.960+0100	INFO	IDSS	server/idss_main.go:598	Query sent to peer QmX87h1VTfYQK5n2DCVHzHua6YV21QVTxtn6JQD4P6Up3k, awaiting for response
2024-10-30T16:32:22.969+0100	INFO	IDSS	server/idss_main.go:598	Query sent to peer QmZajqudreu5rkvjDADMY7g16UitD7RkWSQpr7cBaf5R8f, awaiting for response
2024-10-30T16:32:22.972+0100	INFO	IDSS	server/idss_main.go:598	Query sent to peer QmY3KziLnhU6RCNc9uSgBaP6CZFwSUUMij2XXcNYC6mUX4, awaiting for response
2024-10-30T16:32:22.975+0100	INFO	IDSS	server/idss_main.go:598	Query sent to peer QmTjaGMytF5yVvUt7xwPyQMMdaxK53sBp8mnWAFQb4RVg8, awaiting for response
2024-10-30T16:32:22.977+0100	INFO	IDSS	server/idss_main.go:598	Query sent to peer QmbvLEyecLKJzWEaF1DwJjSpjjFZhytBLyvaLPyV6JB5Jx, awaiting for response
2024-10-30T16:32:22.977+0100	INFO	IDSS	server/idss_main.go:598	Query sent to peer Qmcq2Fi6i1ufA6cWD5PhHCbDcLbXz3zr43gmqZD7auG977, awaiting for response
2024-10-30T16:32:23.008+0100	INFO	IDSS	server/idss_main.go:598	Query sent to peer QmaUyzWdNRMfEHLTVieiUysBr8vC2N3VUexp92Jcjdi4QZ, awaiting for response
2024-10-30T16:32:23.008+0100	INFO	IDSS	server/idss_main.go:598	Query sent to peer QmZV3TbhWtfrDkYAnFJVMYUZUU9fMYp7UJzjfCHDv9qr5A, awaiting for response
2024-10-30T16:32:23.009+0100	INFO	IDSS	server/idss_main.go:364	Received incoming from QmY3KziLnhU6RCNc9uSgBaP6CZFwSUUMij2XXcNYC6mUX4
2024-10-30T16:32:23.009+0100	INFO	IDSS	server/idss_main.go:598	Query sent to peer QmaCZ6PGzv7TqjNbcyVqzfH5KsuX5YE4AE1QYDCDcK49Ep, awaiting for response
2024-10-30T16:32:23.010+0100	INFO	IDSS	server/idss_main.go:400	Query received:
On peer QmfL7YfqPeAax7XMx3eV8AzsJbZarFKg45jVy8p9Rtn9sq 
UQI: QmVT4nXkCcghnSgaxCMuF3seddRXZCZSajtdrfGJXDxmZB-1730302342626177708
TTL: 1.125000 
From: QmY3KziLnhU6RCNc9uSgBaP6CZFwSUUMij2XXcNYC6mUX4
2024-10-30T16:32:23.010+0100	INFO	IDSS	server/idss_main.go:598	Query sent to peer QmTS2oW64P5TvNk61d5Hj9P4AFim7J9Dtp9sNQ14mdrhqx, awaiting for response
2024-10-30T16:32:23.011+0100	WARN	IDSS	server/idss_main.go:409	Duplicate query received on Peer: QmfL7YfqPeAax7XMx3eV8AzsJbZarFKg45jVy8p9Rtn9sq get Client
 (UQI: QmVT4nXkCcghnSgaxCMuF3seddRXZCZSajtdrfGJXDxmZB-1730302342626177708)
2024-10-30T16:32:23.012+0100	INFO	IDSS	server/idss_main.go:364	Received incoming from QmTjaGMytF5yVvUt7xwPyQMMdaxK53sBp8mnWAFQb4RVg8
2024-10-30T16:32:23.012+0100	INFO	IDSS	server/idss_main.go:400	Query received:
On peer QmfL7YfqPeAax7XMx3eV8AzsJbZarFKg45jVy8p9Rtn9sq 
UQI: QmVT4nXkCcghnSgaxCMuF3seddRXZCZSajtdrfGJXDxmZB-1730302342626177708
TTL: 1.125000 
From: QmTjaGMytF5yVvUt7xwPyQMMdaxK53sBp8mnWAFQb4RVg8
2024-10-30T16:32:23.014+0100	WARN	IDSS	server/idss_main.go:409	Duplicate query received on Peer: QmfL7YfqPeAax7XMx3eV8AzsJbZarFKg45jVy8p9Rtn9sq get Client
 (UQI: QmVT4nXkCcghnSgaxCMuF3seddRXZCZSajtdrfGJXDxmZB-1730302342626177708)
2024-10-30T16:32:23.127+0100	INFO	IDSS	server/idss_main.go:364	Received incoming from QmaCZ6PGzv7TqjNbcyVqzfH5KsuX5YE4AE1QYDCDcK49Ep
2024-10-30T16:32:23.127+0100	INFO	IDSS	server/idss_main.go:400	Query received:
On peer QmfL7YfqPeAax7XMx3eV8AzsJbZarFKg45jVy8p9Rtn9sq 
UQI: QmVT4nXkCcghnSgaxCMuF3seddRXZCZSajtdrfGJXDxmZB-1730302342626177708
TTL: 1.125000 
From: QmaCZ6PGzv7TqjNbcyVqzfH5KsuX5YE4AE1QYDCDcK49Ep
2024-10-30T16:32:23.129+0100	WARN	IDSS	server/idss_main.go:409	Duplicate query received on Peer: QmfL7YfqPeAax7XMx3eV8AzsJbZarFKg45jVy8p9Rtn9sq get Client
 (UQI: QmVT4nXkCcghnSgaxCMuF3seddRXZCZSajtdrfGJXDxmZB-1730302342626177708)
2024-10-30T16:32:23.135+0100	INFO	IDSS	server/idss_main.go:364	Received incoming from QmZajqudreu5rkvjDADMY7g16UitD7RkWSQpr7cBaf5R8f
2024-10-30T16:32:23.136+0100	INFO	IDSS	server/idss_main.go:400	Query received:
On peer QmfL7YfqPeAax7XMx3eV8AzsJbZarFKg45jVy8p9Rtn9sq 
UQI: QmVT4nXkCcghnSgaxCMuF3seddRXZCZSajtdrfGJXDxmZB-1730302342626177708
TTL: 1.125000 
From: QmZajqudreu5rkvjDADMY7g16UitD7RkWSQpr7cBaf5R8f
2024-10-30T16:32:23.137+0100	WARN	IDSS	server/idss_main.go:409	Duplicate query received on Peer: QmfL7YfqPeAax7XMx3eV8AzsJbZarFKg45jVy8p9Rtn9sq get Client
 (UQI: QmVT4nXkCcghnSgaxCMuF3seddRXZCZSajtdrfGJXDxmZB-1730302342626177708)
2024-10-30T16:32:23.183+0100	INFO	IDSS	server/idss_main.go:364	Received incoming from QmbvLEyecLKJzWEaF1DwJjSpjjFZhytBLyvaLPyV6JB5Jx
2024-10-30T16:32:23.183+0100	INFO	IDSS	server/idss_main.go:400	Query received:
On peer QmfL7YfqPeAax7XMx3eV8AzsJbZarFKg45jVy8p9Rtn9sq 
UQI: QmVT4nXkCcghnSgaxCMuF3seddRXZCZSajtdrfGJXDxmZB-1730302342626177708
TTL: 1.125000 
From: QmbvLEyecLKJzWEaF1DwJjSpjjFZhytBLyvaLPyV6JB5Jx
2024-10-30T16:32:23.184+0100	WARN	IDSS	server/idss_main.go:409	Duplicate query received on Peer: QmfL7YfqPeAax7XMx3eV8AzsJbZarFKg45jVy8p9Rtn9sq get Client
 (UQI: QmVT4nXkCcghnSgaxCMuF3seddRXZCZSajtdrfGJXDxmZB-1730302342626177708)
2024-10-30T16:32:23.304+0100	INFO	IDSS	server/idss_main.go:364	Received incoming from QmaUyzWdNRMfEHLTVieiUysBr8vC2N3VUexp92Jcjdi4QZ
2024-10-30T16:32:23.305+0100	INFO	IDSS	server/idss_main.go:400	Query received:
On peer QmfL7YfqPeAax7XMx3eV8AzsJbZarFKg45jVy8p9Rtn9sq 
UQI: QmVT4nXkCcghnSgaxCMuF3seddRXZCZSajtdrfGJXDxmZB-1730302342626177708
TTL: 1.125000 
From: QmaUyzWdNRMfEHLTVieiUysBr8vC2N3VUexp92Jcjdi4QZ
2024-10-30T16:32:23.305+0100	WARN	IDSS	server/idss_main.go:409	Duplicate query received on Peer: QmfL7YfqPeAax7XMx3eV8AzsJbZarFKg45jVy8p9Rtn9sq get Client
 (UQI: QmVT4nXkCcghnSgaxCMuF3seddRXZCZSajtdrfGJXDxmZB-1730302342626177708)
2024-10-30T16:32:23.338+0100	INFO	IDSS	server/idss_main.go:364	Received incoming from QmZV3TbhWtfrDkYAnFJVMYUZUU9fMYp7UJzjfCHDv9qr5A
2024-10-30T16:32:23.341+0100	INFO	IDSS	server/idss_main.go:400	Query received:
On peer QmfL7YfqPeAax7XMx3eV8AzsJbZarFKg45jVy8p9Rtn9sq 
UQI: QmVT4nXkCcghnSgaxCMuF3seddRXZCZSajtdrfGJXDxmZB-1730302342626177708
TTL: 1.125000 
From: QmZV3TbhWtfrDkYAnFJVMYUZUU9fMYp7UJzjfCHDv9qr5A
2024-10-30T16:32:23.341+0100	WARN	IDSS	server/idss_main.go:409	Duplicate query received on Peer: QmfL7YfqPeAax7XMx3eV8AzsJbZarFKg45jVy8p9Rtn9sq get Client
 (UQI: QmVT4nXkCcghnSgaxCMuF3seddRXZCZSajtdrfGJXDxmZB-1730302342626177708)
2024-10-30T16:32:23.379+0100	INFO	IDSS	server/idss_main.go:364	Received incoming from QmQpQXB1b7TmgWsv6pvRMqwMMPyn1sJ7SbjuhdK6r5daQG
2024-10-30T16:32:23.388+0100	INFO	IDSS	server/idss_main.go:400	Query received:
On peer QmfL7YfqPeAax7XMx3eV8AzsJbZarFKg45jVy8p9Rtn9sq 
UQI: QmVT4nXkCcghnSgaxCMuF3seddRXZCZSajtdrfGJXDxmZB-1730302342626177708
TTL: 1.125000 
From: QmQpQXB1b7TmgWsv6pvRMqwMMPyn1sJ7SbjuhdK6r5daQG
2024-10-30T16:32:23.389+0100	WARN	IDSS	server/idss_main.go:409	Duplicate query received on Peer: QmfL7YfqPeAax7XMx3eV8AzsJbZarFKg45jVy8p9Rtn9sq get Client
 (UQI: QmVT4nXkCcghnSgaxCMuF3seddRXZCZSajtdrfGJXDxmZB-1730302342626177708)
2024-10-30T16:32:24.078+0100	WARN	IDSS	server/idss_main.go:604	Response timeout from peer QmX87h1VTfYQK5n2DCVHzHua6YV21QVTxtn6JQD4P6Up3k
2024-10-30T16:32:24.078+0100	WARN	IDSS	server/idss_main.go:604	Response timeout from peer QmaUyzWdNRMfEHLTVieiUysBr8vC2N3VUexp92Jcjdi4QZ
2024-10-30T16:32:24.081+0100	WARN	IDSS	server/idss_main.go:604	Response timeout from peer QmQpQXB1b7TmgWsv6pvRMqwMMPyn1sJ7SbjuhdK6r5daQG
2024-10-30T16:32:24.081+0100	WARN	IDSS	server/idss_main.go:604	Response timeout from peer QmbvLEyecLKJzWEaF1DwJjSpjjFZhytBLyvaLPyV6JB5Jx
2024-10-30T16:32:24.081+0100	WARN	IDSS	server/idss_main.go:604	Response timeout from peer QmY3KziLnhU6RCNc9uSgBaP6CZFwSUUMij2XXcNYC6mUX4
2024-10-30T16:32:24.082+0100	WARN	IDSS	server/idss_main.go:604	Response timeout from peer QmTjaGMytF5yVvUt7xwPyQMMdaxK53sBp8mnWAFQb4RVg8
2024-10-30T16:32:24.082+0100	WARN	IDSS	server/idss_main.go:604	Response timeout from peer Qmcq2Fi6i1ufA6cWD5PhHCbDcLbXz3zr43gmqZD7auG977
2024-10-30T16:32:24.094+0100	WARN	IDSS	server/idss_main.go:604	Response timeout from peer QmZajqudreu5rkvjDADMY7g16UitD7RkWSQpr7cBaf5R8f
2024-10-30T16:32:24.098+0100	WARN	IDSS	server/idss_main.go:604	Response timeout from peer QmZV3TbhWtfrDkYAnFJVMYUZUU9fMYp7UJzjfCHDv9qr5A
2024-10-30T16:32:24.099+0100	WARN	IDSS	server/idss_main.go:604	Response timeout from peer QmaCZ6PGzv7TqjNbcyVqzfH5KsuX5YE4AE1QYDCDcK49Ep
2024-10-30T16:32:24.099+0100	WARN	IDSS	server/idss_main.go:604	Response timeout from peer QmTS2oW64P5TvNk61d5Hj9P4AFim7J9Dtp9sNQ14mdrhqx
2024-10-30T16:32:24.100+0100	INFO	IDSS	server/idss_main.go:658	DONE merging local and remote results
2024-10-30T16:32:24.197+0100	INFO	IDSS	server/idss_main.go:695	This is an intermediate peer QmfL7YfqPeAax7XMx3eV8AzsJbZarFKg45jVy8p9Rtn9sq. Merging results to send to parent peer QmfL7YfqPeAax7XMx3eV8AzsJbZarFKg45jVy8p9Rtn9sq
2024-10-30T16:32:24.197+0100	INFO	IDSS	server/idss_main.go:710	Sending merged result to peer QmYzmFZrD7oeB5Ln2Qkz4FKJ6X5amj7quked8RJUHQGty4
2024-10-30T16:32:24.197+0100	INFO	IDSS	server/idss_main.go:712	Record count: 100
2024-10-30T16:32:24.197+0100	INFO	IDSS	server/idss_main.go:731	Successfully sent merged result to peer QmYzmFZrD7oeB5Ln2Qkz4FKJ6X5amj7quked8RJUHQGty4
2024-10-30T16:32:49.124+0100	INFO	IDSS	server/idss_main.go:364	Received incoming from QmYzmFZrD7oeB5Ln2Qkz4FKJ6X5amj7quked8RJUHQGty4
2024-10-30T16:32:49.124+0100	INFO	IDSS	server/idss_main.go:400	Query received:
On peer QmfL7YfqPeAax7XMx3eV8AzsJbZarFKg45jVy8p9Rtn9sq 
UQI: QmVT4nXkCcghnSgaxCMuF3seddRXZCZSajtdrfGJXDxmZB-1730302369075974629
TTL: 1.500000 
From: QmYzmFZrD7oeB5Ln2Qkz4FKJ6X5amj7quked8RJUHQGty4
2024-10-30T16:32:49.189+0100	INFO	IDSS	server/idss_main.go:417	This is a new query on this peer
2024-10-30T16:32:49.189+0100	INFO	IDSS	server/idss_main.go:423	Entering executeAndBroadcastQuery...
2024-10-30T16:32:49.189+0100	INFO	IDSS	server/idss_main.go:857	Executing get Client
 locally in QmfL7YfqPeAax7XMx3eV8AzsJbZarFKg45jVy8p9Rtn9sq
2024-10-30T16:32:49.265+0100	INFO	IDSS	server/idss_main.go:364	Received incoming from QmTjaGMytF5yVvUt7xwPyQMMdaxK53sBp8mnWAFQb4RVg8
2024-10-30T16:32:49.266+0100	INFO	IDSS	server/idss_main.go:400	Query received:
On peer QmfL7YfqPeAax7XMx3eV8AzsJbZarFKg45jVy8p9Rtn9sq 
UQI: QmVT4nXkCcghnSgaxCMuF3seddRXZCZSajtdrfGJXDxmZB-1730302369075974629
TTL: 1.125000 
From: QmTjaGMytF5yVvUt7xwPyQMMdaxK53sBp8mnWAFQb4RVg8
2024-10-30T16:32:49.289+0100	INFO	IDSS	server/idss_main.go:364	Received incoming from QmX87h1VTfYQK5n2DCVHzHua6YV21QVTxtn6JQD4P6Up3k
2024-10-30T16:32:49.289+0100	INFO	IDSS	server/idss_main.go:364	Received incoming from QmZV3TbhWtfrDkYAnFJVMYUZUU9fMYp7UJzjfCHDv9qr5A
2024-10-30T16:32:49.289+0100	INFO	IDSS	server/idss_main.go:400	Query received:
On peer QmfL7YfqPeAax7XMx3eV8AzsJbZarFKg45jVy8p9Rtn9sq 
UQI: QmVT4nXkCcghnSgaxCMuF3seddRXZCZSajtdrfGJXDxmZB-1730302369075974629
TTL: 1.125000 
From: QmX87h1VTfYQK5n2DCVHzHua6YV21QVTxtn6JQD4P6Up3k
2024-10-30T16:32:49.289+0100	INFO	IDSS	server/idss_main.go:364	Received incoming from QmaUyzWdNRMfEHLTVieiUysBr8vC2N3VUexp92Jcjdi4QZ
2024-10-30T16:32:49.290+0100	INFO	IDSS	server/idss_main.go:364	Received incoming from Qmcq2Fi6i1ufA6cWD5PhHCbDcLbXz3zr43gmqZD7auG977
2024-10-30T16:32:49.289+0100	INFO	IDSS	server/idss_main.go:400	Query received:
On peer QmfL7YfqPeAax7XMx3eV8AzsJbZarFKg45jVy8p9Rtn9sq 
UQI: QmVT4nXkCcghnSgaxCMuF3seddRXZCZSajtdrfGJXDxmZB-1730302369075974629
TTL: 1.125000 
From: QmZV3TbhWtfrDkYAnFJVMYUZUU9fMYp7UJzjfCHDv9qr5A
2024-10-30T16:32:49.290+0100	INFO	IDSS	server/idss_main.go:400	Query received:
On peer QmfL7YfqPeAax7XMx3eV8AzsJbZarFKg45jVy8p9Rtn9sq 
UQI: QmVT4nXkCcghnSgaxCMuF3seddRXZCZSajtdrfGJXDxmZB-1730302369075974629
TTL: 1.125000 
From: QmaUyzWdNRMfEHLTVieiUysBr8vC2N3VUexp92Jcjdi4QZ
2024-10-30T16:32:49.290+0100	INFO	IDSS	server/idss_main.go:400	Query received:
On peer QmfL7YfqPeAax7XMx3eV8AzsJbZarFKg45jVy8p9Rtn9sq 
UQI: QmVT4nXkCcghnSgaxCMuF3seddRXZCZSajtdrfGJXDxmZB-1730302369075974629
TTL: 1.125000 
From: Qmcq2Fi6i1ufA6cWD5PhHCbDcLbXz3zr43gmqZD7auG977
2024-10-30T16:32:49.303+0100	INFO	IDSS	server/idss_main.go:364	Received incoming from QmY3KziLnhU6RCNc9uSgBaP6CZFwSUUMij2XXcNYC6mUX4
2024-10-30T16:32:49.303+0100	INFO	IDSS	server/idss_main.go:400	Query received:
On peer QmfL7YfqPeAax7XMx3eV8AzsJbZarFKg45jVy8p9Rtn9sq 
UQI: QmVT4nXkCcghnSgaxCMuF3seddRXZCZSajtdrfGJXDxmZB-1730302369075974629
TTL: 1.125000 
From: QmY3KziLnhU6RCNc9uSgBaP6CZFwSUUMij2XXcNYC6mUX4
2024-10-30T16:32:49.324+0100	INFO	IDSS	server/idss_main.go:449	Local query executed successfully
2024-10-30T16:32:49.328+0100	WARN	IDSS	server/idss_main.go:409	Duplicate query received on Peer: QmfL7YfqPeAax7XMx3eV8AzsJbZarFKg45jVy8p9Rtn9sq get Client
 (UQI: QmVT4nXkCcghnSgaxCMuF3seddRXZCZSajtdrfGJXDxmZB-1730302369075974629)
2024-10-30T16:32:49.328+0100	WARN	IDSS	server/idss_main.go:409	Duplicate query received on Peer: QmfL7YfqPeAax7XMx3eV8AzsJbZarFKg45jVy8p9Rtn9sq get Client
 (UQI: QmVT4nXkCcghnSgaxCMuF3seddRXZCZSajtdrfGJXDxmZB-1730302369075974629)
2024-10-30T16:32:49.328+0100	WARN	IDSS	server/idss_main.go:409	Duplicate query received on Peer: QmfL7YfqPeAax7XMx3eV8AzsJbZarFKg45jVy8p9Rtn9sq get Client
 (UQI: QmVT4nXkCcghnSgaxCMuF3seddRXZCZSajtdrfGJXDxmZB-1730302369075974629)
2024-10-30T16:32:49.329+0100	WARN	IDSS	server/idss_main.go:409	Duplicate query received on Peer: QmfL7YfqPeAax7XMx3eV8AzsJbZarFKg45jVy8p9Rtn9sq get Client
 (UQI: QmVT4nXkCcghnSgaxCMuF3seddRXZCZSajtdrfGJXDxmZB-1730302369075974629)
2024-10-30T16:32:49.330+0100	WARN	IDSS	server/idss_main.go:409	Duplicate query received on Peer: QmfL7YfqPeAax7XMx3eV8AzsJbZarFKg45jVy8p9Rtn9sq get Client
 (UQI: QmVT4nXkCcghnSgaxCMuF3seddRXZCZSajtdrfGJXDxmZB-1730302369075974629)
2024-10-30T16:32:49.330+0100	WARN	IDSS	server/idss_main.go:409	Duplicate query received on Peer: QmfL7YfqPeAax7XMx3eV8AzsJbZarFKg45jVy8p9Rtn9sq get Client
 (UQI: QmVT4nXkCcghnSgaxCMuF3seddRXZCZSajtdrfGJXDxmZB-1730302369075974629)
2024-10-30T16:32:49.338+0100	INFO	IDSS	server/idss_main.go:463	Sender address updated to: QmfL7YfqPeAax7XMx3eV8AzsJbZarFKg45jVy8p9Rtn9sq
2024-10-30T16:32:49.338+0100	INFO	IDSS	server/idss_main.go:513	Broadcasting query in peer: QmfL7YfqPeAax7XMx3eV8AzsJbZarFKg45jVy8p9Rtn9sq, Parent peer QmYzmFZrD7oeB5Ln2Qkz4FKJ6X5amj7quked8RJUHQGty4 
2024-10-30T16:32:49.339+0100	INFO	IDSS	server/idss_main.go:545	TTL in QmfL7YfqPeAax7XMx3eV8AzsJbZarFKg45jVy8p9Rtn9sq after decrement: 1.125000
2024-10-30T16:32:49.340+0100	INFO	IDSS	server/idss_main.go:598	Query sent to peer QmQpQXB1b7TmgWsv6pvRMqwMMPyn1sJ7SbjuhdK6r5daQG, awaiting for response
2024-10-30T16:32:49.342+0100	INFO	IDSS	server/idss_main.go:598	Query sent to peer QmbvLEyecLKJzWEaF1DwJjSpjjFZhytBLyvaLPyV6JB5Jx, awaiting for response
2024-10-30T16:32:49.342+0100	INFO	IDSS	server/idss_main.go:644	Peer QmfL7YfqPeAax7XMx3eV8AzsJbZarFKg45jVy8p9Rtn9sq waiting for overlay peers results...
2024-10-30T16:32:49.342+0100	INFO	IDSS	server/idss_main.go:651	Overlay peers peer results collected, start merging...
2024-10-30T16:32:49.342+0100	INFO	IDSS	server/idss_main.go:598	Query sent to peer QmY3KziLnhU6RCNc9uSgBaP6CZFwSUUMij2XXcNYC6mUX4, awaiting for response
2024-10-30T16:32:49.343+0100	INFO	IDSS	server/idss_main.go:598	Query sent to peer Qmcq2Fi6i1ufA6cWD5PhHCbDcLbXz3zr43gmqZD7auG977, awaiting for response
2024-10-30T16:32:49.344+0100	INFO	IDSS	server/idss_main.go:598	Query sent to peer QmZV3TbhWtfrDkYAnFJVMYUZUU9fMYp7UJzjfCHDv9qr5A, awaiting for response
2024-10-30T16:32:49.345+0100	INFO	IDSS	server/idss_main.go:598	Query sent to peer QmaCZ6PGzv7TqjNbcyVqzfH5KsuX5YE4AE1QYDCDcK49Ep, awaiting for response
2024-10-30T16:32:49.346+0100	INFO	IDSS	server/idss_main.go:598	Query sent to peer QmX87h1VTfYQK5n2DCVHzHua6YV21QVTxtn6JQD4P6Up3k, awaiting for response
2024-10-30T16:32:49.347+0100	INFO	IDSS	server/idss_main.go:598	Query sent to peer QmaUyzWdNRMfEHLTVieiUysBr8vC2N3VUexp92Jcjdi4QZ, awaiting for response
2024-10-30T16:32:49.349+0100	INFO	IDSS	server/idss_main.go:598	Query sent to peer QmTS2oW64P5TvNk61d5Hj9P4AFim7J9Dtp9sNQ14mdrhqx, awaiting for response
2024-10-30T16:32:49.351+0100	INFO	IDSS	server/idss_main.go:598	Query sent to peer QmTjaGMytF5yVvUt7xwPyQMMdaxK53sBp8mnWAFQb4RVg8, awaiting for response
2024-10-30T16:32:49.352+0100	INFO	IDSS	server/idss_main.go:598	Query sent to peer QmZajqudreu5rkvjDADMY7g16UitD7RkWSQpr7cBaf5R8f, awaiting for response
2024-10-30T16:32:49.359+0100	INFO	IDSS	server/idss_main.go:364	Received incoming from QmZajqudreu5rkvjDADMY7g16UitD7RkWSQpr7cBaf5R8f
2024-10-30T16:32:49.360+0100	INFO	IDSS	server/idss_main.go:400	Query received:
On peer QmfL7YfqPeAax7XMx3eV8AzsJbZarFKg45jVy8p9Rtn9sq 
UQI: QmVT4nXkCcghnSgaxCMuF3seddRXZCZSajtdrfGJXDxmZB-1730302369075974629
TTL: 1.125000 
From: QmZajqudreu5rkvjDADMY7g16UitD7RkWSQpr7cBaf5R8f
2024-10-30T16:32:49.364+0100	WARN	IDSS	server/idss_main.go:409	Duplicate query received on Peer: QmfL7YfqPeAax7XMx3eV8AzsJbZarFKg45jVy8p9Rtn9sq get Client
 (UQI: QmVT4nXkCcghnSgaxCMuF3seddRXZCZSajtdrfGJXDxmZB-1730302369075974629)
2024-10-30T16:32:49.371+0100	INFO	IDSS	server/idss_main.go:364	Received incoming from QmQpQXB1b7TmgWsv6pvRMqwMMPyn1sJ7SbjuhdK6r5daQG
2024-10-30T16:32:49.371+0100	INFO	IDSS	server/idss_main.go:400	Query received:
On peer QmfL7YfqPeAax7XMx3eV8AzsJbZarFKg45jVy8p9Rtn9sq 
UQI: QmVT4nXkCcghnSgaxCMuF3seddRXZCZSajtdrfGJXDxmZB-1730302369075974629
TTL: 1.125000 
From: QmQpQXB1b7TmgWsv6pvRMqwMMPyn1sJ7SbjuhdK6r5daQG
2024-10-30T16:32:49.372+0100	WARN	IDSS	server/idss_main.go:409	Duplicate query received on Peer: QmfL7YfqPeAax7XMx3eV8AzsJbZarFKg45jVy8p9Rtn9sq get Client
 (UQI: QmVT4nXkCcghnSgaxCMuF3seddRXZCZSajtdrfGJXDxmZB-1730302369075974629)
2024-10-30T16:32:49.397+0100	INFO	IDSS	server/idss_main.go:364	Received incoming from QmTS2oW64P5TvNk61d5Hj9P4AFim7J9Dtp9sNQ14mdrhqx
2024-10-30T16:32:49.398+0100	INFO	IDSS	server/idss_main.go:400	Query received:
On peer QmfL7YfqPeAax7XMx3eV8AzsJbZarFKg45jVy8p9Rtn9sq 
UQI: QmVT4nXkCcghnSgaxCMuF3seddRXZCZSajtdrfGJXDxmZB-1730302369075974629
TTL: 1.125000 
From: QmTS2oW64P5TvNk61d5Hj9P4AFim7J9Dtp9sNQ14mdrhqx
2024-10-30T16:32:49.398+0100	WARN	IDSS	server/idss_main.go:409	Duplicate query received on Peer: QmfL7YfqPeAax7XMx3eV8AzsJbZarFKg45jVy8p9Rtn9sq get Client
 (UQI: QmVT4nXkCcghnSgaxCMuF3seddRXZCZSajtdrfGJXDxmZB-1730302369075974629)
2024-10-30T16:32:49.439+0100	INFO	IDSS	server/idss_main.go:364	Received incoming from QmbvLEyecLKJzWEaF1DwJjSpjjFZhytBLyvaLPyV6JB5Jx
2024-10-30T16:32:49.439+0100	INFO	IDSS	server/idss_main.go:400	Query received:
On peer QmfL7YfqPeAax7XMx3eV8AzsJbZarFKg45jVy8p9Rtn9sq 
UQI: QmVT4nXkCcghnSgaxCMuF3seddRXZCZSajtdrfGJXDxmZB-1730302369075974629
TTL: 1.125000 
From: QmbvLEyecLKJzWEaF1DwJjSpjjFZhytBLyvaLPyV6JB5Jx
2024-10-30T16:32:49.440+0100	WARN	IDSS	server/idss_main.go:409	Duplicate query received on Peer: QmfL7YfqPeAax7XMx3eV8AzsJbZarFKg45jVy8p9Rtn9sq get Client
 (UQI: QmVT4nXkCcghnSgaxCMuF3seddRXZCZSajtdrfGJXDxmZB-1730302369075974629)
2024-10-30T16:32:49.496+0100	INFO	IDSS	server/idss_main.go:364	Received incoming from QmaCZ6PGzv7TqjNbcyVqzfH5KsuX5YE4AE1QYDCDcK49Ep
2024-10-30T16:32:49.496+0100	INFO	IDSS	server/idss_main.go:400	Query received:
On peer QmfL7YfqPeAax7XMx3eV8AzsJbZarFKg45jVy8p9Rtn9sq 
UQI: QmVT4nXkCcghnSgaxCMuF3seddRXZCZSajtdrfGJXDxmZB-1730302369075974629
TTL: 1.125000 
From: QmaCZ6PGzv7TqjNbcyVqzfH5KsuX5YE4AE1QYDCDcK49Ep
2024-10-30T16:32:49.496+0100	WARN	IDSS	server/idss_main.go:409	Duplicate query received on Peer: QmfL7YfqPeAax7XMx3eV8AzsJbZarFKg45jVy8p9Rtn9sq get Client
 (UQI: QmVT4nXkCcghnSgaxCMuF3seddRXZCZSajtdrfGJXDxmZB-1730302369075974629)
2024-10-30T16:32:50.465+0100	WARN	IDSS	server/idss_main.go:604	Response timeout from peer QmQpQXB1b7TmgWsv6pvRMqwMMPyn1sJ7SbjuhdK6r5daQG
2024-10-30T16:32:50.468+0100	WARN	IDSS	server/idss_main.go:604	Response timeout from peer QmbvLEyecLKJzWEaF1DwJjSpjjFZhytBLyvaLPyV6JB5Jx
2024-10-30T16:32:50.468+0100	WARN	IDSS	server/idss_main.go:604	Response timeout from peer QmY3KziLnhU6RCNc9uSgBaP6CZFwSUUMij2XXcNYC6mUX4
2024-10-30T16:32:50.468+0100	WARN	IDSS	server/idss_main.go:604	Response timeout from peer QmTjaGMytF5yVvUt7xwPyQMMdaxK53sBp8mnWAFQb4RVg8
2024-10-30T16:32:50.468+0100	WARN	IDSS	server/idss_main.go:604	Response timeout from peer Qmcq2Fi6i1ufA6cWD5PhHCbDcLbXz3zr43gmqZD7auG977
2024-10-30T16:32:50.468+0100	WARN	IDSS	server/idss_main.go:604	Response timeout from peer QmZV3TbhWtfrDkYAnFJVMYUZUU9fMYp7UJzjfCHDv9qr5A
2024-10-30T16:32:50.468+0100	WARN	IDSS	server/idss_main.go:604	Response timeout from peer QmX87h1VTfYQK5n2DCVHzHua6YV21QVTxtn6JQD4P6Up3k
2024-10-30T16:32:50.468+0100	WARN	IDSS	server/idss_main.go:604	Response timeout from peer QmaUyzWdNRMfEHLTVieiUysBr8vC2N3VUexp92Jcjdi4QZ
2024-10-30T16:32:50.468+0100	WARN	IDSS	server/idss_main.go:604	Response timeout from peer QmaCZ6PGzv7TqjNbcyVqzfH5KsuX5YE4AE1QYDCDcK49Ep
2024-10-30T16:32:50.468+0100	WARN	IDSS	server/idss_main.go:604	Response timeout from peer QmTS2oW64P5TvNk61d5Hj9P4AFim7J9Dtp9sNQ14mdrhqx
2024-10-30T16:32:50.469+0100	WARN	IDSS	server/idss_main.go:604	Response timeout from peer QmZajqudreu5rkvjDADMY7g16UitD7RkWSQpr7cBaf5R8f
2024-10-30T16:32:50.470+0100	INFO	IDSS	server/idss_main.go:658	DONE merging local and remote results
2024-10-30T16:32:50.506+0100	INFO	IDSS	server/idss_main.go:695	This is an intermediate peer QmfL7YfqPeAax7XMx3eV8AzsJbZarFKg45jVy8p9Rtn9sq. Merging results to send to parent peer QmfL7YfqPeAax7XMx3eV8AzsJbZarFKg45jVy8p9Rtn9sq
2024-10-30T16:32:50.506+0100	INFO	IDSS	server/idss_main.go:710	Sending merged result to peer QmYzmFZrD7oeB5Ln2Qkz4FKJ6X5amj7quked8RJUHQGty4
2024-10-30T16:32:50.506+0100	INFO	IDSS	server/idss_main.go:712	Record count: 100
2024-10-30T16:32:50.507+0100	INFO	IDSS	server/idss_main.go:731	Successfully sent merged result to peer QmYzmFZrD7oeB5Ln2Qkz4FKJ6X5amj7quked8RJUHQGty4
2024-10-30T16:33:03.291+0100	INFO	IDSS	server/idss_main.go:364	Received incoming from QmYzmFZrD7oeB5Ln2Qkz4FKJ6X5amj7quked8RJUHQGty4
2024-10-30T16:33:03.291+0100	INFO	IDSS	server/idss_main.go:400	Query received:
On peer QmfL7YfqPeAax7XMx3eV8AzsJbZarFKg45jVy8p9Rtn9sq 
UQI: QmVT4nXkCcghnSgaxCMuF3seddRXZCZSajtdrfGJXDxmZB-1730302383238050570
TTL: 1.500000 
From: QmYzmFZrD7oeB5Ln2Qkz4FKJ6X5amj7quked8RJUHQGty4
2024-10-30T16:33:03.388+0100	INFO	IDSS	server/idss_main.go:417	This is a new query on this peer
2024-10-30T16:33:03.388+0100	INFO	IDSS	server/idss_main.go:423	Entering executeAndBroadcastQuery...
2024-10-30T16:33:03.389+0100	INFO	IDSS	server/idss_main.go:857	Executing get Client
 locally in QmfL7YfqPeAax7XMx3eV8AzsJbZarFKg45jVy8p9Rtn9sq
2024-10-30T16:33:03.465+0100	INFO	IDSS	server/idss_main.go:364	Received incoming from QmZV3TbhWtfrDkYAnFJVMYUZUU9fMYp7UJzjfCHDv9qr5A
2024-10-30T16:33:03.465+0100	INFO	IDSS	server/idss_main.go:400	Query received:
On peer QmfL7YfqPeAax7XMx3eV8AzsJbZarFKg45jVy8p9Rtn9sq 
UQI: QmVT4nXkCcghnSgaxCMuF3seddRXZCZSajtdrfGJXDxmZB-1730302383238050570
TTL: 1.125000 
From: QmZV3TbhWtfrDkYAnFJVMYUZUU9fMYp7UJzjfCHDv9qr5A
2024-10-30T16:33:03.467+0100	INFO	IDSS	server/idss_main.go:364	Received incoming from QmaCZ6PGzv7TqjNbcyVqzfH5KsuX5YE4AE1QYDCDcK49Ep
2024-10-30T16:33:03.467+0100	INFO	IDSS	server/idss_main.go:400	Query received:
On peer QmfL7YfqPeAax7XMx3eV8AzsJbZarFKg45jVy8p9Rtn9sq 
UQI: QmVT4nXkCcghnSgaxCMuF3seddRXZCZSajtdrfGJXDxmZB-1730302383238050570
TTL: 1.125000 
From: QmaCZ6PGzv7TqjNbcyVqzfH5KsuX5YE4AE1QYDCDcK49Ep
2024-10-30T16:33:03.477+0100	INFO	IDSS	server/idss_main.go:364	Received incoming from QmZajqudreu5rkvjDADMY7g16UitD7RkWSQpr7cBaf5R8f
2024-10-30T16:33:03.478+0100	INFO	IDSS	server/idss_main.go:400	Query received:
On peer QmfL7YfqPeAax7XMx3eV8AzsJbZarFKg45jVy8p9Rtn9sq 
UQI: QmVT4nXkCcghnSgaxCMuF3seddRXZCZSajtdrfGJXDxmZB-1730302383238050570
TTL: 1.125000 
From: QmZajqudreu5rkvjDADMY7g16UitD7RkWSQpr7cBaf5R8f
2024-10-30T16:33:03.490+0100	INFO	IDSS	server/idss_main.go:364	Received incoming from QmTjaGMytF5yVvUt7xwPyQMMdaxK53sBp8mnWAFQb4RVg8
2024-10-30T16:33:03.490+0100	INFO	IDSS	server/idss_main.go:400	Query received:
On peer QmfL7YfqPeAax7XMx3eV8AzsJbZarFKg45jVy8p9Rtn9sq 
UQI: QmVT4nXkCcghnSgaxCMuF3seddRXZCZSajtdrfGJXDxmZB-1730302383238050570
TTL: 1.125000 
From: QmTjaGMytF5yVvUt7xwPyQMMdaxK53sBp8mnWAFQb4RVg8
2024-10-30T16:33:03.491+0100	INFO	IDSS	server/idss_main.go:364	Received incoming from QmbvLEyecLKJzWEaF1DwJjSpjjFZhytBLyvaLPyV6JB5Jx
2024-10-30T16:33:03.491+0100	INFO	IDSS	server/idss_main.go:400	Query received:
On peer QmfL7YfqPeAax7XMx3eV8AzsJbZarFKg45jVy8p9Rtn9sq 
UQI: QmVT4nXkCcghnSgaxCMuF3seddRXZCZSajtdrfGJXDxmZB-1730302383238050570
TTL: 1.125000 
From: QmbvLEyecLKJzWEaF1DwJjSpjjFZhytBLyvaLPyV6JB5Jx
2024-10-30T16:33:03.504+0100	INFO	IDSS	server/idss_main.go:364	Received incoming from QmaUyzWdNRMfEHLTVieiUysBr8vC2N3VUexp92Jcjdi4QZ
2024-10-30T16:33:03.504+0100	INFO	IDSS	server/idss_main.go:400	Query received:
On peer QmfL7YfqPeAax7XMx3eV8AzsJbZarFKg45jVy8p9Rtn9sq 
UQI: QmVT4nXkCcghnSgaxCMuF3seddRXZCZSajtdrfGJXDxmZB-1730302383238050570
TTL: 1.125000 
From: QmaUyzWdNRMfEHLTVieiUysBr8vC2N3VUexp92Jcjdi4QZ
2024-10-30T16:33:03.509+0100	INFO	IDSS	server/idss_main.go:364	Received incoming from QmTS2oW64P5TvNk61d5Hj9P4AFim7J9Dtp9sNQ14mdrhqx
2024-10-30T16:33:03.510+0100	INFO	IDSS	server/idss_main.go:400	Query received:
On peer QmfL7YfqPeAax7XMx3eV8AzsJbZarFKg45jVy8p9Rtn9sq 
UQI: QmVT4nXkCcghnSgaxCMuF3seddRXZCZSajtdrfGJXDxmZB-1730302383238050570
TTL: 1.125000 
From: QmTS2oW64P5TvNk61d5Hj9P4AFim7J9Dtp9sNQ14mdrhqx
2024-10-30T16:33:03.532+0100	INFO	IDSS	server/idss_main.go:364	Received incoming from Qmcq2Fi6i1ufA6cWD5PhHCbDcLbXz3zr43gmqZD7auG977
2024-10-30T16:33:03.532+0100	INFO	IDSS	server/idss_main.go:400	Query received:
On peer QmfL7YfqPeAax7XMx3eV8AzsJbZarFKg45jVy8p9Rtn9sq 
UQI: QmVT4nXkCcghnSgaxCMuF3seddRXZCZSajtdrfGJXDxmZB-1730302383238050570
TTL: 1.125000 
From: Qmcq2Fi6i1ufA6cWD5PhHCbDcLbXz3zr43gmqZD7auG977
2024-10-30T16:33:03.534+0100	INFO	IDSS	server/idss_main.go:449	Local query executed successfully
2024-10-30T16:33:03.537+0100	WARN	IDSS	server/idss_main.go:409	Duplicate query received on Peer: QmfL7YfqPeAax7XMx3eV8AzsJbZarFKg45jVy8p9Rtn9sq get Client
 (UQI: QmVT4nXkCcghnSgaxCMuF3seddRXZCZSajtdrfGJXDxmZB-1730302383238050570)
2024-10-30T16:33:03.537+0100	INFO	IDSS	server/idss_main.go:463	Sender address updated to: QmfL7YfqPeAax7XMx3eV8AzsJbZarFKg45jVy8p9Rtn9sq
2024-10-30T16:33:03.537+0100	WARN	IDSS	server/idss_main.go:409	Duplicate query received on Peer: QmfL7YfqPeAax7XMx3eV8AzsJbZarFKg45jVy8p9Rtn9sq get Client
 (UQI: QmVT4nXkCcghnSgaxCMuF3seddRXZCZSajtdrfGJXDxmZB-1730302383238050570)
2024-10-30T16:33:03.537+0100	INFO	IDSS	server/idss_main.go:513	Broadcasting query in peer: QmfL7YfqPeAax7XMx3eV8AzsJbZarFKg45jVy8p9Rtn9sq, Parent peer QmYzmFZrD7oeB5Ln2Qkz4FKJ6X5amj7quked8RJUHQGty4 
2024-10-30T16:33:03.538+0100	INFO	IDSS	server/idss_main.go:545	TTL in QmfL7YfqPeAax7XMx3eV8AzsJbZarFKg45jVy8p9Rtn9sq after decrement: 1.125000
2024-10-30T16:33:03.538+0100	WARN	IDSS	server/idss_main.go:409	Duplicate query received on Peer: QmfL7YfqPeAax7XMx3eV8AzsJbZarFKg45jVy8p9Rtn9sq get Client
 (UQI: QmVT4nXkCcghnSgaxCMuF3seddRXZCZSajtdrfGJXDxmZB-1730302383238050570)
2024-10-30T16:33:03.538+0100	INFO	IDSS	server/idss_main.go:644	Peer QmfL7YfqPeAax7XMx3eV8AzsJbZarFKg45jVy8p9Rtn9sq waiting for overlay peers results...
2024-10-30T16:33:03.538+0100	INFO	IDSS	server/idss_main.go:651	Overlay peers peer results collected, start merging...
2024-10-30T16:33:03.535+0100	WARN	IDSS	server/idss_main.go:409	Duplicate query received on Peer: QmfL7YfqPeAax7XMx3eV8AzsJbZarFKg45jVy8p9Rtn9sq get Client
 (UQI: QmVT4nXkCcghnSgaxCMuF3seddRXZCZSajtdrfGJXDxmZB-1730302383238050570)
2024-10-30T16:33:03.538+0100	WARN	IDSS	server/idss_main.go:409	Duplicate query received on Peer: QmfL7YfqPeAax7XMx3eV8AzsJbZarFKg45jVy8p9Rtn9sq get Client
 (UQI: QmVT4nXkCcghnSgaxCMuF3seddRXZCZSajtdrfGJXDxmZB-1730302383238050570)
2024-10-30T16:33:03.539+0100	WARN	IDSS	server/idss_main.go:409	Duplicate query received on Peer: QmfL7YfqPeAax7XMx3eV8AzsJbZarFKg45jVy8p9Rtn9sq get Client
 (UQI: QmVT4nXkCcghnSgaxCMuF3seddRXZCZSajtdrfGJXDxmZB-1730302383238050570)
2024-10-30T16:33:03.539+0100	INFO	IDSS	server/idss_main.go:598	Query sent to peer QmZajqudreu5rkvjDADMY7g16UitD7RkWSQpr7cBaf5R8f, awaiting for response
2024-10-30T16:33:03.539+0100	WARN	IDSS	server/idss_main.go:409	Duplicate query received on Peer: QmfL7YfqPeAax7XMx3eV8AzsJbZarFKg45jVy8p9Rtn9sq get Client
 (UQI: QmVT4nXkCcghnSgaxCMuF3seddRXZCZSajtdrfGJXDxmZB-1730302383238050570)
2024-10-30T16:33:03.537+0100	WARN	IDSS	server/idss_main.go:409	Duplicate query received on Peer: QmfL7YfqPeAax7XMx3eV8AzsJbZarFKg45jVy8p9Rtn9sq get Client
 (UQI: QmVT4nXkCcghnSgaxCMuF3seddRXZCZSajtdrfGJXDxmZB-1730302383238050570)
2024-10-30T16:33:03.542+0100	INFO	IDSS	server/idss_main.go:598	Query sent to peer QmZV3TbhWtfrDkYAnFJVMYUZUU9fMYp7UJzjfCHDv9qr5A, awaiting for response
2024-10-30T16:33:03.543+0100	INFO	IDSS	server/idss_main.go:598	Query sent to peer QmaCZ6PGzv7TqjNbcyVqzfH5KsuX5YE4AE1QYDCDcK49Ep, awaiting for response
2024-10-30T16:33:03.544+0100	INFO	IDSS	server/idss_main.go:598	Query sent to peer QmTS2oW64P5TvNk61d5Hj9P4AFim7J9Dtp9sNQ14mdrhqx, awaiting for response
2024-10-30T16:33:03.545+0100	INFO	IDSS	server/idss_main.go:598	Query sent to peer QmQpQXB1b7TmgWsv6pvRMqwMMPyn1sJ7SbjuhdK6r5daQG, awaiting for response
2024-10-30T16:33:03.545+0100	INFO	IDSS	server/idss_main.go:598	Query sent to peer QmY3KziLnhU6RCNc9uSgBaP6CZFwSUUMij2XXcNYC6mUX4, awaiting for response
2024-10-30T16:33:03.545+0100	INFO	IDSS	server/idss_main.go:598	Query sent to peer QmbvLEyecLKJzWEaF1DwJjSpjjFZhytBLyvaLPyV6JB5Jx, awaiting for response
2024-10-30T16:33:03.545+0100	INFO	IDSS	server/idss_main.go:598	Query sent to peer QmTjaGMytF5yVvUt7xwPyQMMdaxK53sBp8mnWAFQb4RVg8, awaiting for response
2024-10-30T16:33:03.546+0100	INFO	IDSS	server/idss_main.go:598	Query sent to peer QmaUyzWdNRMfEHLTVieiUysBr8vC2N3VUexp92Jcjdi4QZ, awaiting for response
2024-10-30T16:33:03.547+0100	INFO	IDSS	server/idss_main.go:598	Query sent to peer Qmcq2Fi6i1ufA6cWD5PhHCbDcLbXz3zr43gmqZD7auG977, awaiting for response
2024-10-30T16:33:03.547+0100	INFO	IDSS	server/idss_main.go:598	Query sent to peer QmX87h1VTfYQK5n2DCVHzHua6YV21QVTxtn6JQD4P6Up3k, awaiting for response
2024-10-30T16:33:03.567+0100	INFO	IDSS	server/idss_main.go:364	Received incoming from QmY3KziLnhU6RCNc9uSgBaP6CZFwSUUMij2XXcNYC6mUX4
2024-10-30T16:33:03.567+0100	INFO	IDSS	server/idss_main.go:400	Query received:
On peer QmfL7YfqPeAax7XMx3eV8AzsJbZarFKg45jVy8p9Rtn9sq 
UQI: QmVT4nXkCcghnSgaxCMuF3seddRXZCZSajtdrfGJXDxmZB-1730302383238050570
TTL: 1.125000 
From: QmY3KziLnhU6RCNc9uSgBaP6CZFwSUUMij2XXcNYC6mUX4
2024-10-30T16:33:03.568+0100	WARN	IDSS	server/idss_main.go:409	Duplicate query received on Peer: QmfL7YfqPeAax7XMx3eV8AzsJbZarFKg45jVy8p9Rtn9sq get Client
 (UQI: QmVT4nXkCcghnSgaxCMuF3seddRXZCZSajtdrfGJXDxmZB-1730302383238050570)
2024-10-30T16:33:03.606+0100	INFO	IDSS	server/idss_main.go:364	Received incoming from QmX87h1VTfYQK5n2DCVHzHua6YV21QVTxtn6JQD4P6Up3k
2024-10-30T16:33:03.607+0100	INFO	IDSS	server/idss_main.go:400	Query received:
On peer QmfL7YfqPeAax7XMx3eV8AzsJbZarFKg45jVy8p9Rtn9sq 
UQI: QmVT4nXkCcghnSgaxCMuF3seddRXZCZSajtdrfGJXDxmZB-1730302383238050570
TTL: 1.125000 
From: QmX87h1VTfYQK5n2DCVHzHua6YV21QVTxtn6JQD4P6Up3k
2024-10-30T16:33:03.607+0100	WARN	IDSS	server/idss_main.go:409	Duplicate query received on Peer: QmfL7YfqPeAax7XMx3eV8AzsJbZarFKg45jVy8p9Rtn9sq get Client
 (UQI: QmVT4nXkCcghnSgaxCMuF3seddRXZCZSajtdrfGJXDxmZB-1730302383238050570)
2024-10-30T16:33:03.685+0100	INFO	IDSS	server/idss_main.go:364	Received incoming from QmQpQXB1b7TmgWsv6pvRMqwMMPyn1sJ7SbjuhdK6r5daQG
2024-10-30T16:33:03.685+0100	INFO	IDSS	server/idss_main.go:400	Query received:
On peer QmfL7YfqPeAax7XMx3eV8AzsJbZarFKg45jVy8p9Rtn9sq 
UQI: QmVT4nXkCcghnSgaxCMuF3seddRXZCZSajtdrfGJXDxmZB-1730302383238050570
TTL: 1.125000 
From: QmQpQXB1b7TmgWsv6pvRMqwMMPyn1sJ7SbjuhdK6r5daQG
2024-10-30T16:33:03.686+0100	WARN	IDSS	server/idss_main.go:409	Duplicate query received on Peer: QmfL7YfqPeAax7XMx3eV8AzsJbZarFKg45jVy8p9Rtn9sq get Client
 (UQI: QmVT4nXkCcghnSgaxCMuF3seddRXZCZSajtdrfGJXDxmZB-1730302383238050570)
2024-10-30T16:33:04.664+0100	WARN	IDSS	server/idss_main.go:604	Response timeout from peer QmZajqudreu5rkvjDADMY7g16UitD7RkWSQpr7cBaf5R8f
2024-10-30T16:33:04.665+0100	WARN	IDSS	server/idss_main.go:604	Response timeout from peer QmaCZ6PGzv7TqjNbcyVqzfH5KsuX5YE4AE1QYDCDcK49Ep
2024-10-30T16:33:04.665+0100	WARN	IDSS	server/idss_main.go:604	Response timeout from peer QmZV3TbhWtfrDkYAnFJVMYUZUU9fMYp7UJzjfCHDv9qr5A
2024-10-30T16:33:04.665+0100	WARN	IDSS	server/idss_main.go:604	Response timeout from peer QmTS2oW64P5TvNk61d5Hj9P4AFim7J9Dtp9sNQ14mdrhqx
2024-10-30T16:33:04.665+0100	WARN	IDSS	server/idss_main.go:604	Response timeout from peer QmY3KziLnhU6RCNc9uSgBaP6CZFwSUUMij2XXcNYC6mUX4
2024-10-30T16:33:04.665+0100	WARN	IDSS	server/idss_main.go:604	Response timeout from peer QmTjaGMytF5yVvUt7xwPyQMMdaxK53sBp8mnWAFQb4RVg8
2024-10-30T16:33:04.665+0100	WARN	IDSS	server/idss_main.go:604	Response timeout from peer QmbvLEyecLKJzWEaF1DwJjSpjjFZhytBLyvaLPyV6JB5Jx
2024-10-30T16:33:04.665+0100	WARN	IDSS	server/idss_main.go:604	Response timeout from peer Qmcq2Fi6i1ufA6cWD5PhHCbDcLbXz3zr43gmqZD7auG977
2024-10-30T16:33:04.665+0100	WARN	IDSS	server/idss_main.go:604	Response timeout from peer QmaUyzWdNRMfEHLTVieiUysBr8vC2N3VUexp92Jcjdi4QZ
2024-10-30T16:33:04.665+0100	WARN	IDSS	server/idss_main.go:604	Response timeout from peer QmQpQXB1b7TmgWsv6pvRMqwMMPyn1sJ7SbjuhdK6r5daQG
2024-10-30T16:33:04.665+0100	WARN	IDSS	server/idss_main.go:604	Response timeout from peer QmX87h1VTfYQK5n2DCVHzHua6YV21QVTxtn6JQD4P6Up3k
2024-10-30T16:33:04.665+0100	INFO	IDSS	server/idss_main.go:658	DONE merging local and remote results
2024-10-30T16:33:04.690+0100	INFO	IDSS	server/idss_main.go:695	This is an intermediate peer QmfL7YfqPeAax7XMx3eV8AzsJbZarFKg45jVy8p9Rtn9sq. Merging results to send to parent peer QmfL7YfqPeAax7XMx3eV8AzsJbZarFKg45jVy8p9Rtn9sq
2024-10-30T16:33:04.690+0100	INFO	IDSS	server/idss_main.go:710	Sending merged result to peer QmYzmFZrD7oeB5Ln2Qkz4FKJ6X5amj7quked8RJUHQGty4
2024-10-30T16:33:04.690+0100	INFO	IDSS	server/idss_main.go:712	Record count: 100
2024-10-30T16:33:04.690+0100	INFO	IDSS	server/idss_main.go:731	Successfully sent merged result to peer QmYzmFZrD7oeB5Ln2Qkz4FKJ6X5amj7quked8RJUHQGty4
2024-10-30T16:33:26.067+0100	INFO	IDSS	server/idss_main.go:364	Received incoming from QmYzmFZrD7oeB5Ln2Qkz4FKJ6X5amj7quked8RJUHQGty4
2024-10-30T16:33:26.067+0100	INFO	IDSS	server/idss_main.go:400	Query received:
On peer QmfL7YfqPeAax7XMx3eV8AzsJbZarFKg45jVy8p9Rtn9sq 
UQI: QmVT4nXkCcghnSgaxCMuF3seddRXZCZSajtdrfGJXDxmZB-1730302406007796947
TTL: 1.500000 
From: QmYzmFZrD7oeB5Ln2Qkz4FKJ6X5amj7quked8RJUHQGty4
2024-10-30T16:33:26.242+0100	INFO	IDSS	server/idss_main.go:417	This is a new query on this peer
2024-10-30T16:33:26.242+0100	INFO	IDSS	server/idss_main.go:423	Entering executeAndBroadcastQuery...
2024-10-30T16:33:26.242+0100	INFO	IDSS	server/idss_main.go:857	Executing get Client
 locally in QmfL7YfqPeAax7XMx3eV8AzsJbZarFKg45jVy8p9Rtn9sq
2024-10-30T16:33:26.303+0100	INFO	IDSS	server/idss_main.go:364	Received incoming from QmbvLEyecLKJzWEaF1DwJjSpjjFZhytBLyvaLPyV6JB5Jx
2024-10-30T16:33:26.303+0100	INFO	IDSS	server/idss_main.go:400	Query received:
On peer QmfL7YfqPeAax7XMx3eV8AzsJbZarFKg45jVy8p9Rtn9sq 
UQI: QmVT4nXkCcghnSgaxCMuF3seddRXZCZSajtdrfGJXDxmZB-1730302406007796947
TTL: 1.125000 
From: QmbvLEyecLKJzWEaF1DwJjSpjjFZhytBLyvaLPyV6JB5Jx
2024-10-30T16:33:26.310+0100	INFO	IDSS	server/idss_main.go:364	Received incoming from QmTjaGMytF5yVvUt7xwPyQMMdaxK53sBp8mnWAFQb4RVg8
2024-10-30T16:33:26.314+0100	INFO	IDSS	server/idss_main.go:400	Query received:
On peer QmfL7YfqPeAax7XMx3eV8AzsJbZarFKg45jVy8p9Rtn9sq 
UQI: QmVT4nXkCcghnSgaxCMuF3seddRXZCZSajtdrfGJXDxmZB-1730302406007796947
TTL: 1.125000 
From: QmTjaGMytF5yVvUt7xwPyQMMdaxK53sBp8mnWAFQb4RVg8
2024-10-30T16:33:26.315+0100	INFO	IDSS	server/idss_main.go:364	Received incoming from Qmcq2Fi6i1ufA6cWD5PhHCbDcLbXz3zr43gmqZD7auG977
2024-10-30T16:33:26.316+0100	INFO	IDSS	server/idss_main.go:400	Query received:
On peer QmfL7YfqPeAax7XMx3eV8AzsJbZarFKg45jVy8p9Rtn9sq 
UQI: QmVT4nXkCcghnSgaxCMuF3seddRXZCZSajtdrfGJXDxmZB-1730302406007796947
TTL: 1.125000 
From: Qmcq2Fi6i1ufA6cWD5PhHCbDcLbXz3zr43gmqZD7auG977
2024-10-30T16:33:26.321+0100	INFO	IDSS	server/idss_main.go:364	Received incoming from QmaCZ6PGzv7TqjNbcyVqzfH5KsuX5YE4AE1QYDCDcK49Ep
2024-10-30T16:33:26.321+0100	INFO	IDSS	server/idss_main.go:400	Query received:
On peer QmfL7YfqPeAax7XMx3eV8AzsJbZarFKg45jVy8p9Rtn9sq 
UQI: QmVT4nXkCcghnSgaxCMuF3seddRXZCZSajtdrfGJXDxmZB-1730302406007796947
TTL: 1.125000 
From: QmaCZ6PGzv7TqjNbcyVqzfH5KsuX5YE4AE1QYDCDcK49Ep
2024-10-30T16:33:26.329+0100	WARN	IDSS	server/idss_main.go:409	Duplicate query received on Peer: QmfL7YfqPeAax7XMx3eV8AzsJbZarFKg45jVy8p9Rtn9sq get Client
 (UQI: QmVT4nXkCcghnSgaxCMuF3seddRXZCZSajtdrfGJXDxmZB-1730302406007796947)
2024-10-30T16:33:26.329+0100	WARN	IDSS	server/idss_main.go:409	Duplicate query received on Peer: QmfL7YfqPeAax7XMx3eV8AzsJbZarFKg45jVy8p9Rtn9sq get Client
 (UQI: QmVT4nXkCcghnSgaxCMuF3seddRXZCZSajtdrfGJXDxmZB-1730302406007796947)
2024-10-30T16:33:26.330+0100	WARN	IDSS	server/idss_main.go:409	Duplicate query received on Peer: QmfL7YfqPeAax7XMx3eV8AzsJbZarFKg45jVy8p9Rtn9sq get Client
 (UQI: QmVT4nXkCcghnSgaxCMuF3seddRXZCZSajtdrfGJXDxmZB-1730302406007796947)
2024-10-30T16:33:26.331+0100	WARN	IDSS	server/idss_main.go:409	Duplicate query received on Peer: QmfL7YfqPeAax7XMx3eV8AzsJbZarFKg45jVy8p9Rtn9sq get Client
 (UQI: QmVT4nXkCcghnSgaxCMuF3seddRXZCZSajtdrfGJXDxmZB-1730302406007796947)
2024-10-30T16:33:26.334+0100	INFO	IDSS	server/idss_main.go:364	Received incoming from QmZV3TbhWtfrDkYAnFJVMYUZUU9fMYp7UJzjfCHDv9qr5A
2024-10-30T16:33:26.337+0100	INFO	IDSS	server/idss_main.go:364	Received incoming from QmQpQXB1b7TmgWsv6pvRMqwMMPyn1sJ7SbjuhdK6r5daQG
2024-10-30T16:33:26.337+0100	INFO	IDSS	server/idss_main.go:400	Query received:
On peer QmfL7YfqPeAax7XMx3eV8AzsJbZarFKg45jVy8p9Rtn9sq 
UQI: QmVT4nXkCcghnSgaxCMuF3seddRXZCZSajtdrfGJXDxmZB-1730302406007796947
TTL: 1.125000 
From: QmQpQXB1b7TmgWsv6pvRMqwMMPyn1sJ7SbjuhdK6r5daQG
2024-10-30T16:33:26.337+0100	WARN	IDSS	server/idss_main.go:409	Duplicate query received on Peer: QmfL7YfqPeAax7XMx3eV8AzsJbZarFKg45jVy8p9Rtn9sq get Client
 (UQI: QmVT4nXkCcghnSgaxCMuF3seddRXZCZSajtdrfGJXDxmZB-1730302406007796947)
2024-10-30T16:33:26.338+0100	INFO	IDSS	server/idss_main.go:400	Query received:
On peer QmfL7YfqPeAax7XMx3eV8AzsJbZarFKg45jVy8p9Rtn9sq 
UQI: QmVT4nXkCcghnSgaxCMuF3seddRXZCZSajtdrfGJXDxmZB-1730302406007796947
TTL: 1.125000 
From: QmZV3TbhWtfrDkYAnFJVMYUZUU9fMYp7UJzjfCHDv9qr5A
2024-10-30T16:33:26.338+0100	WARN	IDSS	server/idss_main.go:409	Duplicate query received on Peer: QmfL7YfqPeAax7XMx3eV8AzsJbZarFKg45jVy8p9Rtn9sq get Client
 (UQI: QmVT4nXkCcghnSgaxCMuF3seddRXZCZSajtdrfGJXDxmZB-1730302406007796947)
2024-10-30T16:33:26.327+0100	INFO	IDSS	server/idss_main.go:449	Local query executed successfully
2024-10-30T16:33:26.340+0100	INFO	IDSS	server/idss_main.go:463	Sender address updated to: QmfL7YfqPeAax7XMx3eV8AzsJbZarFKg45jVy8p9Rtn9sq
2024-10-30T16:33:26.340+0100	INFO	IDSS	server/idss_main.go:513	Broadcasting query in peer: QmfL7YfqPeAax7XMx3eV8AzsJbZarFKg45jVy8p9Rtn9sq, Parent peer QmYzmFZrD7oeB5Ln2Qkz4FKJ6X5amj7quked8RJUHQGty4 
2024-10-30T16:33:26.340+0100	INFO	IDSS	server/idss_main.go:545	TTL in QmfL7YfqPeAax7XMx3eV8AzsJbZarFKg45jVy8p9Rtn9sq after decrement: 1.125000
2024-10-30T16:33:26.340+0100	INFO	IDSS	server/idss_main.go:644	Peer QmfL7YfqPeAax7XMx3eV8AzsJbZarFKg45jVy8p9Rtn9sq waiting for overlay peers results...
2024-10-30T16:33:26.340+0100	INFO	IDSS	server/idss_main.go:651	Overlay peers peer results collected, start merging...
2024-10-30T16:33:26.341+0100	INFO	IDSS	server/idss_main.go:598	Query sent to peer QmbvLEyecLKJzWEaF1DwJjSpjjFZhytBLyvaLPyV6JB5Jx, awaiting for response
2024-10-30T16:33:26.341+0100	INFO	IDSS	server/idss_main.go:598	Query sent to peer QmZajqudreu5rkvjDADMY7g16UitD7RkWSQpr7cBaf5R8f, awaiting for response
2024-10-30T16:33:26.341+0100	INFO	IDSS	server/idss_main.go:598	Query sent to peer QmZV3TbhWtfrDkYAnFJVMYUZUU9fMYp7UJzjfCHDv9qr5A, awaiting for response
2024-10-30T16:33:26.342+0100	INFO	IDSS	server/idss_main.go:598	Query sent to peer QmaCZ6PGzv7TqjNbcyVqzfH5KsuX5YE4AE1QYDCDcK49Ep, awaiting for response
2024-10-30T16:33:26.343+0100	INFO	IDSS	server/idss_main.go:598	Query sent to peer QmTS2oW64P5TvNk61d5Hj9P4AFim7J9Dtp9sNQ14mdrhqx, awaiting for response
2024-10-30T16:33:26.344+0100	INFO	IDSS	server/idss_main.go:598	Query sent to peer QmQpQXB1b7TmgWsv6pvRMqwMMPyn1sJ7SbjuhdK6r5daQG, awaiting for response
2024-10-30T16:33:26.346+0100	INFO	IDSS	server/idss_main.go:598	Query sent to peer QmTjaGMytF5yVvUt7xwPyQMMdaxK53sBp8mnWAFQb4RVg8, awaiting for response
2024-10-30T16:33:26.347+0100	INFO	IDSS	server/idss_main.go:598	Query sent to peer Qmcq2Fi6i1ufA6cWD5PhHCbDcLbXz3zr43gmqZD7auG977, awaiting for response
2024-10-30T16:33:26.347+0100	INFO	IDSS	server/idss_main.go:598	Query sent to peer QmY3KziLnhU6RCNc9uSgBaP6CZFwSUUMij2XXcNYC6mUX4, awaiting for response
2024-10-30T16:33:26.347+0100	INFO	IDSS	server/idss_main.go:598	Query sent to peer QmaUyzWdNRMfEHLTVieiUysBr8vC2N3VUexp92Jcjdi4QZ, awaiting for response
2024-10-30T16:33:26.347+0100	INFO	IDSS	server/idss_main.go:598	Query sent to peer QmX87h1VTfYQK5n2DCVHzHua6YV21QVTxtn6JQD4P6Up3k, awaiting for response
2024-10-30T16:33:26.358+0100	INFO	IDSS	server/idss_main.go:364	Received incoming from QmTS2oW64P5TvNk61d5Hj9P4AFim7J9Dtp9sNQ14mdrhqx
2024-10-30T16:33:26.359+0100	INFO	IDSS	server/idss_main.go:400	Query received:
On peer QmfL7YfqPeAax7XMx3eV8AzsJbZarFKg45jVy8p9Rtn9sq 
UQI: QmVT4nXkCcghnSgaxCMuF3seddRXZCZSajtdrfGJXDxmZB-1730302406007796947
TTL: 1.125000 
From: QmTS2oW64P5TvNk61d5Hj9P4AFim7J9Dtp9sNQ14mdrhqx
2024-10-30T16:33:26.359+0100	WARN	IDSS	server/idss_main.go:409	Duplicate query received on Peer: QmfL7YfqPeAax7XMx3eV8AzsJbZarFKg45jVy8p9Rtn9sq get Client
 (UQI: QmVT4nXkCcghnSgaxCMuF3seddRXZCZSajtdrfGJXDxmZB-1730302406007796947)
2024-10-30T16:33:26.359+0100	INFO	IDSS	server/idss_main.go:364	Received incoming from QmZajqudreu5rkvjDADMY7g16UitD7RkWSQpr7cBaf5R8f
2024-10-30T16:33:26.360+0100	INFO	IDSS	server/idss_main.go:400	Query received:
On peer QmfL7YfqPeAax7XMx3eV8AzsJbZarFKg45jVy8p9Rtn9sq 
UQI: QmVT4nXkCcghnSgaxCMuF3seddRXZCZSajtdrfGJXDxmZB-1730302406007796947
TTL: 1.125000 
From: QmZajqudreu5rkvjDADMY7g16UitD7RkWSQpr7cBaf5R8f
2024-10-30T16:33:26.360+0100	WARN	IDSS	server/idss_main.go:409	Duplicate query received on Peer: QmfL7YfqPeAax7XMx3eV8AzsJbZarFKg45jVy8p9Rtn9sq get Client
 (UQI: QmVT4nXkCcghnSgaxCMuF3seddRXZCZSajtdrfGJXDxmZB-1730302406007796947)
2024-10-30T16:33:26.411+0100	INFO	IDSS	server/idss_main.go:364	Received incoming from QmaUyzWdNRMfEHLTVieiUysBr8vC2N3VUexp92Jcjdi4QZ
2024-10-30T16:33:26.412+0100	INFO	IDSS	server/idss_main.go:400	Query received:
On peer QmfL7YfqPeAax7XMx3eV8AzsJbZarFKg45jVy8p9Rtn9sq 
UQI: QmVT4nXkCcghnSgaxCMuF3seddRXZCZSajtdrfGJXDxmZB-1730302406007796947
TTL: 1.125000 
From: QmaUyzWdNRMfEHLTVieiUysBr8vC2N3VUexp92Jcjdi4QZ
2024-10-30T16:33:26.412+0100	WARN	IDSS	server/idss_main.go:409	Duplicate query received on Peer: QmfL7YfqPeAax7XMx3eV8AzsJbZarFKg45jVy8p9Rtn9sq get Client
 (UQI: QmVT4nXkCcghnSgaxCMuF3seddRXZCZSajtdrfGJXDxmZB-1730302406007796947)
2024-10-30T16:33:26.433+0100	INFO	IDSS	server/idss_main.go:364	Received incoming from QmY3KziLnhU6RCNc9uSgBaP6CZFwSUUMij2XXcNYC6mUX4
2024-10-30T16:33:26.433+0100	INFO	IDSS	server/idss_main.go:400	Query received:
On peer QmfL7YfqPeAax7XMx3eV8AzsJbZarFKg45jVy8p9Rtn9sq 
UQI: QmVT4nXkCcghnSgaxCMuF3seddRXZCZSajtdrfGJXDxmZB-1730302406007796947
TTL: 1.125000 
From: QmY3KziLnhU6RCNc9uSgBaP6CZFwSUUMij2XXcNYC6mUX4
2024-10-30T16:33:26.434+0100	WARN	IDSS	server/idss_main.go:409	Duplicate query received on Peer: QmfL7YfqPeAax7XMx3eV8AzsJbZarFKg45jVy8p9Rtn9sq get Client
 (UQI: QmVT4nXkCcghnSgaxCMuF3seddRXZCZSajtdrfGJXDxmZB-1730302406007796947)
2024-10-30T16:33:26.478+0100	INFO	IDSS	server/idss_main.go:364	Received incoming from QmX87h1VTfYQK5n2DCVHzHua6YV21QVTxtn6JQD4P6Up3k
2024-10-30T16:33:26.479+0100	INFO	IDSS	server/idss_main.go:400	Query received:
On peer QmfL7YfqPeAax7XMx3eV8AzsJbZarFKg45jVy8p9Rtn9sq 
UQI: QmVT4nXkCcghnSgaxCMuF3seddRXZCZSajtdrfGJXDxmZB-1730302406007796947
TTL: 1.125000 
From: QmX87h1VTfYQK5n2DCVHzHua6YV21QVTxtn6JQD4P6Up3k
2024-10-30T16:33:26.479+0100	WARN	IDSS	server/idss_main.go:409	Duplicate query received on Peer: QmfL7YfqPeAax7XMx3eV8AzsJbZarFKg45jVy8p9Rtn9sq get Client
 (UQI: QmVT4nXkCcghnSgaxCMuF3seddRXZCZSajtdrfGJXDxmZB-1730302406007796947)
2024-10-30T16:33:27.466+0100	WARN	IDSS	server/idss_main.go:604	Response timeout from peer QmbvLEyecLKJzWEaF1DwJjSpjjFZhytBLyvaLPyV6JB5Jx
2024-10-30T16:33:27.466+0100	WARN	IDSS	server/idss_main.go:604	Response timeout from peer QmZajqudreu5rkvjDADMY7g16UitD7RkWSQpr7cBaf5R8f
2024-10-30T16:33:27.466+0100	WARN	IDSS	server/idss_main.go:604	Response timeout from peer QmZV3TbhWtfrDkYAnFJVMYUZUU9fMYp7UJzjfCHDv9qr5A
2024-10-30T16:33:27.467+0100	WARN	IDSS	server/idss_main.go:604	Response timeout from peer QmaCZ6PGzv7TqjNbcyVqzfH5KsuX5YE4AE1QYDCDcK49Ep
2024-10-30T16:33:27.468+0100	WARN	IDSS	server/idss_main.go:604	Response timeout from peer QmTS2oW64P5TvNk61d5Hj9P4AFim7J9Dtp9sNQ14mdrhqx
2024-10-30T16:33:27.470+0100	WARN	IDSS	server/idss_main.go:604	Response timeout from peer QmQpQXB1b7TmgWsv6pvRMqwMMPyn1sJ7SbjuhdK6r5daQG
2024-10-30T16:33:27.470+0100	WARN	IDSS	server/idss_main.go:604	Response timeout from peer QmY3KziLnhU6RCNc9uSgBaP6CZFwSUUMij2XXcNYC6mUX4
2024-10-30T16:33:27.471+0100	WARN	IDSS	server/idss_main.go:604	Response timeout from peer Qmcq2Fi6i1ufA6cWD5PhHCbDcLbXz3zr43gmqZD7auG977
2024-10-30T16:33:27.471+0100	WARN	IDSS	server/idss_main.go:604	Response timeout from peer QmTjaGMytF5yVvUt7xwPyQMMdaxK53sBp8mnWAFQb4RVg8
2024-10-30T16:33:27.472+0100	WARN	IDSS	server/idss_main.go:604	Response timeout from peer QmX87h1VTfYQK5n2DCVHzHua6YV21QVTxtn6JQD4P6Up3k
2024-10-30T16:33:27.472+0100	WARN	IDSS	server/idss_main.go:604	Response timeout from peer QmaUyzWdNRMfEHLTVieiUysBr8vC2N3VUexp92Jcjdi4QZ
2024-10-30T16:33:27.473+0100	INFO	IDSS	server/idss_main.go:658	DONE merging local and remote results
2024-10-30T16:33:27.509+0100	INFO	IDSS	server/idss_main.go:695	This is an intermediate peer QmfL7YfqPeAax7XMx3eV8AzsJbZarFKg45jVy8p9Rtn9sq. Merging results to send to parent peer QmfL7YfqPeAax7XMx3eV8AzsJbZarFKg45jVy8p9Rtn9sq
2024-10-30T16:33:27.509+0100	INFO	IDSS	server/idss_main.go:710	Sending merged result to peer QmYzmFZrD7oeB5Ln2Qkz4FKJ6X5amj7quked8RJUHQGty4
2024-10-30T16:33:27.509+0100	INFO	IDSS	server/idss_main.go:712	Record count: 100
2024-10-30T16:33:27.509+0100	INFO	IDSS	server/idss_main.go:731	Successfully sent merged result to peer QmYzmFZrD7oeB5Ln2Qkz4FKJ6X5amj7quked8RJUHQGty4
2024-10-30T16:33:33.574+0100	INFO	IDSS	server/idss_main.go:364	Received incoming from QmYzmFZrD7oeB5Ln2Qkz4FKJ6X5amj7quked8RJUHQGty4
2024-10-30T16:33:33.574+0100	INFO	IDSS	server/idss_main.go:400	Query received:
On peer QmfL7YfqPeAax7XMx3eV8AzsJbZarFKg45jVy8p9Rtn9sq 
UQI: QmVT4nXkCcghnSgaxCMuF3seddRXZCZSajtdrfGJXDxmZB-1730302413518736887
TTL: 1.500000 
From: QmYzmFZrD7oeB5Ln2Qkz4FKJ6X5amj7quked8RJUHQGty4
2024-10-30T16:33:33.690+0100	INFO	IDSS	server/idss_main.go:417	This is a new query on this peer
2024-10-30T16:33:33.696+0100	INFO	IDSS	server/idss_main.go:423	Entering executeAndBroadcastQuery...
2024-10-30T16:33:33.696+0100	INFO	IDSS	server/idss_main.go:857	Executing get Client
 locally in QmfL7YfqPeAax7XMx3eV8AzsJbZarFKg45jVy8p9Rtn9sq
2024-10-30T16:33:33.791+0100	INFO	IDSS	server/idss_main.go:364	Received incoming from QmZajqudreu5rkvjDADMY7g16UitD7RkWSQpr7cBaf5R8f
2024-10-30T16:33:33.791+0100	INFO	IDSS	server/idss_main.go:400	Query received:
On peer QmfL7YfqPeAax7XMx3eV8AzsJbZarFKg45jVy8p9Rtn9sq 
UQI: QmVT4nXkCcghnSgaxCMuF3seddRXZCZSajtdrfGJXDxmZB-1730302413518736887
TTL: 1.125000 
From: QmZajqudreu5rkvjDADMY7g16UitD7RkWSQpr7cBaf5R8f
2024-10-30T16:33:33.791+0100	INFO	IDSS	server/idss_main.go:364	Received incoming from QmZV3TbhWtfrDkYAnFJVMYUZUU9fMYp7UJzjfCHDv9qr5A
2024-10-30T16:33:33.792+0100	INFO	IDSS	server/idss_main.go:400	Query received:
On peer QmfL7YfqPeAax7XMx3eV8AzsJbZarFKg45jVy8p9Rtn9sq 
UQI: QmVT4nXkCcghnSgaxCMuF3seddRXZCZSajtdrfGJXDxmZB-1730302413518736887
TTL: 1.125000 
From: QmZV3TbhWtfrDkYAnFJVMYUZUU9fMYp7UJzjfCHDv9qr5A
2024-10-30T16:33:33.793+0100	INFO	IDSS	server/idss_main.go:364	Received incoming from QmaUyzWdNRMfEHLTVieiUysBr8vC2N3VUexp92Jcjdi4QZ
2024-10-30T16:33:33.793+0100	INFO	IDSS	server/idss_main.go:364	Received incoming from QmTS2oW64P5TvNk61d5Hj9P4AFim7J9Dtp9sNQ14mdrhqx
2024-10-30T16:33:33.793+0100	INFO	IDSS	server/idss_main.go:400	Query received:
On peer QmfL7YfqPeAax7XMx3eV8AzsJbZarFKg45jVy8p9Rtn9sq 
UQI: QmVT4nXkCcghnSgaxCMuF3seddRXZCZSajtdrfGJXDxmZB-1730302413518736887
TTL: 1.125000 
From: QmaUyzWdNRMfEHLTVieiUysBr8vC2N3VUexp92Jcjdi4QZ
2024-10-30T16:33:33.793+0100	INFO	IDSS	server/idss_main.go:400	Query received:
On peer QmfL7YfqPeAax7XMx3eV8AzsJbZarFKg45jVy8p9Rtn9sq 
UQI: QmVT4nXkCcghnSgaxCMuF3seddRXZCZSajtdrfGJXDxmZB-1730302413518736887
TTL: 1.125000 
From: QmTS2oW64P5TvNk61d5Hj9P4AFim7J9Dtp9sNQ14mdrhqx
2024-10-30T16:33:33.794+0100	INFO	IDSS	server/idss_main.go:364	Received incoming from QmY3KziLnhU6RCNc9uSgBaP6CZFwSUUMij2XXcNYC6mUX4
2024-10-30T16:33:33.794+0100	INFO	IDSS	server/idss_main.go:400	Query received:
On peer QmfL7YfqPeAax7XMx3eV8AzsJbZarFKg45jVy8p9Rtn9sq 
UQI: QmVT4nXkCcghnSgaxCMuF3seddRXZCZSajtdrfGJXDxmZB-1730302413518736887
TTL: 1.125000 
From: QmY3KziLnhU6RCNc9uSgBaP6CZFwSUUMij2XXcNYC6mUX4
2024-10-30T16:33:33.807+0100	INFO	IDSS	server/idss_main.go:364	Received incoming from QmaCZ6PGzv7TqjNbcyVqzfH5KsuX5YE4AE1QYDCDcK49Ep
2024-10-30T16:33:33.808+0100	INFO	IDSS	server/idss_main.go:400	Query received:
On peer QmfL7YfqPeAax7XMx3eV8AzsJbZarFKg45jVy8p9Rtn9sq 
UQI: QmVT4nXkCcghnSgaxCMuF3seddRXZCZSajtdrfGJXDxmZB-1730302413518736887
TTL: 1.125000 
From: QmaCZ6PGzv7TqjNbcyVqzfH5KsuX5YE4AE1QYDCDcK49Ep
2024-10-30T16:33:33.874+0100	INFO	IDSS	server/idss_main.go:364	Received incoming from Qmcq2Fi6i1ufA6cWD5PhHCbDcLbXz3zr43gmqZD7auG977
2024-10-30T16:33:33.874+0100	INFO	IDSS	server/idss_main.go:400	Query received:
On peer QmfL7YfqPeAax7XMx3eV8AzsJbZarFKg45jVy8p9Rtn9sq 
UQI: QmVT4nXkCcghnSgaxCMuF3seddRXZCZSajtdrfGJXDxmZB-1730302413518736887
TTL: 1.125000 
From: Qmcq2Fi6i1ufA6cWD5PhHCbDcLbXz3zr43gmqZD7auG977
2024-10-30T16:33:33.893+0100	WARN	IDSS	server/idss_main.go:409	Duplicate query received on Peer: QmfL7YfqPeAax7XMx3eV8AzsJbZarFKg45jVy8p9Rtn9sq get Client
 (UQI: QmVT4nXkCcghnSgaxCMuF3seddRXZCZSajtdrfGJXDxmZB-1730302413518736887)
2024-10-30T16:33:33.880+0100	INFO	IDSS	server/idss_main.go:364	Received incoming from QmX87h1VTfYQK5n2DCVHzHua6YV21QVTxtn6JQD4P6Up3k
2024-10-30T16:33:33.889+0100	INFO	IDSS	server/idss_main.go:364	Received incoming from QmTjaGMytF5yVvUt7xwPyQMMdaxK53sBp8mnWAFQb4RVg8
2024-10-30T16:33:33.891+0100	INFO	IDSS	server/idss_main.go:449	Local query executed successfully
2024-10-30T16:33:33.894+0100	WARN	IDSS	server/idss_main.go:409	Duplicate query received on Peer: QmfL7YfqPeAax7XMx3eV8AzsJbZarFKg45jVy8p9Rtn9sq get Client
 (UQI: QmVT4nXkCcghnSgaxCMuF3seddRXZCZSajtdrfGJXDxmZB-1730302413518736887)
2024-10-30T16:33:33.894+0100	WARN	IDSS	server/idss_main.go:409	Duplicate query received on Peer: QmfL7YfqPeAax7XMx3eV8AzsJbZarFKg45jVy8p9Rtn9sq get Client
 (UQI: QmVT4nXkCcghnSgaxCMuF3seddRXZCZSajtdrfGJXDxmZB-1730302413518736887)
2024-10-30T16:33:33.895+0100	WARN	IDSS	server/idss_main.go:409	Duplicate query received on Peer: QmfL7YfqPeAax7XMx3eV8AzsJbZarFKg45jVy8p9Rtn9sq get Client
 (UQI: QmVT4nXkCcghnSgaxCMuF3seddRXZCZSajtdrfGJXDxmZB-1730302413518736887)
2024-10-30T16:33:33.895+0100	WARN	IDSS	server/idss_main.go:409	Duplicate query received on Peer: QmfL7YfqPeAax7XMx3eV8AzsJbZarFKg45jVy8p9Rtn9sq get Client
 (UQI: QmVT4nXkCcghnSgaxCMuF3seddRXZCZSajtdrfGJXDxmZB-1730302413518736887)
2024-10-30T16:33:33.900+0100	WARN	IDSS	server/idss_main.go:409	Duplicate query received on Peer: QmfL7YfqPeAax7XMx3eV8AzsJbZarFKg45jVy8p9Rtn9sq get Client
 (UQI: QmVT4nXkCcghnSgaxCMuF3seddRXZCZSajtdrfGJXDxmZB-1730302413518736887)
2024-10-30T16:33:33.907+0100	INFO	IDSS	server/idss_main.go:400	Query received:
On peer QmfL7YfqPeAax7XMx3eV8AzsJbZarFKg45jVy8p9Rtn9sq 
UQI: QmVT4nXkCcghnSgaxCMuF3seddRXZCZSajtdrfGJXDxmZB-1730302413518736887
TTL: 1.125000 
From: QmX87h1VTfYQK5n2DCVHzHua6YV21QVTxtn6JQD4P6Up3k
2024-10-30T16:33:33.908+0100	WARN	IDSS	server/idss_main.go:409	Duplicate query received on Peer: QmfL7YfqPeAax7XMx3eV8AzsJbZarFKg45jVy8p9Rtn9sq get Client
 (UQI: QmVT4nXkCcghnSgaxCMuF3seddRXZCZSajtdrfGJXDxmZB-1730302413518736887)
2024-10-30T16:33:33.908+0100	INFO	IDSS	server/idss_main.go:400	Query received:
On peer QmfL7YfqPeAax7XMx3eV8AzsJbZarFKg45jVy8p9Rtn9sq 
UQI: QmVT4nXkCcghnSgaxCMuF3seddRXZCZSajtdrfGJXDxmZB-1730302413518736887
TTL: 1.125000 
From: QmTjaGMytF5yVvUt7xwPyQMMdaxK53sBp8mnWAFQb4RVg8
2024-10-30T16:33:33.909+0100	WARN	IDSS	server/idss_main.go:409	Duplicate query received on Peer: QmfL7YfqPeAax7XMx3eV8AzsJbZarFKg45jVy8p9Rtn9sq get Client
 (UQI: QmVT4nXkCcghnSgaxCMuF3seddRXZCZSajtdrfGJXDxmZB-1730302413518736887)
2024-10-30T16:33:33.910+0100	INFO	IDSS	server/idss_main.go:463	Sender address updated to: QmfL7YfqPeAax7XMx3eV8AzsJbZarFKg45jVy8p9Rtn9sq
2024-10-30T16:33:33.910+0100	INFO	IDSS	server/idss_main.go:513	Broadcasting query in peer: QmfL7YfqPeAax7XMx3eV8AzsJbZarFKg45jVy8p9Rtn9sq, Parent peer QmYzmFZrD7oeB5Ln2Qkz4FKJ6X5amj7quked8RJUHQGty4 
2024-10-30T16:33:33.910+0100	INFO	IDSS	server/idss_main.go:545	TTL in QmfL7YfqPeAax7XMx3eV8AzsJbZarFKg45jVy8p9Rtn9sq after decrement: 1.125000
2024-10-30T16:33:33.910+0100	INFO	IDSS	server/idss_main.go:644	Peer QmfL7YfqPeAax7XMx3eV8AzsJbZarFKg45jVy8p9Rtn9sq waiting for overlay peers results...
2024-10-30T16:33:33.910+0100	INFO	IDSS	server/idss_main.go:651	Overlay peers peer results collected, start merging...
2024-10-30T16:33:33.911+0100	WARN	IDSS	server/idss_main.go:409	Duplicate query received on Peer: QmfL7YfqPeAax7XMx3eV8AzsJbZarFKg45jVy8p9Rtn9sq get Client
 (UQI: QmVT4nXkCcghnSgaxCMuF3seddRXZCZSajtdrfGJXDxmZB-1730302413518736887)
2024-10-30T16:33:33.911+0100	INFO	IDSS	server/idss_main.go:598	Query sent to peer Qmcq2Fi6i1ufA6cWD5PhHCbDcLbXz3zr43gmqZD7auG977, awaiting for response
2024-10-30T16:33:33.912+0100	INFO	IDSS	server/idss_main.go:598	Query sent to peer QmX87h1VTfYQK5n2DCVHzHua6YV21QVTxtn6JQD4P6Up3k, awaiting for response
2024-10-30T16:33:33.914+0100	INFO	IDSS	server/idss_main.go:598	Query sent to peer QmaCZ6PGzv7TqjNbcyVqzfH5KsuX5YE4AE1QYDCDcK49Ep, awaiting for response
2024-10-30T16:33:33.943+0100	INFO	IDSS	server/idss_main.go:598	Query sent to peer QmZajqudreu5rkvjDADMY7g16UitD7RkWSQpr7cBaf5R8f, awaiting for response
2024-10-30T16:33:33.943+0100	INFO	IDSS	server/idss_main.go:598	Query sent to peer QmaUyzWdNRMfEHLTVieiUysBr8vC2N3VUexp92Jcjdi4QZ, awaiting for response
2024-10-30T16:33:33.944+0100	INFO	IDSS	server/idss_main.go:598	Query sent to peer QmbvLEyecLKJzWEaF1DwJjSpjjFZhytBLyvaLPyV6JB5Jx, awaiting for response
2024-10-30T16:33:33.944+0100	INFO	IDSS	server/idss_main.go:598	Query sent to peer QmY3KziLnhU6RCNc9uSgBaP6CZFwSUUMij2XXcNYC6mUX4, awaiting for response
2024-10-30T16:33:33.944+0100	INFO	IDSS	server/idss_main.go:598	Query sent to peer QmTjaGMytF5yVvUt7xwPyQMMdaxK53sBp8mnWAFQb4RVg8, awaiting for response
2024-10-30T16:33:33.954+0100	INFO	IDSS	server/idss_main.go:598	Query sent to peer QmQpQXB1b7TmgWsv6pvRMqwMMPyn1sJ7SbjuhdK6r5daQG, awaiting for response
2024-10-30T16:33:33.956+0100	INFO	IDSS	server/idss_main.go:598	Query sent to peer QmTS2oW64P5TvNk61d5Hj9P4AFim7J9Dtp9sNQ14mdrhqx, awaiting for response
2024-10-30T16:33:33.955+0100	INFO	IDSS	server/idss_main.go:598	Query sent to peer QmZV3TbhWtfrDkYAnFJVMYUZUU9fMYp7UJzjfCHDv9qr5A, awaiting for response
2024-10-30T16:33:33.954+0100	INFO	IDSS	server/idss_main.go:364	Received incoming from QmQpQXB1b7TmgWsv6pvRMqwMMPyn1sJ7SbjuhdK6r5daQG
2024-10-30T16:33:33.957+0100	INFO	IDSS	server/idss_main.go:400	Query received:
On peer QmfL7YfqPeAax7XMx3eV8AzsJbZarFKg45jVy8p9Rtn9sq 
UQI: QmVT4nXkCcghnSgaxCMuF3seddRXZCZSajtdrfGJXDxmZB-1730302413518736887
TTL: 1.125000 
From: QmQpQXB1b7TmgWsv6pvRMqwMMPyn1sJ7SbjuhdK6r5daQG
2024-10-30T16:33:33.966+0100	WARN	IDSS	server/idss_main.go:409	Duplicate query received on Peer: QmfL7YfqPeAax7XMx3eV8AzsJbZarFKg45jVy8p9Rtn9sq get Client
 (UQI: QmVT4nXkCcghnSgaxCMuF3seddRXZCZSajtdrfGJXDxmZB-1730302413518736887)
2024-10-30T16:33:34.011+0100	INFO	IDSS	server/idss_main.go:364	Received incoming from QmbvLEyecLKJzWEaF1DwJjSpjjFZhytBLyvaLPyV6JB5Jx
2024-10-30T16:33:34.011+0100	INFO	IDSS	server/idss_main.go:400	Query received:
On peer QmfL7YfqPeAax7XMx3eV8AzsJbZarFKg45jVy8p9Rtn9sq 
UQI: QmVT4nXkCcghnSgaxCMuF3seddRXZCZSajtdrfGJXDxmZB-1730302413518736887
TTL: 1.125000 
From: QmbvLEyecLKJzWEaF1DwJjSpjjFZhytBLyvaLPyV6JB5Jx
2024-10-30T16:33:34.012+0100	WARN	IDSS	server/idss_main.go:409	Duplicate query received on Peer: QmfL7YfqPeAax7XMx3eV8AzsJbZarFKg45jVy8p9Rtn9sq get Client
 (UQI: QmVT4nXkCcghnSgaxCMuF3seddRXZCZSajtdrfGJXDxmZB-1730302413518736887)
2024-10-30T16:33:35.037+0100	WARN	IDSS	server/idss_main.go:604	Response timeout from peer Qmcq2Fi6i1ufA6cWD5PhHCbDcLbXz3zr43gmqZD7auG977
2024-10-30T16:33:35.038+0100	WARN	IDSS	server/idss_main.go:604	Response timeout from peer QmaUyzWdNRMfEHLTVieiUysBr8vC2N3VUexp92Jcjdi4QZ
2024-10-30T16:33:35.038+0100	WARN	IDSS	server/idss_main.go:604	Response timeout from peer QmZajqudreu5rkvjDADMY7g16UitD7RkWSQpr7cBaf5R8f
2024-10-30T16:33:35.038+0100	WARN	IDSS	server/idss_main.go:604	Response timeout from peer QmX87h1VTfYQK5n2DCVHzHua6YV21QVTxtn6JQD4P6Up3k
2024-10-30T16:33:35.038+0100	WARN	IDSS	server/idss_main.go:604	Response timeout from peer QmZV3TbhWtfrDkYAnFJVMYUZUU9fMYp7UJzjfCHDv9qr5A
2024-10-30T16:33:35.038+0100	WARN	IDSS	server/idss_main.go:604	Response timeout from peer QmaCZ6PGzv7TqjNbcyVqzfH5KsuX5YE4AE1QYDCDcK49Ep
2024-10-30T16:33:35.040+0100	WARN	IDSS	server/idss_main.go:604	Response timeout from peer QmTS2oW64P5TvNk61d5Hj9P4AFim7J9Dtp9sNQ14mdrhqx
2024-10-30T16:33:35.040+0100	WARN	IDSS	server/idss_main.go:604	Response timeout from peer QmQpQXB1b7TmgWsv6pvRMqwMMPyn1sJ7SbjuhdK6r5daQG
2024-10-30T16:33:35.040+0100	WARN	IDSS	server/idss_main.go:604	Response timeout from peer QmY3KziLnhU6RCNc9uSgBaP6CZFwSUUMij2XXcNYC6mUX4
2024-10-30T16:33:35.040+0100	WARN	IDSS	server/idss_main.go:604	Response timeout from peer QmbvLEyecLKJzWEaF1DwJjSpjjFZhytBLyvaLPyV6JB5Jx
2024-10-30T16:33:35.040+0100	WARN	IDSS	server/idss_main.go:604	Response timeout from peer QmTjaGMytF5yVvUt7xwPyQMMdaxK53sBp8mnWAFQb4RVg8
2024-10-30T16:33:35.040+0100	INFO	IDSS	server/idss_main.go:658	DONE merging local and remote results
2024-10-30T16:33:35.070+0100	INFO	IDSS	server/idss_main.go:695	This is an intermediate peer QmfL7YfqPeAax7XMx3eV8AzsJbZarFKg45jVy8p9Rtn9sq. Merging results to send to parent peer QmfL7YfqPeAax7XMx3eV8AzsJbZarFKg45jVy8p9Rtn9sq
2024-10-30T16:33:35.070+0100	INFO	IDSS	server/idss_main.go:710	Sending merged result to peer QmYzmFZrD7oeB5Ln2Qkz4FKJ6X5amj7quked8RJUHQGty4
2024-10-30T16:33:35.070+0100	INFO	IDSS	server/idss_main.go:712	Record count: 100
2024-10-30T16:33:35.070+0100	INFO	IDSS	server/idss_main.go:731	Successfully sent merged result to peer QmYzmFZrD7oeB5Ln2Qkz4FKJ6X5amj7quked8RJUHQGty4
