2024-10-30T16:31:51.422+0100	INFO	IDSS	server/idss_main.go:168	Listening on peer Address: /ip4/127.0.0.1/tcp/44925/p2p/QmdgFQSQ2ACicLGHWqoohKnPPLVJaQiNKsmoHNXA6MVTXr

2024-10-30T16:31:51.423+0100	INFO	IDSS	server/idss_main.go:201	Loading data from file: ./idss_graph_db/QmdgFQSQ2ACicLGHWqoohKnPPLVJaQiNKsmoHNXA6MVTXr/QmdgFQSQ2ACicLGHWqoohKnPPLVJaQiNKsmoHNXA6MVTXr_data.json
2024-10-30T16:31:53.350+0100	INFO	IDSS	server/idss_db_init.go:76	Creating the Query Manager node...
2024-10-30T16:31:53.409+0100	INFO	IDSS	server/idss_db_init.go:102	Committed Query Manager node store transaction
2024-10-30T16:31:53.409+0100	INFO	IDSS	server/idss_main.go:341	Bootstrapped the DHT
2024/10/30 16:31:53 failed to sufficiently increase receive buffer size (was: 208 kiB, wanted: 7168 kiB, got: 416 kiB). See https://github.com/quic-go/quic-go/wiki/UDP-Buffer-Sizes for details.
2024-10-30T16:31:53.544+0100	INFO	IDSS	server/idss_main.go:352	Connected to bootstrap peer: QmbLHAnMoJPWSCR5Zhtx6BHJX9KiKNN6tpvbUcqanj75Nb
2024-10-30T16:31:53.675+0100	INFO	IDSS	server/idss_main.go:352	Connected to bootstrap peer: QmQCU2EcMqAqQPR2i9bChDtGNJchTbq5TbXJJ16u19uLTa
2024-10-30T16:31:53.807+0100	INFO	IDSS	server/idss_main.go:352	Connected to bootstrap peer: QmNnooDu7bfjPFoTZYxMNLWUQJyrVwtbZg5gBMjTezGAJN
2024-10-30T16:31:54.001+0100	INFO	IDSS	server/idss_main.go:352	Connected to bootstrap peer: QmcZf59bWwK5XFi76CZX8cbJ4BhTzzA3gU1ZjYZcYW3dwt
2024-10-30T16:31:54.331+0100	INFO	IDSS	server/idss_main.go:352	Connected to bootstrap peer: QmaCpDMGvV2BGHeYERUEnRQAwe3N8SzbUtfsmvsqQLuvuJ
2024-10-30T16:31:54.331+0100	INFO	IDSS	server/idss_main.go:282	Starting peer discovery...
2024-10-30T16:31:54.331+0100	INFO	IDSS	server/idss_main.go:291	Searching for other peers...
...
2024-10-30T16:31:54.957+0100	INFO	IDSS	server/idss_main.go:309	Connected to peer QmYzmFZrD7oeB5Ln2Qkz4FKJ6X5amj7quked8RJUHQGty4
2024-10-30T16:31:54.961+0100	INFO	IDSS	server/idss_main.go:309	Connected to peer QmaUyzWdNRMfEHLTVieiUysBr8vC2N3VUexp92Jcjdi4QZ
2024-10-30T16:31:54.965+0100	INFO	IDSS	server/idss_main.go:309	Connected to peer QmZV3TbhWtfrDkYAnFJVMYUZUU9fMYp7UJzjfCHDv9qr5A
2024-10-30T16:31:54.969+0100	INFO	IDSS	server/idss_main.go:309	Connected to peer QmbvLEyecLKJzWEaF1DwJjSpjjFZhytBLyvaLPyV6JB5Jx
2024-10-30T16:31:54.974+0100	INFO	IDSS	server/idss_main.go:309	Connected to peer QmY3KziLnhU6RCNc9uSgBaP6CZFwSUUMij2XXcNYC6mUX4
2024-10-30T16:31:54.979+0100	INFO	IDSS	server/idss_main.go:309	Connected to peer QmTS2oW64P5TvNk61d5Hj9P4AFim7J9Dtp9sNQ14mdrhqx
2024-10-30T16:31:54.983+0100	INFO	IDSS	server/idss_main.go:309	Connected to peer QmQpQXB1b7TmgWsv6pvRMqwMMPyn1sJ7SbjuhdK6r5daQG
2024-10-30T16:31:54.987+0100	INFO	IDSS	server/idss_main.go:309	Connected to peer QmX87h1VTfYQK5n2DCVHzHua6YV21QVTxtn6JQD4P6Up3k
2024-10-30T16:31:54.990+0100	INFO	IDSS	server/idss_main.go:309	Connected to peer QmZajqudreu5rkvjDADMY7g16UitD7RkWSQpr7cBaf5R8f
2024-10-30T16:31:54.994+0100	INFO	IDSS	server/idss_main.go:309	Connected to peer QmaCZ6PGzv7TqjNbcyVqzfH5KsuX5YE4AE1QYDCDcK49Ep
2024-10-30T16:31:54.999+0100	INFO	IDSS	server/idss_main.go:309	Connected to peer Qmcq2Fi6i1ufA6cWD5PhHCbDcLbXz3zr43gmqZD7auG977
2024-10-30T16:31:55.003+0100	INFO	IDSS	server/idss_main.go:309	Connected to peer QmTjaGMytF5yVvUt7xwPyQMMdaxK53sBp8mnWAFQb4RVg8
2024-10-30T16:31:55.009+0100	INFO	IDSS	server/idss_main.go:309	Connected to peer QmQgd2SGH3tGMf4Au184f2euzY4RoDshacFDnDLJUH5Bke
2024-10-30T16:32:05.100+0100	INFO	IDSS	server/idss_main.go:316	Num of found peers in the Routing Table: 64
2024-10-30T16:32:05.100+0100	INFO	IDSS	server/idss_main.go:319	Time taken to find peers: 10.769167777s
2024-10-30T16:32:05.100+0100	INFO	IDSS	server/idss_main.go:320	Peer discovery completed
2024-10-30T16:32:22.688+0100	INFO	IDSS	server/idss_main.go:364	Received incoming from QmYzmFZrD7oeB5Ln2Qkz4FKJ6X5amj7quked8RJUHQGty4
2024-10-30T16:32:22.688+0100	INFO	IDSS	server/idss_main.go:400	Query received:
On peer QmdgFQSQ2ACicLGHWqoohKnPPLVJaQiNKsmoHNXA6MVTXr 
UQI: QmVT4nXkCcghnSgaxCMuF3seddRXZCZSajtdrfGJXDxmZB-1730302342626177708
TTL: 1.500000 
From: QmYzmFZrD7oeB5Ln2Qkz4FKJ6X5amj7quked8RJUHQGty4
2024-10-30T16:32:22.757+0100	INFO	IDSS	server/idss_main.go:417	This is a new query on this peer
2024-10-30T16:32:22.757+0100	INFO	IDSS	server/idss_main.go:423	Entering executeAndBroadcastQuery...
2024-10-30T16:32:22.758+0100	INFO	IDSS	server/idss_main.go:857	Executing get Client
 locally in QmdgFQSQ2ACicLGHWqoohKnPPLVJaQiNKsmoHNXA6MVTXr
2024-10-30T16:32:22.860+0100	INFO	IDSS	server/idss_main.go:449	Local query executed successfully
2024-10-30T16:32:22.860+0100	INFO	IDSS	server/idss_main.go:463	Sender address updated to: QmdgFQSQ2ACicLGHWqoohKnPPLVJaQiNKsmoHNXA6MVTXr
2024-10-30T16:32:22.860+0100	INFO	IDSS	server/idss_main.go:513	Broadcasting query in peer: QmdgFQSQ2ACicLGHWqoohKnPPLVJaQiNKsmoHNXA6MVTXr, Parent peer QmYzmFZrD7oeB5Ln2Qkz4FKJ6X5amj7quked8RJUHQGty4 
2024-10-30T16:32:22.861+0100	INFO	IDSS	server/idss_main.go:545	TTL in QmdgFQSQ2ACicLGHWqoohKnPPLVJaQiNKsmoHNXA6MVTXr after decrement: 1.125000
2024-10-30T16:32:22.861+0100	INFO	IDSS	server/idss_main.go:644	Peer QmdgFQSQ2ACicLGHWqoohKnPPLVJaQiNKsmoHNXA6MVTXr waiting for overlay peers results...
2024-10-30T16:32:22.861+0100	INFO	IDSS	server/idss_main.go:651	Overlay peers peer results collected, start merging...
2024-10-30T16:32:22.861+0100	INFO	IDSS	server/idss_main.go:598	Query sent to peer QmQgd2SGH3tGMf4Au184f2euzY4RoDshacFDnDLJUH5Bke, awaiting for response
2024-10-30T16:32:22.862+0100	INFO	IDSS	server/idss_main.go:598	Query sent to peer QmaCZ6PGzv7TqjNbcyVqzfH5KsuX5YE4AE1QYDCDcK49Ep, awaiting for response
2024-10-30T16:32:22.862+0100	INFO	IDSS	server/idss_main.go:598	Query sent to peer QmX2cttFzbE4uF1L6pd9zZj1d9epBy9Pp1Rc2ZTRGPkw5b, awaiting for response
2024-10-30T16:32:22.867+0100	INFO	IDSS	server/idss_main.go:598	Query sent to peer QmaUyzWdNRMfEHLTVieiUysBr8vC2N3VUexp92Jcjdi4QZ, awaiting for response
2024-10-30T16:32:22.869+0100	INFO	IDSS	server/idss_main.go:598	Query sent to peer QmZajqudreu5rkvjDADMY7g16UitD7RkWSQpr7cBaf5R8f, awaiting for response
2024-10-30T16:32:22.870+0100	INFO	IDSS	server/idss_main.go:598	Query sent to peer QmZV3TbhWtfrDkYAnFJVMYUZUU9fMYp7UJzjfCHDv9qr5A, awaiting for response
2024-10-30T16:32:22.876+0100	INFO	IDSS	server/idss_main.go:598	Query sent to peer QmbvLEyecLKJzWEaF1DwJjSpjjFZhytBLyvaLPyV6JB5Jx, awaiting for response
2024-10-30T16:32:22.878+0100	INFO	IDSS	server/idss_main.go:598	Query sent to peer QmTS2oW64P5TvNk61d5Hj9P4AFim7J9Dtp9sNQ14mdrhqx, awaiting for response
2024-10-30T16:32:22.881+0100	INFO	IDSS	server/idss_main.go:598	Query sent to peer QmTjaGMytF5yVvUt7xwPyQMMdaxK53sBp8mnWAFQb4RVg8, awaiting for response
2024-10-30T16:32:22.880+0100	INFO	IDSS	server/idss_main.go:598	Query sent to peer Qmcq2Fi6i1ufA6cWD5PhHCbDcLbXz3zr43gmqZD7auG977, awaiting for response
2024-10-30T16:32:22.879+0100	INFO	IDSS	server/idss_main.go:598	Query sent to peer QmX87h1VTfYQK5n2DCVHzHua6YV21QVTxtn6JQD4P6Up3k, awaiting for response
2024-10-30T16:32:22.880+0100	INFO	IDSS	server/idss_main.go:598	Query sent to peer QmQpQXB1b7TmgWsv6pvRMqwMMPyn1sJ7SbjuhdK6r5daQG, awaiting for response
2024-10-30T16:32:22.882+0100	INFO	IDSS	server/idss_main.go:598	Query sent to peer QmY3KziLnhU6RCNc9uSgBaP6CZFwSUUMij2XXcNYC6mUX4, awaiting for response
2024-10-30T16:32:22.903+0100	INFO	IDSS	server/idss_main.go:364	Received incoming from Qmcq2Fi6i1ufA6cWD5PhHCbDcLbXz3zr43gmqZD7auG977
2024-10-30T16:32:22.917+0100	INFO	IDSS	server/idss_main.go:400	Query received:
On peer QmdgFQSQ2ACicLGHWqoohKnPPLVJaQiNKsmoHNXA6MVTXr 
UQI: QmVT4nXkCcghnSgaxCMuF3seddRXZCZSajtdrfGJXDxmZB-1730302342626177708
TTL: 1.125000 
From: Qmcq2Fi6i1ufA6cWD5PhHCbDcLbXz3zr43gmqZD7auG977
2024-10-30T16:32:22.917+0100	WARN	IDSS	server/idss_main.go:409	Duplicate query received on Peer: QmdgFQSQ2ACicLGHWqoohKnPPLVJaQiNKsmoHNXA6MVTXr get Client
 (UQI: QmVT4nXkCcghnSgaxCMuF3seddRXZCZSajtdrfGJXDxmZB-1730302342626177708)
2024-10-30T16:32:22.912+0100	INFO	IDSS	server/idss_main.go:364	Received incoming from QmTS2oW64P5TvNk61d5Hj9P4AFim7J9Dtp9sNQ14mdrhqx
2024-10-30T16:32:22.917+0100	INFO	IDSS	server/idss_main.go:400	Query received:
On peer QmdgFQSQ2ACicLGHWqoohKnPPLVJaQiNKsmoHNXA6MVTXr 
UQI: QmVT4nXkCcghnSgaxCMuF3seddRXZCZSajtdrfGJXDxmZB-1730302342626177708
TTL: 1.125000 
From: QmTS2oW64P5TvNk61d5Hj9P4AFim7J9Dtp9sNQ14mdrhqx
2024-10-30T16:32:22.919+0100	WARN	IDSS	server/idss_main.go:409	Duplicate query received on Peer: QmdgFQSQ2ACicLGHWqoohKnPPLVJaQiNKsmoHNXA6MVTXr get Client
 (UQI: QmVT4nXkCcghnSgaxCMuF3seddRXZCZSajtdrfGJXDxmZB-1730302342626177708)
2024-10-30T16:32:22.925+0100	INFO	IDSS	server/idss_main.go:364	Received incoming from QmX87h1VTfYQK5n2DCVHzHua6YV21QVTxtn6JQD4P6Up3k
2024-10-30T16:32:22.925+0100	INFO	IDSS	server/idss_main.go:400	Query received:
On peer QmdgFQSQ2ACicLGHWqoohKnPPLVJaQiNKsmoHNXA6MVTXr 
UQI: QmVT4nXkCcghnSgaxCMuF3seddRXZCZSajtdrfGJXDxmZB-1730302342626177708
TTL: 1.125000 
From: QmX87h1VTfYQK5n2DCVHzHua6YV21QVTxtn6JQD4P6Up3k
2024-10-30T16:32:22.927+0100	WARN	IDSS	server/idss_main.go:409	Duplicate query received on Peer: QmdgFQSQ2ACicLGHWqoohKnPPLVJaQiNKsmoHNXA6MVTXr get Client
 (UQI: QmVT4nXkCcghnSgaxCMuF3seddRXZCZSajtdrfGJXDxmZB-1730302342626177708)
2024-10-30T16:32:23.021+0100	INFO	IDSS	server/idss_main.go:364	Received incoming from QmY3KziLnhU6RCNc9uSgBaP6CZFwSUUMij2XXcNYC6mUX4
2024-10-30T16:32:23.022+0100	INFO	IDSS	server/idss_main.go:400	Query received:
On peer QmdgFQSQ2ACicLGHWqoohKnPPLVJaQiNKsmoHNXA6MVTXr 
UQI: QmVT4nXkCcghnSgaxCMuF3seddRXZCZSajtdrfGJXDxmZB-1730302342626177708
TTL: 1.125000 
From: QmY3KziLnhU6RCNc9uSgBaP6CZFwSUUMij2XXcNYC6mUX4
2024-10-30T16:32:23.022+0100	WARN	IDSS	server/idss_main.go:409	Duplicate query received on Peer: QmdgFQSQ2ACicLGHWqoohKnPPLVJaQiNKsmoHNXA6MVTXr get Client
 (UQI: QmVT4nXkCcghnSgaxCMuF3seddRXZCZSajtdrfGJXDxmZB-1730302342626177708)
2024-10-30T16:32:23.052+0100	INFO	IDSS	server/idss_main.go:364	Received incoming from QmaCZ6PGzv7TqjNbcyVqzfH5KsuX5YE4AE1QYDCDcK49Ep
2024-10-30T16:32:23.053+0100	INFO	IDSS	server/idss_main.go:400	Query received:
On peer QmdgFQSQ2ACicLGHWqoohKnPPLVJaQiNKsmoHNXA6MVTXr 
UQI: QmVT4nXkCcghnSgaxCMuF3seddRXZCZSajtdrfGJXDxmZB-1730302342626177708
TTL: 1.125000 
From: QmaCZ6PGzv7TqjNbcyVqzfH5KsuX5YE4AE1QYDCDcK49Ep
2024-10-30T16:32:23.054+0100	WARN	IDSS	server/idss_main.go:409	Duplicate query received on Peer: QmdgFQSQ2ACicLGHWqoohKnPPLVJaQiNKsmoHNXA6MVTXr get Client
 (UQI: QmVT4nXkCcghnSgaxCMuF3seddRXZCZSajtdrfGJXDxmZB-1730302342626177708)
2024-10-30T16:32:23.061+0100	INFO	IDSS	server/idss_main.go:364	Received incoming from QmTjaGMytF5yVvUt7xwPyQMMdaxK53sBp8mnWAFQb4RVg8
2024-10-30T16:32:23.061+0100	INFO	IDSS	server/idss_main.go:400	Query received:
On peer QmdgFQSQ2ACicLGHWqoohKnPPLVJaQiNKsmoHNXA6MVTXr 
UQI: QmVT4nXkCcghnSgaxCMuF3seddRXZCZSajtdrfGJXDxmZB-1730302342626177708
TTL: 1.125000 
From: QmTjaGMytF5yVvUt7xwPyQMMdaxK53sBp8mnWAFQb4RVg8
2024-10-30T16:32:23.062+0100	WARN	IDSS	server/idss_main.go:409	Duplicate query received on Peer: QmdgFQSQ2ACicLGHWqoohKnPPLVJaQiNKsmoHNXA6MVTXr get Client
 (UQI: QmVT4nXkCcghnSgaxCMuF3seddRXZCZSajtdrfGJXDxmZB-1730302342626177708)
2024-10-30T16:32:23.062+0100	INFO	IDSS	server/idss_main.go:364	Received incoming from QmQgd2SGH3tGMf4Au184f2euzY4RoDshacFDnDLJUH5Bke
2024-10-30T16:32:23.063+0100	INFO	IDSS	server/idss_main.go:400	Query received:
On peer QmdgFQSQ2ACicLGHWqoohKnPPLVJaQiNKsmoHNXA6MVTXr 
UQI: QmVT4nXkCcghnSgaxCMuF3seddRXZCZSajtdrfGJXDxmZB-1730302342626177708
TTL: 1.125000 
From: QmQgd2SGH3tGMf4Au184f2euzY4RoDshacFDnDLJUH5Bke
2024-10-30T16:32:23.063+0100	INFO	IDSS	server/idss_main.go:364	Received incoming from QmbvLEyecLKJzWEaF1DwJjSpjjFZhytBLyvaLPyV6JB5Jx
2024-10-30T16:32:23.063+0100	INFO	IDSS	server/idss_main.go:400	Query received:
On peer QmdgFQSQ2ACicLGHWqoohKnPPLVJaQiNKsmoHNXA6MVTXr 
UQI: QmVT4nXkCcghnSgaxCMuF3seddRXZCZSajtdrfGJXDxmZB-1730302342626177708
TTL: 1.125000 
From: QmbvLEyecLKJzWEaF1DwJjSpjjFZhytBLyvaLPyV6JB5Jx
2024-10-30T16:32:23.063+0100	WARN	IDSS	server/idss_main.go:409	Duplicate query received on Peer: QmdgFQSQ2ACicLGHWqoohKnPPLVJaQiNKsmoHNXA6MVTXr get Client
 (UQI: QmVT4nXkCcghnSgaxCMuF3seddRXZCZSajtdrfGJXDxmZB-1730302342626177708)
2024-10-30T16:32:23.064+0100	WARN	IDSS	server/idss_main.go:409	Duplicate query received on Peer: QmdgFQSQ2ACicLGHWqoohKnPPLVJaQiNKsmoHNXA6MVTXr get Client
 (UQI: QmVT4nXkCcghnSgaxCMuF3seddRXZCZSajtdrfGJXDxmZB-1730302342626177708)
2024-10-30T16:32:23.096+0100	INFO	IDSS	server/idss_main.go:364	Received incoming from QmZajqudreu5rkvjDADMY7g16UitD7RkWSQpr7cBaf5R8f
2024-10-30T16:32:23.097+0100	INFO	IDSS	server/idss_main.go:400	Query received:
On peer QmdgFQSQ2ACicLGHWqoohKnPPLVJaQiNKsmoHNXA6MVTXr 
UQI: QmVT4nXkCcghnSgaxCMuF3seddRXZCZSajtdrfGJXDxmZB-1730302342626177708
TTL: 1.125000 
From: QmZajqudreu5rkvjDADMY7g16UitD7RkWSQpr7cBaf5R8f
2024-10-30T16:32:23.097+0100	WARN	IDSS	server/idss_main.go:409	Duplicate query received on Peer: QmdgFQSQ2ACicLGHWqoohKnPPLVJaQiNKsmoHNXA6MVTXr get Client
 (UQI: QmVT4nXkCcghnSgaxCMuF3seddRXZCZSajtdrfGJXDxmZB-1730302342626177708)
2024-10-30T16:32:23.121+0100	INFO	IDSS	server/idss_main.go:364	Received incoming from QmX2cttFzbE4uF1L6pd9zZj1d9epBy9Pp1Rc2ZTRGPkw5b
2024-10-30T16:32:23.122+0100	INFO	IDSS	server/idss_main.go:400	Query received:
On peer QmdgFQSQ2ACicLGHWqoohKnPPLVJaQiNKsmoHNXA6MVTXr 
UQI: QmVT4nXkCcghnSgaxCMuF3seddRXZCZSajtdrfGJXDxmZB-1730302342626177708
TTL: 1.125000 
From: QmX2cttFzbE4uF1L6pd9zZj1d9epBy9Pp1Rc2ZTRGPkw5b
2024-10-30T16:32:23.123+0100	WARN	IDSS	server/idss_main.go:409	Duplicate query received on Peer: QmdgFQSQ2ACicLGHWqoohKnPPLVJaQiNKsmoHNXA6MVTXr get Client
 (UQI: QmVT4nXkCcghnSgaxCMuF3seddRXZCZSajtdrfGJXDxmZB-1730302342626177708)
2024-10-30T16:32:23.196+0100	INFO	IDSS	server/idss_main.go:364	Received incoming from QmQpQXB1b7TmgWsv6pvRMqwMMPyn1sJ7SbjuhdK6r5daQG
2024-10-30T16:32:23.196+0100	INFO	IDSS	server/idss_main.go:400	Query received:
On peer QmdgFQSQ2ACicLGHWqoohKnPPLVJaQiNKsmoHNXA6MVTXr 
UQI: QmVT4nXkCcghnSgaxCMuF3seddRXZCZSajtdrfGJXDxmZB-1730302342626177708
TTL: 1.125000 
From: QmQpQXB1b7TmgWsv6pvRMqwMMPyn1sJ7SbjuhdK6r5daQG
2024-10-30T16:32:23.197+0100	WARN	IDSS	server/idss_main.go:409	Duplicate query received on Peer: QmdgFQSQ2ACicLGHWqoohKnPPLVJaQiNKsmoHNXA6MVTXr get Client
 (UQI: QmVT4nXkCcghnSgaxCMuF3seddRXZCZSajtdrfGJXDxmZB-1730302342626177708)
2024-10-30T16:32:23.263+0100	INFO	IDSS	server/idss_main.go:364	Received incoming from QmaUyzWdNRMfEHLTVieiUysBr8vC2N3VUexp92Jcjdi4QZ
2024-10-30T16:32:23.264+0100	INFO	IDSS	server/idss_main.go:400	Query received:
On peer QmdgFQSQ2ACicLGHWqoohKnPPLVJaQiNKsmoHNXA6MVTXr 
UQI: QmVT4nXkCcghnSgaxCMuF3seddRXZCZSajtdrfGJXDxmZB-1730302342626177708
TTL: 1.125000 
From: QmaUyzWdNRMfEHLTVieiUysBr8vC2N3VUexp92Jcjdi4QZ
2024-10-30T16:32:23.265+0100	WARN	IDSS	server/idss_main.go:409	Duplicate query received on Peer: QmdgFQSQ2ACicLGHWqoohKnPPLVJaQiNKsmoHNXA6MVTXr get Client
 (UQI: QmVT4nXkCcghnSgaxCMuF3seddRXZCZSajtdrfGJXDxmZB-1730302342626177708)
2024-10-30T16:32:23.342+0100	INFO	IDSS	server/idss_main.go:364	Received incoming from QmZV3TbhWtfrDkYAnFJVMYUZUU9fMYp7UJzjfCHDv9qr5A
2024-10-30T16:32:23.343+0100	INFO	IDSS	server/idss_main.go:400	Query received:
On peer QmdgFQSQ2ACicLGHWqoohKnPPLVJaQiNKsmoHNXA6MVTXr 
UQI: QmVT4nXkCcghnSgaxCMuF3seddRXZCZSajtdrfGJXDxmZB-1730302342626177708
TTL: 1.125000 
From: QmZV3TbhWtfrDkYAnFJVMYUZUU9fMYp7UJzjfCHDv9qr5A
2024-10-30T16:32:23.344+0100	WARN	IDSS	server/idss_main.go:409	Duplicate query received on Peer: QmdgFQSQ2ACicLGHWqoohKnPPLVJaQiNKsmoHNXA6MVTXr get Client
 (UQI: QmVT4nXkCcghnSgaxCMuF3seddRXZCZSajtdrfGJXDxmZB-1730302342626177708)
2024-10-30T16:32:23.988+0100	WARN	IDSS	server/idss_main.go:604	Response timeout from peer QmaCZ6PGzv7TqjNbcyVqzfH5KsuX5YE4AE1QYDCDcK49Ep
2024-10-30T16:32:23.988+0100	WARN	IDSS	server/idss_main.go:604	Response timeout from peer QmaUyzWdNRMfEHLTVieiUysBr8vC2N3VUexp92Jcjdi4QZ
2024-10-30T16:32:23.989+0100	WARN	IDSS	server/idss_main.go:604	Response timeout from peer QmZV3TbhWtfrDkYAnFJVMYUZUU9fMYp7UJzjfCHDv9qr5A
2024-10-30T16:32:23.989+0100	WARN	IDSS	server/idss_main.go:604	Response timeout from peer QmQgd2SGH3tGMf4Au184f2euzY4RoDshacFDnDLJUH5Bke
2024-10-30T16:32:23.989+0100	WARN	IDSS	server/idss_main.go:604	Response timeout from peer Qmcq2Fi6i1ufA6cWD5PhHCbDcLbXz3zr43gmqZD7auG977
2024-10-30T16:32:23.989+0100	WARN	IDSS	server/idss_main.go:604	Response timeout from peer QmTjaGMytF5yVvUt7xwPyQMMdaxK53sBp8mnWAFQb4RVg8
2024-10-30T16:32:23.989+0100	WARN	IDSS	server/idss_main.go:604	Response timeout from peer QmX87h1VTfYQK5n2DCVHzHua6YV21QVTxtn6JQD4P6Up3k
2024-10-30T16:32:23.989+0100	WARN	IDSS	server/idss_main.go:604	Response timeout from peer QmZajqudreu5rkvjDADMY7g16UitD7RkWSQpr7cBaf5R8f
2024-10-30T16:32:23.989+0100	WARN	IDSS	server/idss_main.go:604	Response timeout from peer QmTS2oW64P5TvNk61d5Hj9P4AFim7J9Dtp9sNQ14mdrhqx
2024-10-30T16:32:23.989+0100	WARN	IDSS	server/idss_main.go:604	Response timeout from peer QmbvLEyecLKJzWEaF1DwJjSpjjFZhytBLyvaLPyV6JB5Jx
2024-10-30T16:32:23.989+0100	WARN	IDSS	server/idss_main.go:604	Response timeout from peer QmQpQXB1b7TmgWsv6pvRMqwMMPyn1sJ7SbjuhdK6r5daQG
2024-10-30T16:32:23.989+0100	WARN	IDSS	server/idss_main.go:604	Response timeout from peer QmX2cttFzbE4uF1L6pd9zZj1d9epBy9Pp1Rc2ZTRGPkw5b
2024-10-30T16:32:23.989+0100	WARN	IDSS	server/idss_main.go:604	Response timeout from peer QmY3KziLnhU6RCNc9uSgBaP6CZFwSUUMij2XXcNYC6mUX4
2024-10-30T16:32:23.990+0100	INFO	IDSS	server/idss_main.go:658	DONE merging local and remote results
2024-10-30T16:32:24.085+0100	INFO	IDSS	server/idss_main.go:695	This is an intermediate peer QmdgFQSQ2ACicLGHWqoohKnPPLVJaQiNKsmoHNXA6MVTXr. Merging results to send to parent peer QmdgFQSQ2ACicLGHWqoohKnPPLVJaQiNKsmoHNXA6MVTXr
2024-10-30T16:32:24.086+0100	INFO	IDSS	server/idss_main.go:710	Sending merged result to peer QmYzmFZrD7oeB5Ln2Qkz4FKJ6X5amj7quked8RJUHQGty4
2024-10-30T16:32:24.086+0100	INFO	IDSS	server/idss_main.go:712	Record count: 100
2024-10-30T16:32:24.086+0100	INFO	IDSS	server/idss_main.go:731	Successfully sent merged result to peer QmYzmFZrD7oeB5Ln2Qkz4FKJ6X5amj7quked8RJUHQGty4
2024-10-30T16:32:49.134+0100	INFO	IDSS	server/idss_main.go:364	Received incoming from QmYzmFZrD7oeB5Ln2Qkz4FKJ6X5amj7quked8RJUHQGty4
2024-10-30T16:32:49.134+0100	INFO	IDSS	server/idss_main.go:400	Query received:
On peer QmdgFQSQ2ACicLGHWqoohKnPPLVJaQiNKsmoHNXA6MVTXr 
UQI: QmVT4nXkCcghnSgaxCMuF3seddRXZCZSajtdrfGJXDxmZB-1730302369075974629
TTL: 1.500000 
From: QmYzmFZrD7oeB5Ln2Qkz4FKJ6X5amj7quked8RJUHQGty4
2024-10-30T16:32:49.202+0100	INFO	IDSS	server/idss_main.go:417	This is a new query on this peer
2024-10-30T16:32:49.202+0100	INFO	IDSS	server/idss_main.go:423	Entering executeAndBroadcastQuery...
2024-10-30T16:32:49.202+0100	INFO	IDSS	server/idss_main.go:857	Executing get Client
 locally in QmdgFQSQ2ACicLGHWqoohKnPPLVJaQiNKsmoHNXA6MVTXr
2024-10-30T16:32:49.264+0100	INFO	IDSS	server/idss_main.go:449	Local query executed successfully
2024-10-30T16:32:49.264+0100	INFO	IDSS	server/idss_main.go:463	Sender address updated to: QmdgFQSQ2ACicLGHWqoohKnPPLVJaQiNKsmoHNXA6MVTXr
2024-10-30T16:32:49.264+0100	INFO	IDSS	server/idss_main.go:513	Broadcasting query in peer: QmdgFQSQ2ACicLGHWqoohKnPPLVJaQiNKsmoHNXA6MVTXr, Parent peer QmYzmFZrD7oeB5Ln2Qkz4FKJ6X5amj7quked8RJUHQGty4 
2024-10-30T16:32:49.264+0100	INFO	IDSS	server/idss_main.go:545	TTL in QmdgFQSQ2ACicLGHWqoohKnPPLVJaQiNKsmoHNXA6MVTXr after decrement: 1.125000
2024-10-30T16:32:49.265+0100	INFO	IDSS	server/idss_main.go:598	Query sent to peer QmX87h1VTfYQK5n2DCVHzHua6YV21QVTxtn6JQD4P6Up3k, awaiting for response
2024-10-30T16:32:49.265+0100	INFO	IDSS	server/idss_main.go:598	Query sent to peer Qmcq2Fi6i1ufA6cWD5PhHCbDcLbXz3zr43gmqZD7auG977, awaiting for response
2024-10-30T16:32:49.267+0100	INFO	IDSS	server/idss_main.go:598	Query sent to peer QmTjaGMytF5yVvUt7xwPyQMMdaxK53sBp8mnWAFQb4RVg8, awaiting for response
2024-10-30T16:32:49.268+0100	INFO	IDSS	server/idss_main.go:598	Query sent to peer QmaCZ6PGzv7TqjNbcyVqzfH5KsuX5YE4AE1QYDCDcK49Ep, awaiting for response
2024-10-30T16:32:49.276+0100	INFO	IDSS	server/idss_main.go:364	Received incoming from QmZV3TbhWtfrDkYAnFJVMYUZUU9fMYp7UJzjfCHDv9qr5A
2024-10-30T16:32:49.276+0100	INFO	IDSS	server/idss_main.go:364	Received incoming from QmTjaGMytF5yVvUt7xwPyQMMdaxK53sBp8mnWAFQb4RVg8
2024-10-30T16:32:49.276+0100	INFO	IDSS	server/idss_main.go:400	Query received:
On peer QmdgFQSQ2ACicLGHWqoohKnPPLVJaQiNKsmoHNXA6MVTXr 
UQI: QmVT4nXkCcghnSgaxCMuF3seddRXZCZSajtdrfGJXDxmZB-1730302369075974629
TTL: 1.125000 
From: QmZV3TbhWtfrDkYAnFJVMYUZUU9fMYp7UJzjfCHDv9qr5A
2024-10-30T16:32:49.276+0100	INFO	IDSS	server/idss_main.go:400	Query received:
On peer QmdgFQSQ2ACicLGHWqoohKnPPLVJaQiNKsmoHNXA6MVTXr 
UQI: QmVT4nXkCcghnSgaxCMuF3seddRXZCZSajtdrfGJXDxmZB-1730302369075974629
TTL: 1.125000 
From: QmTjaGMytF5yVvUt7xwPyQMMdaxK53sBp8mnWAFQb4RVg8
2024-10-30T16:32:49.277+0100	WARN	IDSS	server/idss_main.go:409	Duplicate query received on Peer: QmdgFQSQ2ACicLGHWqoohKnPPLVJaQiNKsmoHNXA6MVTXr get Client
 (UQI: QmVT4nXkCcghnSgaxCMuF3seddRXZCZSajtdrfGJXDxmZB-1730302369075974629)
2024-10-30T16:32:49.277+0100	WARN	IDSS	server/idss_main.go:409	Duplicate query received on Peer: QmdgFQSQ2ACicLGHWqoohKnPPLVJaQiNKsmoHNXA6MVTXr get Client
 (UQI: QmVT4nXkCcghnSgaxCMuF3seddRXZCZSajtdrfGJXDxmZB-1730302369075974629)
2024-10-30T16:32:49.277+0100	INFO	IDSS	server/idss_main.go:364	Received incoming from QmQgd2SGH3tGMf4Au184f2euzY4RoDshacFDnDLJUH5Bke
2024-10-30T16:32:49.277+0100	INFO	IDSS	server/idss_main.go:400	Query received:
On peer QmdgFQSQ2ACicLGHWqoohKnPPLVJaQiNKsmoHNXA6MVTXr 
UQI: QmVT4nXkCcghnSgaxCMuF3seddRXZCZSajtdrfGJXDxmZB-1730302369075974629
TTL: 1.125000 
From: QmQgd2SGH3tGMf4Au184f2euzY4RoDshacFDnDLJUH5Bke
2024-10-30T16:32:49.278+0100	WARN	IDSS	server/idss_main.go:409	Duplicate query received on Peer: QmdgFQSQ2ACicLGHWqoohKnPPLVJaQiNKsmoHNXA6MVTXr get Client
 (UQI: QmVT4nXkCcghnSgaxCMuF3seddRXZCZSajtdrfGJXDxmZB-1730302369075974629)
2024-10-30T16:32:49.286+0100	INFO	IDSS	server/idss_main.go:364	Received incoming from QmX87h1VTfYQK5n2DCVHzHua6YV21QVTxtn6JQD4P6Up3k
2024-10-30T16:32:49.287+0100	INFO	IDSS	server/idss_main.go:400	Query received:
On peer QmdgFQSQ2ACicLGHWqoohKnPPLVJaQiNKsmoHNXA6MVTXr 
UQI: QmVT4nXkCcghnSgaxCMuF3seddRXZCZSajtdrfGJXDxmZB-1730302369075974629
TTL: 1.125000 
From: QmX87h1VTfYQK5n2DCVHzHua6YV21QVTxtn6JQD4P6Up3k
2024-10-30T16:32:49.287+0100	WARN	IDSS	server/idss_main.go:409	Duplicate query received on Peer: QmdgFQSQ2ACicLGHWqoohKnPPLVJaQiNKsmoHNXA6MVTXr get Client
 (UQI: QmVT4nXkCcghnSgaxCMuF3seddRXZCZSajtdrfGJXDxmZB-1730302369075974629)
2024-10-30T16:32:49.289+0100	INFO	IDSS	server/idss_main.go:598	Query sent to peer QmZajqudreu5rkvjDADMY7g16UitD7RkWSQpr7cBaf5R8f, awaiting for response
2024-10-30T16:32:49.293+0100	INFO	IDSS	server/idss_main.go:644	Peer QmdgFQSQ2ACicLGHWqoohKnPPLVJaQiNKsmoHNXA6MVTXr waiting for overlay peers results...
2024-10-30T16:32:49.293+0100	INFO	IDSS	server/idss_main.go:651	Overlay peers peer results collected, start merging...
2024-10-30T16:32:49.294+0100	INFO	IDSS	server/idss_main.go:598	Query sent to peer QmaUyzWdNRMfEHLTVieiUysBr8vC2N3VUexp92Jcjdi4QZ, awaiting for response
2024-10-30T16:32:49.298+0100	INFO	IDSS	server/idss_main.go:598	Query sent to peer QmZV3TbhWtfrDkYAnFJVMYUZUU9fMYp7UJzjfCHDv9qr5A, awaiting for response
2024-10-30T16:32:49.311+0100	INFO	IDSS	server/idss_main.go:364	Received incoming from QmY3KziLnhU6RCNc9uSgBaP6CZFwSUUMij2XXcNYC6mUX4
2024-10-30T16:32:49.331+0100	INFO	IDSS	server/idss_main.go:400	Query received:
On peer QmdgFQSQ2ACicLGHWqoohKnPPLVJaQiNKsmoHNXA6MVTXr 
UQI: QmVT4nXkCcghnSgaxCMuF3seddRXZCZSajtdrfGJXDxmZB-1730302369075974629
TTL: 1.125000 
From: QmY3KziLnhU6RCNc9uSgBaP6CZFwSUUMij2XXcNYC6mUX4
2024-10-30T16:32:49.332+0100	WARN	IDSS	server/idss_main.go:409	Duplicate query received on Peer: QmdgFQSQ2ACicLGHWqoohKnPPLVJaQiNKsmoHNXA6MVTXr get Client
 (UQI: QmVT4nXkCcghnSgaxCMuF3seddRXZCZSajtdrfGJXDxmZB-1730302369075974629)
2024-10-30T16:32:49.312+0100	INFO	IDSS	server/idss_main.go:364	Received incoming from QmaUyzWdNRMfEHLTVieiUysBr8vC2N3VUexp92Jcjdi4QZ
2024-10-30T16:32:49.333+0100	INFO	IDSS	server/idss_main.go:400	Query received:
On peer QmdgFQSQ2ACicLGHWqoohKnPPLVJaQiNKsmoHNXA6MVTXr 
UQI: QmVT4nXkCcghnSgaxCMuF3seddRXZCZSajtdrfGJXDxmZB-1730302369075974629
TTL: 1.125000 
From: QmaUyzWdNRMfEHLTVieiUysBr8vC2N3VUexp92Jcjdi4QZ
2024-10-30T16:32:49.333+0100	WARN	IDSS	server/idss_main.go:409	Duplicate query received on Peer: QmdgFQSQ2ACicLGHWqoohKnPPLVJaQiNKsmoHNXA6MVTXr get Client
 (UQI: QmVT4nXkCcghnSgaxCMuF3seddRXZCZSajtdrfGJXDxmZB-1730302369075974629)
2024-10-30T16:32:49.312+0100	INFO	IDSS	server/idss_main.go:364	Received incoming from Qmcq2Fi6i1ufA6cWD5PhHCbDcLbXz3zr43gmqZD7auG977
2024-10-30T16:32:49.333+0100	INFO	IDSS	server/idss_main.go:400	Query received:
On peer QmdgFQSQ2ACicLGHWqoohKnPPLVJaQiNKsmoHNXA6MVTXr 
UQI: QmVT4nXkCcghnSgaxCMuF3seddRXZCZSajtdrfGJXDxmZB-1730302369075974629
TTL: 1.125000 
From: Qmcq2Fi6i1ufA6cWD5PhHCbDcLbXz3zr43gmqZD7auG977
2024-10-30T16:32:49.334+0100	INFO	IDSS	server/idss_main.go:364	Received incoming from QmX2cttFzbE4uF1L6pd9zZj1d9epBy9Pp1Rc2ZTRGPkw5b
2024-10-30T16:32:49.334+0100	INFO	IDSS	server/idss_main.go:400	Query received:
On peer QmdgFQSQ2ACicLGHWqoohKnPPLVJaQiNKsmoHNXA6MVTXr 
UQI: QmVT4nXkCcghnSgaxCMuF3seddRXZCZSajtdrfGJXDxmZB-1730302369075974629
TTL: 1.125000 
From: QmX2cttFzbE4uF1L6pd9zZj1d9epBy9Pp1Rc2ZTRGPkw5b
2024-10-30T16:32:49.334+0100	WARN	IDSS	server/idss_main.go:409	Duplicate query received on Peer: QmdgFQSQ2ACicLGHWqoohKnPPLVJaQiNKsmoHNXA6MVTXr get Client
 (UQI: QmVT4nXkCcghnSgaxCMuF3seddRXZCZSajtdrfGJXDxmZB-1730302369075974629)
2024-10-30T16:32:49.316+0100	INFO	IDSS	server/idss_main.go:598	Query sent to peer QmbvLEyecLKJzWEaF1DwJjSpjjFZhytBLyvaLPyV6JB5Jx, awaiting for response
2024-10-30T16:32:49.317+0100	INFO	IDSS	server/idss_main.go:598	Query sent to peer QmX2cttFzbE4uF1L6pd9zZj1d9epBy9Pp1Rc2ZTRGPkw5b, awaiting for response
2024-10-30T16:32:49.320+0100	INFO	IDSS	server/idss_main.go:598	Query sent to peer QmQpQXB1b7TmgWsv6pvRMqwMMPyn1sJ7SbjuhdK6r5daQG, awaiting for response
2024-10-30T16:32:49.321+0100	INFO	IDSS	server/idss_main.go:598	Query sent to peer QmY3KziLnhU6RCNc9uSgBaP6CZFwSUUMij2XXcNYC6mUX4, awaiting for response
2024-10-30T16:32:49.321+0100	INFO	IDSS	server/idss_main.go:598	Query sent to peer QmQgd2SGH3tGMf4Au184f2euzY4RoDshacFDnDLJUH5Bke, awaiting for response
2024-10-30T16:32:49.322+0100	INFO	IDSS	server/idss_main.go:598	Query sent to peer QmTS2oW64P5TvNk61d5Hj9P4AFim7J9Dtp9sNQ14mdrhqx, awaiting for response
2024-10-30T16:32:49.335+0100	WARN	IDSS	server/idss_main.go:409	Duplicate query received on Peer: QmdgFQSQ2ACicLGHWqoohKnPPLVJaQiNKsmoHNXA6MVTXr get Client
 (UQI: QmVT4nXkCcghnSgaxCMuF3seddRXZCZSajtdrfGJXDxmZB-1730302369075974629)
2024-10-30T16:32:49.379+0100	INFO	IDSS	server/idss_main.go:364	Received incoming from QmQpQXB1b7TmgWsv6pvRMqwMMPyn1sJ7SbjuhdK6r5daQG
2024-10-30T16:32:49.383+0100	INFO	IDSS	server/idss_main.go:400	Query received:
On peer QmdgFQSQ2ACicLGHWqoohKnPPLVJaQiNKsmoHNXA6MVTXr 
UQI: QmVT4nXkCcghnSgaxCMuF3seddRXZCZSajtdrfGJXDxmZB-1730302369075974629
TTL: 1.125000 
From: QmQpQXB1b7TmgWsv6pvRMqwMMPyn1sJ7SbjuhdK6r5daQG
2024-10-30T16:32:49.384+0100	WARN	IDSS	server/idss_main.go:409	Duplicate query received on Peer: QmdgFQSQ2ACicLGHWqoohKnPPLVJaQiNKsmoHNXA6MVTXr get Client
 (UQI: QmVT4nXkCcghnSgaxCMuF3seddRXZCZSajtdrfGJXDxmZB-1730302369075974629)
2024-10-30T16:32:49.379+0100	INFO	IDSS	server/idss_main.go:364	Received incoming from QmZajqudreu5rkvjDADMY7g16UitD7RkWSQpr7cBaf5R8f
2024-10-30T16:32:49.384+0100	INFO	IDSS	server/idss_main.go:400	Query received:
On peer QmdgFQSQ2ACicLGHWqoohKnPPLVJaQiNKsmoHNXA6MVTXr 
UQI: QmVT4nXkCcghnSgaxCMuF3seddRXZCZSajtdrfGJXDxmZB-1730302369075974629
TTL: 1.125000 
From: QmZajqudreu5rkvjDADMY7g16UitD7RkWSQpr7cBaf5R8f
2024-10-30T16:32:49.384+0100	WARN	IDSS	server/idss_main.go:409	Duplicate query received on Peer: QmdgFQSQ2ACicLGHWqoohKnPPLVJaQiNKsmoHNXA6MVTXr get Client
 (UQI: QmVT4nXkCcghnSgaxCMuF3seddRXZCZSajtdrfGJXDxmZB-1730302369075974629)
2024-10-30T16:32:49.385+0100	INFO	IDSS	server/idss_main.go:364	Received incoming from QmTS2oW64P5TvNk61d5Hj9P4AFim7J9Dtp9sNQ14mdrhqx
2024-10-30T16:32:49.385+0100	INFO	IDSS	server/idss_main.go:400	Query received:
On peer QmdgFQSQ2ACicLGHWqoohKnPPLVJaQiNKsmoHNXA6MVTXr 
UQI: QmVT4nXkCcghnSgaxCMuF3seddRXZCZSajtdrfGJXDxmZB-1730302369075974629
TTL: 1.125000 
From: QmTS2oW64P5TvNk61d5Hj9P4AFim7J9Dtp9sNQ14mdrhqx
2024-10-30T16:32:49.385+0100	WARN	IDSS	server/idss_main.go:409	Duplicate query received on Peer: QmdgFQSQ2ACicLGHWqoohKnPPLVJaQiNKsmoHNXA6MVTXr get Client
 (UQI: QmVT4nXkCcghnSgaxCMuF3seddRXZCZSajtdrfGJXDxmZB-1730302369075974629)
2024-10-30T16:32:49.437+0100	INFO	IDSS	server/idss_main.go:364	Received incoming from QmbvLEyecLKJzWEaF1DwJjSpjjFZhytBLyvaLPyV6JB5Jx
2024-10-30T16:32:49.438+0100	INFO	IDSS	server/idss_main.go:400	Query received:
On peer QmdgFQSQ2ACicLGHWqoohKnPPLVJaQiNKsmoHNXA6MVTXr 
UQI: QmVT4nXkCcghnSgaxCMuF3seddRXZCZSajtdrfGJXDxmZB-1730302369075974629
TTL: 1.125000 
From: QmbvLEyecLKJzWEaF1DwJjSpjjFZhytBLyvaLPyV6JB5Jx
2024-10-30T16:32:49.444+0100	WARN	IDSS	server/idss_main.go:409	Duplicate query received on Peer: QmdgFQSQ2ACicLGHWqoohKnPPLVJaQiNKsmoHNXA6MVTXr get Client
 (UQI: QmVT4nXkCcghnSgaxCMuF3seddRXZCZSajtdrfGJXDxmZB-1730302369075974629)
2024-10-30T16:32:49.478+0100	INFO	IDSS	server/idss_main.go:364	Received incoming from QmaCZ6PGzv7TqjNbcyVqzfH5KsuX5YE4AE1QYDCDcK49Ep
2024-10-30T16:32:49.481+0100	INFO	IDSS	server/idss_main.go:400	Query received:
On peer QmdgFQSQ2ACicLGHWqoohKnPPLVJaQiNKsmoHNXA6MVTXr 
UQI: QmVT4nXkCcghnSgaxCMuF3seddRXZCZSajtdrfGJXDxmZB-1730302369075974629
TTL: 1.125000 
From: QmaCZ6PGzv7TqjNbcyVqzfH5KsuX5YE4AE1QYDCDcK49Ep
2024-10-30T16:32:49.482+0100	WARN	IDSS	server/idss_main.go:409	Duplicate query received on Peer: QmdgFQSQ2ACicLGHWqoohKnPPLVJaQiNKsmoHNXA6MVTXr get Client
 (UQI: QmVT4nXkCcghnSgaxCMuF3seddRXZCZSajtdrfGJXDxmZB-1730302369075974629)
2024-10-30T16:32:50.391+0100	WARN	IDSS	server/idss_main.go:604	Response timeout from peer QmX87h1VTfYQK5n2DCVHzHua6YV21QVTxtn6JQD4P6Up3k
2024-10-30T16:32:50.391+0100	WARN	IDSS	server/idss_main.go:604	Response timeout from peer Qmcq2Fi6i1ufA6cWD5PhHCbDcLbXz3zr43gmqZD7auG977
2024-10-30T16:32:50.393+0100	WARN	IDSS	server/idss_main.go:604	Response timeout from peer QmTjaGMytF5yVvUt7xwPyQMMdaxK53sBp8mnWAFQb4RVg8
2024-10-30T16:32:50.393+0100	WARN	IDSS	server/idss_main.go:604	Response timeout from peer QmaCZ6PGzv7TqjNbcyVqzfH5KsuX5YE4AE1QYDCDcK49Ep
2024-10-30T16:32:50.394+0100	WARN	IDSS	server/idss_main.go:604	Response timeout from peer QmZajqudreu5rkvjDADMY7g16UitD7RkWSQpr7cBaf5R8f
2024-10-30T16:32:50.420+0100	WARN	IDSS	server/idss_main.go:604	Response timeout from peer QmaUyzWdNRMfEHLTVieiUysBr8vC2N3VUexp92Jcjdi4QZ
2024-10-30T16:32:50.424+0100	WARN	IDSS	server/idss_main.go:604	Response timeout from peer QmZV3TbhWtfrDkYAnFJVMYUZUU9fMYp7UJzjfCHDv9qr5A
2024-10-30T16:32:50.436+0100	WARN	IDSS	server/idss_main.go:604	Response timeout from peer QmbvLEyecLKJzWEaF1DwJjSpjjFZhytBLyvaLPyV6JB5Jx
2024-10-30T16:32:50.437+0100	WARN	IDSS	server/idss_main.go:604	Response timeout from peer QmY3KziLnhU6RCNc9uSgBaP6CZFwSUUMij2XXcNYC6mUX4
2024-10-30T16:32:50.437+0100	WARN	IDSS	server/idss_main.go:604	Response timeout from peer QmX2cttFzbE4uF1L6pd9zZj1d9epBy9Pp1Rc2ZTRGPkw5b
2024-10-30T16:32:50.437+0100	WARN	IDSS	server/idss_main.go:604	Response timeout from peer QmQpQXB1b7TmgWsv6pvRMqwMMPyn1sJ7SbjuhdK6r5daQG
2024-10-30T16:32:50.437+0100	WARN	IDSS	server/idss_main.go:604	Response timeout from peer QmQgd2SGH3tGMf4Au184f2euzY4RoDshacFDnDLJUH5Bke
2024-10-30T16:32:50.437+0100	WARN	IDSS	server/idss_main.go:604	Response timeout from peer QmTS2oW64P5TvNk61d5Hj9P4AFim7J9Dtp9sNQ14mdrhqx
2024-10-30T16:32:50.437+0100	INFO	IDSS	server/idss_main.go:658	DONE merging local and remote results
2024-10-30T16:32:50.471+0100	INFO	IDSS	server/idss_main.go:695	This is an intermediate peer QmdgFQSQ2ACicLGHWqoohKnPPLVJaQiNKsmoHNXA6MVTXr. Merging results to send to parent peer QmdgFQSQ2ACicLGHWqoohKnPPLVJaQiNKsmoHNXA6MVTXr
2024-10-30T16:32:50.471+0100	INFO	IDSS	server/idss_main.go:710	Sending merged result to peer QmYzmFZrD7oeB5Ln2Qkz4FKJ6X5amj7quked8RJUHQGty4
2024-10-30T16:32:50.471+0100	INFO	IDSS	server/idss_main.go:712	Record count: 100
2024-10-30T16:32:50.471+0100	INFO	IDSS	server/idss_main.go:731	Successfully sent merged result to peer QmYzmFZrD7oeB5Ln2Qkz4FKJ6X5amj7quked8RJUHQGty4
2024-10-30T16:33:03.288+0100	INFO	IDSS	server/idss_main.go:364	Received incoming from QmYzmFZrD7oeB5Ln2Qkz4FKJ6X5amj7quked8RJUHQGty4
2024-10-30T16:33:03.288+0100	INFO	IDSS	server/idss_main.go:400	Query received:
On peer QmdgFQSQ2ACicLGHWqoohKnPPLVJaQiNKsmoHNXA6MVTXr 
UQI: QmVT4nXkCcghnSgaxCMuF3seddRXZCZSajtdrfGJXDxmZB-1730302383238050570
TTL: 1.500000 
From: QmYzmFZrD7oeB5Ln2Qkz4FKJ6X5amj7quked8RJUHQGty4
2024-10-30T16:33:03.348+0100	INFO	IDSS	server/idss_main.go:417	This is a new query on this peer
2024-10-30T16:33:03.348+0100	INFO	IDSS	server/idss_main.go:423	Entering executeAndBroadcastQuery...
2024-10-30T16:33:03.348+0100	INFO	IDSS	server/idss_main.go:857	Executing get Client
 locally in QmdgFQSQ2ACicLGHWqoohKnPPLVJaQiNKsmoHNXA6MVTXr
2024-10-30T16:33:03.451+0100	INFO	IDSS	server/idss_main.go:449	Local query executed successfully
2024-10-30T16:33:03.452+0100	INFO	IDSS	server/idss_main.go:463	Sender address updated to: QmdgFQSQ2ACicLGHWqoohKnPPLVJaQiNKsmoHNXA6MVTXr
2024-10-30T16:33:03.452+0100	INFO	IDSS	server/idss_main.go:513	Broadcasting query in peer: QmdgFQSQ2ACicLGHWqoohKnPPLVJaQiNKsmoHNXA6MVTXr, Parent peer QmYzmFZrD7oeB5Ln2Qkz4FKJ6X5amj7quked8RJUHQGty4 
2024-10-30T16:33:03.452+0100	INFO	IDSS	server/idss_main.go:545	TTL in QmdgFQSQ2ACicLGHWqoohKnPPLVJaQiNKsmoHNXA6MVTXr after decrement: 1.125000
2024-10-30T16:33:03.452+0100	INFO	IDSS	server/idss_main.go:644	Peer QmdgFQSQ2ACicLGHWqoohKnPPLVJaQiNKsmoHNXA6MVTXr waiting for overlay peers results...
2024-10-30T16:33:03.452+0100	INFO	IDSS	server/idss_main.go:651	Overlay peers peer results collected, start merging...
2024-10-30T16:33:03.453+0100	INFO	IDSS	server/idss_main.go:598	Query sent to peer QmZajqudreu5rkvjDADMY7g16UitD7RkWSQpr7cBaf5R8f, awaiting for response
2024-10-30T16:33:03.455+0100	INFO	IDSS	server/idss_main.go:598	Query sent to peer QmaCZ6PGzv7TqjNbcyVqzfH5KsuX5YE4AE1QYDCDcK49Ep, awaiting for response
2024-10-30T16:33:03.456+0100	INFO	IDSS	server/idss_main.go:598	Query sent to peer QmX2cttFzbE4uF1L6pd9zZj1d9epBy9Pp1Rc2ZTRGPkw5b, awaiting for response
2024-10-30T16:33:03.456+0100	INFO	IDSS	server/idss_main.go:598	Query sent to peer QmY3KziLnhU6RCNc9uSgBaP6CZFwSUUMij2XXcNYC6mUX4, awaiting for response
2024-10-30T16:33:03.456+0100	INFO	IDSS	server/idss_main.go:598	Query sent to peer QmQgd2SGH3tGMf4Au184f2euzY4RoDshacFDnDLJUH5Bke, awaiting for response
2024-10-30T16:33:03.457+0100	INFO	IDSS	server/idss_main.go:598	Query sent to peer QmaUyzWdNRMfEHLTVieiUysBr8vC2N3VUexp92Jcjdi4QZ, awaiting for response
2024-10-30T16:33:03.458+0100	INFO	IDSS	server/idss_main.go:598	Query sent to peer QmQpQXB1b7TmgWsv6pvRMqwMMPyn1sJ7SbjuhdK6r5daQG, awaiting for response
2024-10-30T16:33:03.461+0100	INFO	IDSS	server/idss_main.go:364	Received incoming from QmZV3TbhWtfrDkYAnFJVMYUZUU9fMYp7UJzjfCHDv9qr5A
2024-10-30T16:33:03.461+0100	INFO	IDSS	server/idss_main.go:400	Query received:
On peer QmdgFQSQ2ACicLGHWqoohKnPPLVJaQiNKsmoHNXA6MVTXr 
UQI: QmVT4nXkCcghnSgaxCMuF3seddRXZCZSajtdrfGJXDxmZB-1730302383238050570
TTL: 1.125000 
From: QmZV3TbhWtfrDkYAnFJVMYUZUU9fMYp7UJzjfCHDv9qr5A
2024-10-30T16:33:03.462+0100	WARN	IDSS	server/idss_main.go:409	Duplicate query received on Peer: QmdgFQSQ2ACicLGHWqoohKnPPLVJaQiNKsmoHNXA6MVTXr get Client
 (UQI: QmVT4nXkCcghnSgaxCMuF3seddRXZCZSajtdrfGJXDxmZB-1730302383238050570)
2024-10-30T16:33:03.464+0100	INFO	IDSS	server/idss_main.go:598	Query sent to peer QmTS2oW64P5TvNk61d5Hj9P4AFim7J9Dtp9sNQ14mdrhqx, awaiting for response
2024-10-30T16:33:03.464+0100	INFO	IDSS	server/idss_main.go:598	Query sent to peer QmZV3TbhWtfrDkYAnFJVMYUZUU9fMYp7UJzjfCHDv9qr5A, awaiting for response
2024-10-30T16:33:03.466+0100	INFO	IDSS	server/idss_main.go:598	Query sent to peer QmbvLEyecLKJzWEaF1DwJjSpjjFZhytBLyvaLPyV6JB5Jx, awaiting for response
2024-10-30T16:33:03.466+0100	INFO	IDSS	server/idss_main.go:598	Query sent to peer QmTjaGMytF5yVvUt7xwPyQMMdaxK53sBp8mnWAFQb4RVg8, awaiting for response
2024-10-30T16:33:03.468+0100	INFO	IDSS	server/idss_main.go:598	Query sent to peer QmX87h1VTfYQK5n2DCVHzHua6YV21QVTxtn6JQD4P6Up3k, awaiting for response
2024-10-30T16:33:03.469+0100	INFO	IDSS	server/idss_main.go:598	Query sent to peer Qmcq2Fi6i1ufA6cWD5PhHCbDcLbXz3zr43gmqZD7auG977, awaiting for response
2024-10-30T16:33:03.475+0100	INFO	IDSS	server/idss_main.go:364	Received incoming from QmaCZ6PGzv7TqjNbcyVqzfH5KsuX5YE4AE1QYDCDcK49Ep
2024-10-30T16:33:03.478+0100	INFO	IDSS	server/idss_main.go:400	Query received:
On peer QmdgFQSQ2ACicLGHWqoohKnPPLVJaQiNKsmoHNXA6MVTXr 
UQI: QmVT4nXkCcghnSgaxCMuF3seddRXZCZSajtdrfGJXDxmZB-1730302383238050570
TTL: 1.125000 
From: QmaCZ6PGzv7TqjNbcyVqzfH5KsuX5YE4AE1QYDCDcK49Ep
2024-10-30T16:33:03.479+0100	WARN	IDSS	server/idss_main.go:409	Duplicate query received on Peer: QmdgFQSQ2ACicLGHWqoohKnPPLVJaQiNKsmoHNXA6MVTXr get Client
 (UQI: QmVT4nXkCcghnSgaxCMuF3seddRXZCZSajtdrfGJXDxmZB-1730302383238050570)
2024-10-30T16:33:03.475+0100	INFO	IDSS	server/idss_main.go:364	Received incoming from QmZajqudreu5rkvjDADMY7g16UitD7RkWSQpr7cBaf5R8f
2024-10-30T16:33:03.480+0100	INFO	IDSS	server/idss_main.go:400	Query received:
On peer QmdgFQSQ2ACicLGHWqoohKnPPLVJaQiNKsmoHNXA6MVTXr 
UQI: QmVT4nXkCcghnSgaxCMuF3seddRXZCZSajtdrfGJXDxmZB-1730302383238050570
TTL: 1.125000 
From: QmZajqudreu5rkvjDADMY7g16UitD7RkWSQpr7cBaf5R8f
2024-10-30T16:33:03.480+0100	WARN	IDSS	server/idss_main.go:409	Duplicate query received on Peer: QmdgFQSQ2ACicLGHWqoohKnPPLVJaQiNKsmoHNXA6MVTXr get Client
 (UQI: QmVT4nXkCcghnSgaxCMuF3seddRXZCZSajtdrfGJXDxmZB-1730302383238050570)
2024-10-30T16:33:03.494+0100	INFO	IDSS	server/idss_main.go:364	Received incoming from QmTS2oW64P5TvNk61d5Hj9P4AFim7J9Dtp9sNQ14mdrhqx
2024-10-30T16:33:03.494+0100	INFO	IDSS	server/idss_main.go:400	Query received:
On peer QmdgFQSQ2ACicLGHWqoohKnPPLVJaQiNKsmoHNXA6MVTXr 
UQI: QmVT4nXkCcghnSgaxCMuF3seddRXZCZSajtdrfGJXDxmZB-1730302383238050570
TTL: 1.125000 
From: QmTS2oW64P5TvNk61d5Hj9P4AFim7J9Dtp9sNQ14mdrhqx
2024-10-30T16:33:03.495+0100	WARN	IDSS	server/idss_main.go:409	Duplicate query received on Peer: QmdgFQSQ2ACicLGHWqoohKnPPLVJaQiNKsmoHNXA6MVTXr get Client
 (UQI: QmVT4nXkCcghnSgaxCMuF3seddRXZCZSajtdrfGJXDxmZB-1730302383238050570)
2024-10-30T16:33:03.495+0100	INFO	IDSS	server/idss_main.go:364	Received incoming from QmTjaGMytF5yVvUt7xwPyQMMdaxK53sBp8mnWAFQb4RVg8
2024-10-30T16:33:03.495+0100	INFO	IDSS	server/idss_main.go:400	Query received:
On peer QmdgFQSQ2ACicLGHWqoohKnPPLVJaQiNKsmoHNXA6MVTXr 
UQI: QmVT4nXkCcghnSgaxCMuF3seddRXZCZSajtdrfGJXDxmZB-1730302383238050570
TTL: 1.125000 
From: QmTjaGMytF5yVvUt7xwPyQMMdaxK53sBp8mnWAFQb4RVg8
2024-10-30T16:33:03.496+0100	WARN	IDSS	server/idss_main.go:409	Duplicate query received on Peer: QmdgFQSQ2ACicLGHWqoohKnPPLVJaQiNKsmoHNXA6MVTXr get Client
 (UQI: QmVT4nXkCcghnSgaxCMuF3seddRXZCZSajtdrfGJXDxmZB-1730302383238050570)
2024-10-30T16:33:03.496+0100	INFO	IDSS	server/idss_main.go:364	Received incoming from QmbvLEyecLKJzWEaF1DwJjSpjjFZhytBLyvaLPyV6JB5Jx
2024-10-30T16:33:03.497+0100	INFO	IDSS	server/idss_main.go:400	Query received:
On peer QmdgFQSQ2ACicLGHWqoohKnPPLVJaQiNKsmoHNXA6MVTXr 
UQI: QmVT4nXkCcghnSgaxCMuF3seddRXZCZSajtdrfGJXDxmZB-1730302383238050570
TTL: 1.125000 
From: QmbvLEyecLKJzWEaF1DwJjSpjjFZhytBLyvaLPyV6JB5Jx
2024-10-30T16:33:03.497+0100	WARN	IDSS	server/idss_main.go:409	Duplicate query received on Peer: QmdgFQSQ2ACicLGHWqoohKnPPLVJaQiNKsmoHNXA6MVTXr get Client
 (UQI: QmVT4nXkCcghnSgaxCMuF3seddRXZCZSajtdrfGJXDxmZB-1730302383238050570)
2024-10-30T16:33:03.520+0100	INFO	IDSS	server/idss_main.go:364	Received incoming from QmaUyzWdNRMfEHLTVieiUysBr8vC2N3VUexp92Jcjdi4QZ
2024-10-30T16:33:03.520+0100	INFO	IDSS	server/idss_main.go:400	Query received:
On peer QmdgFQSQ2ACicLGHWqoohKnPPLVJaQiNKsmoHNXA6MVTXr 
UQI: QmVT4nXkCcghnSgaxCMuF3seddRXZCZSajtdrfGJXDxmZB-1730302383238050570
TTL: 1.125000 
From: QmaUyzWdNRMfEHLTVieiUysBr8vC2N3VUexp92Jcjdi4QZ
2024-10-30T16:33:03.521+0100	WARN	IDSS	server/idss_main.go:409	Duplicate query received on Peer: QmdgFQSQ2ACicLGHWqoohKnPPLVJaQiNKsmoHNXA6MVTXr get Client
 (UQI: QmVT4nXkCcghnSgaxCMuF3seddRXZCZSajtdrfGJXDxmZB-1730302383238050570)
2024-10-30T16:33:03.535+0100	INFO	IDSS	server/idss_main.go:364	Received incoming from QmQgd2SGH3tGMf4Au184f2euzY4RoDshacFDnDLJUH5Bke
2024-10-30T16:33:03.552+0100	INFO	IDSS	server/idss_main.go:400	Query received:
On peer QmdgFQSQ2ACicLGHWqoohKnPPLVJaQiNKsmoHNXA6MVTXr 
UQI: QmVT4nXkCcghnSgaxCMuF3seddRXZCZSajtdrfGJXDxmZB-1730302383238050570
TTL: 1.125000 
From: QmQgd2SGH3tGMf4Au184f2euzY4RoDshacFDnDLJUH5Bke
2024-10-30T16:33:03.553+0100	WARN	IDSS	server/idss_main.go:409	Duplicate query received on Peer: QmdgFQSQ2ACicLGHWqoohKnPPLVJaQiNKsmoHNXA6MVTXr get Client
 (UQI: QmVT4nXkCcghnSgaxCMuF3seddRXZCZSajtdrfGJXDxmZB-1730302383238050570)
2024-10-30T16:33:03.535+0100	INFO	IDSS	server/idss_main.go:364	Received incoming from Qmcq2Fi6i1ufA6cWD5PhHCbDcLbXz3zr43gmqZD7auG977
2024-10-30T16:33:03.553+0100	INFO	IDSS	server/idss_main.go:400	Query received:
On peer QmdgFQSQ2ACicLGHWqoohKnPPLVJaQiNKsmoHNXA6MVTXr 
UQI: QmVT4nXkCcghnSgaxCMuF3seddRXZCZSajtdrfGJXDxmZB-1730302383238050570
TTL: 1.125000 
From: Qmcq2Fi6i1ufA6cWD5PhHCbDcLbXz3zr43gmqZD7auG977
2024-10-30T16:33:03.554+0100	WARN	IDSS	server/idss_main.go:409	Duplicate query received on Peer: QmdgFQSQ2ACicLGHWqoohKnPPLVJaQiNKsmoHNXA6MVTXr get Client
 (UQI: QmVT4nXkCcghnSgaxCMuF3seddRXZCZSajtdrfGJXDxmZB-1730302383238050570)
2024-10-30T16:33:03.582+0100	INFO	IDSS	server/idss_main.go:364	Received incoming from QmX2cttFzbE4uF1L6pd9zZj1d9epBy9Pp1Rc2ZTRGPkw5b
2024-10-30T16:33:03.582+0100	INFO	IDSS	server/idss_main.go:400	Query received:
On peer QmdgFQSQ2ACicLGHWqoohKnPPLVJaQiNKsmoHNXA6MVTXr 
UQI: QmVT4nXkCcghnSgaxCMuF3seddRXZCZSajtdrfGJXDxmZB-1730302383238050570
TTL: 1.125000 
From: QmX2cttFzbE4uF1L6pd9zZj1d9epBy9Pp1Rc2ZTRGPkw5b
2024-10-30T16:33:03.583+0100	WARN	IDSS	server/idss_main.go:409	Duplicate query received on Peer: QmdgFQSQ2ACicLGHWqoohKnPPLVJaQiNKsmoHNXA6MVTXr get Client
 (UQI: QmVT4nXkCcghnSgaxCMuF3seddRXZCZSajtdrfGJXDxmZB-1730302383238050570)
2024-10-30T16:33:03.583+0100	INFO	IDSS	server/idss_main.go:364	Received incoming from QmY3KziLnhU6RCNc9uSgBaP6CZFwSUUMij2XXcNYC6mUX4
2024-10-30T16:33:03.584+0100	INFO	IDSS	server/idss_main.go:400	Query received:
On peer QmdgFQSQ2ACicLGHWqoohKnPPLVJaQiNKsmoHNXA6MVTXr 
UQI: QmVT4nXkCcghnSgaxCMuF3seddRXZCZSajtdrfGJXDxmZB-1730302383238050570
TTL: 1.125000 
From: QmY3KziLnhU6RCNc9uSgBaP6CZFwSUUMij2XXcNYC6mUX4
2024-10-30T16:33:03.585+0100	WARN	IDSS	server/idss_main.go:409	Duplicate query received on Peer: QmdgFQSQ2ACicLGHWqoohKnPPLVJaQiNKsmoHNXA6MVTXr get Client
 (UQI: QmVT4nXkCcghnSgaxCMuF3seddRXZCZSajtdrfGJXDxmZB-1730302383238050570)
2024-10-30T16:33:03.617+0100	INFO	IDSS	server/idss_main.go:364	Received incoming from QmX87h1VTfYQK5n2DCVHzHua6YV21QVTxtn6JQD4P6Up3k
2024-10-30T16:33:03.617+0100	INFO	IDSS	server/idss_main.go:400	Query received:
On peer QmdgFQSQ2ACicLGHWqoohKnPPLVJaQiNKsmoHNXA6MVTXr 
UQI: QmVT4nXkCcghnSgaxCMuF3seddRXZCZSajtdrfGJXDxmZB-1730302383238050570
TTL: 1.125000 
From: QmX87h1VTfYQK5n2DCVHzHua6YV21QVTxtn6JQD4P6Up3k
2024-10-30T16:33:03.617+0100	WARN	IDSS	server/idss_main.go:409	Duplicate query received on Peer: QmdgFQSQ2ACicLGHWqoohKnPPLVJaQiNKsmoHNXA6MVTXr get Client
 (UQI: QmVT4nXkCcghnSgaxCMuF3seddRXZCZSajtdrfGJXDxmZB-1730302383238050570)
2024-10-30T16:33:03.654+0100	INFO	IDSS	server/idss_main.go:364	Received incoming from QmQpQXB1b7TmgWsv6pvRMqwMMPyn1sJ7SbjuhdK6r5daQG
2024-10-30T16:33:03.654+0100	INFO	IDSS	server/idss_main.go:400	Query received:
On peer QmdgFQSQ2ACicLGHWqoohKnPPLVJaQiNKsmoHNXA6MVTXr 
UQI: QmVT4nXkCcghnSgaxCMuF3seddRXZCZSajtdrfGJXDxmZB-1730302383238050570
TTL: 1.125000 
From: QmQpQXB1b7TmgWsv6pvRMqwMMPyn1sJ7SbjuhdK6r5daQG
2024-10-30T16:33:03.654+0100	WARN	IDSS	server/idss_main.go:409	Duplicate query received on Peer: QmdgFQSQ2ACicLGHWqoohKnPPLVJaQiNKsmoHNXA6MVTXr get Client
 (UQI: QmVT4nXkCcghnSgaxCMuF3seddRXZCZSajtdrfGJXDxmZB-1730302383238050570)
2024-10-30T16:33:04.578+0100	WARN	IDSS	server/idss_main.go:604	Response timeout from peer QmTjaGMytF5yVvUt7xwPyQMMdaxK53sBp8mnWAFQb4RVg8
2024-10-30T16:33:04.578+0100	WARN	IDSS	server/idss_main.go:604	Response timeout from peer QmZajqudreu5rkvjDADMY7g16UitD7RkWSQpr7cBaf5R8f
2024-10-30T16:33:04.578+0100	WARN	IDSS	server/idss_main.go:604	Response timeout from peer QmaCZ6PGzv7TqjNbcyVqzfH5KsuX5YE4AE1QYDCDcK49Ep
2024-10-30T16:33:04.578+0100	WARN	IDSS	server/idss_main.go:604	Response timeout from peer QmX2cttFzbE4uF1L6pd9zZj1d9epBy9Pp1Rc2ZTRGPkw5b
2024-10-30T16:33:04.578+0100	WARN	IDSS	server/idss_main.go:604	Response timeout from peer QmQpQXB1b7TmgWsv6pvRMqwMMPyn1sJ7SbjuhdK6r5daQG
2024-10-30T16:33:04.579+0100	WARN	IDSS	server/idss_main.go:604	Response timeout from peer QmY3KziLnhU6RCNc9uSgBaP6CZFwSUUMij2XXcNYC6mUX4
2024-10-30T16:33:04.579+0100	WARN	IDSS	server/idss_main.go:604	Response timeout from peer QmQgd2SGH3tGMf4Au184f2euzY4RoDshacFDnDLJUH5Bke
2024-10-30T16:33:04.579+0100	WARN	IDSS	server/idss_main.go:604	Response timeout from peer QmTS2oW64P5TvNk61d5Hj9P4AFim7J9Dtp9sNQ14mdrhqx
2024-10-30T16:33:04.579+0100	WARN	IDSS	server/idss_main.go:604	Response timeout from peer QmX87h1VTfYQK5n2DCVHzHua6YV21QVTxtn6JQD4P6Up3k
2024-10-30T16:33:04.579+0100	WARN	IDSS	server/idss_main.go:604	Response timeout from peer Qmcq2Fi6i1ufA6cWD5PhHCbDcLbXz3zr43gmqZD7auG977
2024-10-30T16:33:04.579+0100	WARN	IDSS	server/idss_main.go:604	Response timeout from peer QmaUyzWdNRMfEHLTVieiUysBr8vC2N3VUexp92Jcjdi4QZ
2024-10-30T16:33:04.579+0100	WARN	IDSS	server/idss_main.go:604	Response timeout from peer QmZV3TbhWtfrDkYAnFJVMYUZUU9fMYp7UJzjfCHDv9qr5A
2024-10-30T16:33:04.579+0100	WARN	IDSS	server/idss_main.go:604	Response timeout from peer QmbvLEyecLKJzWEaF1DwJjSpjjFZhytBLyvaLPyV6JB5Jx
2024-10-30T16:33:04.579+0100	INFO	IDSS	server/idss_main.go:658	DONE merging local and remote results
2024-10-30T16:33:04.610+0100	INFO	IDSS	server/idss_main.go:695	This is an intermediate peer QmdgFQSQ2ACicLGHWqoohKnPPLVJaQiNKsmoHNXA6MVTXr. Merging results to send to parent peer QmdgFQSQ2ACicLGHWqoohKnPPLVJaQiNKsmoHNXA6MVTXr
2024-10-30T16:33:04.610+0100	INFO	IDSS	server/idss_main.go:710	Sending merged result to peer QmYzmFZrD7oeB5Ln2Qkz4FKJ6X5amj7quked8RJUHQGty4
2024-10-30T16:33:04.610+0100	INFO	IDSS	server/idss_main.go:712	Record count: 100
2024-10-30T16:33:04.610+0100	INFO	IDSS	server/idss_main.go:731	Successfully sent merged result to peer QmYzmFZrD7oeB5Ln2Qkz4FKJ6X5amj7quked8RJUHQGty4
2024-10-30T16:33:26.071+0100	INFO	IDSS	server/idss_main.go:364	Received incoming from QmYzmFZrD7oeB5Ln2Qkz4FKJ6X5amj7quked8RJUHQGty4
2024-10-30T16:33:26.071+0100	INFO	IDSS	server/idss_main.go:400	Query received:
On peer QmdgFQSQ2ACicLGHWqoohKnPPLVJaQiNKsmoHNXA6MVTXr 
UQI: QmVT4nXkCcghnSgaxCMuF3seddRXZCZSajtdrfGJXDxmZB-1730302406007796947
TTL: 1.500000 
From: QmYzmFZrD7oeB5Ln2Qkz4FKJ6X5amj7quked8RJUHQGty4
2024-10-30T16:33:26.234+0100	INFO	IDSS	server/idss_main.go:417	This is a new query on this peer
2024-10-30T16:33:26.234+0100	INFO	IDSS	server/idss_main.go:423	Entering executeAndBroadcastQuery...
2024-10-30T16:33:26.234+0100	INFO	IDSS	server/idss_main.go:857	Executing get Client
 locally in QmdgFQSQ2ACicLGHWqoohKnPPLVJaQiNKsmoHNXA6MVTXr
2024-10-30T16:33:26.300+0100	INFO	IDSS	server/idss_main.go:364	Received incoming from Qmcq2Fi6i1ufA6cWD5PhHCbDcLbXz3zr43gmqZD7auG977
2024-10-30T16:33:26.300+0100	INFO	IDSS	server/idss_main.go:364	Received incoming from QmbvLEyecLKJzWEaF1DwJjSpjjFZhytBLyvaLPyV6JB5Jx
2024-10-30T16:33:26.300+0100	INFO	IDSS	server/idss_main.go:400	Query received:
On peer QmdgFQSQ2ACicLGHWqoohKnPPLVJaQiNKsmoHNXA6MVTXr 
UQI: QmVT4nXkCcghnSgaxCMuF3seddRXZCZSajtdrfGJXDxmZB-1730302406007796947
TTL: 1.125000 
From: Qmcq2Fi6i1ufA6cWD5PhHCbDcLbXz3zr43gmqZD7auG977
2024-10-30T16:33:26.301+0100	INFO	IDSS	server/idss_main.go:400	Query received:
On peer QmdgFQSQ2ACicLGHWqoohKnPPLVJaQiNKsmoHNXA6MVTXr 
UQI: QmVT4nXkCcghnSgaxCMuF3seddRXZCZSajtdrfGJXDxmZB-1730302406007796947
TTL: 1.125000 
From: QmbvLEyecLKJzWEaF1DwJjSpjjFZhytBLyvaLPyV6JB5Jx
2024-10-30T16:33:26.308+0100	INFO	IDSS	server/idss_main.go:364	Received incoming from QmTjaGMytF5yVvUt7xwPyQMMdaxK53sBp8mnWAFQb4RVg8
2024-10-30T16:33:26.309+0100	INFO	IDSS	server/idss_main.go:400	Query received:
On peer QmdgFQSQ2ACicLGHWqoohKnPPLVJaQiNKsmoHNXA6MVTXr 
UQI: QmVT4nXkCcghnSgaxCMuF3seddRXZCZSajtdrfGJXDxmZB-1730302406007796947
TTL: 1.125000 
From: QmTjaGMytF5yVvUt7xwPyQMMdaxK53sBp8mnWAFQb4RVg8
2024-10-30T16:33:26.325+0100	INFO	IDSS	server/idss_main.go:364	Received incoming from QmaCZ6PGzv7TqjNbcyVqzfH5KsuX5YE4AE1QYDCDcK49Ep
2024-10-30T16:33:26.326+0100	INFO	IDSS	server/idss_main.go:400	Query received:
On peer QmdgFQSQ2ACicLGHWqoohKnPPLVJaQiNKsmoHNXA6MVTXr 
UQI: QmVT4nXkCcghnSgaxCMuF3seddRXZCZSajtdrfGJXDxmZB-1730302406007796947
TTL: 1.125000 
From: QmaCZ6PGzv7TqjNbcyVqzfH5KsuX5YE4AE1QYDCDcK49Ep
2024-10-30T16:33:26.327+0100	INFO	IDSS	server/idss_main.go:449	Local query executed successfully
2024-10-30T16:33:26.327+0100	WARN	IDSS	server/idss_main.go:409	Duplicate query received on Peer: QmdgFQSQ2ACicLGHWqoohKnPPLVJaQiNKsmoHNXA6MVTXr get Client
 (UQI: QmVT4nXkCcghnSgaxCMuF3seddRXZCZSajtdrfGJXDxmZB-1730302406007796947)
2024-10-30T16:33:26.327+0100	WARN	IDSS	server/idss_main.go:409	Duplicate query received on Peer: QmdgFQSQ2ACicLGHWqoohKnPPLVJaQiNKsmoHNXA6MVTXr get Client
 (UQI: QmVT4nXkCcghnSgaxCMuF3seddRXZCZSajtdrfGJXDxmZB-1730302406007796947)
2024-10-30T16:33:26.328+0100	WARN	IDSS	server/idss_main.go:409	Duplicate query received on Peer: QmdgFQSQ2ACicLGHWqoohKnPPLVJaQiNKsmoHNXA6MVTXr get Client
 (UQI: QmVT4nXkCcghnSgaxCMuF3seddRXZCZSajtdrfGJXDxmZB-1730302406007796947)
2024-10-30T16:33:26.328+0100	WARN	IDSS	server/idss_main.go:409	Duplicate query received on Peer: QmdgFQSQ2ACicLGHWqoohKnPPLVJaQiNKsmoHNXA6MVTXr get Client
 (UQI: QmVT4nXkCcghnSgaxCMuF3seddRXZCZSajtdrfGJXDxmZB-1730302406007796947)
2024-10-30T16:33:26.342+0100	INFO	IDSS	server/idss_main.go:364	Received incoming from QmQpQXB1b7TmgWsv6pvRMqwMMPyn1sJ7SbjuhdK6r5daQG
2024-10-30T16:33:26.342+0100	INFO	IDSS	server/idss_main.go:400	Query received:
On peer QmdgFQSQ2ACicLGHWqoohKnPPLVJaQiNKsmoHNXA6MVTXr 
UQI: QmVT4nXkCcghnSgaxCMuF3seddRXZCZSajtdrfGJXDxmZB-1730302406007796947
TTL: 1.125000 
From: QmQpQXB1b7TmgWsv6pvRMqwMMPyn1sJ7SbjuhdK6r5daQG
2024-10-30T16:33:26.342+0100	INFO	IDSS	server/idss_main.go:364	Received incoming from QmZV3TbhWtfrDkYAnFJVMYUZUU9fMYp7UJzjfCHDv9qr5A
2024-10-30T16:33:26.342+0100	INFO	IDSS	server/idss_main.go:400	Query received:
On peer QmdgFQSQ2ACicLGHWqoohKnPPLVJaQiNKsmoHNXA6MVTXr 
UQI: QmVT4nXkCcghnSgaxCMuF3seddRXZCZSajtdrfGJXDxmZB-1730302406007796947
TTL: 1.125000 
From: QmZV3TbhWtfrDkYAnFJVMYUZUU9fMYp7UJzjfCHDv9qr5A
2024-10-30T16:33:26.343+0100	WARN	IDSS	server/idss_main.go:409	Duplicate query received on Peer: QmdgFQSQ2ACicLGHWqoohKnPPLVJaQiNKsmoHNXA6MVTXr get Client
 (UQI: QmVT4nXkCcghnSgaxCMuF3seddRXZCZSajtdrfGJXDxmZB-1730302406007796947)
2024-10-30T16:33:26.343+0100	WARN	IDSS	server/idss_main.go:409	Duplicate query received on Peer: QmdgFQSQ2ACicLGHWqoohKnPPLVJaQiNKsmoHNXA6MVTXr get Client
 (UQI: QmVT4nXkCcghnSgaxCMuF3seddRXZCZSajtdrfGJXDxmZB-1730302406007796947)
2024-10-30T16:33:26.327+0100	INFO	IDSS	server/idss_main.go:463	Sender address updated to: QmdgFQSQ2ACicLGHWqoohKnPPLVJaQiNKsmoHNXA6MVTXr
2024-10-30T16:33:26.346+0100	INFO	IDSS	server/idss_main.go:513	Broadcasting query in peer: QmdgFQSQ2ACicLGHWqoohKnPPLVJaQiNKsmoHNXA6MVTXr, Parent peer QmYzmFZrD7oeB5Ln2Qkz4FKJ6X5amj7quked8RJUHQGty4 
2024-10-30T16:33:26.346+0100	INFO	IDSS	server/idss_main.go:545	TTL in QmdgFQSQ2ACicLGHWqoohKnPPLVJaQiNKsmoHNXA6MVTXr after decrement: 1.125000
2024-10-30T16:33:26.346+0100	INFO	IDSS	server/idss_main.go:644	Peer QmdgFQSQ2ACicLGHWqoohKnPPLVJaQiNKsmoHNXA6MVTXr waiting for overlay peers results...
2024-10-30T16:33:26.346+0100	INFO	IDSS	server/idss_main.go:651	Overlay peers peer results collected, start merging...
2024-10-30T16:33:26.347+0100	INFO	IDSS	server/idss_main.go:598	Query sent to peer QmX2cttFzbE4uF1L6pd9zZj1d9epBy9Pp1Rc2ZTRGPkw5b, awaiting for response
2024-10-30T16:33:26.349+0100	INFO	IDSS	server/idss_main.go:598	Query sent to peer QmY3KziLnhU6RCNc9uSgBaP6CZFwSUUMij2XXcNYC6mUX4, awaiting for response
2024-10-30T16:33:26.349+0100	INFO	IDSS	server/idss_main.go:598	Query sent to peer QmQgd2SGH3tGMf4Au184f2euzY4RoDshacFDnDLJUH5Bke, awaiting for response
2024-10-30T16:33:26.356+0100	INFO	IDSS	server/idss_main.go:598	Query sent to peer QmTS2oW64P5TvNk61d5Hj9P4AFim7J9Dtp9sNQ14mdrhqx, awaiting for response
2024-10-30T16:33:26.356+0100	INFO	IDSS	server/idss_main.go:598	Query sent to peer QmTjaGMytF5yVvUt7xwPyQMMdaxK53sBp8mnWAFQb4RVg8, awaiting for response
2024-10-30T16:33:26.357+0100	INFO	IDSS	server/idss_main.go:598	Query sent to peer QmZajqudreu5rkvjDADMY7g16UitD7RkWSQpr7cBaf5R8f, awaiting for response
2024-10-30T16:33:26.357+0100	INFO	IDSS	server/idss_main.go:598	Query sent to peer QmaCZ6PGzv7TqjNbcyVqzfH5KsuX5YE4AE1QYDCDcK49Ep, awaiting for response
2024-10-30T16:33:26.358+0100	INFO	IDSS	server/idss_main.go:364	Received incoming from QmZajqudreu5rkvjDADMY7g16UitD7RkWSQpr7cBaf5R8f
2024-10-30T16:33:26.358+0100	INFO	IDSS	server/idss_main.go:400	Query received:
On peer QmdgFQSQ2ACicLGHWqoohKnPPLVJaQiNKsmoHNXA6MVTXr 
UQI: QmVT4nXkCcghnSgaxCMuF3seddRXZCZSajtdrfGJXDxmZB-1730302406007796947
TTL: 1.125000 
From: QmZajqudreu5rkvjDADMY7g16UitD7RkWSQpr7cBaf5R8f
2024-10-30T16:33:26.359+0100	WARN	IDSS	server/idss_main.go:409	Duplicate query received on Peer: QmdgFQSQ2ACicLGHWqoohKnPPLVJaQiNKsmoHNXA6MVTXr get Client
 (UQI: QmVT4nXkCcghnSgaxCMuF3seddRXZCZSajtdrfGJXDxmZB-1730302406007796947)
2024-10-30T16:33:26.359+0100	INFO	IDSS	server/idss_main.go:598	Query sent to peer QmZV3TbhWtfrDkYAnFJVMYUZUU9fMYp7UJzjfCHDv9qr5A, awaiting for response
2024-10-30T16:33:26.358+0100	INFO	IDSS	server/idss_main.go:598	Query sent to peer QmaUyzWdNRMfEHLTVieiUysBr8vC2N3VUexp92Jcjdi4QZ, awaiting for response
2024-10-30T16:33:26.360+0100	INFO	IDSS	server/idss_main.go:598	Query sent to peer QmbvLEyecLKJzWEaF1DwJjSpjjFZhytBLyvaLPyV6JB5Jx, awaiting for response
2024-10-30T16:33:26.361+0100	INFO	IDSS	server/idss_main.go:598	Query sent to peer QmQpQXB1b7TmgWsv6pvRMqwMMPyn1sJ7SbjuhdK6r5daQG, awaiting for response
2024-10-30T16:33:26.361+0100	INFO	IDSS	server/idss_main.go:598	Query sent to peer QmX87h1VTfYQK5n2DCVHzHua6YV21QVTxtn6JQD4P6Up3k, awaiting for response
2024-10-30T16:33:26.361+0100	INFO	IDSS	server/idss_main.go:598	Query sent to peer Qmcq2Fi6i1ufA6cWD5PhHCbDcLbXz3zr43gmqZD7auG977, awaiting for response
2024-10-30T16:33:26.371+0100	INFO	IDSS	server/idss_main.go:364	Received incoming from QmTS2oW64P5TvNk61d5Hj9P4AFim7J9Dtp9sNQ14mdrhqx
2024-10-30T16:33:26.371+0100	INFO	IDSS	server/idss_main.go:400	Query received:
On peer QmdgFQSQ2ACicLGHWqoohKnPPLVJaQiNKsmoHNXA6MVTXr 
UQI: QmVT4nXkCcghnSgaxCMuF3seddRXZCZSajtdrfGJXDxmZB-1730302406007796947
TTL: 1.125000 
From: QmTS2oW64P5TvNk61d5Hj9P4AFim7J9Dtp9sNQ14mdrhqx
2024-10-30T16:33:26.372+0100	WARN	IDSS	server/idss_main.go:409	Duplicate query received on Peer: QmdgFQSQ2ACicLGHWqoohKnPPLVJaQiNKsmoHNXA6MVTXr get Client
 (UQI: QmVT4nXkCcghnSgaxCMuF3seddRXZCZSajtdrfGJXDxmZB-1730302406007796947)
2024-10-30T16:33:26.387+0100	INFO	IDSS	server/idss_main.go:364	Received incoming from QmQgd2SGH3tGMf4Au184f2euzY4RoDshacFDnDLJUH5Bke
2024-10-30T16:33:26.389+0100	INFO	IDSS	server/idss_main.go:400	Query received:
On peer QmdgFQSQ2ACicLGHWqoohKnPPLVJaQiNKsmoHNXA6MVTXr 
UQI: QmVT4nXkCcghnSgaxCMuF3seddRXZCZSajtdrfGJXDxmZB-1730302406007796947
TTL: 1.125000 
From: QmQgd2SGH3tGMf4Au184f2euzY4RoDshacFDnDLJUH5Bke
2024-10-30T16:33:26.390+0100	WARN	IDSS	server/idss_main.go:409	Duplicate query received on Peer: QmdgFQSQ2ACicLGHWqoohKnPPLVJaQiNKsmoHNXA6MVTXr get Client
 (UQI: QmVT4nXkCcghnSgaxCMuF3seddRXZCZSajtdrfGJXDxmZB-1730302406007796947)
2024-10-30T16:33:26.400+0100	INFO	IDSS	server/idss_main.go:364	Received incoming from QmX2cttFzbE4uF1L6pd9zZj1d9epBy9Pp1Rc2ZTRGPkw5b
2024-10-30T16:33:26.401+0100	INFO	IDSS	server/idss_main.go:400	Query received:
On peer QmdgFQSQ2ACicLGHWqoohKnPPLVJaQiNKsmoHNXA6MVTXr 
UQI: QmVT4nXkCcghnSgaxCMuF3seddRXZCZSajtdrfGJXDxmZB-1730302406007796947
TTL: 1.125000 
From: QmX2cttFzbE4uF1L6pd9zZj1d9epBy9Pp1Rc2ZTRGPkw5b
2024-10-30T16:33:26.402+0100	WARN	IDSS	server/idss_main.go:409	Duplicate query received on Peer: QmdgFQSQ2ACicLGHWqoohKnPPLVJaQiNKsmoHNXA6MVTXr get Client
 (UQI: QmVT4nXkCcghnSgaxCMuF3seddRXZCZSajtdrfGJXDxmZB-1730302406007796947)
2024-10-30T16:33:26.419+0100	INFO	IDSS	server/idss_main.go:364	Received incoming from QmaUyzWdNRMfEHLTVieiUysBr8vC2N3VUexp92Jcjdi4QZ
2024-10-30T16:33:26.436+0100	INFO	IDSS	server/idss_main.go:400	Query received:
On peer QmdgFQSQ2ACicLGHWqoohKnPPLVJaQiNKsmoHNXA6MVTXr 
UQI: QmVT4nXkCcghnSgaxCMuF3seddRXZCZSajtdrfGJXDxmZB-1730302406007796947
TTL: 1.125000 
From: QmaUyzWdNRMfEHLTVieiUysBr8vC2N3VUexp92Jcjdi4QZ
2024-10-30T16:33:26.437+0100	WARN	IDSS	server/idss_main.go:409	Duplicate query received on Peer: QmdgFQSQ2ACicLGHWqoohKnPPLVJaQiNKsmoHNXA6MVTXr get Client
 (UQI: QmVT4nXkCcghnSgaxCMuF3seddRXZCZSajtdrfGJXDxmZB-1730302406007796947)
2024-10-30T16:33:26.437+0100	INFO	IDSS	server/idss_main.go:364	Received incoming from QmY3KziLnhU6RCNc9uSgBaP6CZFwSUUMij2XXcNYC6mUX4
2024-10-30T16:33:26.437+0100	INFO	IDSS	server/idss_main.go:400	Query received:
On peer QmdgFQSQ2ACicLGHWqoohKnPPLVJaQiNKsmoHNXA6MVTXr 
UQI: QmVT4nXkCcghnSgaxCMuF3seddRXZCZSajtdrfGJXDxmZB-1730302406007796947
TTL: 1.125000 
From: QmY3KziLnhU6RCNc9uSgBaP6CZFwSUUMij2XXcNYC6mUX4
2024-10-30T16:33:26.438+0100	WARN	IDSS	server/idss_main.go:409	Duplicate query received on Peer: QmdgFQSQ2ACicLGHWqoohKnPPLVJaQiNKsmoHNXA6MVTXr get Client
 (UQI: QmVT4nXkCcghnSgaxCMuF3seddRXZCZSajtdrfGJXDxmZB-1730302406007796947)
2024-10-30T16:33:26.460+0100	INFO	IDSS	server/idss_main.go:364	Received incoming from QmX87h1VTfYQK5n2DCVHzHua6YV21QVTxtn6JQD4P6Up3k
2024-10-30T16:33:26.460+0100	INFO	IDSS	server/idss_main.go:400	Query received:
On peer QmdgFQSQ2ACicLGHWqoohKnPPLVJaQiNKsmoHNXA6MVTXr 
UQI: QmVT4nXkCcghnSgaxCMuF3seddRXZCZSajtdrfGJXDxmZB-1730302406007796947
TTL: 1.125000 
From: QmX87h1VTfYQK5n2DCVHzHua6YV21QVTxtn6JQD4P6Up3k
2024-10-30T16:33:26.461+0100	WARN	IDSS	server/idss_main.go:409	Duplicate query received on Peer: QmdgFQSQ2ACicLGHWqoohKnPPLVJaQiNKsmoHNXA6MVTXr get Client
 (UQI: QmVT4nXkCcghnSgaxCMuF3seddRXZCZSajtdrfGJXDxmZB-1730302406007796947)
2024-10-30T16:33:27.473+0100	WARN	IDSS	server/idss_main.go:604	Response timeout from peer QmX2cttFzbE4uF1L6pd9zZj1d9epBy9Pp1Rc2ZTRGPkw5b
2024-10-30T16:33:27.474+0100	WARN	IDSS	server/idss_main.go:604	Response timeout from peer QmQpQXB1b7TmgWsv6pvRMqwMMPyn1sJ7SbjuhdK6r5daQG
2024-10-30T16:33:27.474+0100	WARN	IDSS	server/idss_main.go:604	Response timeout from peer QmTS2oW64P5TvNk61d5Hj9P4AFim7J9Dtp9sNQ14mdrhqx
2024-10-30T16:33:27.475+0100	WARN	IDSS	server/idss_main.go:604	Response timeout from peer Qmcq2Fi6i1ufA6cWD5PhHCbDcLbXz3zr43gmqZD7auG977
2024-10-30T16:33:27.475+0100	WARN	IDSS	server/idss_main.go:604	Response timeout from peer QmX87h1VTfYQK5n2DCVHzHua6YV21QVTxtn6JQD4P6Up3k
2024-10-30T16:33:27.475+0100	WARN	IDSS	server/idss_main.go:604	Response timeout from peer QmQgd2SGH3tGMf4Au184f2euzY4RoDshacFDnDLJUH5Bke
2024-10-30T16:33:27.475+0100	WARN	IDSS	server/idss_main.go:604	Response timeout from peer QmY3KziLnhU6RCNc9uSgBaP6CZFwSUUMij2XXcNYC6mUX4
2024-10-30T16:33:27.475+0100	WARN	IDSS	server/idss_main.go:604	Response timeout from peer QmTjaGMytF5yVvUt7xwPyQMMdaxK53sBp8mnWAFQb4RVg8
2024-10-30T16:33:27.477+0100	WARN	IDSS	server/idss_main.go:604	Response timeout from peer QmaCZ6PGzv7TqjNbcyVqzfH5KsuX5YE4AE1QYDCDcK49Ep
2024-10-30T16:33:27.477+0100	WARN	IDSS	server/idss_main.go:604	Response timeout from peer QmZajqudreu5rkvjDADMY7g16UitD7RkWSQpr7cBaf5R8f
2024-10-30T16:33:27.477+0100	WARN	IDSS	server/idss_main.go:604	Response timeout from peer QmaUyzWdNRMfEHLTVieiUysBr8vC2N3VUexp92Jcjdi4QZ
2024-10-30T16:33:27.477+0100	WARN	IDSS	server/idss_main.go:604	Response timeout from peer QmZV3TbhWtfrDkYAnFJVMYUZUU9fMYp7UJzjfCHDv9qr5A
2024-10-30T16:33:27.477+0100	WARN	IDSS	server/idss_main.go:604	Response timeout from peer QmbvLEyecLKJzWEaF1DwJjSpjjFZhytBLyvaLPyV6JB5Jx
2024-10-30T16:33:27.477+0100	INFO	IDSS	server/idss_main.go:658	DONE merging local and remote results
2024-10-30T16:33:27.511+0100	INFO	IDSS	server/idss_main.go:695	This is an intermediate peer QmdgFQSQ2ACicLGHWqoohKnPPLVJaQiNKsmoHNXA6MVTXr. Merging results to send to parent peer QmdgFQSQ2ACicLGHWqoohKnPPLVJaQiNKsmoHNXA6MVTXr
2024-10-30T16:33:27.511+0100	INFO	IDSS	server/idss_main.go:710	Sending merged result to peer QmYzmFZrD7oeB5Ln2Qkz4FKJ6X5amj7quked8RJUHQGty4
2024-10-30T16:33:27.511+0100	INFO	IDSS	server/idss_main.go:712	Record count: 100
2024-10-30T16:33:27.511+0100	INFO	IDSS	server/idss_main.go:731	Successfully sent merged result to peer QmYzmFZrD7oeB5Ln2Qkz4FKJ6X5amj7quked8RJUHQGty4
2024-10-30T16:33:33.585+0100	INFO	IDSS	server/idss_main.go:364	Received incoming from QmYzmFZrD7oeB5Ln2Qkz4FKJ6X5amj7quked8RJUHQGty4
2024-10-30T16:33:33.585+0100	INFO	IDSS	server/idss_main.go:400	Query received:
On peer QmdgFQSQ2ACicLGHWqoohKnPPLVJaQiNKsmoHNXA6MVTXr 
UQI: QmVT4nXkCcghnSgaxCMuF3seddRXZCZSajtdrfGJXDxmZB-1730302413518736887
TTL: 1.500000 
From: QmYzmFZrD7oeB5Ln2Qkz4FKJ6X5amj7quked8RJUHQGty4
2024-10-30T16:33:33.690+0100	INFO	IDSS	server/idss_main.go:417	This is a new query on this peer
2024-10-30T16:33:33.692+0100	INFO	IDSS	server/idss_main.go:423	Entering executeAndBroadcastQuery...
2024-10-30T16:33:33.692+0100	INFO	IDSS	server/idss_main.go:857	Executing get Client
 locally in QmdgFQSQ2ACicLGHWqoohKnPPLVJaQiNKsmoHNXA6MVTXr
2024-10-30T16:33:33.786+0100	INFO	IDSS	server/idss_main.go:364	Received incoming from QmY3KziLnhU6RCNc9uSgBaP6CZFwSUUMij2XXcNYC6mUX4
2024-10-30T16:33:33.786+0100	INFO	IDSS	server/idss_main.go:400	Query received:
On peer QmdgFQSQ2ACicLGHWqoohKnPPLVJaQiNKsmoHNXA6MVTXr 
UQI: QmVT4nXkCcghnSgaxCMuF3seddRXZCZSajtdrfGJXDxmZB-1730302413518736887
TTL: 1.125000 
From: QmY3KziLnhU6RCNc9uSgBaP6CZFwSUUMij2XXcNYC6mUX4
2024-10-30T16:33:33.787+0100	INFO	IDSS	server/idss_main.go:364	Received incoming from QmaUyzWdNRMfEHLTVieiUysBr8vC2N3VUexp92Jcjdi4QZ
2024-10-30T16:33:33.787+0100	INFO	IDSS	server/idss_main.go:400	Query received:
On peer QmdgFQSQ2ACicLGHWqoohKnPPLVJaQiNKsmoHNXA6MVTXr 
UQI: QmVT4nXkCcghnSgaxCMuF3seddRXZCZSajtdrfGJXDxmZB-1730302413518736887
TTL: 1.125000 
From: QmaUyzWdNRMfEHLTVieiUysBr8vC2N3VUexp92Jcjdi4QZ
2024-10-30T16:33:33.793+0100	INFO	IDSS	server/idss_main.go:364	Received incoming from QmZV3TbhWtfrDkYAnFJVMYUZUU9fMYp7UJzjfCHDv9qr5A
2024-10-30T16:33:33.793+0100	INFO	IDSS	server/idss_main.go:400	Query received:
On peer QmdgFQSQ2ACicLGHWqoohKnPPLVJaQiNKsmoHNXA6MVTXr 
UQI: QmVT4nXkCcghnSgaxCMuF3seddRXZCZSajtdrfGJXDxmZB-1730302413518736887
TTL: 1.125000 
From: QmZV3TbhWtfrDkYAnFJVMYUZUU9fMYp7UJzjfCHDv9qr5A
2024-10-30T16:33:33.794+0100	INFO	IDSS	server/idss_main.go:364	Received incoming from QmTS2oW64P5TvNk61d5Hj9P4AFim7J9Dtp9sNQ14mdrhqx
2024-10-30T16:33:33.794+0100	INFO	IDSS	server/idss_main.go:400	Query received:
On peer QmdgFQSQ2ACicLGHWqoohKnPPLVJaQiNKsmoHNXA6MVTXr 
UQI: QmVT4nXkCcghnSgaxCMuF3seddRXZCZSajtdrfGJXDxmZB-1730302413518736887
TTL: 1.125000 
From: QmTS2oW64P5TvNk61d5Hj9P4AFim7J9Dtp9sNQ14mdrhqx
2024-10-30T16:33:33.795+0100	INFO	IDSS	server/idss_main.go:364	Received incoming from QmaCZ6PGzv7TqjNbcyVqzfH5KsuX5YE4AE1QYDCDcK49Ep
2024-10-30T16:33:33.795+0100	INFO	IDSS	server/idss_main.go:400	Query received:
On peer QmdgFQSQ2ACicLGHWqoohKnPPLVJaQiNKsmoHNXA6MVTXr 
UQI: QmVT4nXkCcghnSgaxCMuF3seddRXZCZSajtdrfGJXDxmZB-1730302413518736887
TTL: 1.125000 
From: QmaCZ6PGzv7TqjNbcyVqzfH5KsuX5YE4AE1QYDCDcK49Ep
2024-10-30T16:33:33.807+0100	INFO	IDSS	server/idss_main.go:364	Received incoming from QmZajqudreu5rkvjDADMY7g16UitD7RkWSQpr7cBaf5R8f
2024-10-30T16:33:33.807+0100	INFO	IDSS	server/idss_main.go:400	Query received:
On peer QmdgFQSQ2ACicLGHWqoohKnPPLVJaQiNKsmoHNXA6MVTXr 
UQI: QmVT4nXkCcghnSgaxCMuF3seddRXZCZSajtdrfGJXDxmZB-1730302413518736887
TTL: 1.125000 
From: QmZajqudreu5rkvjDADMY7g16UitD7RkWSQpr7cBaf5R8f
2024-10-30T16:33:33.824+0100	INFO	IDSS	server/idss_main.go:449	Local query executed successfully
2024-10-30T16:33:33.830+0100	INFO	IDSS	server/idss_main.go:463	Sender address updated to: QmdgFQSQ2ACicLGHWqoohKnPPLVJaQiNKsmoHNXA6MVTXr
2024-10-30T16:33:33.830+0100	INFO	IDSS	server/idss_main.go:513	Broadcasting query in peer: QmdgFQSQ2ACicLGHWqoohKnPPLVJaQiNKsmoHNXA6MVTXr, Parent peer QmYzmFZrD7oeB5Ln2Qkz4FKJ6X5amj7quked8RJUHQGty4 
2024-10-30T16:33:33.830+0100	INFO	IDSS	server/idss_main.go:545	TTL in QmdgFQSQ2ACicLGHWqoohKnPPLVJaQiNKsmoHNXA6MVTXr after decrement: 1.125000
2024-10-30T16:33:33.830+0100	INFO	IDSS	server/idss_main.go:644	Peer QmdgFQSQ2ACicLGHWqoohKnPPLVJaQiNKsmoHNXA6MVTXr waiting for overlay peers results...
2024-10-30T16:33:33.830+0100	INFO	IDSS	server/idss_main.go:651	Overlay peers peer results collected, start merging...
2024-10-30T16:33:33.826+0100	WARN	IDSS	server/idss_main.go:409	Duplicate query received on Peer: QmdgFQSQ2ACicLGHWqoohKnPPLVJaQiNKsmoHNXA6MVTXr get Client
 (UQI: QmVT4nXkCcghnSgaxCMuF3seddRXZCZSajtdrfGJXDxmZB-1730302413518736887)
2024-10-30T16:33:33.830+0100	INFO	IDSS	server/idss_main.go:598	Query sent to peer QmQgd2SGH3tGMf4Au184f2euzY4RoDshacFDnDLJUH5Bke, awaiting for response
2024-10-30T16:33:33.830+0100	INFO	IDSS	server/idss_main.go:598	Query sent to peer QmbvLEyecLKJzWEaF1DwJjSpjjFZhytBLyvaLPyV6JB5Jx, awaiting for response
2024-10-30T16:33:33.827+0100	WARN	IDSS	server/idss_main.go:409	Duplicate query received on Peer: QmdgFQSQ2ACicLGHWqoohKnPPLVJaQiNKsmoHNXA6MVTXr get Client
 (UQI: QmVT4nXkCcghnSgaxCMuF3seddRXZCZSajtdrfGJXDxmZB-1730302413518736887)
2024-10-30T16:33:33.827+0100	WARN	IDSS	server/idss_main.go:409	Duplicate query received on Peer: QmdgFQSQ2ACicLGHWqoohKnPPLVJaQiNKsmoHNXA6MVTXr get Client
 (UQI: QmVT4nXkCcghnSgaxCMuF3seddRXZCZSajtdrfGJXDxmZB-1730302413518736887)
2024-10-30T16:33:33.828+0100	WARN	IDSS	server/idss_main.go:409	Duplicate query received on Peer: QmdgFQSQ2ACicLGHWqoohKnPPLVJaQiNKsmoHNXA6MVTXr get Client
 (UQI: QmVT4nXkCcghnSgaxCMuF3seddRXZCZSajtdrfGJXDxmZB-1730302413518736887)
2024-10-30T16:33:33.828+0100	WARN	IDSS	server/idss_main.go:409	Duplicate query received on Peer: QmdgFQSQ2ACicLGHWqoohKnPPLVJaQiNKsmoHNXA6MVTXr get Client
 (UQI: QmVT4nXkCcghnSgaxCMuF3seddRXZCZSajtdrfGJXDxmZB-1730302413518736887)
2024-10-30T16:33:33.828+0100	WARN	IDSS	server/idss_main.go:409	Duplicate query received on Peer: QmdgFQSQ2ACicLGHWqoohKnPPLVJaQiNKsmoHNXA6MVTXr get Client
 (UQI: QmVT4nXkCcghnSgaxCMuF3seddRXZCZSajtdrfGJXDxmZB-1730302413518736887)
2024-10-30T16:33:33.833+0100	INFO	IDSS	server/idss_main.go:598	Query sent to peer QmX87h1VTfYQK5n2DCVHzHua6YV21QVTxtn6JQD4P6Up3k, awaiting for response
2024-10-30T16:33:33.833+0100	INFO	IDSS	server/idss_main.go:598	Query sent to peer QmX2cttFzbE4uF1L6pd9zZj1d9epBy9Pp1Rc2ZTRGPkw5b, awaiting for response
2024-10-30T16:33:33.833+0100	INFO	IDSS	server/idss_main.go:598	Query sent to peer QmZajqudreu5rkvjDADMY7g16UitD7RkWSQpr7cBaf5R8f, awaiting for response
2024-10-30T16:33:33.834+0100	INFO	IDSS	server/idss_main.go:598	Query sent to peer QmaCZ6PGzv7TqjNbcyVqzfH5KsuX5YE4AE1QYDCDcK49Ep, awaiting for response
2024-10-30T16:33:33.839+0100	INFO	IDSS	server/idss_main.go:598	Query sent to peer QmaUyzWdNRMfEHLTVieiUysBr8vC2N3VUexp92Jcjdi4QZ, awaiting for response
2024-10-30T16:33:33.840+0100	INFO	IDSS	server/idss_main.go:598	Query sent to peer QmZV3TbhWtfrDkYAnFJVMYUZUU9fMYp7UJzjfCHDv9qr5A, awaiting for response
2024-10-30T16:33:33.842+0100	INFO	IDSS	server/idss_main.go:598	Query sent to peer QmTS2oW64P5TvNk61d5Hj9P4AFim7J9Dtp9sNQ14mdrhqx, awaiting for response
2024-10-30T16:33:33.842+0100	INFO	IDSS	server/idss_main.go:598	Query sent to peer QmQpQXB1b7TmgWsv6pvRMqwMMPyn1sJ7SbjuhdK6r5daQG, awaiting for response
2024-10-30T16:33:33.842+0100	INFO	IDSS	server/idss_main.go:598	Query sent to peer Qmcq2Fi6i1ufA6cWD5PhHCbDcLbXz3zr43gmqZD7auG977, awaiting for response
2024-10-30T16:33:33.843+0100	INFO	IDSS	server/idss_main.go:598	Query sent to peer QmTjaGMytF5yVvUt7xwPyQMMdaxK53sBp8mnWAFQb4RVg8, awaiting for response
2024-10-30T16:33:33.843+0100	INFO	IDSS	server/idss_main.go:598	Query sent to peer QmY3KziLnhU6RCNc9uSgBaP6CZFwSUUMij2XXcNYC6mUX4, awaiting for response
2024-10-30T16:33:33.871+0100	INFO	IDSS	server/idss_main.go:364	Received incoming from Qmcq2Fi6i1ufA6cWD5PhHCbDcLbXz3zr43gmqZD7auG977
2024-10-30T16:33:33.871+0100	INFO	IDSS	server/idss_main.go:400	Query received:
On peer QmdgFQSQ2ACicLGHWqoohKnPPLVJaQiNKsmoHNXA6MVTXr 
UQI: QmVT4nXkCcghnSgaxCMuF3seddRXZCZSajtdrfGJXDxmZB-1730302413518736887
TTL: 1.125000 
From: Qmcq2Fi6i1ufA6cWD5PhHCbDcLbXz3zr43gmqZD7auG977
2024-10-30T16:33:33.871+0100	WARN	IDSS	server/idss_main.go:409	Duplicate query received on Peer: QmdgFQSQ2ACicLGHWqoohKnPPLVJaQiNKsmoHNXA6MVTXr get Client
 (UQI: QmVT4nXkCcghnSgaxCMuF3seddRXZCZSajtdrfGJXDxmZB-1730302413518736887)
2024-10-30T16:33:33.886+0100	INFO	IDSS	server/idss_main.go:364	Received incoming from QmTjaGMytF5yVvUt7xwPyQMMdaxK53sBp8mnWAFQb4RVg8
2024-10-30T16:33:33.886+0100	INFO	IDSS	server/idss_main.go:400	Query received:
On peer QmdgFQSQ2ACicLGHWqoohKnPPLVJaQiNKsmoHNXA6MVTXr 
UQI: QmVT4nXkCcghnSgaxCMuF3seddRXZCZSajtdrfGJXDxmZB-1730302413518736887
TTL: 1.125000 
From: QmTjaGMytF5yVvUt7xwPyQMMdaxK53sBp8mnWAFQb4RVg8
2024-10-30T16:33:33.887+0100	WARN	IDSS	server/idss_main.go:409	Duplicate query received on Peer: QmdgFQSQ2ACicLGHWqoohKnPPLVJaQiNKsmoHNXA6MVTXr get Client
 (UQI: QmVT4nXkCcghnSgaxCMuF3seddRXZCZSajtdrfGJXDxmZB-1730302413518736887)
2024-10-30T16:33:33.891+0100	INFO	IDSS	server/idss_main.go:364	Received incoming from QmQgd2SGH3tGMf4Au184f2euzY4RoDshacFDnDLJUH5Bke
2024-10-30T16:33:33.906+0100	INFO	IDSS	server/idss_main.go:400	Query received:
On peer QmdgFQSQ2ACicLGHWqoohKnPPLVJaQiNKsmoHNXA6MVTXr 
UQI: QmVT4nXkCcghnSgaxCMuF3seddRXZCZSajtdrfGJXDxmZB-1730302413518736887
TTL: 1.125000 
From: QmQgd2SGH3tGMf4Au184f2euzY4RoDshacFDnDLJUH5Bke
2024-10-30T16:33:33.907+0100	WARN	IDSS	server/idss_main.go:409	Duplicate query received on Peer: QmdgFQSQ2ACicLGHWqoohKnPPLVJaQiNKsmoHNXA6MVTXr get Client
 (UQI: QmVT4nXkCcghnSgaxCMuF3seddRXZCZSajtdrfGJXDxmZB-1730302413518736887)
2024-10-30T16:33:33.938+0100	INFO	IDSS	server/idss_main.go:364	Received incoming from QmX2cttFzbE4uF1L6pd9zZj1d9epBy9Pp1Rc2ZTRGPkw5b
2024-10-30T16:33:33.938+0100	INFO	IDSS	server/idss_main.go:364	Received incoming from QmQpQXB1b7TmgWsv6pvRMqwMMPyn1sJ7SbjuhdK6r5daQG
2024-10-30T16:33:33.938+0100	INFO	IDSS	server/idss_main.go:400	Query received:
On peer QmdgFQSQ2ACicLGHWqoohKnPPLVJaQiNKsmoHNXA6MVTXr 
UQI: QmVT4nXkCcghnSgaxCMuF3seddRXZCZSajtdrfGJXDxmZB-1730302413518736887
TTL: 1.125000 
From: QmX2cttFzbE4uF1L6pd9zZj1d9epBy9Pp1Rc2ZTRGPkw5b
2024-10-30T16:33:33.938+0100	INFO	IDSS	server/idss_main.go:364	Received incoming from QmX87h1VTfYQK5n2DCVHzHua6YV21QVTxtn6JQD4P6Up3k
2024-10-30T16:33:33.938+0100	INFO	IDSS	server/idss_main.go:400	Query received:
On peer QmdgFQSQ2ACicLGHWqoohKnPPLVJaQiNKsmoHNXA6MVTXr 
UQI: QmVT4nXkCcghnSgaxCMuF3seddRXZCZSajtdrfGJXDxmZB-1730302413518736887
TTL: 1.125000 
From: QmQpQXB1b7TmgWsv6pvRMqwMMPyn1sJ7SbjuhdK6r5daQG
2024-10-30T16:33:33.939+0100	INFO	IDSS	server/idss_main.go:400	Query received:
On peer QmdgFQSQ2ACicLGHWqoohKnPPLVJaQiNKsmoHNXA6MVTXr 
UQI: QmVT4nXkCcghnSgaxCMuF3seddRXZCZSajtdrfGJXDxmZB-1730302413518736887
TTL: 1.125000 
From: QmX87h1VTfYQK5n2DCVHzHua6YV21QVTxtn6JQD4P6Up3k
2024-10-30T16:33:33.939+0100	WARN	IDSS	server/idss_main.go:409	Duplicate query received on Peer: QmdgFQSQ2ACicLGHWqoohKnPPLVJaQiNKsmoHNXA6MVTXr get Client
 (UQI: QmVT4nXkCcghnSgaxCMuF3seddRXZCZSajtdrfGJXDxmZB-1730302413518736887)
2024-10-30T16:33:33.940+0100	WARN	IDSS	server/idss_main.go:409	Duplicate query received on Peer: QmdgFQSQ2ACicLGHWqoohKnPPLVJaQiNKsmoHNXA6MVTXr get Client
 (UQI: QmVT4nXkCcghnSgaxCMuF3seddRXZCZSajtdrfGJXDxmZB-1730302413518736887)
2024-10-30T16:33:33.940+0100	WARN	IDSS	server/idss_main.go:409	Duplicate query received on Peer: QmdgFQSQ2ACicLGHWqoohKnPPLVJaQiNKsmoHNXA6MVTXr get Client
 (UQI: QmVT4nXkCcghnSgaxCMuF3seddRXZCZSajtdrfGJXDxmZB-1730302413518736887)
2024-10-30T16:33:34.020+0100	INFO	IDSS	server/idss_main.go:364	Received incoming from QmbvLEyecLKJzWEaF1DwJjSpjjFZhytBLyvaLPyV6JB5Jx
2024-10-30T16:33:34.021+0100	INFO	IDSS	server/idss_main.go:400	Query received:
On peer QmdgFQSQ2ACicLGHWqoohKnPPLVJaQiNKsmoHNXA6MVTXr 
UQI: QmVT4nXkCcghnSgaxCMuF3seddRXZCZSajtdrfGJXDxmZB-1730302413518736887
TTL: 1.125000 
From: QmbvLEyecLKJzWEaF1DwJjSpjjFZhytBLyvaLPyV6JB5Jx
2024-10-30T16:33:34.021+0100	WARN	IDSS	server/idss_main.go:409	Duplicate query received on Peer: QmdgFQSQ2ACicLGHWqoohKnPPLVJaQiNKsmoHNXA6MVTXr get Client
 (UQI: QmVT4nXkCcghnSgaxCMuF3seddRXZCZSajtdrfGJXDxmZB-1730302413518736887)
2024-10-30T16:33:34.956+0100	WARN	IDSS	server/idss_main.go:604	Response timeout from peer QmQgd2SGH3tGMf4Au184f2euzY4RoDshacFDnDLJUH5Bke
2024-10-30T16:33:34.956+0100	WARN	IDSS	server/idss_main.go:604	Response timeout from peer QmTS2oW64P5TvNk61d5Hj9P4AFim7J9Dtp9sNQ14mdrhqx
2024-10-30T16:33:34.956+0100	WARN	IDSS	server/idss_main.go:604	Response timeout from peer QmbvLEyecLKJzWEaF1DwJjSpjjFZhytBLyvaLPyV6JB5Jx
2024-10-30T16:33:34.956+0100	WARN	IDSS	server/idss_main.go:604	Response timeout from peer QmX87h1VTfYQK5n2DCVHzHua6YV21QVTxtn6JQD4P6Up3k
2024-10-30T16:33:34.956+0100	WARN	IDSS	server/idss_main.go:604	Response timeout from peer Qmcq2Fi6i1ufA6cWD5PhHCbDcLbXz3zr43gmqZD7auG977
2024-10-30T16:33:34.956+0100	WARN	IDSS	server/idss_main.go:604	Response timeout from peer QmTjaGMytF5yVvUt7xwPyQMMdaxK53sBp8mnWAFQb4RVg8
2024-10-30T16:33:34.957+0100	WARN	IDSS	server/idss_main.go:604	Response timeout from peer QmZajqudreu5rkvjDADMY7g16UitD7RkWSQpr7cBaf5R8f
2024-10-30T16:33:34.957+0100	WARN	IDSS	server/idss_main.go:604	Response timeout from peer QmZV3TbhWtfrDkYAnFJVMYUZUU9fMYp7UJzjfCHDv9qr5A
2024-10-30T16:33:34.957+0100	WARN	IDSS	server/idss_main.go:604	Response timeout from peer QmaUyzWdNRMfEHLTVieiUysBr8vC2N3VUexp92Jcjdi4QZ
2024-10-30T16:33:34.957+0100	WARN	IDSS	server/idss_main.go:604	Response timeout from peer QmQpQXB1b7TmgWsv6pvRMqwMMPyn1sJ7SbjuhdK6r5daQG
2024-10-30T16:33:34.957+0100	WARN	IDSS	server/idss_main.go:604	Response timeout from peer QmY3KziLnhU6RCNc9uSgBaP6CZFwSUUMij2XXcNYC6mUX4
2024-10-30T16:33:34.957+0100	WARN	IDSS	server/idss_main.go:604	Response timeout from peer QmaCZ6PGzv7TqjNbcyVqzfH5KsuX5YE4AE1QYDCDcK49Ep
2024-10-30T16:33:34.957+0100	WARN	IDSS	server/idss_main.go:604	Response timeout from peer QmX2cttFzbE4uF1L6pd9zZj1d9epBy9Pp1Rc2ZTRGPkw5b
2024-10-30T16:33:34.957+0100	INFO	IDSS	server/idss_main.go:658	DONE merging local and remote results
2024-10-30T16:33:34.993+0100	INFO	IDSS	server/idss_main.go:695	This is an intermediate peer QmdgFQSQ2ACicLGHWqoohKnPPLVJaQiNKsmoHNXA6MVTXr. Merging results to send to parent peer QmdgFQSQ2ACicLGHWqoohKnPPLVJaQiNKsmoHNXA6MVTXr
2024-10-30T16:33:34.993+0100	INFO	IDSS	server/idss_main.go:710	Sending merged result to peer QmYzmFZrD7oeB5Ln2Qkz4FKJ6X5amj7quked8RJUHQGty4
2024-10-30T16:33:34.993+0100	INFO	IDSS	server/idss_main.go:712	Record count: 100
2024-10-30T16:33:34.995+0100	INFO	IDSS	server/idss_main.go:731	Successfully sent merged result to peer QmYzmFZrD7oeB5Ln2Qkz4FKJ6X5amj7quked8RJUHQGty4
