2024-10-30T16:31:16.743+0100	INFO	IDSS	server/idss_main.go:168	Listening on peer Address: /ip4/127.0.0.1/tcp/40941/p2p/QmNg6UXqLvRd5FLEX6HhhyHM8ZYx5QPPY1n3f6XHkRJnzv

2024-10-30T16:31:16.744+0100	INFO	IDSS	server/idss_main.go:201	Loading data from file: ./idss_graph_db/QmNg6UXqLvRd5FLEX6HhhyHM8ZYx5QPPY1n3f6XHkRJnzv/QmNg6UXqLvRd5FLEX6HhhyHM8ZYx5QPPY1n3f6XHkRJnzv_data.json
2024-10-30T16:31:18.295+0100	INFO	IDSS	server/idss_db_init.go:76	Creating the Query Manager node...
2024-10-30T16:31:18.336+0100	INFO	IDSS	server/idss_db_init.go:102	Committed Query Manager node store transaction
2024-10-30T16:31:18.337+0100	INFO	IDSS	server/idss_main.go:341	Bootstrapped the DHT
2024/10/30 16:31:18 failed to sufficiently increase receive buffer size (was: 208 kiB, wanted: 7168 kiB, got: 416 kiB). See https://github.com/quic-go/quic-go/wiki/UDP-Buffer-Sizes for details.
2024-10-30T16:31:18.465+0100	INFO	IDSS	server/idss_main.go:352	Connected to bootstrap peer: QmbLHAnMoJPWSCR5Zhtx6BHJX9KiKNN6tpvbUcqanj75Nb
2024-10-30T16:31:18.598+0100	INFO	IDSS	server/idss_main.go:352	Connected to bootstrap peer: QmQCU2EcMqAqQPR2i9bChDtGNJchTbq5TbXJJ16u19uLTa
2024-10-30T16:31:18.726+0100	INFO	IDSS	server/idss_main.go:352	Connected to bootstrap peer: QmNnooDu7bfjPFoTZYxMNLWUQJyrVwtbZg5gBMjTezGAJN
2024-10-30T16:31:18.917+0100	INFO	IDSS	server/idss_main.go:352	Connected to bootstrap peer: QmcZf59bWwK5XFi76CZX8cbJ4BhTzzA3gU1ZjYZcYW3dwt
2024-10-30T16:31:19.265+0100	INFO	IDSS	server/idss_main.go:352	Connected to bootstrap peer: QmaCpDMGvV2BGHeYERUEnRQAwe3N8SzbUtfsmvsqQLuvuJ
2024-10-30T16:31:19.265+0100	INFO	IDSS	server/idss_main.go:282	Starting peer discovery...
2024-10-30T16:31:19.265+0100	INFO	IDSS	server/idss_main.go:291	Searching for other peers...
...
2024-10-30T16:31:20.934+0100	INFO	IDSS	server/idss_main.go:309	Connected to peer QmYzmFZrD7oeB5Ln2Qkz4FKJ6X5amj7quked8RJUHQGty4
2024-10-30T16:31:20.938+0100	INFO	IDSS	server/idss_main.go:309	Connected to peer QmaUyzWdNRMfEHLTVieiUysBr8vC2N3VUexp92Jcjdi4QZ
2024-10-30T16:31:20.944+0100	INFO	IDSS	server/idss_main.go:309	Connected to peer QmZV3TbhWtfrDkYAnFJVMYUZUU9fMYp7UJzjfCHDv9qr5A
2024-10-30T16:31:20.950+0100	INFO	IDSS	server/idss_main.go:309	Connected to peer QmbvLEyecLKJzWEaF1DwJjSpjjFZhytBLyvaLPyV6JB5Jx
2024-10-30T16:31:20.955+0100	INFO	IDSS	server/idss_main.go:309	Connected to peer QmY3KziLnhU6RCNc9uSgBaP6CZFwSUUMij2XXcNYC6mUX4
2024-10-30T16:31:20.959+0100	INFO	IDSS	server/idss_main.go:309	Connected to peer QmTS2oW64P5TvNk61d5Hj9P4AFim7J9Dtp9sNQ14mdrhqx
2024-10-30T16:31:20.966+0100	INFO	IDSS	server/idss_main.go:309	Connected to peer QmQpQXB1b7TmgWsv6pvRMqwMMPyn1sJ7SbjuhdK6r5daQG
2024-10-30T16:31:27.532+0100	INFO	IDSS	server/idss_main.go:316	Num of found peers in the Routing Table: 53
2024-10-30T16:31:27.533+0100	INFO	IDSS	server/idss_main.go:319	Time taken to find peers: 8.267452929s
2024-10-30T16:31:27.533+0100	INFO	IDSS	server/idss_main.go:320	Peer discovery completed
2024-10-30T16:32:22.700+0100	INFO	IDSS	server/idss_main.go:364	Received incoming from QmYzmFZrD7oeB5Ln2Qkz4FKJ6X5amj7quked8RJUHQGty4
2024-10-30T16:32:22.700+0100	INFO	IDSS	server/idss_main.go:400	Query received:
On peer QmNg6UXqLvRd5FLEX6HhhyHM8ZYx5QPPY1n3f6XHkRJnzv 
UQI: QmVT4nXkCcghnSgaxCMuF3seddRXZCZSajtdrfGJXDxmZB-1730302342626177708
TTL: 1.500000 
From: QmYzmFZrD7oeB5Ln2Qkz4FKJ6X5amj7quked8RJUHQGty4
2024-10-30T16:32:22.770+0100	INFO	IDSS	server/idss_main.go:417	This is a new query on this peer
2024-10-30T16:32:22.770+0100	INFO	IDSS	server/idss_main.go:423	Entering executeAndBroadcastQuery...
2024-10-30T16:32:22.770+0100	INFO	IDSS	server/idss_main.go:857	Executing get Client
 locally in QmNg6UXqLvRd5FLEX6HhhyHM8ZYx5QPPY1n3f6XHkRJnzv
2024-10-30T16:32:22.874+0100	INFO	IDSS	server/idss_main.go:449	Local query executed successfully
2024-10-30T16:32:22.885+0100	INFO	IDSS	server/idss_main.go:463	Sender address updated to: QmNg6UXqLvRd5FLEX6HhhyHM8ZYx5QPPY1n3f6XHkRJnzv
2024-10-30T16:32:22.885+0100	INFO	IDSS	server/idss_main.go:513	Broadcasting query in peer: QmNg6UXqLvRd5FLEX6HhhyHM8ZYx5QPPY1n3f6XHkRJnzv, Parent peer QmYzmFZrD7oeB5Ln2Qkz4FKJ6X5amj7quked8RJUHQGty4 
2024-10-30T16:32:22.886+0100	INFO	IDSS	server/idss_main.go:545	TTL in QmNg6UXqLvRd5FLEX6HhhyHM8ZYx5QPPY1n3f6XHkRJnzv after decrement: 1.125000
2024-10-30T16:32:22.886+0100	INFO	IDSS	server/idss_main.go:644	Peer QmNg6UXqLvRd5FLEX6HhhyHM8ZYx5QPPY1n3f6XHkRJnzv waiting for overlay peers results...
2024-10-30T16:32:22.886+0100	INFO	IDSS	server/idss_main.go:651	Overlay peers peer results collected, start merging...
2024-10-30T16:32:22.892+0100	INFO	IDSS	server/idss_main.go:598	Query sent to peer QmaUyzWdNRMfEHLTVieiUysBr8vC2N3VUexp92Jcjdi4QZ, awaiting for response
2024-10-30T16:32:22.893+0100	INFO	IDSS	server/idss_main.go:598	Query sent to peer QmbvLEyecLKJzWEaF1DwJjSpjjFZhytBLyvaLPyV6JB5Jx, awaiting for response
2024-10-30T16:32:22.893+0100	INFO	IDSS	server/idss_main.go:598	Query sent to peer QmZV3TbhWtfrDkYAnFJVMYUZUU9fMYp7UJzjfCHDv9qr5A, awaiting for response
2024-10-30T16:32:22.894+0100	INFO	IDSS	server/idss_main.go:598	Query sent to peer QmY3KziLnhU6RCNc9uSgBaP6CZFwSUUMij2XXcNYC6mUX4, awaiting for response
2024-10-30T16:32:22.897+0100	INFO	IDSS	server/idss_main.go:598	Query sent to peer QmQpQXB1b7TmgWsv6pvRMqwMMPyn1sJ7SbjuhdK6r5daQG, awaiting for response
2024-10-30T16:32:22.898+0100	INFO	IDSS	server/idss_main.go:598	Query sent to peer QmTS2oW64P5TvNk61d5Hj9P4AFim7J9Dtp9sNQ14mdrhqx, awaiting for response
2024-10-30T16:32:22.900+0100	INFO	IDSS	server/idss_main.go:364	Received incoming from QmTS2oW64P5TvNk61d5Hj9P4AFim7J9Dtp9sNQ14mdrhqx
2024-10-30T16:32:22.900+0100	INFO	IDSS	server/idss_main.go:400	Query received:
On peer QmNg6UXqLvRd5FLEX6HhhyHM8ZYx5QPPY1n3f6XHkRJnzv 
UQI: QmVT4nXkCcghnSgaxCMuF3seddRXZCZSajtdrfGJXDxmZB-1730302342626177708
TTL: 1.125000 
From: QmTS2oW64P5TvNk61d5Hj9P4AFim7J9Dtp9sNQ14mdrhqx
2024-10-30T16:32:22.900+0100	WARN	IDSS	server/idss_main.go:409	Duplicate query received on Peer: QmNg6UXqLvRd5FLEX6HhhyHM8ZYx5QPPY1n3f6XHkRJnzv get Client
 (UQI: QmVT4nXkCcghnSgaxCMuF3seddRXZCZSajtdrfGJXDxmZB-1730302342626177708)
2024-10-30T16:32:22.997+0100	INFO	IDSS	server/idss_main.go:364	Received incoming from QmY3KziLnhU6RCNc9uSgBaP6CZFwSUUMij2XXcNYC6mUX4
2024-10-30T16:32:23.004+0100	INFO	IDSS	server/idss_main.go:400	Query received:
On peer QmNg6UXqLvRd5FLEX6HhhyHM8ZYx5QPPY1n3f6XHkRJnzv 
UQI: QmVT4nXkCcghnSgaxCMuF3seddRXZCZSajtdrfGJXDxmZB-1730302342626177708
TTL: 1.125000 
From: QmY3KziLnhU6RCNc9uSgBaP6CZFwSUUMij2XXcNYC6mUX4
2024-10-30T16:32:23.005+0100	WARN	IDSS	server/idss_main.go:409	Duplicate query received on Peer: QmNg6UXqLvRd5FLEX6HhhyHM8ZYx5QPPY1n3f6XHkRJnzv get Client
 (UQI: QmVT4nXkCcghnSgaxCMuF3seddRXZCZSajtdrfGJXDxmZB-1730302342626177708)
2024-10-30T16:32:23.173+0100	INFO	IDSS	server/idss_main.go:364	Received incoming from QmbvLEyecLKJzWEaF1DwJjSpjjFZhytBLyvaLPyV6JB5Jx
2024-10-30T16:32:23.173+0100	INFO	IDSS	server/idss_main.go:400	Query received:
On peer QmNg6UXqLvRd5FLEX6HhhyHM8ZYx5QPPY1n3f6XHkRJnzv 
UQI: QmVT4nXkCcghnSgaxCMuF3seddRXZCZSajtdrfGJXDxmZB-1730302342626177708
TTL: 1.125000 
From: QmbvLEyecLKJzWEaF1DwJjSpjjFZhytBLyvaLPyV6JB5Jx
2024-10-30T16:32:23.174+0100	WARN	IDSS	server/idss_main.go:409	Duplicate query received on Peer: QmNg6UXqLvRd5FLEX6HhhyHM8ZYx5QPPY1n3f6XHkRJnzv get Client
 (UQI: QmVT4nXkCcghnSgaxCMuF3seddRXZCZSajtdrfGJXDxmZB-1730302342626177708)
2024-10-30T16:32:23.189+0100	INFO	IDSS	server/idss_main.go:364	Received incoming from QmQpQXB1b7TmgWsv6pvRMqwMMPyn1sJ7SbjuhdK6r5daQG
2024-10-30T16:32:23.192+0100	INFO	IDSS	server/idss_main.go:400	Query received:
On peer QmNg6UXqLvRd5FLEX6HhhyHM8ZYx5QPPY1n3f6XHkRJnzv 
UQI: QmVT4nXkCcghnSgaxCMuF3seddRXZCZSajtdrfGJXDxmZB-1730302342626177708
TTL: 1.125000 
From: QmQpQXB1b7TmgWsv6pvRMqwMMPyn1sJ7SbjuhdK6r5daQG
2024-10-30T16:32:23.192+0100	WARN	IDSS	server/idss_main.go:409	Duplicate query received on Peer: QmNg6UXqLvRd5FLEX6HhhyHM8ZYx5QPPY1n3f6XHkRJnzv get Client
 (UQI: QmVT4nXkCcghnSgaxCMuF3seddRXZCZSajtdrfGJXDxmZB-1730302342626177708)
2024-10-30T16:32:23.270+0100	INFO	IDSS	server/idss_main.go:364	Received incoming from QmaUyzWdNRMfEHLTVieiUysBr8vC2N3VUexp92Jcjdi4QZ
2024-10-30T16:32:23.270+0100	INFO	IDSS	server/idss_main.go:400	Query received:
On peer QmNg6UXqLvRd5FLEX6HhhyHM8ZYx5QPPY1n3f6XHkRJnzv 
UQI: QmVT4nXkCcghnSgaxCMuF3seddRXZCZSajtdrfGJXDxmZB-1730302342626177708
TTL: 1.125000 
From: QmaUyzWdNRMfEHLTVieiUysBr8vC2N3VUexp92Jcjdi4QZ
2024-10-30T16:32:23.271+0100	WARN	IDSS	server/idss_main.go:409	Duplicate query received on Peer: QmNg6UXqLvRd5FLEX6HhhyHM8ZYx5QPPY1n3f6XHkRJnzv get Client
 (UQI: QmVT4nXkCcghnSgaxCMuF3seddRXZCZSajtdrfGJXDxmZB-1730302342626177708)
2024-10-30T16:32:23.334+0100	INFO	IDSS	server/idss_main.go:364	Received incoming from QmZV3TbhWtfrDkYAnFJVMYUZUU9fMYp7UJzjfCHDv9qr5A
2024-10-30T16:32:23.334+0100	INFO	IDSS	server/idss_main.go:400	Query received:
On peer QmNg6UXqLvRd5FLEX6HhhyHM8ZYx5QPPY1n3f6XHkRJnzv 
UQI: QmVT4nXkCcghnSgaxCMuF3seddRXZCZSajtdrfGJXDxmZB-1730302342626177708
TTL: 1.125000 
From: QmZV3TbhWtfrDkYAnFJVMYUZUU9fMYp7UJzjfCHDv9qr5A
2024-10-30T16:32:23.335+0100	WARN	IDSS	server/idss_main.go:409	Duplicate query received on Peer: QmNg6UXqLvRd5FLEX6HhhyHM8ZYx5QPPY1n3f6XHkRJnzv get Client
 (UQI: QmVT4nXkCcghnSgaxCMuF3seddRXZCZSajtdrfGJXDxmZB-1730302342626177708)
2024-10-30T16:32:24.015+0100	WARN	IDSS	server/idss_main.go:604	Response timeout from peer QmY3KziLnhU6RCNc9uSgBaP6CZFwSUUMij2XXcNYC6mUX4
2024-10-30T16:32:24.015+0100	WARN	IDSS	server/idss_main.go:604	Response timeout from peer QmQpQXB1b7TmgWsv6pvRMqwMMPyn1sJ7SbjuhdK6r5daQG
2024-10-30T16:32:24.015+0100	WARN	IDSS	server/idss_main.go:604	Response timeout from peer QmbvLEyecLKJzWEaF1DwJjSpjjFZhytBLyvaLPyV6JB5Jx
2024-10-30T16:32:24.015+0100	WARN	IDSS	server/idss_main.go:604	Response timeout from peer QmZV3TbhWtfrDkYAnFJVMYUZUU9fMYp7UJzjfCHDv9qr5A
2024-10-30T16:32:24.017+0100	WARN	IDSS	server/idss_main.go:604	Response timeout from peer QmTS2oW64P5TvNk61d5Hj9P4AFim7J9Dtp9sNQ14mdrhqx
2024-10-30T16:32:24.017+0100	WARN	IDSS	server/idss_main.go:604	Response timeout from peer QmaUyzWdNRMfEHLTVieiUysBr8vC2N3VUexp92Jcjdi4QZ
2024-10-30T16:32:24.020+0100	INFO	IDSS	server/idss_main.go:658	DONE merging local and remote results
2024-10-30T16:32:24.104+0100	INFO	IDSS	server/idss_main.go:695	This is an intermediate peer QmNg6UXqLvRd5FLEX6HhhyHM8ZYx5QPPY1n3f6XHkRJnzv. Merging results to send to parent peer QmNg6UXqLvRd5FLEX6HhhyHM8ZYx5QPPY1n3f6XHkRJnzv
2024-10-30T16:32:24.104+0100	INFO	IDSS	server/idss_main.go:710	Sending merged result to peer QmYzmFZrD7oeB5Ln2Qkz4FKJ6X5amj7quked8RJUHQGty4
2024-10-30T16:32:24.104+0100	INFO	IDSS	server/idss_main.go:712	Record count: 100
2024-10-30T16:32:24.105+0100	INFO	IDSS	server/idss_main.go:731	Successfully sent merged result to peer QmYzmFZrD7oeB5Ln2Qkz4FKJ6X5amj7quked8RJUHQGty4
2024-10-30T16:32:49.142+0100	INFO	IDSS	server/idss_main.go:364	Received incoming from QmYzmFZrD7oeB5Ln2Qkz4FKJ6X5amj7quked8RJUHQGty4
2024-10-30T16:32:49.142+0100	INFO	IDSS	server/idss_main.go:400	Query received:
On peer QmNg6UXqLvRd5FLEX6HhhyHM8ZYx5QPPY1n3f6XHkRJnzv 
UQI: QmVT4nXkCcghnSgaxCMuF3seddRXZCZSajtdrfGJXDxmZB-1730302369075974629
TTL: 1.500000 
From: QmYzmFZrD7oeB5Ln2Qkz4FKJ6X5amj7quked8RJUHQGty4
2024-10-30T16:32:49.227+0100	INFO	IDSS	server/idss_main.go:417	This is a new query on this peer
2024-10-30T16:32:49.227+0100	INFO	IDSS	server/idss_main.go:423	Entering executeAndBroadcastQuery...
2024-10-30T16:32:49.227+0100	INFO	IDSS	server/idss_main.go:857	Executing get Client
 locally in QmNg6UXqLvRd5FLEX6HhhyHM8ZYx5QPPY1n3f6XHkRJnzv
2024-10-30T16:32:49.297+0100	INFO	IDSS	server/idss_main.go:364	Received incoming from QmZV3TbhWtfrDkYAnFJVMYUZUU9fMYp7UJzjfCHDv9qr5A
2024-10-30T16:32:49.297+0100	INFO	IDSS	server/idss_main.go:400	Query received:
On peer QmNg6UXqLvRd5FLEX6HhhyHM8ZYx5QPPY1n3f6XHkRJnzv 
UQI: QmVT4nXkCcghnSgaxCMuF3seddRXZCZSajtdrfGJXDxmZB-1730302369075974629
TTL: 1.125000 
From: QmZV3TbhWtfrDkYAnFJVMYUZUU9fMYp7UJzjfCHDv9qr5A
2024-10-30T16:32:49.313+0100	INFO	IDSS	server/idss_main.go:364	Received incoming from QmaUyzWdNRMfEHLTVieiUysBr8vC2N3VUexp92Jcjdi4QZ
2024-10-30T16:32:49.329+0100	INFO	IDSS	server/idss_main.go:400	Query received:
On peer QmNg6UXqLvRd5FLEX6HhhyHM8ZYx5QPPY1n3f6XHkRJnzv 
UQI: QmVT4nXkCcghnSgaxCMuF3seddRXZCZSajtdrfGJXDxmZB-1730302369075974629
TTL: 1.125000 
From: QmaUyzWdNRMfEHLTVieiUysBr8vC2N3VUexp92Jcjdi4QZ
2024-10-30T16:32:49.342+0100	INFO	IDSS	server/idss_main.go:364	Received incoming from QmY3KziLnhU6RCNc9uSgBaP6CZFwSUUMij2XXcNYC6mUX4
2024-10-30T16:32:49.342+0100	INFO	IDSS	server/idss_main.go:400	Query received:
On peer QmNg6UXqLvRd5FLEX6HhhyHM8ZYx5QPPY1n3f6XHkRJnzv 
UQI: QmVT4nXkCcghnSgaxCMuF3seddRXZCZSajtdrfGJXDxmZB-1730302369075974629
TTL: 1.125000 
From: QmY3KziLnhU6RCNc9uSgBaP6CZFwSUUMij2XXcNYC6mUX4
2024-10-30T16:32:49.375+0100	INFO	IDSS	server/idss_main.go:364	Received incoming from QmQpQXB1b7TmgWsv6pvRMqwMMPyn1sJ7SbjuhdK6r5daQG
2024-10-30T16:32:49.383+0100	INFO	IDSS	server/idss_main.go:400	Query received:
On peer QmNg6UXqLvRd5FLEX6HhhyHM8ZYx5QPPY1n3f6XHkRJnzv 
UQI: QmVT4nXkCcghnSgaxCMuF3seddRXZCZSajtdrfGJXDxmZB-1730302369075974629
TTL: 1.125000 
From: QmQpQXB1b7TmgWsv6pvRMqwMMPyn1sJ7SbjuhdK6r5daQG
2024-10-30T16:32:49.386+0100	INFO	IDSS	server/idss_main.go:364	Received incoming from QmTS2oW64P5TvNk61d5Hj9P4AFim7J9Dtp9sNQ14mdrhqx
2024-10-30T16:32:49.386+0100	INFO	IDSS	server/idss_main.go:400	Query received:
On peer QmNg6UXqLvRd5FLEX6HhhyHM8ZYx5QPPY1n3f6XHkRJnzv 
UQI: QmVT4nXkCcghnSgaxCMuF3seddRXZCZSajtdrfGJXDxmZB-1730302369075974629
TTL: 1.125000 
From: QmTS2oW64P5TvNk61d5Hj9P4AFim7J9Dtp9sNQ14mdrhqx
2024-10-30T16:32:49.437+0100	INFO	IDSS	server/idss_main.go:449	Local query executed successfully
2024-10-30T16:32:49.437+0100	INFO	IDSS	server/idss_main.go:463	Sender address updated to: QmNg6UXqLvRd5FLEX6HhhyHM8ZYx5QPPY1n3f6XHkRJnzv
2024-10-30T16:32:49.437+0100	INFO	IDSS	server/idss_main.go:513	Broadcasting query in peer: QmNg6UXqLvRd5FLEX6HhhyHM8ZYx5QPPY1n3f6XHkRJnzv, Parent peer QmYzmFZrD7oeB5Ln2Qkz4FKJ6X5amj7quked8RJUHQGty4 
2024-10-30T16:32:49.438+0100	INFO	IDSS	server/idss_main.go:545	TTL in QmNg6UXqLvRd5FLEX6HhhyHM8ZYx5QPPY1n3f6XHkRJnzv after decrement: 1.125000
2024-10-30T16:32:49.438+0100	INFO	IDSS	server/idss_main.go:644	Peer QmNg6UXqLvRd5FLEX6HhhyHM8ZYx5QPPY1n3f6XHkRJnzv waiting for overlay peers results...
2024-10-30T16:32:49.438+0100	INFO	IDSS	server/idss_main.go:651	Overlay peers peer results collected, start merging...
2024-10-30T16:32:49.439+0100	WARN	IDSS	server/idss_main.go:409	Duplicate query received on Peer: QmNg6UXqLvRd5FLEX6HhhyHM8ZYx5QPPY1n3f6XHkRJnzv get Client
 (UQI: QmVT4nXkCcghnSgaxCMuF3seddRXZCZSajtdrfGJXDxmZB-1730302369075974629)
2024-10-30T16:32:49.442+0100	WARN	IDSS	server/idss_main.go:409	Duplicate query received on Peer: QmNg6UXqLvRd5FLEX6HhhyHM8ZYx5QPPY1n3f6XHkRJnzv get Client
 (UQI: QmVT4nXkCcghnSgaxCMuF3seddRXZCZSajtdrfGJXDxmZB-1730302369075974629)
2024-10-30T16:32:49.442+0100	INFO	IDSS	server/idss_main.go:598	Query sent to peer QmY3KziLnhU6RCNc9uSgBaP6CZFwSUUMij2XXcNYC6mUX4, awaiting for response
2024-10-30T16:32:49.442+0100	WARN	IDSS	server/idss_main.go:409	Duplicate query received on Peer: QmNg6UXqLvRd5FLEX6HhhyHM8ZYx5QPPY1n3f6XHkRJnzv get Client
 (UQI: QmVT4nXkCcghnSgaxCMuF3seddRXZCZSajtdrfGJXDxmZB-1730302369075974629)
2024-10-30T16:32:49.443+0100	WARN	IDSS	server/idss_main.go:409	Duplicate query received on Peer: QmNg6UXqLvRd5FLEX6HhhyHM8ZYx5QPPY1n3f6XHkRJnzv get Client
 (UQI: QmVT4nXkCcghnSgaxCMuF3seddRXZCZSajtdrfGJXDxmZB-1730302369075974629)
2024-10-30T16:32:49.443+0100	WARN	IDSS	server/idss_main.go:409	Duplicate query received on Peer: QmNg6UXqLvRd5FLEX6HhhyHM8ZYx5QPPY1n3f6XHkRJnzv get Client
 (UQI: QmVT4nXkCcghnSgaxCMuF3seddRXZCZSajtdrfGJXDxmZB-1730302369075974629)
2024-10-30T16:32:49.444+0100	INFO	IDSS	server/idss_main.go:598	Query sent to peer QmQpQXB1b7TmgWsv6pvRMqwMMPyn1sJ7SbjuhdK6r5daQG, awaiting for response
2024-10-30T16:32:49.444+0100	INFO	IDSS	server/idss_main.go:598	Query sent to peer QmTS2oW64P5TvNk61d5Hj9P4AFim7J9Dtp9sNQ14mdrhqx, awaiting for response
2024-10-30T16:32:49.445+0100	INFO	IDSS	server/idss_main.go:598	Query sent to peer QmbvLEyecLKJzWEaF1DwJjSpjjFZhytBLyvaLPyV6JB5Jx, awaiting for response
2024-10-30T16:32:49.446+0100	INFO	IDSS	server/idss_main.go:598	Query sent to peer QmaUyzWdNRMfEHLTVieiUysBr8vC2N3VUexp92Jcjdi4QZ, awaiting for response
2024-10-30T16:32:49.447+0100	INFO	IDSS	server/idss_main.go:598	Query sent to peer QmZV3TbhWtfrDkYAnFJVMYUZUU9fMYp7UJzjfCHDv9qr5A, awaiting for response
2024-10-30T16:32:49.471+0100	INFO	IDSS	server/idss_main.go:364	Received incoming from QmbvLEyecLKJzWEaF1DwJjSpjjFZhytBLyvaLPyV6JB5Jx
2024-10-30T16:32:49.471+0100	INFO	IDSS	server/idss_main.go:400	Query received:
On peer QmNg6UXqLvRd5FLEX6HhhyHM8ZYx5QPPY1n3f6XHkRJnzv 
UQI: QmVT4nXkCcghnSgaxCMuF3seddRXZCZSajtdrfGJXDxmZB-1730302369075974629
TTL: 1.125000 
From: QmbvLEyecLKJzWEaF1DwJjSpjjFZhytBLyvaLPyV6JB5Jx
2024-10-30T16:32:49.480+0100	WARN	IDSS	server/idss_main.go:409	Duplicate query received on Peer: QmNg6UXqLvRd5FLEX6HhhyHM8ZYx5QPPY1n3f6XHkRJnzv get Client
 (UQI: QmVT4nXkCcghnSgaxCMuF3seddRXZCZSajtdrfGJXDxmZB-1730302369075974629)
2024-10-30T16:32:50.567+0100	WARN	IDSS	server/idss_main.go:604	Response timeout from peer QmQpQXB1b7TmgWsv6pvRMqwMMPyn1sJ7SbjuhdK6r5daQG
2024-10-30T16:32:50.567+0100	WARN	IDSS	server/idss_main.go:604	Response timeout from peer QmTS2oW64P5TvNk61d5Hj9P4AFim7J9Dtp9sNQ14mdrhqx
2024-10-30T16:32:50.567+0100	WARN	IDSS	server/idss_main.go:604	Response timeout from peer QmY3KziLnhU6RCNc9uSgBaP6CZFwSUUMij2XXcNYC6mUX4
2024-10-30T16:32:50.567+0100	WARN	IDSS	server/idss_main.go:604	Response timeout from peer QmZV3TbhWtfrDkYAnFJVMYUZUU9fMYp7UJzjfCHDv9qr5A
2024-10-30T16:32:50.567+0100	WARN	IDSS	server/idss_main.go:604	Response timeout from peer QmaUyzWdNRMfEHLTVieiUysBr8vC2N3VUexp92Jcjdi4QZ
2024-10-30T16:32:50.567+0100	WARN	IDSS	server/idss_main.go:604	Response timeout from peer QmbvLEyecLKJzWEaF1DwJjSpjjFZhytBLyvaLPyV6JB5Jx
2024-10-30T16:32:50.567+0100	INFO	IDSS	server/idss_main.go:658	DONE merging local and remote results
2024-10-30T16:32:50.588+0100	INFO	IDSS	server/idss_main.go:695	This is an intermediate peer QmNg6UXqLvRd5FLEX6HhhyHM8ZYx5QPPY1n3f6XHkRJnzv. Merging results to send to parent peer QmNg6UXqLvRd5FLEX6HhhyHM8ZYx5QPPY1n3f6XHkRJnzv
2024-10-30T16:32:50.588+0100	INFO	IDSS	server/idss_main.go:710	Sending merged result to peer QmYzmFZrD7oeB5Ln2Qkz4FKJ6X5amj7quked8RJUHQGty4
2024-10-30T16:32:50.588+0100	INFO	IDSS	server/idss_main.go:712	Record count: 100
2024-10-30T16:32:50.588+0100	INFO	IDSS	server/idss_main.go:731	Successfully sent merged result to peer QmYzmFZrD7oeB5Ln2Qkz4FKJ6X5amj7quked8RJUHQGty4
2024-10-30T16:33:03.287+0100	INFO	IDSS	server/idss_main.go:364	Received incoming from QmYzmFZrD7oeB5Ln2Qkz4FKJ6X5amj7quked8RJUHQGty4
2024-10-30T16:33:03.287+0100	INFO	IDSS	server/idss_main.go:400	Query received:
On peer QmNg6UXqLvRd5FLEX6HhhyHM8ZYx5QPPY1n3f6XHkRJnzv 
UQI: QmVT4nXkCcghnSgaxCMuF3seddRXZCZSajtdrfGJXDxmZB-1730302383238050570
TTL: 1.500000 
From: QmYzmFZrD7oeB5Ln2Qkz4FKJ6X5amj7quked8RJUHQGty4
2024-10-30T16:33:03.360+0100	INFO	IDSS	server/idss_main.go:417	This is a new query on this peer
2024-10-30T16:33:03.360+0100	INFO	IDSS	server/idss_main.go:423	Entering executeAndBroadcastQuery...
2024-10-30T16:33:03.360+0100	INFO	IDSS	server/idss_main.go:857	Executing get Client
 locally in QmNg6UXqLvRd5FLEX6HhhyHM8ZYx5QPPY1n3f6XHkRJnzv
2024-10-30T16:33:03.451+0100	INFO	IDSS	server/idss_main.go:449	Local query executed successfully
2024-10-30T16:33:03.452+0100	INFO	IDSS	server/idss_main.go:463	Sender address updated to: QmNg6UXqLvRd5FLEX6HhhyHM8ZYx5QPPY1n3f6XHkRJnzv
2024-10-30T16:33:03.452+0100	INFO	IDSS	server/idss_main.go:513	Broadcasting query in peer: QmNg6UXqLvRd5FLEX6HhhyHM8ZYx5QPPY1n3f6XHkRJnzv, Parent peer QmYzmFZrD7oeB5Ln2Qkz4FKJ6X5amj7quked8RJUHQGty4 
2024-10-30T16:33:03.452+0100	INFO	IDSS	server/idss_main.go:545	TTL in QmNg6UXqLvRd5FLEX6HhhyHM8ZYx5QPPY1n3f6XHkRJnzv after decrement: 1.125000
2024-10-30T16:33:03.452+0100	INFO	IDSS	server/idss_main.go:644	Peer QmNg6UXqLvRd5FLEX6HhhyHM8ZYx5QPPY1n3f6XHkRJnzv waiting for overlay peers results...
2024-10-30T16:33:03.452+0100	INFO	IDSS	server/idss_main.go:651	Overlay peers peer results collected, start merging...
2024-10-30T16:33:03.453+0100	INFO	IDSS	server/idss_main.go:598	Query sent to peer QmbvLEyecLKJzWEaF1DwJjSpjjFZhytBLyvaLPyV6JB5Jx, awaiting for response
2024-10-30T16:33:03.453+0100	INFO	IDSS	server/idss_main.go:598	Query sent to peer QmZV3TbhWtfrDkYAnFJVMYUZUU9fMYp7UJzjfCHDv9qr5A, awaiting for response
2024-10-30T16:33:03.454+0100	INFO	IDSS	server/idss_main.go:598	Query sent to peer QmaUyzWdNRMfEHLTVieiUysBr8vC2N3VUexp92Jcjdi4QZ, awaiting for response
2024-10-30T16:33:03.460+0100	INFO	IDSS	server/idss_main.go:598	Query sent to peer QmTS2oW64P5TvNk61d5Hj9P4AFim7J9Dtp9sNQ14mdrhqx, awaiting for response
2024-10-30T16:33:03.463+0100	INFO	IDSS	server/idss_main.go:598	Query sent to peer QmQpQXB1b7TmgWsv6pvRMqwMMPyn1sJ7SbjuhdK6r5daQG, awaiting for response
2024-10-30T16:33:03.463+0100	INFO	IDSS	server/idss_main.go:598	Query sent to peer QmY3KziLnhU6RCNc9uSgBaP6CZFwSUUMij2XXcNYC6mUX4, awaiting for response
2024-10-30T16:33:03.466+0100	INFO	IDSS	server/idss_main.go:364	Received incoming from QmZV3TbhWtfrDkYAnFJVMYUZUU9fMYp7UJzjfCHDv9qr5A
2024-10-30T16:33:03.466+0100	INFO	IDSS	server/idss_main.go:400	Query received:
On peer QmNg6UXqLvRd5FLEX6HhhyHM8ZYx5QPPY1n3f6XHkRJnzv 
UQI: QmVT4nXkCcghnSgaxCMuF3seddRXZCZSajtdrfGJXDxmZB-1730302383238050570
TTL: 1.125000 
From: QmZV3TbhWtfrDkYAnFJVMYUZUU9fMYp7UJzjfCHDv9qr5A
2024-10-30T16:33:03.467+0100	WARN	IDSS	server/idss_main.go:409	Duplicate query received on Peer: QmNg6UXqLvRd5FLEX6HhhyHM8ZYx5QPPY1n3f6XHkRJnzv get Client
 (UQI: QmVT4nXkCcghnSgaxCMuF3seddRXZCZSajtdrfGJXDxmZB-1730302383238050570)
2024-10-30T16:33:03.482+0100	INFO	IDSS	server/idss_main.go:364	Received incoming from QmbvLEyecLKJzWEaF1DwJjSpjjFZhytBLyvaLPyV6JB5Jx
2024-10-30T16:33:03.482+0100	INFO	IDSS	server/idss_main.go:400	Query received:
On peer QmNg6UXqLvRd5FLEX6HhhyHM8ZYx5QPPY1n3f6XHkRJnzv 
UQI: QmVT4nXkCcghnSgaxCMuF3seddRXZCZSajtdrfGJXDxmZB-1730302383238050570
TTL: 1.125000 
From: QmbvLEyecLKJzWEaF1DwJjSpjjFZhytBLyvaLPyV6JB5Jx
2024-10-30T16:33:03.483+0100	WARN	IDSS	server/idss_main.go:409	Duplicate query received on Peer: QmNg6UXqLvRd5FLEX6HhhyHM8ZYx5QPPY1n3f6XHkRJnzv get Client
 (UQI: QmVT4nXkCcghnSgaxCMuF3seddRXZCZSajtdrfGJXDxmZB-1730302383238050570)
2024-10-30T16:33:03.500+0100	INFO	IDSS	server/idss_main.go:364	Received incoming from QmaUyzWdNRMfEHLTVieiUysBr8vC2N3VUexp92Jcjdi4QZ
2024-10-30T16:33:03.500+0100	INFO	IDSS	server/idss_main.go:400	Query received:
On peer QmNg6UXqLvRd5FLEX6HhhyHM8ZYx5QPPY1n3f6XHkRJnzv 
UQI: QmVT4nXkCcghnSgaxCMuF3seddRXZCZSajtdrfGJXDxmZB-1730302383238050570
TTL: 1.125000 
From: QmaUyzWdNRMfEHLTVieiUysBr8vC2N3VUexp92Jcjdi4QZ
2024-10-30T16:33:03.500+0100	WARN	IDSS	server/idss_main.go:409	Duplicate query received on Peer: QmNg6UXqLvRd5FLEX6HhhyHM8ZYx5QPPY1n3f6XHkRJnzv get Client
 (UQI: QmVT4nXkCcghnSgaxCMuF3seddRXZCZSajtdrfGJXDxmZB-1730302383238050570)
2024-10-30T16:33:03.517+0100	INFO	IDSS	server/idss_main.go:364	Received incoming from QmTS2oW64P5TvNk61d5Hj9P4AFim7J9Dtp9sNQ14mdrhqx
2024-10-30T16:33:03.517+0100	INFO	IDSS	server/idss_main.go:400	Query received:
On peer QmNg6UXqLvRd5FLEX6HhhyHM8ZYx5QPPY1n3f6XHkRJnzv 
UQI: QmVT4nXkCcghnSgaxCMuF3seddRXZCZSajtdrfGJXDxmZB-1730302383238050570
TTL: 1.125000 
From: QmTS2oW64P5TvNk61d5Hj9P4AFim7J9Dtp9sNQ14mdrhqx
2024-10-30T16:33:03.518+0100	WARN	IDSS	server/idss_main.go:409	Duplicate query received on Peer: QmNg6UXqLvRd5FLEX6HhhyHM8ZYx5QPPY1n3f6XHkRJnzv get Client
 (UQI: QmVT4nXkCcghnSgaxCMuF3seddRXZCZSajtdrfGJXDxmZB-1730302383238050570)
2024-10-30T16:33:03.555+0100	INFO	IDSS	server/idss_main.go:364	Received incoming from QmY3KziLnhU6RCNc9uSgBaP6CZFwSUUMij2XXcNYC6mUX4
2024-10-30T16:33:03.555+0100	INFO	IDSS	server/idss_main.go:400	Query received:
On peer QmNg6UXqLvRd5FLEX6HhhyHM8ZYx5QPPY1n3f6XHkRJnzv 
UQI: QmVT4nXkCcghnSgaxCMuF3seddRXZCZSajtdrfGJXDxmZB-1730302383238050570
TTL: 1.125000 
From: QmY3KziLnhU6RCNc9uSgBaP6CZFwSUUMij2XXcNYC6mUX4
2024-10-30T16:33:03.556+0100	WARN	IDSS	server/idss_main.go:409	Duplicate query received on Peer: QmNg6UXqLvRd5FLEX6HhhyHM8ZYx5QPPY1n3f6XHkRJnzv get Client
 (UQI: QmVT4nXkCcghnSgaxCMuF3seddRXZCZSajtdrfGJXDxmZB-1730302383238050570)
2024-10-30T16:33:03.667+0100	INFO	IDSS	server/idss_main.go:364	Received incoming from QmQpQXB1b7TmgWsv6pvRMqwMMPyn1sJ7SbjuhdK6r5daQG
2024-10-30T16:33:03.668+0100	INFO	IDSS	server/idss_main.go:400	Query received:
On peer QmNg6UXqLvRd5FLEX6HhhyHM8ZYx5QPPY1n3f6XHkRJnzv 
UQI: QmVT4nXkCcghnSgaxCMuF3seddRXZCZSajtdrfGJXDxmZB-1730302383238050570
TTL: 1.125000 
From: QmQpQXB1b7TmgWsv6pvRMqwMMPyn1sJ7SbjuhdK6r5daQG
2024-10-30T16:33:03.668+0100	WARN	IDSS	server/idss_main.go:409	Duplicate query received on Peer: QmNg6UXqLvRd5FLEX6HhhyHM8ZYx5QPPY1n3f6XHkRJnzv get Client
 (UQI: QmVT4nXkCcghnSgaxCMuF3seddRXZCZSajtdrfGJXDxmZB-1730302383238050570)
2024-10-30T16:33:04.578+0100	WARN	IDSS	server/idss_main.go:604	Response timeout from peer QmbvLEyecLKJzWEaF1DwJjSpjjFZhytBLyvaLPyV6JB5Jx
2024-10-30T16:33:04.580+0100	WARN	IDSS	server/idss_main.go:604	Response timeout from peer QmZV3TbhWtfrDkYAnFJVMYUZUU9fMYp7UJzjfCHDv9qr5A
2024-10-30T16:33:04.580+0100	WARN	IDSS	server/idss_main.go:604	Response timeout from peer QmaUyzWdNRMfEHLTVieiUysBr8vC2N3VUexp92Jcjdi4QZ
2024-10-30T16:33:04.586+0100	WARN	IDSS	server/idss_main.go:604	Response timeout from peer QmTS2oW64P5TvNk61d5Hj9P4AFim7J9Dtp9sNQ14mdrhqx
2024-10-30T16:33:04.589+0100	WARN	IDSS	server/idss_main.go:604	Response timeout from peer QmQpQXB1b7TmgWsv6pvRMqwMMPyn1sJ7SbjuhdK6r5daQG
2024-10-30T16:33:04.589+0100	WARN	IDSS	server/idss_main.go:604	Response timeout from peer QmY3KziLnhU6RCNc9uSgBaP6CZFwSUUMij2XXcNYC6mUX4
2024-10-30T16:33:04.589+0100	INFO	IDSS	server/idss_main.go:658	DONE merging local and remote results
2024-10-30T16:33:04.620+0100	INFO	IDSS	server/idss_main.go:695	This is an intermediate peer QmNg6UXqLvRd5FLEX6HhhyHM8ZYx5QPPY1n3f6XHkRJnzv. Merging results to send to parent peer QmNg6UXqLvRd5FLEX6HhhyHM8ZYx5QPPY1n3f6XHkRJnzv
2024-10-30T16:33:04.620+0100	INFO	IDSS	server/idss_main.go:710	Sending merged result to peer QmYzmFZrD7oeB5Ln2Qkz4FKJ6X5amj7quked8RJUHQGty4
2024-10-30T16:33:04.620+0100	INFO	IDSS	server/idss_main.go:712	Record count: 100
2024-10-30T16:33:04.620+0100	INFO	IDSS	server/idss_main.go:731	Successfully sent merged result to peer QmYzmFZrD7oeB5Ln2Qkz4FKJ6X5amj7quked8RJUHQGty4
2024-10-30T16:33:26.067+0100	INFO	IDSS	server/idss_main.go:364	Received incoming from QmYzmFZrD7oeB5Ln2Qkz4FKJ6X5amj7quked8RJUHQGty4
2024-10-30T16:33:26.067+0100	INFO	IDSS	server/idss_main.go:400	Query received:
On peer QmNg6UXqLvRd5FLEX6HhhyHM8ZYx5QPPY1n3f6XHkRJnzv 
UQI: QmVT4nXkCcghnSgaxCMuF3seddRXZCZSajtdrfGJXDxmZB-1730302406007796947
TTL: 1.500000 
From: QmYzmFZrD7oeB5Ln2Qkz4FKJ6X5amj7quked8RJUHQGty4
2024-10-30T16:33:26.231+0100	INFO	IDSS	server/idss_main.go:417	This is a new query on this peer
2024-10-30T16:33:26.231+0100	INFO	IDSS	server/idss_main.go:423	Entering executeAndBroadcastQuery...
2024-10-30T16:33:26.231+0100	INFO	IDSS	server/idss_main.go:857	Executing get Client
 locally in QmNg6UXqLvRd5FLEX6HhhyHM8ZYx5QPPY1n3f6XHkRJnzv
2024-10-30T16:33:26.295+0100	INFO	IDSS	server/idss_main.go:449	Local query executed successfully
2024-10-30T16:33:26.296+0100	INFO	IDSS	server/idss_main.go:463	Sender address updated to: QmNg6UXqLvRd5FLEX6HhhyHM8ZYx5QPPY1n3f6XHkRJnzv
2024-10-30T16:33:26.296+0100	INFO	IDSS	server/idss_main.go:513	Broadcasting query in peer: QmNg6UXqLvRd5FLEX6HhhyHM8ZYx5QPPY1n3f6XHkRJnzv, Parent peer QmYzmFZrD7oeB5Ln2Qkz4FKJ6X5amj7quked8RJUHQGty4 
2024-10-30T16:33:26.296+0100	INFO	IDSS	server/idss_main.go:545	TTL in QmNg6UXqLvRd5FLEX6HhhyHM8ZYx5QPPY1n3f6XHkRJnzv after decrement: 1.125000
2024-10-30T16:33:26.296+0100	INFO	IDSS	server/idss_main.go:644	Peer QmNg6UXqLvRd5FLEX6HhhyHM8ZYx5QPPY1n3f6XHkRJnzv waiting for overlay peers results...
2024-10-30T16:33:26.296+0100	INFO	IDSS	server/idss_main.go:651	Overlay peers peer results collected, start merging...
2024-10-30T16:33:26.297+0100	INFO	IDSS	server/idss_main.go:598	Query sent to peer QmY3KziLnhU6RCNc9uSgBaP6CZFwSUUMij2XXcNYC6mUX4, awaiting for response
2024-10-30T16:33:26.298+0100	INFO	IDSS	server/idss_main.go:598	Query sent to peer QmQpQXB1b7TmgWsv6pvRMqwMMPyn1sJ7SbjuhdK6r5daQG, awaiting for response
2024-10-30T16:33:26.299+0100	INFO	IDSS	server/idss_main.go:598	Query sent to peer QmbvLEyecLKJzWEaF1DwJjSpjjFZhytBLyvaLPyV6JB5Jx, awaiting for response
2024-10-30T16:33:26.299+0100	INFO	IDSS	server/idss_main.go:364	Received incoming from QmbvLEyecLKJzWEaF1DwJjSpjjFZhytBLyvaLPyV6JB5Jx
2024-10-30T16:33:26.299+0100	INFO	IDSS	server/idss_main.go:400	Query received:
On peer QmNg6UXqLvRd5FLEX6HhhyHM8ZYx5QPPY1n3f6XHkRJnzv 
UQI: QmVT4nXkCcghnSgaxCMuF3seddRXZCZSajtdrfGJXDxmZB-1730302406007796947
TTL: 1.125000 
From: QmbvLEyecLKJzWEaF1DwJjSpjjFZhytBLyvaLPyV6JB5Jx
2024-10-30T16:33:26.303+0100	INFO	IDSS	server/idss_main.go:598	Query sent to peer QmaUyzWdNRMfEHLTVieiUysBr8vC2N3VUexp92Jcjdi4QZ, awaiting for response
2024-10-30T16:33:26.303+0100	INFO	IDSS	server/idss_main.go:598	Query sent to peer QmZV3TbhWtfrDkYAnFJVMYUZUU9fMYp7UJzjfCHDv9qr5A, awaiting for response
2024-10-30T16:33:26.303+0100	INFO	IDSS	server/idss_main.go:598	Query sent to peer QmTS2oW64P5TvNk61d5Hj9P4AFim7J9Dtp9sNQ14mdrhqx, awaiting for response
2024-10-30T16:33:26.306+0100	WARN	IDSS	server/idss_main.go:409	Duplicate query received on Peer: QmNg6UXqLvRd5FLEX6HhhyHM8ZYx5QPPY1n3f6XHkRJnzv get Client
 (UQI: QmVT4nXkCcghnSgaxCMuF3seddRXZCZSajtdrfGJXDxmZB-1730302406007796947)
2024-10-30T16:33:26.329+0100	INFO	IDSS	server/idss_main.go:364	Received incoming from QmZV3TbhWtfrDkYAnFJVMYUZUU9fMYp7UJzjfCHDv9qr5A
2024-10-30T16:33:26.329+0100	INFO	IDSS	server/idss_main.go:400	Query received:
On peer QmNg6UXqLvRd5FLEX6HhhyHM8ZYx5QPPY1n3f6XHkRJnzv 
UQI: QmVT4nXkCcghnSgaxCMuF3seddRXZCZSajtdrfGJXDxmZB-1730302406007796947
TTL: 1.125000 
From: QmZV3TbhWtfrDkYAnFJVMYUZUU9fMYp7UJzjfCHDv9qr5A
2024-10-30T16:33:26.329+0100	WARN	IDSS	server/idss_main.go:409	Duplicate query received on Peer: QmNg6UXqLvRd5FLEX6HhhyHM8ZYx5QPPY1n3f6XHkRJnzv get Client
 (UQI: QmVT4nXkCcghnSgaxCMuF3seddRXZCZSajtdrfGJXDxmZB-1730302406007796947)
2024-10-30T16:33:26.345+0100	INFO	IDSS	server/idss_main.go:364	Received incoming from QmQpQXB1b7TmgWsv6pvRMqwMMPyn1sJ7SbjuhdK6r5daQG
2024-10-30T16:33:26.346+0100	INFO	IDSS	server/idss_main.go:400	Query received:
On peer QmNg6UXqLvRd5FLEX6HhhyHM8ZYx5QPPY1n3f6XHkRJnzv 
UQI: QmVT4nXkCcghnSgaxCMuF3seddRXZCZSajtdrfGJXDxmZB-1730302406007796947
TTL: 1.125000 
From: QmQpQXB1b7TmgWsv6pvRMqwMMPyn1sJ7SbjuhdK6r5daQG
2024-10-30T16:33:26.346+0100	WARN	IDSS	server/idss_main.go:409	Duplicate query received on Peer: QmNg6UXqLvRd5FLEX6HhhyHM8ZYx5QPPY1n3f6XHkRJnzv get Client
 (UQI: QmVT4nXkCcghnSgaxCMuF3seddRXZCZSajtdrfGJXDxmZB-1730302406007796947)
2024-10-30T16:33:26.366+0100	INFO	IDSS	server/idss_main.go:364	Received incoming from QmTS2oW64P5TvNk61d5Hj9P4AFim7J9Dtp9sNQ14mdrhqx
2024-10-30T16:33:26.367+0100	INFO	IDSS	server/idss_main.go:400	Query received:
On peer QmNg6UXqLvRd5FLEX6HhhyHM8ZYx5QPPY1n3f6XHkRJnzv 
UQI: QmVT4nXkCcghnSgaxCMuF3seddRXZCZSajtdrfGJXDxmZB-1730302406007796947
TTL: 1.125000 
From: QmTS2oW64P5TvNk61d5Hj9P4AFim7J9Dtp9sNQ14mdrhqx
2024-10-30T16:33:26.368+0100	WARN	IDSS	server/idss_main.go:409	Duplicate query received on Peer: QmNg6UXqLvRd5FLEX6HhhyHM8ZYx5QPPY1n3f6XHkRJnzv get Client
 (UQI: QmVT4nXkCcghnSgaxCMuF3seddRXZCZSajtdrfGJXDxmZB-1730302406007796947)
2024-10-30T16:33:26.410+0100	INFO	IDSS	server/idss_main.go:364	Received incoming from QmaUyzWdNRMfEHLTVieiUysBr8vC2N3VUexp92Jcjdi4QZ
2024-10-30T16:33:26.410+0100	INFO	IDSS	server/idss_main.go:400	Query received:
On peer QmNg6UXqLvRd5FLEX6HhhyHM8ZYx5QPPY1n3f6XHkRJnzv 
UQI: QmVT4nXkCcghnSgaxCMuF3seddRXZCZSajtdrfGJXDxmZB-1730302406007796947
TTL: 1.125000 
From: QmaUyzWdNRMfEHLTVieiUysBr8vC2N3VUexp92Jcjdi4QZ
2024-10-30T16:33:26.410+0100	WARN	IDSS	server/idss_main.go:409	Duplicate query received on Peer: QmNg6UXqLvRd5FLEX6HhhyHM8ZYx5QPPY1n3f6XHkRJnzv get Client
 (UQI: QmVT4nXkCcghnSgaxCMuF3seddRXZCZSajtdrfGJXDxmZB-1730302406007796947)
2024-10-30T16:33:26.439+0100	INFO	IDSS	server/idss_main.go:364	Received incoming from QmY3KziLnhU6RCNc9uSgBaP6CZFwSUUMij2XXcNYC6mUX4
2024-10-30T16:33:26.439+0100	INFO	IDSS	server/idss_main.go:400	Query received:
On peer QmNg6UXqLvRd5FLEX6HhhyHM8ZYx5QPPY1n3f6XHkRJnzv 
UQI: QmVT4nXkCcghnSgaxCMuF3seddRXZCZSajtdrfGJXDxmZB-1730302406007796947
TTL: 1.125000 
From: QmY3KziLnhU6RCNc9uSgBaP6CZFwSUUMij2XXcNYC6mUX4
2024-10-30T16:33:26.442+0100	WARN	IDSS	server/idss_main.go:409	Duplicate query received on Peer: QmNg6UXqLvRd5FLEX6HhhyHM8ZYx5QPPY1n3f6XHkRJnzv get Client
 (UQI: QmVT4nXkCcghnSgaxCMuF3seddRXZCZSajtdrfGJXDxmZB-1730302406007796947)
2024-10-30T16:33:27.421+0100	WARN	IDSS	server/idss_main.go:604	Response timeout from peer QmaUyzWdNRMfEHLTVieiUysBr8vC2N3VUexp92Jcjdi4QZ
2024-10-30T16:33:27.423+0100	WARN	IDSS	server/idss_main.go:604	Response timeout from peer QmY3KziLnhU6RCNc9uSgBaP6CZFwSUUMij2XXcNYC6mUX4
2024-10-30T16:33:27.423+0100	WARN	IDSS	server/idss_main.go:604	Response timeout from peer QmQpQXB1b7TmgWsv6pvRMqwMMPyn1sJ7SbjuhdK6r5daQG
2024-10-30T16:33:27.423+0100	WARN	IDSS	server/idss_main.go:604	Response timeout from peer QmTS2oW64P5TvNk61d5Hj9P4AFim7J9Dtp9sNQ14mdrhqx
2024-10-30T16:33:27.423+0100	WARN	IDSS	server/idss_main.go:604	Response timeout from peer QmbvLEyecLKJzWEaF1DwJjSpjjFZhytBLyvaLPyV6JB5Jx
2024-10-30T16:33:27.423+0100	WARN	IDSS	server/idss_main.go:604	Response timeout from peer QmZV3TbhWtfrDkYAnFJVMYUZUU9fMYp7UJzjfCHDv9qr5A
2024-10-30T16:33:27.423+0100	INFO	IDSS	server/idss_main.go:658	DONE merging local and remote results
2024-10-30T16:33:27.458+0100	INFO	IDSS	server/idss_main.go:695	This is an intermediate peer QmNg6UXqLvRd5FLEX6HhhyHM8ZYx5QPPY1n3f6XHkRJnzv. Merging results to send to parent peer QmNg6UXqLvRd5FLEX6HhhyHM8ZYx5QPPY1n3f6XHkRJnzv
2024-10-30T16:33:27.458+0100	INFO	IDSS	server/idss_main.go:710	Sending merged result to peer QmYzmFZrD7oeB5Ln2Qkz4FKJ6X5amj7quked8RJUHQGty4
2024-10-30T16:33:27.458+0100	INFO	IDSS	server/idss_main.go:712	Record count: 100
2024-10-30T16:33:27.458+0100	INFO	IDSS	server/idss_main.go:731	Successfully sent merged result to peer QmYzmFZrD7oeB5Ln2Qkz4FKJ6X5amj7quked8RJUHQGty4
2024-10-30T16:33:33.578+0100	INFO	IDSS	server/idss_main.go:364	Received incoming from QmYzmFZrD7oeB5Ln2Qkz4FKJ6X5amj7quked8RJUHQGty4
2024-10-30T16:33:33.579+0100	INFO	IDSS	server/idss_main.go:400	Query received:
On peer QmNg6UXqLvRd5FLEX6HhhyHM8ZYx5QPPY1n3f6XHkRJnzv 
UQI: QmVT4nXkCcghnSgaxCMuF3seddRXZCZSajtdrfGJXDxmZB-1730302413518736887
TTL: 1.500000 
From: QmYzmFZrD7oeB5Ln2Qkz4FKJ6X5amj7quked8RJUHQGty4
2024-10-30T16:33:33.665+0100	INFO	IDSS	server/idss_main.go:417	This is a new query on this peer
2024-10-30T16:33:33.665+0100	INFO	IDSS	server/idss_main.go:423	Entering executeAndBroadcastQuery...
2024-10-30T16:33:33.665+0100	INFO	IDSS	server/idss_main.go:857	Executing get Client
 locally in QmNg6UXqLvRd5FLEX6HhhyHM8ZYx5QPPY1n3f6XHkRJnzv
2024-10-30T16:33:33.784+0100	INFO	IDSS	server/idss_main.go:364	Received incoming from QmZV3TbhWtfrDkYAnFJVMYUZUU9fMYp7UJzjfCHDv9qr5A
2024-10-30T16:33:33.811+0100	INFO	IDSS	server/idss_main.go:400	Query received:
On peer QmNg6UXqLvRd5FLEX6HhhyHM8ZYx5QPPY1n3f6XHkRJnzv 
UQI: QmVT4nXkCcghnSgaxCMuF3seddRXZCZSajtdrfGJXDxmZB-1730302413518736887
TTL: 1.125000 
From: QmZV3TbhWtfrDkYAnFJVMYUZUU9fMYp7UJzjfCHDv9qr5A
2024-10-30T16:33:33.785+0100	INFO	IDSS	server/idss_main.go:364	Received incoming from QmTS2oW64P5TvNk61d5Hj9P4AFim7J9Dtp9sNQ14mdrhqx
2024-10-30T16:33:33.812+0100	INFO	IDSS	server/idss_main.go:400	Query received:
On peer QmNg6UXqLvRd5FLEX6HhhyHM8ZYx5QPPY1n3f6XHkRJnzv 
UQI: QmVT4nXkCcghnSgaxCMuF3seddRXZCZSajtdrfGJXDxmZB-1730302413518736887
TTL: 1.125000 
From: QmTS2oW64P5TvNk61d5Hj9P4AFim7J9Dtp9sNQ14mdrhqx
2024-10-30T16:33:33.789+0100	INFO	IDSS	server/idss_main.go:364	Received incoming from QmY3KziLnhU6RCNc9uSgBaP6CZFwSUUMij2XXcNYC6mUX4
2024-10-30T16:33:33.812+0100	INFO	IDSS	server/idss_main.go:400	Query received:
On peer QmNg6UXqLvRd5FLEX6HhhyHM8ZYx5QPPY1n3f6XHkRJnzv 
UQI: QmVT4nXkCcghnSgaxCMuF3seddRXZCZSajtdrfGJXDxmZB-1730302413518736887
TTL: 1.125000 
From: QmY3KziLnhU6RCNc9uSgBaP6CZFwSUUMij2XXcNYC6mUX4
2024-10-30T16:33:33.790+0100	INFO	IDSS	server/idss_main.go:364	Received incoming from QmaUyzWdNRMfEHLTVieiUysBr8vC2N3VUexp92Jcjdi4QZ
2024-10-30T16:33:33.812+0100	INFO	IDSS	server/idss_main.go:400	Query received:
On peer QmNg6UXqLvRd5FLEX6HhhyHM8ZYx5QPPY1n3f6XHkRJnzv 
UQI: QmVT4nXkCcghnSgaxCMuF3seddRXZCZSajtdrfGJXDxmZB-1730302413518736887
TTL: 1.125000 
From: QmaUyzWdNRMfEHLTVieiUysBr8vC2N3VUexp92Jcjdi4QZ
2024-10-30T16:33:33.824+0100	INFO	IDSS	server/idss_main.go:449	Local query executed successfully
2024-10-30T16:33:33.830+0100	INFO	IDSS	server/idss_main.go:463	Sender address updated to: QmNg6UXqLvRd5FLEX6HhhyHM8ZYx5QPPY1n3f6XHkRJnzv
2024-10-30T16:33:33.830+0100	INFO	IDSS	server/idss_main.go:513	Broadcasting query in peer: QmNg6UXqLvRd5FLEX6HhhyHM8ZYx5QPPY1n3f6XHkRJnzv, Parent peer QmYzmFZrD7oeB5Ln2Qkz4FKJ6X5amj7quked8RJUHQGty4 
2024-10-30T16:33:33.830+0100	INFO	IDSS	server/idss_main.go:545	TTL in QmNg6UXqLvRd5FLEX6HhhyHM8ZYx5QPPY1n3f6XHkRJnzv after decrement: 1.125000
2024-10-30T16:33:33.830+0100	INFO	IDSS	server/idss_main.go:644	Peer QmNg6UXqLvRd5FLEX6HhhyHM8ZYx5QPPY1n3f6XHkRJnzv waiting for overlay peers results...
2024-10-30T16:33:33.830+0100	INFO	IDSS	server/idss_main.go:651	Overlay peers peer results collected, start merging...
2024-10-30T16:33:33.826+0100	WARN	IDSS	server/idss_main.go:409	Duplicate query received on Peer: QmNg6UXqLvRd5FLEX6HhhyHM8ZYx5QPPY1n3f6XHkRJnzv get Client
 (UQI: QmVT4nXkCcghnSgaxCMuF3seddRXZCZSajtdrfGJXDxmZB-1730302413518736887)
2024-10-30T16:33:33.831+0100	INFO	IDSS	server/idss_main.go:598	Query sent to peer QmZV3TbhWtfrDkYAnFJVMYUZUU9fMYp7UJzjfCHDv9qr5A, awaiting for response
2024-10-30T16:33:33.832+0100	INFO	IDSS	server/idss_main.go:598	Query sent to peer QmaUyzWdNRMfEHLTVieiUysBr8vC2N3VUexp92Jcjdi4QZ, awaiting for response
2024-10-30T16:33:33.826+0100	WARN	IDSS	server/idss_main.go:409	Duplicate query received on Peer: QmNg6UXqLvRd5FLEX6HhhyHM8ZYx5QPPY1n3f6XHkRJnzv get Client
 (UQI: QmVT4nXkCcghnSgaxCMuF3seddRXZCZSajtdrfGJXDxmZB-1730302413518736887)
2024-10-30T16:33:33.834+0100	INFO	IDSS	server/idss_main.go:598	Query sent to peer QmQpQXB1b7TmgWsv6pvRMqwMMPyn1sJ7SbjuhdK6r5daQG, awaiting for response
2024-10-30T16:33:33.827+0100	WARN	IDSS	server/idss_main.go:409	Duplicate query received on Peer: QmNg6UXqLvRd5FLEX6HhhyHM8ZYx5QPPY1n3f6XHkRJnzv get Client
 (UQI: QmVT4nXkCcghnSgaxCMuF3seddRXZCZSajtdrfGJXDxmZB-1730302413518736887)
2024-10-30T16:33:33.827+0100	WARN	IDSS	server/idss_main.go:409	Duplicate query received on Peer: QmNg6UXqLvRd5FLEX6HhhyHM8ZYx5QPPY1n3f6XHkRJnzv get Client
 (UQI: QmVT4nXkCcghnSgaxCMuF3seddRXZCZSajtdrfGJXDxmZB-1730302413518736887)
2024-10-30T16:33:33.835+0100	INFO	IDSS	server/idss_main.go:598	Query sent to peer QmbvLEyecLKJzWEaF1DwJjSpjjFZhytBLyvaLPyV6JB5Jx, awaiting for response
2024-10-30T16:33:33.835+0100	INFO	IDSS	server/idss_main.go:598	Query sent to peer QmY3KziLnhU6RCNc9uSgBaP6CZFwSUUMij2XXcNYC6mUX4, awaiting for response
2024-10-30T16:33:33.837+0100	INFO	IDSS	server/idss_main.go:598	Query sent to peer QmTS2oW64P5TvNk61d5Hj9P4AFim7J9Dtp9sNQ14mdrhqx, awaiting for response
2024-10-30T16:33:33.952+0100	INFO	IDSS	server/idss_main.go:364	Received incoming from QmQpQXB1b7TmgWsv6pvRMqwMMPyn1sJ7SbjuhdK6r5daQG
2024-10-30T16:33:33.952+0100	INFO	IDSS	server/idss_main.go:400	Query received:
On peer QmNg6UXqLvRd5FLEX6HhhyHM8ZYx5QPPY1n3f6XHkRJnzv 
UQI: QmVT4nXkCcghnSgaxCMuF3seddRXZCZSajtdrfGJXDxmZB-1730302413518736887
TTL: 1.125000 
From: QmQpQXB1b7TmgWsv6pvRMqwMMPyn1sJ7SbjuhdK6r5daQG
2024-10-30T16:33:33.953+0100	WARN	IDSS	server/idss_main.go:409	Duplicate query received on Peer: QmNg6UXqLvRd5FLEX6HhhyHM8ZYx5QPPY1n3f6XHkRJnzv get Client
 (UQI: QmVT4nXkCcghnSgaxCMuF3seddRXZCZSajtdrfGJXDxmZB-1730302413518736887)
2024-10-30T16:33:34.023+0100	INFO	IDSS	server/idss_main.go:364	Received incoming from QmbvLEyecLKJzWEaF1DwJjSpjjFZhytBLyvaLPyV6JB5Jx
2024-10-30T16:33:34.025+0100	INFO	IDSS	server/idss_main.go:400	Query received:
On peer QmNg6UXqLvRd5FLEX6HhhyHM8ZYx5QPPY1n3f6XHkRJnzv 
UQI: QmVT4nXkCcghnSgaxCMuF3seddRXZCZSajtdrfGJXDxmZB-1730302413518736887
TTL: 1.125000 
From: QmbvLEyecLKJzWEaF1DwJjSpjjFZhytBLyvaLPyV6JB5Jx
2024-10-30T16:33:34.026+0100	WARN	IDSS	server/idss_main.go:409	Duplicate query received on Peer: QmNg6UXqLvRd5FLEX6HhhyHM8ZYx5QPPY1n3f6XHkRJnzv get Client
 (UQI: QmVT4nXkCcghnSgaxCMuF3seddRXZCZSajtdrfGJXDxmZB-1730302413518736887)
2024-10-30T16:33:34.956+0100	WARN	IDSS	server/idss_main.go:604	Response timeout from peer QmZV3TbhWtfrDkYAnFJVMYUZUU9fMYp7UJzjfCHDv9qr5A
2024-10-30T16:33:34.958+0100	WARN	IDSS	server/idss_main.go:604	Response timeout from peer QmaUyzWdNRMfEHLTVieiUysBr8vC2N3VUexp92Jcjdi4QZ
2024-10-30T16:33:34.958+0100	WARN	IDSS	server/idss_main.go:604	Response timeout from peer QmY3KziLnhU6RCNc9uSgBaP6CZFwSUUMij2XXcNYC6mUX4
2024-10-30T16:33:34.958+0100	WARN	IDSS	server/idss_main.go:604	Response timeout from peer QmQpQXB1b7TmgWsv6pvRMqwMMPyn1sJ7SbjuhdK6r5daQG
2024-10-30T16:33:34.959+0100	WARN	IDSS	server/idss_main.go:604	Response timeout from peer QmTS2oW64P5TvNk61d5Hj9P4AFim7J9Dtp9sNQ14mdrhqx
2024-10-30T16:33:34.959+0100	WARN	IDSS	server/idss_main.go:604	Response timeout from peer QmbvLEyecLKJzWEaF1DwJjSpjjFZhytBLyvaLPyV6JB5Jx
2024-10-30T16:33:34.959+0100	INFO	IDSS	server/idss_main.go:658	DONE merging local and remote results
2024-10-30T16:33:34.996+0100	INFO	IDSS	server/idss_main.go:695	This is an intermediate peer QmNg6UXqLvRd5FLEX6HhhyHM8ZYx5QPPY1n3f6XHkRJnzv. Merging results to send to parent peer QmNg6UXqLvRd5FLEX6HhhyHM8ZYx5QPPY1n3f6XHkRJnzv
2024-10-30T16:33:34.996+0100	INFO	IDSS	server/idss_main.go:710	Sending merged result to peer QmYzmFZrD7oeB5Ln2Qkz4FKJ6X5amj7quked8RJUHQGty4
2024-10-30T16:33:34.996+0100	INFO	IDSS	server/idss_main.go:712	Record count: 100
2024-10-30T16:33:34.996+0100	INFO	IDSS	server/idss_main.go:731	Successfully sent merged result to peer QmYzmFZrD7oeB5Ln2Qkz4FKJ6X5amj7quked8RJUHQGty4
