2024-10-30T16:31:44.869+0100	INFO	IDSS	server/idss_main.go:168	Listening on peer Address: /ip4/127.0.0.1/tcp/45775/p2p/QmQe8GerSXrpsK5NhQbrx3PZTLBKq1BzdKaTjWkhoYE7iz

2024-10-30T16:31:44.870+0100	INFO	IDSS	server/idss_main.go:201	Loading data from file: ./idss_graph_db/QmQe8GerSXrpsK5NhQbrx3PZTLBKq1BzdKaTjWkhoYE7iz/QmQe8GerSXrpsK5NhQbrx3PZTLBKq1BzdKaTjWkhoYE7iz_data.json
2024-10-30T16:31:46.587+0100	INFO	IDSS	server/idss_db_init.go:76	Creating the Query Manager node...
2024-10-30T16:31:46.645+0100	INFO	IDSS	server/idss_db_init.go:102	Committed Query Manager node store transaction
2024-10-30T16:31:46.645+0100	INFO	IDSS	server/idss_main.go:341	Bootstrapped the DHT
2024/10/30 16:31:46 failed to sufficiently increase receive buffer size (was: 208 kiB, wanted: 7168 kiB, got: 416 kiB). See https://github.com/quic-go/quic-go/wiki/UDP-Buffer-Sizes for details.
2024-10-30T16:31:46.779+0100	INFO	IDSS	server/idss_main.go:352	Connected to bootstrap peer: QmbLHAnMoJPWSCR5Zhtx6BHJX9KiKNN6tpvbUcqanj75Nb
2024-10-30T16:31:46.911+0100	INFO	IDSS	server/idss_main.go:352	Connected to bootstrap peer: QmQCU2EcMqAqQPR2i9bChDtGNJchTbq5TbXJJ16u19uLTa
2024-10-30T16:31:47.037+0100	INFO	IDSS	server/idss_main.go:352	Connected to bootstrap peer: QmNnooDu7bfjPFoTZYxMNLWUQJyrVwtbZg5gBMjTezGAJN
2024-10-30T16:31:47.237+0100	INFO	IDSS	server/idss_main.go:352	Connected to bootstrap peer: QmcZf59bWwK5XFi76CZX8cbJ4BhTzzA3gU1ZjYZcYW3dwt
2024-10-30T16:31:47.381+0100	INFO	IDSS	server/idss_main.go:352	Connected to bootstrap peer: QmaCpDMGvV2BGHeYERUEnRQAwe3N8SzbUtfsmvsqQLuvuJ
2024-10-30T16:31:47.381+0100	INFO	IDSS	server/idss_main.go:282	Starting peer discovery...
2024-10-30T16:31:47.381+0100	INFO	IDSS	server/idss_main.go:291	Searching for other peers...
...
2024-10-30T16:31:48.219+0100	INFO	IDSS	server/idss_main.go:309	Connected to peer QmYzmFZrD7oeB5Ln2Qkz4FKJ6X5amj7quked8RJUHQGty4
2024-10-30T16:31:48.225+0100	INFO	IDSS	server/idss_main.go:309	Connected to peer QmaUyzWdNRMfEHLTVieiUysBr8vC2N3VUexp92Jcjdi4QZ
2024-10-30T16:31:48.230+0100	INFO	IDSS	server/idss_main.go:309	Connected to peer QmZV3TbhWtfrDkYAnFJVMYUZUU9fMYp7UJzjfCHDv9qr5A
2024-10-30T16:31:48.236+0100	INFO	IDSS	server/idss_main.go:309	Connected to peer QmbvLEyecLKJzWEaF1DwJjSpjjFZhytBLyvaLPyV6JB5Jx
2024-10-30T16:31:48.241+0100	INFO	IDSS	server/idss_main.go:309	Connected to peer QmY3KziLnhU6RCNc9uSgBaP6CZFwSUUMij2XXcNYC6mUX4
2024-10-30T16:31:48.247+0100	INFO	IDSS	server/idss_main.go:309	Connected to peer QmTS2oW64P5TvNk61d5Hj9P4AFim7J9Dtp9sNQ14mdrhqx
2024-10-30T16:31:48.254+0100	INFO	IDSS	server/idss_main.go:309	Connected to peer QmQpQXB1b7TmgWsv6pvRMqwMMPyn1sJ7SbjuhdK6r5daQG
2024-10-30T16:31:48.260+0100	INFO	IDSS	server/idss_main.go:309	Connected to peer QmX87h1VTfYQK5n2DCVHzHua6YV21QVTxtn6JQD4P6Up3k
2024-10-30T16:31:48.265+0100	INFO	IDSS	server/idss_main.go:309	Connected to peer QmZajqudreu5rkvjDADMY7g16UitD7RkWSQpr7cBaf5R8f
2024-10-30T16:31:48.270+0100	INFO	IDSS	server/idss_main.go:309	Connected to peer QmaCZ6PGzv7TqjNbcyVqzfH5KsuX5YE4AE1QYDCDcK49Ep
2024-10-30T16:31:48.275+0100	INFO	IDSS	server/idss_main.go:309	Connected to peer Qmcq2Fi6i1ufA6cWD5PhHCbDcLbXz3zr43gmqZD7auG977
2024-10-30T16:31:48.280+0100	INFO	IDSS	server/idss_main.go:309	Connected to peer QmTjaGMytF5yVvUt7xwPyQMMdaxK53sBp8mnWAFQb4RVg8
2024-10-30T16:31:49.608+0100	INFO	IDSS	server/idss_main.go:309	Connected to peer QmQgd2SGH3tGMf4Au184f2euzY4RoDshacFDnDLJUH5Bke
2024-10-30T16:31:53.366+0100	INFO	IDSS	server/idss_main.go:316	Num of found peers in the Routing Table: 52
2024-10-30T16:31:53.366+0100	INFO	IDSS	server/idss_main.go:319	Time taken to find peers: 5.984989783s
2024-10-30T16:31:53.366+0100	INFO	IDSS	server/idss_main.go:320	Peer discovery completed
2024-10-30T16:32:22.693+0100	INFO	IDSS	server/idss_main.go:364	Received incoming from QmYzmFZrD7oeB5Ln2Qkz4FKJ6X5amj7quked8RJUHQGty4
2024-10-30T16:32:22.694+0100	INFO	IDSS	server/idss_main.go:400	Query received:
On peer QmQe8GerSXrpsK5NhQbrx3PZTLBKq1BzdKaTjWkhoYE7iz 
UQI: QmVT4nXkCcghnSgaxCMuF3seddRXZCZSajtdrfGJXDxmZB-1730302342626177708
TTL: 1.500000 
From: QmYzmFZrD7oeB5Ln2Qkz4FKJ6X5amj7quked8RJUHQGty4
2024-10-30T16:32:22.799+0100	INFO	IDSS	server/idss_main.go:417	This is a new query on this peer
2024-10-30T16:32:22.800+0100	INFO	IDSS	server/idss_main.go:423	Entering executeAndBroadcastQuery...
2024-10-30T16:32:22.800+0100	INFO	IDSS	server/idss_main.go:857	Executing get Client
 locally in QmQe8GerSXrpsK5NhQbrx3PZTLBKq1BzdKaTjWkhoYE7iz
2024-10-30T16:32:22.897+0100	INFO	IDSS	server/idss_main.go:364	Received incoming from QmTS2oW64P5TvNk61d5Hj9P4AFim7J9Dtp9sNQ14mdrhqx
2024-10-30T16:32:22.897+0100	INFO	IDSS	server/idss_main.go:400	Query received:
On peer QmQe8GerSXrpsK5NhQbrx3PZTLBKq1BzdKaTjWkhoYE7iz 
UQI: QmVT4nXkCcghnSgaxCMuF3seddRXZCZSajtdrfGJXDxmZB-1730302342626177708
TTL: 1.125000 
From: QmTS2oW64P5TvNk61d5Hj9P4AFim7J9Dtp9sNQ14mdrhqx
2024-10-30T16:32:22.903+0100	INFO	IDSS	server/idss_main.go:364	Received incoming from Qmcq2Fi6i1ufA6cWD5PhHCbDcLbXz3zr43gmqZD7auG977
2024-10-30T16:32:22.954+0100	INFO	IDSS	server/idss_main.go:400	Query received:
On peer QmQe8GerSXrpsK5NhQbrx3PZTLBKq1BzdKaTjWkhoYE7iz 
UQI: QmVT4nXkCcghnSgaxCMuF3seddRXZCZSajtdrfGJXDxmZB-1730302342626177708
TTL: 1.125000 
From: Qmcq2Fi6i1ufA6cWD5PhHCbDcLbXz3zr43gmqZD7auG977
2024-10-30T16:32:22.955+0100	WARN	IDSS	server/idss_main.go:409	Duplicate query received on Peer: QmQe8GerSXrpsK5NhQbrx3PZTLBKq1BzdKaTjWkhoYE7iz get Client
 (UQI: QmVT4nXkCcghnSgaxCMuF3seddRXZCZSajtdrfGJXDxmZB-1730302342626177708)
2024-10-30T16:32:22.902+0100	INFO	IDSS	server/idss_main.go:449	Local query executed successfully
2024-10-30T16:32:22.903+0100	WARN	IDSS	server/idss_main.go:409	Duplicate query received on Peer: QmQe8GerSXrpsK5NhQbrx3PZTLBKq1BzdKaTjWkhoYE7iz get Client
 (UQI: QmVT4nXkCcghnSgaxCMuF3seddRXZCZSajtdrfGJXDxmZB-1730302342626177708)
2024-10-30T16:32:22.937+0100	INFO	IDSS	server/idss_main.go:364	Received incoming from QmX87h1VTfYQK5n2DCVHzHua6YV21QVTxtn6JQD4P6Up3k
2024-10-30T16:32:22.955+0100	INFO	IDSS	server/idss_main.go:400	Query received:
On peer QmQe8GerSXrpsK5NhQbrx3PZTLBKq1BzdKaTjWkhoYE7iz 
UQI: QmVT4nXkCcghnSgaxCMuF3seddRXZCZSajtdrfGJXDxmZB-1730302342626177708
TTL: 1.125000 
From: QmX87h1VTfYQK5n2DCVHzHua6YV21QVTxtn6JQD4P6Up3k
2024-10-30T16:32:22.955+0100	INFO	IDSS	server/idss_main.go:463	Sender address updated to: QmQe8GerSXrpsK5NhQbrx3PZTLBKq1BzdKaTjWkhoYE7iz
2024-10-30T16:32:22.955+0100	INFO	IDSS	server/idss_main.go:513	Broadcasting query in peer: QmQe8GerSXrpsK5NhQbrx3PZTLBKq1BzdKaTjWkhoYE7iz, Parent peer QmYzmFZrD7oeB5Ln2Qkz4FKJ6X5amj7quked8RJUHQGty4 
2024-10-30T16:32:22.955+0100	INFO	IDSS	server/idss_main.go:545	TTL in QmQe8GerSXrpsK5NhQbrx3PZTLBKq1BzdKaTjWkhoYE7iz after decrement: 1.125000
2024-10-30T16:32:22.956+0100	INFO	IDSS	server/idss_main.go:644	Peer QmQe8GerSXrpsK5NhQbrx3PZTLBKq1BzdKaTjWkhoYE7iz waiting for overlay peers results...
2024-10-30T16:32:22.956+0100	INFO	IDSS	server/idss_main.go:651	Overlay peers peer results collected, start merging...
2024-10-30T16:32:22.958+0100	INFO	IDSS	server/idss_main.go:598	Query sent to peer QmQpQXB1b7TmgWsv6pvRMqwMMPyn1sJ7SbjuhdK6r5daQG, awaiting for response
2024-10-30T16:32:22.961+0100	INFO	IDSS	server/idss_main.go:598	Query sent to peer QmaCZ6PGzv7TqjNbcyVqzfH5KsuX5YE4AE1QYDCDcK49Ep, awaiting for response
2024-10-30T16:32:22.965+0100	INFO	IDSS	server/idss_main.go:598	Query sent to peer QmTjaGMytF5yVvUt7xwPyQMMdaxK53sBp8mnWAFQb4RVg8, awaiting for response
2024-10-30T16:32:22.966+0100	INFO	IDSS	server/idss_main.go:598	Query sent to peer QmZajqudreu5rkvjDADMY7g16UitD7RkWSQpr7cBaf5R8f, awaiting for response
2024-10-30T16:32:22.968+0100	INFO	IDSS	server/idss_main.go:598	Query sent to peer QmTS2oW64P5TvNk61d5Hj9P4AFim7J9Dtp9sNQ14mdrhqx, awaiting for response
2024-10-30T16:32:22.968+0100	INFO	IDSS	server/idss_main.go:598	Query sent to peer QmQgd2SGH3tGMf4Au184f2euzY4RoDshacFDnDLJUH5Bke, awaiting for response
2024-10-30T16:32:22.972+0100	INFO	IDSS	server/idss_main.go:598	Query sent to peer QmY3KziLnhU6RCNc9uSgBaP6CZFwSUUMij2XXcNYC6mUX4, awaiting for response
2024-10-30T16:32:22.972+0100	INFO	IDSS	server/idss_main.go:598	Query sent to peer QmaUyzWdNRMfEHLTVieiUysBr8vC2N3VUexp92Jcjdi4QZ, awaiting for response
2024-10-30T16:32:22.973+0100	INFO	IDSS	server/idss_main.go:598	Query sent to peer Qmcq2Fi6i1ufA6cWD5PhHCbDcLbXz3zr43gmqZD7auG977, awaiting for response
2024-10-30T16:32:22.973+0100	INFO	IDSS	server/idss_main.go:598	Query sent to peer QmbvLEyecLKJzWEaF1DwJjSpjjFZhytBLyvaLPyV6JB5Jx, awaiting for response
2024-10-30T16:32:22.976+0100	INFO	IDSS	server/idss_main.go:598	Query sent to peer QmZV3TbhWtfrDkYAnFJVMYUZUU9fMYp7UJzjfCHDv9qr5A, awaiting for response
2024-10-30T16:32:22.977+0100	WARN	IDSS	server/idss_main.go:409	Duplicate query received on Peer: QmQe8GerSXrpsK5NhQbrx3PZTLBKq1BzdKaTjWkhoYE7iz get Client
 (UQI: QmVT4nXkCcghnSgaxCMuF3seddRXZCZSajtdrfGJXDxmZB-1730302342626177708)
2024-10-30T16:32:22.983+0100	INFO	IDSS	server/idss_main.go:598	Query sent to peer QmX87h1VTfYQK5n2DCVHzHua6YV21QVTxtn6JQD4P6Up3k, awaiting for response
2024-10-30T16:32:23.012+0100	INFO	IDSS	server/idss_main.go:364	Received incoming from QmY3KziLnhU6RCNc9uSgBaP6CZFwSUUMij2XXcNYC6mUX4
2024-10-30T16:32:23.013+0100	INFO	IDSS	server/idss_main.go:400	Query received:
On peer QmQe8GerSXrpsK5NhQbrx3PZTLBKq1BzdKaTjWkhoYE7iz 
UQI: QmVT4nXkCcghnSgaxCMuF3seddRXZCZSajtdrfGJXDxmZB-1730302342626177708
TTL: 1.125000 
From: QmY3KziLnhU6RCNc9uSgBaP6CZFwSUUMij2XXcNYC6mUX4
2024-10-30T16:32:23.030+0100	INFO	IDSS	server/idss_main.go:364	Received incoming from QmZajqudreu5rkvjDADMY7g16UitD7RkWSQpr7cBaf5R8f
2024-10-30T16:32:23.038+0100	INFO	IDSS	server/idss_main.go:400	Query received:
On peer QmQe8GerSXrpsK5NhQbrx3PZTLBKq1BzdKaTjWkhoYE7iz 
UQI: QmVT4nXkCcghnSgaxCMuF3seddRXZCZSajtdrfGJXDxmZB-1730302342626177708
TTL: 1.125000 
From: QmZajqudreu5rkvjDADMY7g16UitD7RkWSQpr7cBaf5R8f
2024-10-30T16:32:23.038+0100	WARN	IDSS	server/idss_main.go:409	Duplicate query received on Peer: QmQe8GerSXrpsK5NhQbrx3PZTLBKq1BzdKaTjWkhoYE7iz get Client
 (UQI: QmVT4nXkCcghnSgaxCMuF3seddRXZCZSajtdrfGJXDxmZB-1730302342626177708)
2024-10-30T16:32:23.066+0100	INFO	IDSS	server/idss_main.go:364	Received incoming from QmQgd2SGH3tGMf4Au184f2euzY4RoDshacFDnDLJUH5Bke
2024-10-30T16:32:23.067+0100	INFO	IDSS	server/idss_main.go:400	Query received:
On peer QmQe8GerSXrpsK5NhQbrx3PZTLBKq1BzdKaTjWkhoYE7iz 
UQI: QmVT4nXkCcghnSgaxCMuF3seddRXZCZSajtdrfGJXDxmZB-1730302342626177708
TTL: 1.125000 
From: QmQgd2SGH3tGMf4Au184f2euzY4RoDshacFDnDLJUH5Bke
2024-10-30T16:32:23.067+0100	WARN	IDSS	server/idss_main.go:409	Duplicate query received on Peer: QmQe8GerSXrpsK5NhQbrx3PZTLBKq1BzdKaTjWkhoYE7iz get Client
 (UQI: QmVT4nXkCcghnSgaxCMuF3seddRXZCZSajtdrfGJXDxmZB-1730302342626177708)
2024-10-30T16:32:23.073+0100	INFO	IDSS	server/idss_main.go:364	Received incoming from QmaCZ6PGzv7TqjNbcyVqzfH5KsuX5YE4AE1QYDCDcK49Ep
2024-10-30T16:32:23.076+0100	INFO	IDSS	server/idss_main.go:400	Query received:
On peer QmQe8GerSXrpsK5NhQbrx3PZTLBKq1BzdKaTjWkhoYE7iz 
UQI: QmVT4nXkCcghnSgaxCMuF3seddRXZCZSajtdrfGJXDxmZB-1730302342626177708
TTL: 1.125000 
From: QmaCZ6PGzv7TqjNbcyVqzfH5KsuX5YE4AE1QYDCDcK49Ep
2024-10-30T16:32:23.077+0100	INFO	IDSS	server/idss_main.go:364	Received incoming from QmTjaGMytF5yVvUt7xwPyQMMdaxK53sBp8mnWAFQb4RVg8
2024-10-30T16:32:23.078+0100	INFO	IDSS	server/idss_main.go:400	Query received:
On peer QmQe8GerSXrpsK5NhQbrx3PZTLBKq1BzdKaTjWkhoYE7iz 
UQI: QmVT4nXkCcghnSgaxCMuF3seddRXZCZSajtdrfGJXDxmZB-1730302342626177708
TTL: 1.125000 
From: QmTjaGMytF5yVvUt7xwPyQMMdaxK53sBp8mnWAFQb4RVg8
2024-10-30T16:32:23.078+0100	WARN	IDSS	server/idss_main.go:409	Duplicate query received on Peer: QmQe8GerSXrpsK5NhQbrx3PZTLBKq1BzdKaTjWkhoYE7iz get Client
 (UQI: QmVT4nXkCcghnSgaxCMuF3seddRXZCZSajtdrfGJXDxmZB-1730302342626177708)
2024-10-30T16:32:23.079+0100	WARN	IDSS	server/idss_main.go:409	Duplicate query received on Peer: QmQe8GerSXrpsK5NhQbrx3PZTLBKq1BzdKaTjWkhoYE7iz get Client
 (UQI: QmVT4nXkCcghnSgaxCMuF3seddRXZCZSajtdrfGJXDxmZB-1730302342626177708)
2024-10-30T16:32:23.091+0100	WARN	IDSS	server/idss_main.go:409	Duplicate query received on Peer: QmQe8GerSXrpsK5NhQbrx3PZTLBKq1BzdKaTjWkhoYE7iz get Client
 (UQI: QmVT4nXkCcghnSgaxCMuF3seddRXZCZSajtdrfGJXDxmZB-1730302342626177708)
2024-10-30T16:32:23.211+0100	INFO	IDSS	server/idss_main.go:364	Received incoming from QmbvLEyecLKJzWEaF1DwJjSpjjFZhytBLyvaLPyV6JB5Jx
2024-10-30T16:32:23.212+0100	INFO	IDSS	server/idss_main.go:400	Query received:
On peer QmQe8GerSXrpsK5NhQbrx3PZTLBKq1BzdKaTjWkhoYE7iz 
UQI: QmVT4nXkCcghnSgaxCMuF3seddRXZCZSajtdrfGJXDxmZB-1730302342626177708
TTL: 1.125000 
From: QmbvLEyecLKJzWEaF1DwJjSpjjFZhytBLyvaLPyV6JB5Jx
2024-10-30T16:32:23.212+0100	WARN	IDSS	server/idss_main.go:409	Duplicate query received on Peer: QmQe8GerSXrpsK5NhQbrx3PZTLBKq1BzdKaTjWkhoYE7iz get Client
 (UQI: QmVT4nXkCcghnSgaxCMuF3seddRXZCZSajtdrfGJXDxmZB-1730302342626177708)
2024-10-30T16:32:23.268+0100	INFO	IDSS	server/idss_main.go:364	Received incoming from QmaUyzWdNRMfEHLTVieiUysBr8vC2N3VUexp92Jcjdi4QZ
2024-10-30T16:32:23.271+0100	INFO	IDSS	server/idss_main.go:400	Query received:
On peer QmQe8GerSXrpsK5NhQbrx3PZTLBKq1BzdKaTjWkhoYE7iz 
UQI: QmVT4nXkCcghnSgaxCMuF3seddRXZCZSajtdrfGJXDxmZB-1730302342626177708
TTL: 1.125000 
From: QmaUyzWdNRMfEHLTVieiUysBr8vC2N3VUexp92Jcjdi4QZ
2024-10-30T16:32:23.272+0100	WARN	IDSS	server/idss_main.go:409	Duplicate query received on Peer: QmQe8GerSXrpsK5NhQbrx3PZTLBKq1BzdKaTjWkhoYE7iz get Client
 (UQI: QmVT4nXkCcghnSgaxCMuF3seddRXZCZSajtdrfGJXDxmZB-1730302342626177708)
2024-10-30T16:32:23.334+0100	INFO	IDSS	server/idss_main.go:364	Received incoming from QmZV3TbhWtfrDkYAnFJVMYUZUU9fMYp7UJzjfCHDv9qr5A
2024-10-30T16:32:23.334+0100	INFO	IDSS	server/idss_main.go:400	Query received:
On peer QmQe8GerSXrpsK5NhQbrx3PZTLBKq1BzdKaTjWkhoYE7iz 
UQI: QmVT4nXkCcghnSgaxCMuF3seddRXZCZSajtdrfGJXDxmZB-1730302342626177708
TTL: 1.125000 
From: QmZV3TbhWtfrDkYAnFJVMYUZUU9fMYp7UJzjfCHDv9qr5A
2024-10-30T16:32:23.335+0100	WARN	IDSS	server/idss_main.go:409	Duplicate query received on Peer: QmQe8GerSXrpsK5NhQbrx3PZTLBKq1BzdKaTjWkhoYE7iz get Client
 (UQI: QmVT4nXkCcghnSgaxCMuF3seddRXZCZSajtdrfGJXDxmZB-1730302342626177708)
2024-10-30T16:32:23.402+0100	INFO	IDSS	server/idss_main.go:364	Received incoming from QmQpQXB1b7TmgWsv6pvRMqwMMPyn1sJ7SbjuhdK6r5daQG
2024-10-30T16:32:23.402+0100	INFO	IDSS	server/idss_main.go:400	Query received:
On peer QmQe8GerSXrpsK5NhQbrx3PZTLBKq1BzdKaTjWkhoYE7iz 
UQI: QmVT4nXkCcghnSgaxCMuF3seddRXZCZSajtdrfGJXDxmZB-1730302342626177708
TTL: 1.125000 
From: QmQpQXB1b7TmgWsv6pvRMqwMMPyn1sJ7SbjuhdK6r5daQG
2024-10-30T16:32:23.404+0100	WARN	IDSS	server/idss_main.go:409	Duplicate query received on Peer: QmQe8GerSXrpsK5NhQbrx3PZTLBKq1BzdKaTjWkhoYE7iz get Client
 (UQI: QmVT4nXkCcghnSgaxCMuF3seddRXZCZSajtdrfGJXDxmZB-1730302342626177708)
2024-10-30T16:32:24.082+0100	WARN	IDSS	server/idss_main.go:604	Response timeout from peer QmX87h1VTfYQK5n2DCVHzHua6YV21QVTxtn6JQD4P6Up3k
2024-10-30T16:32:24.082+0100	WARN	IDSS	server/idss_main.go:604	Response timeout from peer QmaCZ6PGzv7TqjNbcyVqzfH5KsuX5YE4AE1QYDCDcK49Ep
2024-10-30T16:32:24.083+0100	WARN	IDSS	server/idss_main.go:604	Response timeout from peer QmZajqudreu5rkvjDADMY7g16UitD7RkWSQpr7cBaf5R8f
2024-10-30T16:32:24.083+0100	WARN	IDSS	server/idss_main.go:604	Response timeout from peer QmQgd2SGH3tGMf4Au184f2euzY4RoDshacFDnDLJUH5Bke
2024-10-30T16:32:24.083+0100	WARN	IDSS	server/idss_main.go:604	Response timeout from peer QmTjaGMytF5yVvUt7xwPyQMMdaxK53sBp8mnWAFQb4RVg8
2024-10-30T16:32:24.083+0100	WARN	IDSS	server/idss_main.go:604	Response timeout from peer QmQpQXB1b7TmgWsv6pvRMqwMMPyn1sJ7SbjuhdK6r5daQG
2024-10-30T16:32:24.083+0100	WARN	IDSS	server/idss_main.go:604	Response timeout from peer QmTS2oW64P5TvNk61d5Hj9P4AFim7J9Dtp9sNQ14mdrhqx
2024-10-30T16:32:24.084+0100	WARN	IDSS	server/idss_main.go:604	Response timeout from peer QmaUyzWdNRMfEHLTVieiUysBr8vC2N3VUexp92Jcjdi4QZ
2024-10-30T16:32:24.084+0100	WARN	IDSS	server/idss_main.go:604	Response timeout from peer QmbvLEyecLKJzWEaF1DwJjSpjjFZhytBLyvaLPyV6JB5Jx
2024-10-30T16:32:24.084+0100	WARN	IDSS	server/idss_main.go:604	Response timeout from peer Qmcq2Fi6i1ufA6cWD5PhHCbDcLbXz3zr43gmqZD7auG977
2024-10-30T16:32:24.084+0100	WARN	IDSS	server/idss_main.go:604	Response timeout from peer QmY3KziLnhU6RCNc9uSgBaP6CZFwSUUMij2XXcNYC6mUX4
2024-10-30T16:32:24.084+0100	WARN	IDSS	server/idss_main.go:604	Response timeout from peer QmZV3TbhWtfrDkYAnFJVMYUZUU9fMYp7UJzjfCHDv9qr5A
2024-10-30T16:32:24.087+0100	INFO	IDSS	server/idss_main.go:658	DONE merging local and remote results
2024-10-30T16:32:24.167+0100	INFO	IDSS	server/idss_main.go:695	This is an intermediate peer QmQe8GerSXrpsK5NhQbrx3PZTLBKq1BzdKaTjWkhoYE7iz. Merging results to send to parent peer QmQe8GerSXrpsK5NhQbrx3PZTLBKq1BzdKaTjWkhoYE7iz
2024-10-30T16:32:24.168+0100	INFO	IDSS	server/idss_main.go:710	Sending merged result to peer QmYzmFZrD7oeB5Ln2Qkz4FKJ6X5amj7quked8RJUHQGty4
2024-10-30T16:32:24.168+0100	INFO	IDSS	server/idss_main.go:712	Record count: 100
2024-10-30T16:32:24.171+0100	INFO	IDSS	server/idss_main.go:731	Successfully sent merged result to peer QmYzmFZrD7oeB5Ln2Qkz4FKJ6X5amj7quked8RJUHQGty4
2024-10-30T16:32:49.119+0100	INFO	IDSS	server/idss_main.go:364	Received incoming from QmYzmFZrD7oeB5Ln2Qkz4FKJ6X5amj7quked8RJUHQGty4
2024-10-30T16:32:49.119+0100	INFO	IDSS	server/idss_main.go:400	Query received:
On peer QmQe8GerSXrpsK5NhQbrx3PZTLBKq1BzdKaTjWkhoYE7iz 
UQI: QmVT4nXkCcghnSgaxCMuF3seddRXZCZSajtdrfGJXDxmZB-1730302369075974629
TTL: 1.500000 
From: QmYzmFZrD7oeB5Ln2Qkz4FKJ6X5amj7quked8RJUHQGty4
2024-10-30T16:32:49.177+0100	INFO	IDSS	server/idss_main.go:417	This is a new query on this peer
2024-10-30T16:32:49.177+0100	INFO	IDSS	server/idss_main.go:423	Entering executeAndBroadcastQuery...
2024-10-30T16:32:49.177+0100	INFO	IDSS	server/idss_main.go:857	Executing get Client
 locally in QmQe8GerSXrpsK5NhQbrx3PZTLBKq1BzdKaTjWkhoYE7iz
2024-10-30T16:32:49.255+0100	INFO	IDSS	server/idss_main.go:449	Local query executed successfully
2024-10-30T16:32:49.256+0100	INFO	IDSS	server/idss_main.go:463	Sender address updated to: QmQe8GerSXrpsK5NhQbrx3PZTLBKq1BzdKaTjWkhoYE7iz
2024-10-30T16:32:49.256+0100	INFO	IDSS	server/idss_main.go:513	Broadcasting query in peer: QmQe8GerSXrpsK5NhQbrx3PZTLBKq1BzdKaTjWkhoYE7iz, Parent peer QmYzmFZrD7oeB5Ln2Qkz4FKJ6X5amj7quked8RJUHQGty4 
2024-10-30T16:32:49.256+0100	INFO	IDSS	server/idss_main.go:545	TTL in QmQe8GerSXrpsK5NhQbrx3PZTLBKq1BzdKaTjWkhoYE7iz after decrement: 1.125000
2024-10-30T16:32:49.256+0100	INFO	IDSS	server/idss_main.go:644	Peer QmQe8GerSXrpsK5NhQbrx3PZTLBKq1BzdKaTjWkhoYE7iz waiting for overlay peers results...
2024-10-30T16:32:49.256+0100	INFO	IDSS	server/idss_main.go:651	Overlay peers peer results collected, start merging...
2024-10-30T16:32:49.257+0100	INFO	IDSS	server/idss_main.go:598	Query sent to peer QmQpQXB1b7TmgWsv6pvRMqwMMPyn1sJ7SbjuhdK6r5daQG, awaiting for response
2024-10-30T16:32:49.260+0100	INFO	IDSS	server/idss_main.go:598	Query sent to peer Qmcq2Fi6i1ufA6cWD5PhHCbDcLbXz3zr43gmqZD7auG977, awaiting for response
2024-10-30T16:32:49.264+0100	INFO	IDSS	server/idss_main.go:598	Query sent to peer QmaCZ6PGzv7TqjNbcyVqzfH5KsuX5YE4AE1QYDCDcK49Ep, awaiting for response
2024-10-30T16:32:49.264+0100	INFO	IDSS	server/idss_main.go:598	Query sent to peer QmbvLEyecLKJzWEaF1DwJjSpjjFZhytBLyvaLPyV6JB5Jx, awaiting for response
2024-10-30T16:32:49.264+0100	INFO	IDSS	server/idss_main.go:598	Query sent to peer QmaUyzWdNRMfEHLTVieiUysBr8vC2N3VUexp92Jcjdi4QZ, awaiting for response
2024-10-30T16:32:49.265+0100	INFO	IDSS	server/idss_main.go:364	Received incoming from QmZV3TbhWtfrDkYAnFJVMYUZUU9fMYp7UJzjfCHDv9qr5A
2024-10-30T16:32:49.265+0100	INFO	IDSS	server/idss_main.go:400	Query received:
On peer QmQe8GerSXrpsK5NhQbrx3PZTLBKq1BzdKaTjWkhoYE7iz 
UQI: QmVT4nXkCcghnSgaxCMuF3seddRXZCZSajtdrfGJXDxmZB-1730302369075974629
TTL: 1.125000 
From: QmZV3TbhWtfrDkYAnFJVMYUZUU9fMYp7UJzjfCHDv9qr5A
2024-10-30T16:32:49.265+0100	INFO	IDSS	server/idss_main.go:598	Query sent to peer QmQgd2SGH3tGMf4Au184f2euzY4RoDshacFDnDLJUH5Bke, awaiting for response
2024-10-30T16:32:49.266+0100	WARN	IDSS	server/idss_main.go:409	Duplicate query received on Peer: QmQe8GerSXrpsK5NhQbrx3PZTLBKq1BzdKaTjWkhoYE7iz get Client
 (UQI: QmVT4nXkCcghnSgaxCMuF3seddRXZCZSajtdrfGJXDxmZB-1730302369075974629)
2024-10-30T16:32:49.266+0100	INFO	IDSS	server/idss_main.go:598	Query sent to peer QmTjaGMytF5yVvUt7xwPyQMMdaxK53sBp8mnWAFQb4RVg8, awaiting for response
2024-10-30T16:32:49.271+0100	INFO	IDSS	server/idss_main.go:598	Query sent to peer QmTS2oW64P5TvNk61d5Hj9P4AFim7J9Dtp9sNQ14mdrhqx, awaiting for response
2024-10-30T16:32:49.271+0100	INFO	IDSS	server/idss_main.go:598	Query sent to peer QmY3KziLnhU6RCNc9uSgBaP6CZFwSUUMij2XXcNYC6mUX4, awaiting for response
2024-10-30T16:32:49.272+0100	INFO	IDSS	server/idss_main.go:598	Query sent to peer QmX87h1VTfYQK5n2DCVHzHua6YV21QVTxtn6JQD4P6Up3k, awaiting for response
2024-10-30T16:32:49.273+0100	INFO	IDSS	server/idss_main.go:598	Query sent to peer QmZajqudreu5rkvjDADMY7g16UitD7RkWSQpr7cBaf5R8f, awaiting for response
2024-10-30T16:32:49.273+0100	INFO	IDSS	server/idss_main.go:598	Query sent to peer QmZV3TbhWtfrDkYAnFJVMYUZUU9fMYp7UJzjfCHDv9qr5A, awaiting for response
2024-10-30T16:32:49.273+0100	INFO	IDSS	server/idss_main.go:364	Received incoming from QmTjaGMytF5yVvUt7xwPyQMMdaxK53sBp8mnWAFQb4RVg8
2024-10-30T16:32:49.274+0100	INFO	IDSS	server/idss_main.go:400	Query received:
On peer QmQe8GerSXrpsK5NhQbrx3PZTLBKq1BzdKaTjWkhoYE7iz 
UQI: QmVT4nXkCcghnSgaxCMuF3seddRXZCZSajtdrfGJXDxmZB-1730302369075974629
TTL: 1.125000 
From: QmTjaGMytF5yVvUt7xwPyQMMdaxK53sBp8mnWAFQb4RVg8
2024-10-30T16:32:49.274+0100	WARN	IDSS	server/idss_main.go:409	Duplicate query received on Peer: QmQe8GerSXrpsK5NhQbrx3PZTLBKq1BzdKaTjWkhoYE7iz get Client
 (UQI: QmVT4nXkCcghnSgaxCMuF3seddRXZCZSajtdrfGJXDxmZB-1730302369075974629)
2024-10-30T16:32:49.276+0100	INFO	IDSS	server/idss_main.go:364	Received incoming from QmQgd2SGH3tGMf4Au184f2euzY4RoDshacFDnDLJUH5Bke
2024-10-30T16:32:49.276+0100	INFO	IDSS	server/idss_main.go:400	Query received:
On peer QmQe8GerSXrpsK5NhQbrx3PZTLBKq1BzdKaTjWkhoYE7iz 
UQI: QmVT4nXkCcghnSgaxCMuF3seddRXZCZSajtdrfGJXDxmZB-1730302369075974629
TTL: 1.125000 
From: QmQgd2SGH3tGMf4Au184f2euzY4RoDshacFDnDLJUH5Bke
2024-10-30T16:32:49.277+0100	WARN	IDSS	server/idss_main.go:409	Duplicate query received on Peer: QmQe8GerSXrpsK5NhQbrx3PZTLBKq1BzdKaTjWkhoYE7iz get Client
 (UQI: QmVT4nXkCcghnSgaxCMuF3seddRXZCZSajtdrfGJXDxmZB-1730302369075974629)
2024-10-30T16:32:49.310+0100	INFO	IDSS	server/idss_main.go:364	Received incoming from Qmcq2Fi6i1ufA6cWD5PhHCbDcLbXz3zr43gmqZD7auG977
2024-10-30T16:32:49.318+0100	INFO	IDSS	server/idss_main.go:400	Query received:
On peer QmQe8GerSXrpsK5NhQbrx3PZTLBKq1BzdKaTjWkhoYE7iz 
UQI: QmVT4nXkCcghnSgaxCMuF3seddRXZCZSajtdrfGJXDxmZB-1730302369075974629
TTL: 1.125000 
From: Qmcq2Fi6i1ufA6cWD5PhHCbDcLbXz3zr43gmqZD7auG977
2024-10-30T16:32:49.310+0100	INFO	IDSS	server/idss_main.go:364	Received incoming from QmX87h1VTfYQK5n2DCVHzHua6YV21QVTxtn6JQD4P6Up3k
2024-10-30T16:32:49.319+0100	WARN	IDSS	server/idss_main.go:409	Duplicate query received on Peer: QmQe8GerSXrpsK5NhQbrx3PZTLBKq1BzdKaTjWkhoYE7iz get Client
 (UQI: QmVT4nXkCcghnSgaxCMuF3seddRXZCZSajtdrfGJXDxmZB-1730302369075974629)
2024-10-30T16:32:49.311+0100	INFO	IDSS	server/idss_main.go:364	Received incoming from QmaUyzWdNRMfEHLTVieiUysBr8vC2N3VUexp92Jcjdi4QZ
2024-10-30T16:32:49.319+0100	INFO	IDSS	server/idss_main.go:400	Query received:
On peer QmQe8GerSXrpsK5NhQbrx3PZTLBKq1BzdKaTjWkhoYE7iz 
UQI: QmVT4nXkCcghnSgaxCMuF3seddRXZCZSajtdrfGJXDxmZB-1730302369075974629
TTL: 1.125000 
From: QmaUyzWdNRMfEHLTVieiUysBr8vC2N3VUexp92Jcjdi4QZ
2024-10-30T16:32:49.320+0100	WARN	IDSS	server/idss_main.go:409	Duplicate query received on Peer: QmQe8GerSXrpsK5NhQbrx3PZTLBKq1BzdKaTjWkhoYE7iz get Client
 (UQI: QmVT4nXkCcghnSgaxCMuF3seddRXZCZSajtdrfGJXDxmZB-1730302369075974629)
2024-10-30T16:32:49.327+0100	INFO	IDSS	server/idss_main.go:400	Query received:
On peer QmQe8GerSXrpsK5NhQbrx3PZTLBKq1BzdKaTjWkhoYE7iz 
UQI: QmVT4nXkCcghnSgaxCMuF3seddRXZCZSajtdrfGJXDxmZB-1730302369075974629
TTL: 1.125000 
From: QmX87h1VTfYQK5n2DCVHzHua6YV21QVTxtn6JQD4P6Up3k
2024-10-30T16:32:49.349+0100	WARN	IDSS	server/idss_main.go:409	Duplicate query received on Peer: QmQe8GerSXrpsK5NhQbrx3PZTLBKq1BzdKaTjWkhoYE7iz get Client
 (UQI: QmVT4nXkCcghnSgaxCMuF3seddRXZCZSajtdrfGJXDxmZB-1730302369075974629)
2024-10-30T16:32:49.360+0100	INFO	IDSS	server/idss_main.go:364	Received incoming from QmY3KziLnhU6RCNc9uSgBaP6CZFwSUUMij2XXcNYC6mUX4
2024-10-30T16:32:49.388+0100	INFO	IDSS	server/idss_main.go:400	Query received:
On peer QmQe8GerSXrpsK5NhQbrx3PZTLBKq1BzdKaTjWkhoYE7iz 
UQI: QmVT4nXkCcghnSgaxCMuF3seddRXZCZSajtdrfGJXDxmZB-1730302369075974629
TTL: 1.125000 
From: QmY3KziLnhU6RCNc9uSgBaP6CZFwSUUMij2XXcNYC6mUX4
2024-10-30T16:32:49.388+0100	WARN	IDSS	server/idss_main.go:409	Duplicate query received on Peer: QmQe8GerSXrpsK5NhQbrx3PZTLBKq1BzdKaTjWkhoYE7iz get Client
 (UQI: QmVT4nXkCcghnSgaxCMuF3seddRXZCZSajtdrfGJXDxmZB-1730302369075974629)
2024-10-30T16:32:49.362+0100	INFO	IDSS	server/idss_main.go:364	Received incoming from QmZajqudreu5rkvjDADMY7g16UitD7RkWSQpr7cBaf5R8f
2024-10-30T16:32:49.389+0100	INFO	IDSS	server/idss_main.go:400	Query received:
On peer QmQe8GerSXrpsK5NhQbrx3PZTLBKq1BzdKaTjWkhoYE7iz 
UQI: QmVT4nXkCcghnSgaxCMuF3seddRXZCZSajtdrfGJXDxmZB-1730302369075974629
TTL: 1.125000 
From: QmZajqudreu5rkvjDADMY7g16UitD7RkWSQpr7cBaf5R8f
2024-10-30T16:32:49.374+0100	INFO	IDSS	server/idss_main.go:364	Received incoming from QmQpQXB1b7TmgWsv6pvRMqwMMPyn1sJ7SbjuhdK6r5daQG
2024-10-30T16:32:49.389+0100	WARN	IDSS	server/idss_main.go:409	Duplicate query received on Peer: QmQe8GerSXrpsK5NhQbrx3PZTLBKq1BzdKaTjWkhoYE7iz get Client
 (UQI: QmVT4nXkCcghnSgaxCMuF3seddRXZCZSajtdrfGJXDxmZB-1730302369075974629)
2024-10-30T16:32:49.389+0100	INFO	IDSS	server/idss_main.go:400	Query received:
On peer QmQe8GerSXrpsK5NhQbrx3PZTLBKq1BzdKaTjWkhoYE7iz 
UQI: QmVT4nXkCcghnSgaxCMuF3seddRXZCZSajtdrfGJXDxmZB-1730302369075974629
TTL: 1.125000 
From: QmQpQXB1b7TmgWsv6pvRMqwMMPyn1sJ7SbjuhdK6r5daQG
2024-10-30T16:32:49.390+0100	WARN	IDSS	server/idss_main.go:409	Duplicate query received on Peer: QmQe8GerSXrpsK5NhQbrx3PZTLBKq1BzdKaTjWkhoYE7iz get Client
 (UQI: QmVT4nXkCcghnSgaxCMuF3seddRXZCZSajtdrfGJXDxmZB-1730302369075974629)
2024-10-30T16:32:49.395+0100	INFO	IDSS	server/idss_main.go:364	Received incoming from QmTS2oW64P5TvNk61d5Hj9P4AFim7J9Dtp9sNQ14mdrhqx
2024-10-30T16:32:49.395+0100	INFO	IDSS	server/idss_main.go:400	Query received:
On peer QmQe8GerSXrpsK5NhQbrx3PZTLBKq1BzdKaTjWkhoYE7iz 
UQI: QmVT4nXkCcghnSgaxCMuF3seddRXZCZSajtdrfGJXDxmZB-1730302369075974629
TTL: 1.125000 
From: QmTS2oW64P5TvNk61d5Hj9P4AFim7J9Dtp9sNQ14mdrhqx
2024-10-30T16:32:49.396+0100	WARN	IDSS	server/idss_main.go:409	Duplicate query received on Peer: QmQe8GerSXrpsK5NhQbrx3PZTLBKq1BzdKaTjWkhoYE7iz get Client
 (UQI: QmVT4nXkCcghnSgaxCMuF3seddRXZCZSajtdrfGJXDxmZB-1730302369075974629)
2024-10-30T16:32:49.469+0100	INFO	IDSS	server/idss_main.go:364	Received incoming from QmbvLEyecLKJzWEaF1DwJjSpjjFZhytBLyvaLPyV6JB5Jx
2024-10-30T16:32:49.469+0100	INFO	IDSS	server/idss_main.go:400	Query received:
On peer QmQe8GerSXrpsK5NhQbrx3PZTLBKq1BzdKaTjWkhoYE7iz 
UQI: QmVT4nXkCcghnSgaxCMuF3seddRXZCZSajtdrfGJXDxmZB-1730302369075974629
TTL: 1.125000 
From: QmbvLEyecLKJzWEaF1DwJjSpjjFZhytBLyvaLPyV6JB5Jx
2024-10-30T16:32:49.470+0100	WARN	IDSS	server/idss_main.go:409	Duplicate query received on Peer: QmQe8GerSXrpsK5NhQbrx3PZTLBKq1BzdKaTjWkhoYE7iz get Client
 (UQI: QmVT4nXkCcghnSgaxCMuF3seddRXZCZSajtdrfGJXDxmZB-1730302369075974629)
2024-10-30T16:32:49.488+0100	INFO	IDSS	server/idss_main.go:364	Received incoming from QmaCZ6PGzv7TqjNbcyVqzfH5KsuX5YE4AE1QYDCDcK49Ep
2024-10-30T16:32:49.488+0100	INFO	IDSS	server/idss_main.go:400	Query received:
On peer QmQe8GerSXrpsK5NhQbrx3PZTLBKq1BzdKaTjWkhoYE7iz 
UQI: QmVT4nXkCcghnSgaxCMuF3seddRXZCZSajtdrfGJXDxmZB-1730302369075974629
TTL: 1.125000 
From: QmaCZ6PGzv7TqjNbcyVqzfH5KsuX5YE4AE1QYDCDcK49Ep
2024-10-30T16:32:49.489+0100	WARN	IDSS	server/idss_main.go:409	Duplicate query received on Peer: QmQe8GerSXrpsK5NhQbrx3PZTLBKq1BzdKaTjWkhoYE7iz get Client
 (UQI: QmVT4nXkCcghnSgaxCMuF3seddRXZCZSajtdrfGJXDxmZB-1730302369075974629)
2024-10-30T16:32:50.382+0100	WARN	IDSS	server/idss_main.go:604	Response timeout from peer QmQpQXB1b7TmgWsv6pvRMqwMMPyn1sJ7SbjuhdK6r5daQG
2024-10-30T16:32:50.383+0100	WARN	IDSS	server/idss_main.go:604	Response timeout from peer Qmcq2Fi6i1ufA6cWD5PhHCbDcLbXz3zr43gmqZD7auG977
2024-10-30T16:32:50.384+0100	WARN	IDSS	server/idss_main.go:604	Response timeout from peer QmX87h1VTfYQK5n2DCVHzHua6YV21QVTxtn6JQD4P6Up3k
2024-10-30T16:32:50.384+0100	WARN	IDSS	server/idss_main.go:604	Response timeout from peer QmQgd2SGH3tGMf4Au184f2euzY4RoDshacFDnDLJUH5Bke
2024-10-30T16:32:50.385+0100	WARN	IDSS	server/idss_main.go:604	Response timeout from peer QmaCZ6PGzv7TqjNbcyVqzfH5KsuX5YE4AE1QYDCDcK49Ep
2024-10-30T16:32:50.385+0100	WARN	IDSS	server/idss_main.go:604	Response timeout from peer QmZajqudreu5rkvjDADMY7g16UitD7RkWSQpr7cBaf5R8f
2024-10-30T16:32:50.385+0100	WARN	IDSS	server/idss_main.go:604	Response timeout from peer QmbvLEyecLKJzWEaF1DwJjSpjjFZhytBLyvaLPyV6JB5Jx
2024-10-30T16:32:50.385+0100	WARN	IDSS	server/idss_main.go:604	Response timeout from peer QmaUyzWdNRMfEHLTVieiUysBr8vC2N3VUexp92Jcjdi4QZ
2024-10-30T16:32:50.385+0100	WARN	IDSS	server/idss_main.go:604	Response timeout from peer QmY3KziLnhU6RCNc9uSgBaP6CZFwSUUMij2XXcNYC6mUX4
2024-10-30T16:32:50.385+0100	WARN	IDSS	server/idss_main.go:604	Response timeout from peer QmZV3TbhWtfrDkYAnFJVMYUZUU9fMYp7UJzjfCHDv9qr5A
2024-10-30T16:32:50.385+0100	WARN	IDSS	server/idss_main.go:604	Response timeout from peer QmTS2oW64P5TvNk61d5Hj9P4AFim7J9Dtp9sNQ14mdrhqx
2024-10-30T16:32:50.385+0100	WARN	IDSS	server/idss_main.go:604	Response timeout from peer QmTjaGMytF5yVvUt7xwPyQMMdaxK53sBp8mnWAFQb4RVg8
2024-10-30T16:32:50.386+0100	INFO	IDSS	server/idss_main.go:658	DONE merging local and remote results
2024-10-30T16:32:50.425+0100	INFO	IDSS	server/idss_main.go:695	This is an intermediate peer QmQe8GerSXrpsK5NhQbrx3PZTLBKq1BzdKaTjWkhoYE7iz. Merging results to send to parent peer QmQe8GerSXrpsK5NhQbrx3PZTLBKq1BzdKaTjWkhoYE7iz
2024-10-30T16:32:50.425+0100	INFO	IDSS	server/idss_main.go:710	Sending merged result to peer QmYzmFZrD7oeB5Ln2Qkz4FKJ6X5amj7quked8RJUHQGty4
2024-10-30T16:32:50.425+0100	INFO	IDSS	server/idss_main.go:712	Record count: 100
2024-10-30T16:32:50.425+0100	INFO	IDSS	server/idss_main.go:731	Successfully sent merged result to peer QmYzmFZrD7oeB5Ln2Qkz4FKJ6X5amj7quked8RJUHQGty4
2024-10-30T16:33:03.283+0100	INFO	IDSS	server/idss_main.go:364	Received incoming from QmYzmFZrD7oeB5Ln2Qkz4FKJ6X5amj7quked8RJUHQGty4
2024-10-30T16:33:03.284+0100	INFO	IDSS	server/idss_main.go:400	Query received:
On peer QmQe8GerSXrpsK5NhQbrx3PZTLBKq1BzdKaTjWkhoYE7iz 
UQI: QmVT4nXkCcghnSgaxCMuF3seddRXZCZSajtdrfGJXDxmZB-1730302383238050570
TTL: 1.500000 
From: QmYzmFZrD7oeB5Ln2Qkz4FKJ6X5amj7quked8RJUHQGty4
2024-10-30T16:33:03.348+0100	INFO	IDSS	server/idss_main.go:417	This is a new query on this peer
2024-10-30T16:33:03.348+0100	INFO	IDSS	server/idss_main.go:423	Entering executeAndBroadcastQuery...
2024-10-30T16:33:03.348+0100	INFO	IDSS	server/idss_main.go:857	Executing get Client
 locally in QmQe8GerSXrpsK5NhQbrx3PZTLBKq1BzdKaTjWkhoYE7iz
2024-10-30T16:33:03.451+0100	INFO	IDSS	server/idss_main.go:449	Local query executed successfully
2024-10-30T16:33:03.464+0100	INFO	IDSS	server/idss_main.go:463	Sender address updated to: QmQe8GerSXrpsK5NhQbrx3PZTLBKq1BzdKaTjWkhoYE7iz
2024-10-30T16:33:03.464+0100	INFO	IDSS	server/idss_main.go:513	Broadcasting query in peer: QmQe8GerSXrpsK5NhQbrx3PZTLBKq1BzdKaTjWkhoYE7iz, Parent peer QmYzmFZrD7oeB5Ln2Qkz4FKJ6X5amj7quked8RJUHQGty4 
2024-10-30T16:33:03.464+0100	INFO	IDSS	server/idss_main.go:545	TTL in QmQe8GerSXrpsK5NhQbrx3PZTLBKq1BzdKaTjWkhoYE7iz after decrement: 1.125000
2024-10-30T16:33:03.464+0100	INFO	IDSS	server/idss_main.go:644	Peer QmQe8GerSXrpsK5NhQbrx3PZTLBKq1BzdKaTjWkhoYE7iz waiting for overlay peers results...
2024-10-30T16:33:03.466+0100	INFO	IDSS	server/idss_main.go:651	Overlay peers peer results collected, start merging...
2024-10-30T16:33:03.467+0100	INFO	IDSS	server/idss_main.go:598	Query sent to peer QmZV3TbhWtfrDkYAnFJVMYUZUU9fMYp7UJzjfCHDv9qr5A, awaiting for response
2024-10-30T16:33:03.468+0100	INFO	IDSS	server/idss_main.go:364	Received incoming from QmaCZ6PGzv7TqjNbcyVqzfH5KsuX5YE4AE1QYDCDcK49Ep
2024-10-30T16:33:03.468+0100	INFO	IDSS	server/idss_main.go:598	Query sent to peer QmX87h1VTfYQK5n2DCVHzHua6YV21QVTxtn6JQD4P6Up3k, awaiting for response
2024-10-30T16:33:03.468+0100	INFO	IDSS	server/idss_main.go:400	Query received:
On peer QmQe8GerSXrpsK5NhQbrx3PZTLBKq1BzdKaTjWkhoYE7iz 
UQI: QmVT4nXkCcghnSgaxCMuF3seddRXZCZSajtdrfGJXDxmZB-1730302383238050570
TTL: 1.125000 
From: QmaCZ6PGzv7TqjNbcyVqzfH5KsuX5YE4AE1QYDCDcK49Ep
2024-10-30T16:33:03.468+0100	INFO	IDSS	server/idss_main.go:598	Query sent to peer Qmcq2Fi6i1ufA6cWD5PhHCbDcLbXz3zr43gmqZD7auG977, awaiting for response
2024-10-30T16:33:03.468+0100	WARN	IDSS	server/idss_main.go:409	Duplicate query received on Peer: QmQe8GerSXrpsK5NhQbrx3PZTLBKq1BzdKaTjWkhoYE7iz get Client
 (UQI: QmVT4nXkCcghnSgaxCMuF3seddRXZCZSajtdrfGJXDxmZB-1730302383238050570)
2024-10-30T16:33:03.469+0100	INFO	IDSS	server/idss_main.go:598	Query sent to peer QmTjaGMytF5yVvUt7xwPyQMMdaxK53sBp8mnWAFQb4RVg8, awaiting for response
2024-10-30T16:33:03.469+0100	INFO	IDSS	server/idss_main.go:598	Query sent to peer QmbvLEyecLKJzWEaF1DwJjSpjjFZhytBLyvaLPyV6JB5Jx, awaiting for response
2024-10-30T16:33:03.470+0100	INFO	IDSS	server/idss_main.go:598	Query sent to peer QmQpQXB1b7TmgWsv6pvRMqwMMPyn1sJ7SbjuhdK6r5daQG, awaiting for response
2024-10-30T16:33:03.471+0100	INFO	IDSS	server/idss_main.go:598	Query sent to peer QmTS2oW64P5TvNk61d5Hj9P4AFim7J9Dtp9sNQ14mdrhqx, awaiting for response
2024-10-30T16:33:03.472+0100	INFO	IDSS	server/idss_main.go:598	Query sent to peer QmZajqudreu5rkvjDADMY7g16UitD7RkWSQpr7cBaf5R8f, awaiting for response
2024-10-30T16:33:03.473+0100	INFO	IDSS	server/idss_main.go:598	Query sent to peer QmQgd2SGH3tGMf4Au184f2euzY4RoDshacFDnDLJUH5Bke, awaiting for response
2024-10-30T16:33:03.473+0100	INFO	IDSS	server/idss_main.go:598	Query sent to peer QmaUyzWdNRMfEHLTVieiUysBr8vC2N3VUexp92Jcjdi4QZ, awaiting for response
2024-10-30T16:33:03.473+0100	INFO	IDSS	server/idss_main.go:598	Query sent to peer QmY3KziLnhU6RCNc9uSgBaP6CZFwSUUMij2XXcNYC6mUX4, awaiting for response
2024-10-30T16:33:03.474+0100	INFO	IDSS	server/idss_main.go:364	Received incoming from QmZV3TbhWtfrDkYAnFJVMYUZUU9fMYp7UJzjfCHDv9qr5A
2024-10-30T16:33:03.497+0100	INFO	IDSS	server/idss_main.go:400	Query received:
On peer QmQe8GerSXrpsK5NhQbrx3PZTLBKq1BzdKaTjWkhoYE7iz 
UQI: QmVT4nXkCcghnSgaxCMuF3seddRXZCZSajtdrfGJXDxmZB-1730302383238050570
TTL: 1.125000 
From: QmZV3TbhWtfrDkYAnFJVMYUZUU9fMYp7UJzjfCHDv9qr5A
2024-10-30T16:33:03.497+0100	WARN	IDSS	server/idss_main.go:409	Duplicate query received on Peer: QmQe8GerSXrpsK5NhQbrx3PZTLBKq1BzdKaTjWkhoYE7iz get Client
 (UQI: QmVT4nXkCcghnSgaxCMuF3seddRXZCZSajtdrfGJXDxmZB-1730302383238050570)
2024-10-30T16:33:03.474+0100	INFO	IDSS	server/idss_main.go:598	Query sent to peer QmaCZ6PGzv7TqjNbcyVqzfH5KsuX5YE4AE1QYDCDcK49Ep, awaiting for response
2024-10-30T16:33:03.519+0100	INFO	IDSS	server/idss_main.go:364	Received incoming from QmZajqudreu5rkvjDADMY7g16UitD7RkWSQpr7cBaf5R8f
2024-10-30T16:33:03.520+0100	INFO	IDSS	server/idss_main.go:364	Received incoming from QmbvLEyecLKJzWEaF1DwJjSpjjFZhytBLyvaLPyV6JB5Jx
2024-10-30T16:33:03.519+0100	INFO	IDSS	server/idss_main.go:364	Received incoming from QmTjaGMytF5yVvUt7xwPyQMMdaxK53sBp8mnWAFQb4RVg8
2024-10-30T16:33:03.520+0100	INFO	IDSS	server/idss_main.go:400	Query received:
On peer QmQe8GerSXrpsK5NhQbrx3PZTLBKq1BzdKaTjWkhoYE7iz 
UQI: QmVT4nXkCcghnSgaxCMuF3seddRXZCZSajtdrfGJXDxmZB-1730302383238050570
TTL: 1.125000 
From: QmZajqudreu5rkvjDADMY7g16UitD7RkWSQpr7cBaf5R8f
2024-10-30T16:33:03.520+0100	INFO	IDSS	server/idss_main.go:400	Query received:
On peer QmQe8GerSXrpsK5NhQbrx3PZTLBKq1BzdKaTjWkhoYE7iz 
UQI: QmVT4nXkCcghnSgaxCMuF3seddRXZCZSajtdrfGJXDxmZB-1730302383238050570
TTL: 1.125000 
From: QmbvLEyecLKJzWEaF1DwJjSpjjFZhytBLyvaLPyV6JB5Jx
2024-10-30T16:33:03.520+0100	INFO	IDSS	server/idss_main.go:400	Query received:
On peer QmQe8GerSXrpsK5NhQbrx3PZTLBKq1BzdKaTjWkhoYE7iz 
UQI: QmVT4nXkCcghnSgaxCMuF3seddRXZCZSajtdrfGJXDxmZB-1730302383238050570
TTL: 1.125000 
From: QmTjaGMytF5yVvUt7xwPyQMMdaxK53sBp8mnWAFQb4RVg8
2024-10-30T16:33:03.520+0100	INFO	IDSS	server/idss_main.go:364	Received incoming from QmaUyzWdNRMfEHLTVieiUysBr8vC2N3VUexp92Jcjdi4QZ
2024-10-30T16:33:03.520+0100	INFO	IDSS	server/idss_main.go:400	Query received:
On peer QmQe8GerSXrpsK5NhQbrx3PZTLBKq1BzdKaTjWkhoYE7iz 
UQI: QmVT4nXkCcghnSgaxCMuF3seddRXZCZSajtdrfGJXDxmZB-1730302383238050570
TTL: 1.125000 
From: QmaUyzWdNRMfEHLTVieiUysBr8vC2N3VUexp92Jcjdi4QZ
2024-10-30T16:33:03.520+0100	WARN	IDSS	server/idss_main.go:409	Duplicate query received on Peer: QmQe8GerSXrpsK5NhQbrx3PZTLBKq1BzdKaTjWkhoYE7iz get Client
 (UQI: QmVT4nXkCcghnSgaxCMuF3seddRXZCZSajtdrfGJXDxmZB-1730302383238050570)
2024-10-30T16:33:03.521+0100	WARN	IDSS	server/idss_main.go:409	Duplicate query received on Peer: QmQe8GerSXrpsK5NhQbrx3PZTLBKq1BzdKaTjWkhoYE7iz get Client
 (UQI: QmVT4nXkCcghnSgaxCMuF3seddRXZCZSajtdrfGJXDxmZB-1730302383238050570)
2024-10-30T16:33:03.521+0100	WARN	IDSS	server/idss_main.go:409	Duplicate query received on Peer: QmQe8GerSXrpsK5NhQbrx3PZTLBKq1BzdKaTjWkhoYE7iz get Client
 (UQI: QmVT4nXkCcghnSgaxCMuF3seddRXZCZSajtdrfGJXDxmZB-1730302383238050570)
2024-10-30T16:33:03.521+0100	WARN	IDSS	server/idss_main.go:409	Duplicate query received on Peer: QmQe8GerSXrpsK5NhQbrx3PZTLBKq1BzdKaTjWkhoYE7iz get Client
 (UQI: QmVT4nXkCcghnSgaxCMuF3seddRXZCZSajtdrfGJXDxmZB-1730302383238050570)
2024-10-30T16:33:03.531+0100	INFO	IDSS	server/idss_main.go:364	Received incoming from Qmcq2Fi6i1ufA6cWD5PhHCbDcLbXz3zr43gmqZD7auG977
2024-10-30T16:33:03.532+0100	INFO	IDSS	server/idss_main.go:400	Query received:
On peer QmQe8GerSXrpsK5NhQbrx3PZTLBKq1BzdKaTjWkhoYE7iz 
UQI: QmVT4nXkCcghnSgaxCMuF3seddRXZCZSajtdrfGJXDxmZB-1730302383238050570
TTL: 1.125000 
From: Qmcq2Fi6i1ufA6cWD5PhHCbDcLbXz3zr43gmqZD7auG977
2024-10-30T16:33:03.532+0100	WARN	IDSS	server/idss_main.go:409	Duplicate query received on Peer: QmQe8GerSXrpsK5NhQbrx3PZTLBKq1BzdKaTjWkhoYE7iz get Client
 (UQI: QmVT4nXkCcghnSgaxCMuF3seddRXZCZSajtdrfGJXDxmZB-1730302383238050570)
2024-10-30T16:33:03.565+0100	INFO	IDSS	server/idss_main.go:364	Received incoming from QmQgd2SGH3tGMf4Au184f2euzY4RoDshacFDnDLJUH5Bke
2024-10-30T16:33:03.565+0100	INFO	IDSS	server/idss_main.go:400	Query received:
On peer QmQe8GerSXrpsK5NhQbrx3PZTLBKq1BzdKaTjWkhoYE7iz 
UQI: QmVT4nXkCcghnSgaxCMuF3seddRXZCZSajtdrfGJXDxmZB-1730302383238050570
TTL: 1.125000 
From: QmQgd2SGH3tGMf4Au184f2euzY4RoDshacFDnDLJUH5Bke
2024-10-30T16:33:03.566+0100	WARN	IDSS	server/idss_main.go:409	Duplicate query received on Peer: QmQe8GerSXrpsK5NhQbrx3PZTLBKq1BzdKaTjWkhoYE7iz get Client
 (UQI: QmVT4nXkCcghnSgaxCMuF3seddRXZCZSajtdrfGJXDxmZB-1730302383238050570)
2024-10-30T16:33:03.587+0100	INFO	IDSS	server/idss_main.go:364	Received incoming from QmTS2oW64P5TvNk61d5Hj9P4AFim7J9Dtp9sNQ14mdrhqx
2024-10-30T16:33:03.587+0100	INFO	IDSS	server/idss_main.go:400	Query received:
On peer QmQe8GerSXrpsK5NhQbrx3PZTLBKq1BzdKaTjWkhoYE7iz 
UQI: QmVT4nXkCcghnSgaxCMuF3seddRXZCZSajtdrfGJXDxmZB-1730302383238050570
TTL: 1.125000 
From: QmTS2oW64P5TvNk61d5Hj9P4AFim7J9Dtp9sNQ14mdrhqx
2024-10-30T16:33:03.588+0100	WARN	IDSS	server/idss_main.go:409	Duplicate query received on Peer: QmQe8GerSXrpsK5NhQbrx3PZTLBKq1BzdKaTjWkhoYE7iz get Client
 (UQI: QmVT4nXkCcghnSgaxCMuF3seddRXZCZSajtdrfGJXDxmZB-1730302383238050570)
2024-10-30T16:33:03.589+0100	INFO	IDSS	server/idss_main.go:364	Received incoming from QmY3KziLnhU6RCNc9uSgBaP6CZFwSUUMij2XXcNYC6mUX4
2024-10-30T16:33:03.593+0100	INFO	IDSS	server/idss_main.go:400	Query received:
On peer QmQe8GerSXrpsK5NhQbrx3PZTLBKq1BzdKaTjWkhoYE7iz 
UQI: QmVT4nXkCcghnSgaxCMuF3seddRXZCZSajtdrfGJXDxmZB-1730302383238050570
TTL: 1.125000 
From: QmY3KziLnhU6RCNc9uSgBaP6CZFwSUUMij2XXcNYC6mUX4
2024-10-30T16:33:03.594+0100	WARN	IDSS	server/idss_main.go:409	Duplicate query received on Peer: QmQe8GerSXrpsK5NhQbrx3PZTLBKq1BzdKaTjWkhoYE7iz get Client
 (UQI: QmVT4nXkCcghnSgaxCMuF3seddRXZCZSajtdrfGJXDxmZB-1730302383238050570)
2024-10-30T16:33:03.607+0100	INFO	IDSS	server/idss_main.go:364	Received incoming from QmX87h1VTfYQK5n2DCVHzHua6YV21QVTxtn6JQD4P6Up3k
2024-10-30T16:33:03.608+0100	INFO	IDSS	server/idss_main.go:400	Query received:
On peer QmQe8GerSXrpsK5NhQbrx3PZTLBKq1BzdKaTjWkhoYE7iz 
UQI: QmVT4nXkCcghnSgaxCMuF3seddRXZCZSajtdrfGJXDxmZB-1730302383238050570
TTL: 1.125000 
From: QmX87h1VTfYQK5n2DCVHzHua6YV21QVTxtn6JQD4P6Up3k
2024-10-30T16:33:03.608+0100	WARN	IDSS	server/idss_main.go:409	Duplicate query received on Peer: QmQe8GerSXrpsK5NhQbrx3PZTLBKq1BzdKaTjWkhoYE7iz get Client
 (UQI: QmVT4nXkCcghnSgaxCMuF3seddRXZCZSajtdrfGJXDxmZB-1730302383238050570)
2024-10-30T16:33:03.654+0100	INFO	IDSS	server/idss_main.go:364	Received incoming from QmQpQXB1b7TmgWsv6pvRMqwMMPyn1sJ7SbjuhdK6r5daQG
2024-10-30T16:33:03.654+0100	INFO	IDSS	server/idss_main.go:400	Query received:
On peer QmQe8GerSXrpsK5NhQbrx3PZTLBKq1BzdKaTjWkhoYE7iz 
UQI: QmVT4nXkCcghnSgaxCMuF3seddRXZCZSajtdrfGJXDxmZB-1730302383238050570
TTL: 1.125000 
From: QmQpQXB1b7TmgWsv6pvRMqwMMPyn1sJ7SbjuhdK6r5daQG
2024-10-30T16:33:03.655+0100	WARN	IDSS	server/idss_main.go:409	Duplicate query received on Peer: QmQe8GerSXrpsK5NhQbrx3PZTLBKq1BzdKaTjWkhoYE7iz get Client
 (UQI: QmVT4nXkCcghnSgaxCMuF3seddRXZCZSajtdrfGJXDxmZB-1730302383238050570)
2024-10-30T16:33:04.592+0100	WARN	IDSS	server/idss_main.go:604	Response timeout from peer QmZV3TbhWtfrDkYAnFJVMYUZUU9fMYp7UJzjfCHDv9qr5A
2024-10-30T16:33:04.592+0100	WARN	IDSS	server/idss_main.go:604	Response timeout from peer QmTjaGMytF5yVvUt7xwPyQMMdaxK53sBp8mnWAFQb4RVg8
2024-10-30T16:33:04.592+0100	WARN	IDSS	server/idss_main.go:604	Response timeout from peer QmX87h1VTfYQK5n2DCVHzHua6YV21QVTxtn6JQD4P6Up3k
2024-10-30T16:33:04.592+0100	WARN	IDSS	server/idss_main.go:604	Response timeout from peer Qmcq2Fi6i1ufA6cWD5PhHCbDcLbXz3zr43gmqZD7auG977
2024-10-30T16:33:04.592+0100	WARN	IDSS	server/idss_main.go:604	Response timeout from peer QmZajqudreu5rkvjDADMY7g16UitD7RkWSQpr7cBaf5R8f
2024-10-30T16:33:04.592+0100	WARN	IDSS	server/idss_main.go:604	Response timeout from peer QmaUyzWdNRMfEHLTVieiUysBr8vC2N3VUexp92Jcjdi4QZ
2024-10-30T16:33:04.592+0100	WARN	IDSS	server/idss_main.go:604	Response timeout from peer QmQpQXB1b7TmgWsv6pvRMqwMMPyn1sJ7SbjuhdK6r5daQG
2024-10-30T16:33:04.592+0100	WARN	IDSS	server/idss_main.go:604	Response timeout from peer QmTS2oW64P5TvNk61d5Hj9P4AFim7J9Dtp9sNQ14mdrhqx
2024-10-30T16:33:04.592+0100	WARN	IDSS	server/idss_main.go:604	Response timeout from peer QmY3KziLnhU6RCNc9uSgBaP6CZFwSUUMij2XXcNYC6mUX4
2024-10-30T16:33:04.592+0100	WARN	IDSS	server/idss_main.go:604	Response timeout from peer QmbvLEyecLKJzWEaF1DwJjSpjjFZhytBLyvaLPyV6JB5Jx
2024-10-30T16:33:04.593+0100	WARN	IDSS	server/idss_main.go:604	Response timeout from peer QmQgd2SGH3tGMf4Au184f2euzY4RoDshacFDnDLJUH5Bke
2024-10-30T16:33:04.593+0100	WARN	IDSS	server/idss_main.go:604	Response timeout from peer QmaCZ6PGzv7TqjNbcyVqzfH5KsuX5YE4AE1QYDCDcK49Ep
2024-10-30T16:33:04.593+0100	INFO	IDSS	server/idss_main.go:658	DONE merging local and remote results
2024-10-30T16:33:04.627+0100	INFO	IDSS	server/idss_main.go:695	This is an intermediate peer QmQe8GerSXrpsK5NhQbrx3PZTLBKq1BzdKaTjWkhoYE7iz. Merging results to send to parent peer QmQe8GerSXrpsK5NhQbrx3PZTLBKq1BzdKaTjWkhoYE7iz
2024-10-30T16:33:04.627+0100	INFO	IDSS	server/idss_main.go:710	Sending merged result to peer QmYzmFZrD7oeB5Ln2Qkz4FKJ6X5amj7quked8RJUHQGty4
2024-10-30T16:33:04.627+0100	INFO	IDSS	server/idss_main.go:712	Record count: 100
2024-10-30T16:33:04.627+0100	INFO	IDSS	server/idss_main.go:731	Successfully sent merged result to peer QmYzmFZrD7oeB5Ln2Qkz4FKJ6X5amj7quked8RJUHQGty4
2024-10-30T16:33:26.069+0100	INFO	IDSS	server/idss_main.go:364	Received incoming from QmYzmFZrD7oeB5Ln2Qkz4FKJ6X5amj7quked8RJUHQGty4
2024-10-30T16:33:26.070+0100	INFO	IDSS	server/idss_main.go:400	Query received:
On peer QmQe8GerSXrpsK5NhQbrx3PZTLBKq1BzdKaTjWkhoYE7iz 
UQI: QmVT4nXkCcghnSgaxCMuF3seddRXZCZSajtdrfGJXDxmZB-1730302406007796947
TTL: 1.500000 
From: QmYzmFZrD7oeB5Ln2Qkz4FKJ6X5amj7quked8RJUHQGty4
2024-10-30T16:33:26.238+0100	INFO	IDSS	server/idss_main.go:417	This is a new query on this peer
2024-10-30T16:33:26.238+0100	INFO	IDSS	server/idss_main.go:423	Entering executeAndBroadcastQuery...
2024-10-30T16:33:26.238+0100	INFO	IDSS	server/idss_main.go:857	Executing get Client
 locally in QmQe8GerSXrpsK5NhQbrx3PZTLBKq1BzdKaTjWkhoYE7iz
2024-10-30T16:33:26.302+0100	INFO	IDSS	server/idss_main.go:364	Received incoming from QmbvLEyecLKJzWEaF1DwJjSpjjFZhytBLyvaLPyV6JB5Jx
2024-10-30T16:33:26.302+0100	INFO	IDSS	server/idss_main.go:400	Query received:
On peer QmQe8GerSXrpsK5NhQbrx3PZTLBKq1BzdKaTjWkhoYE7iz 
UQI: QmVT4nXkCcghnSgaxCMuF3seddRXZCZSajtdrfGJXDxmZB-1730302406007796947
TTL: 1.125000 
From: QmbvLEyecLKJzWEaF1DwJjSpjjFZhytBLyvaLPyV6JB5Jx
2024-10-30T16:33:26.309+0100	INFO	IDSS	server/idss_main.go:364	Received incoming from QmTjaGMytF5yVvUt7xwPyQMMdaxK53sBp8mnWAFQb4RVg8
2024-10-30T16:33:26.310+0100	INFO	IDSS	server/idss_main.go:400	Query received:
On peer QmQe8GerSXrpsK5NhQbrx3PZTLBKq1BzdKaTjWkhoYE7iz 
UQI: QmVT4nXkCcghnSgaxCMuF3seddRXZCZSajtdrfGJXDxmZB-1730302406007796947
TTL: 1.125000 
From: QmTjaGMytF5yVvUt7xwPyQMMdaxK53sBp8mnWAFQb4RVg8
2024-10-30T16:33:26.333+0100	INFO	IDSS	server/idss_main.go:364	Received incoming from QmZajqudreu5rkvjDADMY7g16UitD7RkWSQpr7cBaf5R8f
2024-10-30T16:33:26.333+0100	INFO	IDSS	server/idss_main.go:400	Query received:
On peer QmQe8GerSXrpsK5NhQbrx3PZTLBKq1BzdKaTjWkhoYE7iz 
UQI: QmVT4nXkCcghnSgaxCMuF3seddRXZCZSajtdrfGJXDxmZB-1730302406007796947
TTL: 1.125000 
From: QmZajqudreu5rkvjDADMY7g16UitD7RkWSQpr7cBaf5R8f
2024-10-30T16:33:26.333+0100	INFO	IDSS	server/idss_main.go:364	Received incoming from QmZV3TbhWtfrDkYAnFJVMYUZUU9fMYp7UJzjfCHDv9qr5A
2024-10-30T16:33:26.333+0100	INFO	IDSS	server/idss_main.go:364	Received incoming from QmQpQXB1b7TmgWsv6pvRMqwMMPyn1sJ7SbjuhdK6r5daQG
2024-10-30T16:33:26.333+0100	INFO	IDSS	server/idss_main.go:400	Query received:
On peer QmQe8GerSXrpsK5NhQbrx3PZTLBKq1BzdKaTjWkhoYE7iz 
UQI: QmVT4nXkCcghnSgaxCMuF3seddRXZCZSajtdrfGJXDxmZB-1730302406007796947
TTL: 1.125000 
From: QmZV3TbhWtfrDkYAnFJVMYUZUU9fMYp7UJzjfCHDv9qr5A
2024-10-30T16:33:26.333+0100	INFO	IDSS	server/idss_main.go:364	Received incoming from Qmcq2Fi6i1ufA6cWD5PhHCbDcLbXz3zr43gmqZD7auG977
2024-10-30T16:33:26.334+0100	INFO	IDSS	server/idss_main.go:400	Query received:
On peer QmQe8GerSXrpsK5NhQbrx3PZTLBKq1BzdKaTjWkhoYE7iz 
UQI: QmVT4nXkCcghnSgaxCMuF3seddRXZCZSajtdrfGJXDxmZB-1730302406007796947
TTL: 1.125000 
From: QmQpQXB1b7TmgWsv6pvRMqwMMPyn1sJ7SbjuhdK6r5daQG
2024-10-30T16:33:26.334+0100	INFO	IDSS	server/idss_main.go:400	Query received:
On peer QmQe8GerSXrpsK5NhQbrx3PZTLBKq1BzdKaTjWkhoYE7iz 
UQI: QmVT4nXkCcghnSgaxCMuF3seddRXZCZSajtdrfGJXDxmZB-1730302406007796947
TTL: 1.125000 
From: Qmcq2Fi6i1ufA6cWD5PhHCbDcLbXz3zr43gmqZD7auG977
2024-10-30T16:33:26.334+0100	INFO	IDSS	server/idss_main.go:364	Received incoming from QmaCZ6PGzv7TqjNbcyVqzfH5KsuX5YE4AE1QYDCDcK49Ep
2024-10-30T16:33:26.334+0100	INFO	IDSS	server/idss_main.go:400	Query received:
On peer QmQe8GerSXrpsK5NhQbrx3PZTLBKq1BzdKaTjWkhoYE7iz 
UQI: QmVT4nXkCcghnSgaxCMuF3seddRXZCZSajtdrfGJXDxmZB-1730302406007796947
TTL: 1.125000 
From: QmaCZ6PGzv7TqjNbcyVqzfH5KsuX5YE4AE1QYDCDcK49Ep
2024-10-30T16:33:26.349+0100	INFO	IDSS	server/idss_main.go:449	Local query executed successfully
2024-10-30T16:33:26.350+0100	INFO	IDSS	server/idss_main.go:463	Sender address updated to: QmQe8GerSXrpsK5NhQbrx3PZTLBKq1BzdKaTjWkhoYE7iz
2024-10-30T16:33:26.350+0100	INFO	IDSS	server/idss_main.go:513	Broadcasting query in peer: QmQe8GerSXrpsK5NhQbrx3PZTLBKq1BzdKaTjWkhoYE7iz, Parent peer QmYzmFZrD7oeB5Ln2Qkz4FKJ6X5amj7quked8RJUHQGty4 
2024-10-30T16:33:26.350+0100	INFO	IDSS	server/idss_main.go:545	TTL in QmQe8GerSXrpsK5NhQbrx3PZTLBKq1BzdKaTjWkhoYE7iz after decrement: 1.125000
2024-10-30T16:33:26.350+0100	INFO	IDSS	server/idss_main.go:644	Peer QmQe8GerSXrpsK5NhQbrx3PZTLBKq1BzdKaTjWkhoYE7iz waiting for overlay peers results...
2024-10-30T16:33:26.350+0100	INFO	IDSS	server/idss_main.go:651	Overlay peers peer results collected, start merging...
2024-10-30T16:33:26.352+0100	WARN	IDSS	server/idss_main.go:409	Duplicate query received on Peer: QmQe8GerSXrpsK5NhQbrx3PZTLBKq1BzdKaTjWkhoYE7iz get Client
 (UQI: QmVT4nXkCcghnSgaxCMuF3seddRXZCZSajtdrfGJXDxmZB-1730302406007796947)
2024-10-30T16:33:26.353+0100	INFO	IDSS	server/idss_main.go:598	Query sent to peer QmQgd2SGH3tGMf4Au184f2euzY4RoDshacFDnDLJUH5Bke, awaiting for response
2024-10-30T16:33:26.353+0100	INFO	IDSS	server/idss_main.go:598	Query sent to peer QmaCZ6PGzv7TqjNbcyVqzfH5KsuX5YE4AE1QYDCDcK49Ep, awaiting for response
2024-10-30T16:33:26.354+0100	INFO	IDSS	server/idss_main.go:598	Query sent to peer QmX87h1VTfYQK5n2DCVHzHua6YV21QVTxtn6JQD4P6Up3k, awaiting for response
2024-10-30T16:33:26.354+0100	INFO	IDSS	server/idss_main.go:598	Query sent to peer QmZajqudreu5rkvjDADMY7g16UitD7RkWSQpr7cBaf5R8f, awaiting for response
2024-10-30T16:33:26.357+0100	INFO	IDSS	server/idss_main.go:598	Query sent to peer QmTS2oW64P5TvNk61d5Hj9P4AFim7J9Dtp9sNQ14mdrhqx, awaiting for response
2024-10-30T16:33:26.358+0100	INFO	IDSS	server/idss_main.go:598	Query sent to peer Qmcq2Fi6i1ufA6cWD5PhHCbDcLbXz3zr43gmqZD7auG977, awaiting for response
2024-10-30T16:33:26.360+0100	INFO	IDSS	server/idss_main.go:598	Query sent to peer QmbvLEyecLKJzWEaF1DwJjSpjjFZhytBLyvaLPyV6JB5Jx, awaiting for response
2024-10-30T16:33:26.360+0100	INFO	IDSS	server/idss_main.go:598	Query sent to peer QmaUyzWdNRMfEHLTVieiUysBr8vC2N3VUexp92Jcjdi4QZ, awaiting for response
2024-10-30T16:33:26.360+0100	INFO	IDSS	server/idss_main.go:598	Query sent to peer QmY3KziLnhU6RCNc9uSgBaP6CZFwSUUMij2XXcNYC6mUX4, awaiting for response
2024-10-30T16:33:26.360+0100	INFO	IDSS	server/idss_main.go:598	Query sent to peer QmZV3TbhWtfrDkYAnFJVMYUZUU9fMYp7UJzjfCHDv9qr5A, awaiting for response
2024-10-30T16:33:26.366+0100	INFO	IDSS	server/idss_main.go:598	Query sent to peer QmTjaGMytF5yVvUt7xwPyQMMdaxK53sBp8mnWAFQb4RVg8, awaiting for response
2024-10-30T16:33:26.367+0100	INFO	IDSS	server/idss_main.go:598	Query sent to peer QmQpQXB1b7TmgWsv6pvRMqwMMPyn1sJ7SbjuhdK6r5daQG, awaiting for response
2024-10-30T16:33:26.368+0100	INFO	IDSS	server/idss_main.go:364	Received incoming from QmTS2oW64P5TvNk61d5Hj9P4AFim7J9Dtp9sNQ14mdrhqx
2024-10-30T16:33:26.369+0100	INFO	IDSS	server/idss_main.go:400	Query received:
On peer QmQe8GerSXrpsK5NhQbrx3PZTLBKq1BzdKaTjWkhoYE7iz 
UQI: QmVT4nXkCcghnSgaxCMuF3seddRXZCZSajtdrfGJXDxmZB-1730302406007796947
TTL: 1.125000 
From: QmTS2oW64P5TvNk61d5Hj9P4AFim7J9Dtp9sNQ14mdrhqx
2024-10-30T16:33:26.369+0100	WARN	IDSS	server/idss_main.go:409	Duplicate query received on Peer: QmQe8GerSXrpsK5NhQbrx3PZTLBKq1BzdKaTjWkhoYE7iz get Client
 (UQI: QmVT4nXkCcghnSgaxCMuF3seddRXZCZSajtdrfGJXDxmZB-1730302406007796947)
2024-10-30T16:33:26.374+0100	WARN	IDSS	server/idss_main.go:409	Duplicate query received on Peer: QmQe8GerSXrpsK5NhQbrx3PZTLBKq1BzdKaTjWkhoYE7iz get Client
 (UQI: QmVT4nXkCcghnSgaxCMuF3seddRXZCZSajtdrfGJXDxmZB-1730302406007796947)
2024-10-30T16:33:26.374+0100	WARN	IDSS	server/idss_main.go:409	Duplicate query received on Peer: QmQe8GerSXrpsK5NhQbrx3PZTLBKq1BzdKaTjWkhoYE7iz get Client
 (UQI: QmVT4nXkCcghnSgaxCMuF3seddRXZCZSajtdrfGJXDxmZB-1730302406007796947)
2024-10-30T16:33:26.375+0100	WARN	IDSS	server/idss_main.go:409	Duplicate query received on Peer: QmQe8GerSXrpsK5NhQbrx3PZTLBKq1BzdKaTjWkhoYE7iz get Client
 (UQI: QmVT4nXkCcghnSgaxCMuF3seddRXZCZSajtdrfGJXDxmZB-1730302406007796947)
2024-10-30T16:33:26.375+0100	WARN	IDSS	server/idss_main.go:409	Duplicate query received on Peer: QmQe8GerSXrpsK5NhQbrx3PZTLBKq1BzdKaTjWkhoYE7iz get Client
 (UQI: QmVT4nXkCcghnSgaxCMuF3seddRXZCZSajtdrfGJXDxmZB-1730302406007796947)
2024-10-30T16:33:26.375+0100	WARN	IDSS	server/idss_main.go:409	Duplicate query received on Peer: QmQe8GerSXrpsK5NhQbrx3PZTLBKq1BzdKaTjWkhoYE7iz get Client
 (UQI: QmVT4nXkCcghnSgaxCMuF3seddRXZCZSajtdrfGJXDxmZB-1730302406007796947)
2024-10-30T16:33:26.375+0100	WARN	IDSS	server/idss_main.go:409	Duplicate query received on Peer: QmQe8GerSXrpsK5NhQbrx3PZTLBKq1BzdKaTjWkhoYE7iz get Client
 (UQI: QmVT4nXkCcghnSgaxCMuF3seddRXZCZSajtdrfGJXDxmZB-1730302406007796947)
2024-10-30T16:33:26.388+0100	INFO	IDSS	server/idss_main.go:364	Received incoming from QmQgd2SGH3tGMf4Au184f2euzY4RoDshacFDnDLJUH5Bke
2024-10-30T16:33:26.388+0100	INFO	IDSS	server/idss_main.go:400	Query received:
On peer QmQe8GerSXrpsK5NhQbrx3PZTLBKq1BzdKaTjWkhoYE7iz 
UQI: QmVT4nXkCcghnSgaxCMuF3seddRXZCZSajtdrfGJXDxmZB-1730302406007796947
TTL: 1.125000 
From: QmQgd2SGH3tGMf4Au184f2euzY4RoDshacFDnDLJUH5Bke
2024-10-30T16:33:26.413+0100	WARN	IDSS	server/idss_main.go:409	Duplicate query received on Peer: QmQe8GerSXrpsK5NhQbrx3PZTLBKq1BzdKaTjWkhoYE7iz get Client
 (UQI: QmVT4nXkCcghnSgaxCMuF3seddRXZCZSajtdrfGJXDxmZB-1730302406007796947)
2024-10-30T16:33:26.421+0100	INFO	IDSS	server/idss_main.go:364	Received incoming from QmaUyzWdNRMfEHLTVieiUysBr8vC2N3VUexp92Jcjdi4QZ
2024-10-30T16:33:26.422+0100	INFO	IDSS	server/idss_main.go:400	Query received:
On peer QmQe8GerSXrpsK5NhQbrx3PZTLBKq1BzdKaTjWkhoYE7iz 
UQI: QmVT4nXkCcghnSgaxCMuF3seddRXZCZSajtdrfGJXDxmZB-1730302406007796947
TTL: 1.125000 
From: QmaUyzWdNRMfEHLTVieiUysBr8vC2N3VUexp92Jcjdi4QZ
2024-10-30T16:33:26.422+0100	WARN	IDSS	server/idss_main.go:409	Duplicate query received on Peer: QmQe8GerSXrpsK5NhQbrx3PZTLBKq1BzdKaTjWkhoYE7iz get Client
 (UQI: QmVT4nXkCcghnSgaxCMuF3seddRXZCZSajtdrfGJXDxmZB-1730302406007796947)
2024-10-30T16:33:26.436+0100	INFO	IDSS	server/idss_main.go:364	Received incoming from QmY3KziLnhU6RCNc9uSgBaP6CZFwSUUMij2XXcNYC6mUX4
2024-10-30T16:33:26.436+0100	INFO	IDSS	server/idss_main.go:400	Query received:
On peer QmQe8GerSXrpsK5NhQbrx3PZTLBKq1BzdKaTjWkhoYE7iz 
UQI: QmVT4nXkCcghnSgaxCMuF3seddRXZCZSajtdrfGJXDxmZB-1730302406007796947
TTL: 1.125000 
From: QmY3KziLnhU6RCNc9uSgBaP6CZFwSUUMij2XXcNYC6mUX4
2024-10-30T16:33:26.437+0100	WARN	IDSS	server/idss_main.go:409	Duplicate query received on Peer: QmQe8GerSXrpsK5NhQbrx3PZTLBKq1BzdKaTjWkhoYE7iz get Client
 (UQI: QmVT4nXkCcghnSgaxCMuF3seddRXZCZSajtdrfGJXDxmZB-1730302406007796947)
2024-10-30T16:33:26.465+0100	INFO	IDSS	server/idss_main.go:364	Received incoming from QmX87h1VTfYQK5n2DCVHzHua6YV21QVTxtn6JQD4P6Up3k
2024-10-30T16:33:26.468+0100	INFO	IDSS	server/idss_main.go:400	Query received:
On peer QmQe8GerSXrpsK5NhQbrx3PZTLBKq1BzdKaTjWkhoYE7iz 
UQI: QmVT4nXkCcghnSgaxCMuF3seddRXZCZSajtdrfGJXDxmZB-1730302406007796947
TTL: 1.125000 
From: QmX87h1VTfYQK5n2DCVHzHua6YV21QVTxtn6JQD4P6Up3k
2024-10-30T16:33:26.468+0100	WARN	IDSS	server/idss_main.go:409	Duplicate query received on Peer: QmQe8GerSXrpsK5NhQbrx3PZTLBKq1BzdKaTjWkhoYE7iz get Client
 (UQI: QmVT4nXkCcghnSgaxCMuF3seddRXZCZSajtdrfGJXDxmZB-1730302406007796947)
2024-10-30T16:33:27.479+0100	WARN	IDSS	server/idss_main.go:604	Response timeout from peer QmQgd2SGH3tGMf4Au184f2euzY4RoDshacFDnDLJUH5Bke
2024-10-30T16:33:27.479+0100	WARN	IDSS	server/idss_main.go:604	Response timeout from peer QmaCZ6PGzv7TqjNbcyVqzfH5KsuX5YE4AE1QYDCDcK49Ep
2024-10-30T16:33:27.480+0100	WARN	IDSS	server/idss_main.go:604	Response timeout from peer QmX87h1VTfYQK5n2DCVHzHua6YV21QVTxtn6JQD4P6Up3k
2024-10-30T16:33:27.480+0100	WARN	IDSS	server/idss_main.go:604	Response timeout from peer QmZajqudreu5rkvjDADMY7g16UitD7RkWSQpr7cBaf5R8f
2024-10-30T16:33:27.482+0100	WARN	IDSS	server/idss_main.go:604	Response timeout from peer QmTS2oW64P5TvNk61d5Hj9P4AFim7J9Dtp9sNQ14mdrhqx
2024-10-30T16:33:27.483+0100	WARN	IDSS	server/idss_main.go:604	Response timeout from peer Qmcq2Fi6i1ufA6cWD5PhHCbDcLbXz3zr43gmqZD7auG977
2024-10-30T16:33:27.485+0100	WARN	IDSS	server/idss_main.go:604	Response timeout from peer QmbvLEyecLKJzWEaF1DwJjSpjjFZhytBLyvaLPyV6JB5Jx
2024-10-30T16:33:27.485+0100	WARN	IDSS	server/idss_main.go:604	Response timeout from peer QmaUyzWdNRMfEHLTVieiUysBr8vC2N3VUexp92Jcjdi4QZ
2024-10-30T16:33:27.485+0100	WARN	IDSS	server/idss_main.go:604	Response timeout from peer QmY3KziLnhU6RCNc9uSgBaP6CZFwSUUMij2XXcNYC6mUX4
2024-10-30T16:33:27.485+0100	WARN	IDSS	server/idss_main.go:604	Response timeout from peer QmZV3TbhWtfrDkYAnFJVMYUZUU9fMYp7UJzjfCHDv9qr5A
2024-10-30T16:33:27.491+0100	WARN	IDSS	server/idss_main.go:604	Response timeout from peer QmTjaGMytF5yVvUt7xwPyQMMdaxK53sBp8mnWAFQb4RVg8
2024-10-30T16:33:27.492+0100	WARN	IDSS	server/idss_main.go:604	Response timeout from peer QmQpQXB1b7TmgWsv6pvRMqwMMPyn1sJ7SbjuhdK6r5daQG
2024-10-30T16:33:27.493+0100	INFO	IDSS	server/idss_main.go:658	DONE merging local and remote results
2024-10-30T16:33:27.526+0100	INFO	IDSS	server/idss_main.go:695	This is an intermediate peer QmQe8GerSXrpsK5NhQbrx3PZTLBKq1BzdKaTjWkhoYE7iz. Merging results to send to parent peer QmQe8GerSXrpsK5NhQbrx3PZTLBKq1BzdKaTjWkhoYE7iz
2024-10-30T16:33:27.526+0100	INFO	IDSS	server/idss_main.go:710	Sending merged result to peer QmYzmFZrD7oeB5Ln2Qkz4FKJ6X5amj7quked8RJUHQGty4
2024-10-30T16:33:27.526+0100	INFO	IDSS	server/idss_main.go:712	Record count: 100
2024-10-30T16:33:27.526+0100	INFO	IDSS	server/idss_main.go:731	Successfully sent merged result to peer QmYzmFZrD7oeB5Ln2Qkz4FKJ6X5amj7quked8RJUHQGty4
2024-10-30T16:33:33.573+0100	INFO	IDSS	server/idss_main.go:364	Received incoming from QmYzmFZrD7oeB5Ln2Qkz4FKJ6X5amj7quked8RJUHQGty4
2024-10-30T16:33:33.573+0100	INFO	IDSS	server/idss_main.go:400	Query received:
On peer QmQe8GerSXrpsK5NhQbrx3PZTLBKq1BzdKaTjWkhoYE7iz 
UQI: QmVT4nXkCcghnSgaxCMuF3seddRXZCZSajtdrfGJXDxmZB-1730302413518736887
TTL: 1.500000 
From: QmYzmFZrD7oeB5Ln2Qkz4FKJ6X5amj7quked8RJUHQGty4
2024-10-30T16:33:33.656+0100	INFO	IDSS	server/idss_main.go:417	This is a new query on this peer
2024-10-30T16:33:33.658+0100	INFO	IDSS	server/idss_main.go:423	Entering executeAndBroadcastQuery...
2024-10-30T16:33:33.658+0100	INFO	IDSS	server/idss_main.go:857	Executing get Client
 locally in QmQe8GerSXrpsK5NhQbrx3PZTLBKq1BzdKaTjWkhoYE7iz
2024-10-30T16:33:33.793+0100	INFO	IDSS	server/idss_main.go:364	Received incoming from QmY3KziLnhU6RCNc9uSgBaP6CZFwSUUMij2XXcNYC6mUX4
2024-10-30T16:33:33.793+0100	INFO	IDSS	server/idss_main.go:400	Query received:
On peer QmQe8GerSXrpsK5NhQbrx3PZTLBKq1BzdKaTjWkhoYE7iz 
UQI: QmVT4nXkCcghnSgaxCMuF3seddRXZCZSajtdrfGJXDxmZB-1730302413518736887
TTL: 1.125000 
From: QmY3KziLnhU6RCNc9uSgBaP6CZFwSUUMij2XXcNYC6mUX4
2024-10-30T16:33:33.794+0100	INFO	IDSS	server/idss_main.go:364	Received incoming from QmZajqudreu5rkvjDADMY7g16UitD7RkWSQpr7cBaf5R8f
2024-10-30T16:33:33.794+0100	INFO	IDSS	server/idss_main.go:400	Query received:
On peer QmQe8GerSXrpsK5NhQbrx3PZTLBKq1BzdKaTjWkhoYE7iz 
UQI: QmVT4nXkCcghnSgaxCMuF3seddRXZCZSajtdrfGJXDxmZB-1730302413518736887
TTL: 1.125000 
From: QmZajqudreu5rkvjDADMY7g16UitD7RkWSQpr7cBaf5R8f
2024-10-30T16:33:33.794+0100	INFO	IDSS	server/idss_main.go:364	Received incoming from QmTS2oW64P5TvNk61d5Hj9P4AFim7J9Dtp9sNQ14mdrhqx
2024-10-30T16:33:33.795+0100	INFO	IDSS	server/idss_main.go:400	Query received:
On peer QmQe8GerSXrpsK5NhQbrx3PZTLBKq1BzdKaTjWkhoYE7iz 
UQI: QmVT4nXkCcghnSgaxCMuF3seddRXZCZSajtdrfGJXDxmZB-1730302413518736887
TTL: 1.125000 
From: QmTS2oW64P5TvNk61d5Hj9P4AFim7J9Dtp9sNQ14mdrhqx
2024-10-30T16:33:33.795+0100	INFO	IDSS	server/idss_main.go:364	Received incoming from QmZV3TbhWtfrDkYAnFJVMYUZUU9fMYp7UJzjfCHDv9qr5A
2024-10-30T16:33:33.795+0100	INFO	IDSS	server/idss_main.go:400	Query received:
On peer QmQe8GerSXrpsK5NhQbrx3PZTLBKq1BzdKaTjWkhoYE7iz 
UQI: QmVT4nXkCcghnSgaxCMuF3seddRXZCZSajtdrfGJXDxmZB-1730302413518736887
TTL: 1.125000 
From: QmZV3TbhWtfrDkYAnFJVMYUZUU9fMYp7UJzjfCHDv9qr5A
2024-10-30T16:33:33.796+0100	INFO	IDSS	server/idss_main.go:364	Received incoming from QmaUyzWdNRMfEHLTVieiUysBr8vC2N3VUexp92Jcjdi4QZ
2024-10-30T16:33:33.796+0100	INFO	IDSS	server/idss_main.go:400	Query received:
On peer QmQe8GerSXrpsK5NhQbrx3PZTLBKq1BzdKaTjWkhoYE7iz 
UQI: QmVT4nXkCcghnSgaxCMuF3seddRXZCZSajtdrfGJXDxmZB-1730302413518736887
TTL: 1.125000 
From: QmaUyzWdNRMfEHLTVieiUysBr8vC2N3VUexp92Jcjdi4QZ
2024-10-30T16:33:33.810+0100	INFO	IDSS	server/idss_main.go:364	Received incoming from QmaCZ6PGzv7TqjNbcyVqzfH5KsuX5YE4AE1QYDCDcK49Ep
2024-10-30T16:33:33.810+0100	INFO	IDSS	server/idss_main.go:400	Query received:
On peer QmQe8GerSXrpsK5NhQbrx3PZTLBKq1BzdKaTjWkhoYE7iz 
UQI: QmVT4nXkCcghnSgaxCMuF3seddRXZCZSajtdrfGJXDxmZB-1730302413518736887
TTL: 1.125000 
From: QmaCZ6PGzv7TqjNbcyVqzfH5KsuX5YE4AE1QYDCDcK49Ep
2024-10-30T16:33:33.826+0100	INFO	IDSS	server/idss_main.go:449	Local query executed successfully
2024-10-30T16:33:33.853+0100	INFO	IDSS	server/idss_main.go:463	Sender address updated to: QmQe8GerSXrpsK5NhQbrx3PZTLBKq1BzdKaTjWkhoYE7iz
2024-10-30T16:33:33.826+0100	WARN	IDSS	server/idss_main.go:409	Duplicate query received on Peer: QmQe8GerSXrpsK5NhQbrx3PZTLBKq1BzdKaTjWkhoYE7iz get Client
 (UQI: QmVT4nXkCcghnSgaxCMuF3seddRXZCZSajtdrfGJXDxmZB-1730302413518736887)
2024-10-30T16:33:33.827+0100	WARN	IDSS	server/idss_main.go:409	Duplicate query received on Peer: QmQe8GerSXrpsK5NhQbrx3PZTLBKq1BzdKaTjWkhoYE7iz get Client
 (UQI: QmVT4nXkCcghnSgaxCMuF3seddRXZCZSajtdrfGJXDxmZB-1730302413518736887)
2024-10-30T16:33:33.827+0100	WARN	IDSS	server/idss_main.go:409	Duplicate query received on Peer: QmQe8GerSXrpsK5NhQbrx3PZTLBKq1BzdKaTjWkhoYE7iz get Client
 (UQI: QmVT4nXkCcghnSgaxCMuF3seddRXZCZSajtdrfGJXDxmZB-1730302413518736887)
2024-10-30T16:33:33.828+0100	WARN	IDSS	server/idss_main.go:409	Duplicate query received on Peer: QmQe8GerSXrpsK5NhQbrx3PZTLBKq1BzdKaTjWkhoYE7iz get Client
 (UQI: QmVT4nXkCcghnSgaxCMuF3seddRXZCZSajtdrfGJXDxmZB-1730302413518736887)
2024-10-30T16:33:33.829+0100	WARN	IDSS	server/idss_main.go:409	Duplicate query received on Peer: QmQe8GerSXrpsK5NhQbrx3PZTLBKq1BzdKaTjWkhoYE7iz get Client
 (UQI: QmVT4nXkCcghnSgaxCMuF3seddRXZCZSajtdrfGJXDxmZB-1730302413518736887)
2024-10-30T16:33:33.845+0100	WARN	IDSS	server/idss_main.go:409	Duplicate query received on Peer: QmQe8GerSXrpsK5NhQbrx3PZTLBKq1BzdKaTjWkhoYE7iz get Client
 (UQI: QmVT4nXkCcghnSgaxCMuF3seddRXZCZSajtdrfGJXDxmZB-1730302413518736887)
2024-10-30T16:33:33.859+0100	INFO	IDSS	server/idss_main.go:513	Broadcasting query in peer: QmQe8GerSXrpsK5NhQbrx3PZTLBKq1BzdKaTjWkhoYE7iz, Parent peer QmYzmFZrD7oeB5Ln2Qkz4FKJ6X5amj7quked8RJUHQGty4 
2024-10-30T16:33:33.859+0100	INFO	IDSS	server/idss_main.go:545	TTL in QmQe8GerSXrpsK5NhQbrx3PZTLBKq1BzdKaTjWkhoYE7iz after decrement: 1.125000
2024-10-30T16:33:33.859+0100	INFO	IDSS	server/idss_main.go:644	Peer QmQe8GerSXrpsK5NhQbrx3PZTLBKq1BzdKaTjWkhoYE7iz waiting for overlay peers results...
2024-10-30T16:33:33.859+0100	INFO	IDSS	server/idss_main.go:651	Overlay peers peer results collected, start merging...
2024-10-30T16:33:33.859+0100	INFO	IDSS	server/idss_main.go:598	Query sent to peer Qmcq2Fi6i1ufA6cWD5PhHCbDcLbXz3zr43gmqZD7auG977, awaiting for response
2024-10-30T16:33:33.860+0100	INFO	IDSS	server/idss_main.go:598	Query sent to peer QmbvLEyecLKJzWEaF1DwJjSpjjFZhytBLyvaLPyV6JB5Jx, awaiting for response
2024-10-30T16:33:33.860+0100	INFO	IDSS	server/idss_main.go:598	Query sent to peer QmaUyzWdNRMfEHLTVieiUysBr8vC2N3VUexp92Jcjdi4QZ, awaiting for response
2024-10-30T16:33:33.861+0100	INFO	IDSS	server/idss_main.go:598	Query sent to peer QmY3KziLnhU6RCNc9uSgBaP6CZFwSUUMij2XXcNYC6mUX4, awaiting for response
2024-10-30T16:33:33.861+0100	INFO	IDSS	server/idss_main.go:598	Query sent to peer QmZV3TbhWtfrDkYAnFJVMYUZUU9fMYp7UJzjfCHDv9qr5A, awaiting for response
2024-10-30T16:33:33.862+0100	INFO	IDSS	server/idss_main.go:598	Query sent to peer QmTjaGMytF5yVvUt7xwPyQMMdaxK53sBp8mnWAFQb4RVg8, awaiting for response
2024-10-30T16:33:33.876+0100	INFO	IDSS	server/idss_main.go:598	Query sent to peer QmQpQXB1b7TmgWsv6pvRMqwMMPyn1sJ7SbjuhdK6r5daQG, awaiting for response
2024-10-30T16:33:33.878+0100	INFO	IDSS	server/idss_main.go:598	Query sent to peer QmaCZ6PGzv7TqjNbcyVqzfH5KsuX5YE4AE1QYDCDcK49Ep, awaiting for response
2024-10-30T16:33:33.878+0100	INFO	IDSS	server/idss_main.go:598	Query sent to peer QmQgd2SGH3tGMf4Au184f2euzY4RoDshacFDnDLJUH5Bke, awaiting for response
2024-10-30T16:33:33.894+0100	INFO	IDSS	server/idss_main.go:598	Query sent to peer QmZajqudreu5rkvjDADMY7g16UitD7RkWSQpr7cBaf5R8f, awaiting for response
2024-10-30T16:33:33.895+0100	INFO	IDSS	server/idss_main.go:598	Query sent to peer QmTS2oW64P5TvNk61d5Hj9P4AFim7J9Dtp9sNQ14mdrhqx, awaiting for response
2024-10-30T16:33:33.896+0100	INFO	IDSS	server/idss_main.go:598	Query sent to peer QmX87h1VTfYQK5n2DCVHzHua6YV21QVTxtn6JQD4P6Up3k, awaiting for response
2024-10-30T16:33:33.898+0100	INFO	IDSS	server/idss_main.go:364	Received incoming from QmQgd2SGH3tGMf4Au184f2euzY4RoDshacFDnDLJUH5Bke
2024-10-30T16:33:33.905+0100	INFO	IDSS	server/idss_main.go:400	Query received:
On peer QmQe8GerSXrpsK5NhQbrx3PZTLBKq1BzdKaTjWkhoYE7iz 
UQI: QmVT4nXkCcghnSgaxCMuF3seddRXZCZSajtdrfGJXDxmZB-1730302413518736887
TTL: 1.125000 
From: QmQgd2SGH3tGMf4Au184f2euzY4RoDshacFDnDLJUH5Bke
2024-10-30T16:33:33.899+0100	INFO	IDSS	server/idss_main.go:364	Received incoming from QmTjaGMytF5yVvUt7xwPyQMMdaxK53sBp8mnWAFQb4RVg8
2024-10-30T16:33:33.905+0100	INFO	IDSS	server/idss_main.go:400	Query received:
On peer QmQe8GerSXrpsK5NhQbrx3PZTLBKq1BzdKaTjWkhoYE7iz 
UQI: QmVT4nXkCcghnSgaxCMuF3seddRXZCZSajtdrfGJXDxmZB-1730302413518736887
TTL: 1.125000 
From: QmTjaGMytF5yVvUt7xwPyQMMdaxK53sBp8mnWAFQb4RVg8
2024-10-30T16:33:33.900+0100	INFO	IDSS	server/idss_main.go:364	Received incoming from Qmcq2Fi6i1ufA6cWD5PhHCbDcLbXz3zr43gmqZD7auG977
2024-10-30T16:33:33.905+0100	INFO	IDSS	server/idss_main.go:400	Query received:
On peer QmQe8GerSXrpsK5NhQbrx3PZTLBKq1BzdKaTjWkhoYE7iz 
UQI: QmVT4nXkCcghnSgaxCMuF3seddRXZCZSajtdrfGJXDxmZB-1730302413518736887
TTL: 1.125000 
From: Qmcq2Fi6i1ufA6cWD5PhHCbDcLbXz3zr43gmqZD7auG977
2024-10-30T16:33:33.906+0100	WARN	IDSS	server/idss_main.go:409	Duplicate query received on Peer: QmQe8GerSXrpsK5NhQbrx3PZTLBKq1BzdKaTjWkhoYE7iz get Client
 (UQI: QmVT4nXkCcghnSgaxCMuF3seddRXZCZSajtdrfGJXDxmZB-1730302413518736887)
2024-10-30T16:33:33.906+0100	WARN	IDSS	server/idss_main.go:409	Duplicate query received on Peer: QmQe8GerSXrpsK5NhQbrx3PZTLBKq1BzdKaTjWkhoYE7iz get Client
 (UQI: QmVT4nXkCcghnSgaxCMuF3seddRXZCZSajtdrfGJXDxmZB-1730302413518736887)
2024-10-30T16:33:33.906+0100	WARN	IDSS	server/idss_main.go:409	Duplicate query received on Peer: QmQe8GerSXrpsK5NhQbrx3PZTLBKq1BzdKaTjWkhoYE7iz get Client
 (UQI: QmVT4nXkCcghnSgaxCMuF3seddRXZCZSajtdrfGJXDxmZB-1730302413518736887)
2024-10-30T16:33:33.920+0100	INFO	IDSS	server/idss_main.go:364	Received incoming from QmQpQXB1b7TmgWsv6pvRMqwMMPyn1sJ7SbjuhdK6r5daQG
2024-10-30T16:33:33.920+0100	INFO	IDSS	server/idss_main.go:400	Query received:
On peer QmQe8GerSXrpsK5NhQbrx3PZTLBKq1BzdKaTjWkhoYE7iz 
UQI: QmVT4nXkCcghnSgaxCMuF3seddRXZCZSajtdrfGJXDxmZB-1730302413518736887
TTL: 1.125000 
From: QmQpQXB1b7TmgWsv6pvRMqwMMPyn1sJ7SbjuhdK6r5daQG
2024-10-30T16:33:33.941+0100	INFO	IDSS	server/idss_main.go:364	Received incoming from QmX87h1VTfYQK5n2DCVHzHua6YV21QVTxtn6JQD4P6Up3k
2024-10-30T16:33:33.942+0100	INFO	IDSS	server/idss_main.go:400	Query received:
On peer QmQe8GerSXrpsK5NhQbrx3PZTLBKq1BzdKaTjWkhoYE7iz 
UQI: QmVT4nXkCcghnSgaxCMuF3seddRXZCZSajtdrfGJXDxmZB-1730302413518736887
TTL: 1.125000 
From: QmX87h1VTfYQK5n2DCVHzHua6YV21QVTxtn6JQD4P6Up3k
2024-10-30T16:33:33.952+0100	WARN	IDSS	server/idss_main.go:409	Duplicate query received on Peer: QmQe8GerSXrpsK5NhQbrx3PZTLBKq1BzdKaTjWkhoYE7iz get Client
 (UQI: QmVT4nXkCcghnSgaxCMuF3seddRXZCZSajtdrfGJXDxmZB-1730302413518736887)
2024-10-30T16:33:33.954+0100	WARN	IDSS	server/idss_main.go:409	Duplicate query received on Peer: QmQe8GerSXrpsK5NhQbrx3PZTLBKq1BzdKaTjWkhoYE7iz get Client
 (UQI: QmVT4nXkCcghnSgaxCMuF3seddRXZCZSajtdrfGJXDxmZB-1730302413518736887)
2024-10-30T16:33:34.023+0100	INFO	IDSS	server/idss_main.go:364	Received incoming from QmbvLEyecLKJzWEaF1DwJjSpjjFZhytBLyvaLPyV6JB5Jx
2024-10-30T16:33:34.023+0100	INFO	IDSS	server/idss_main.go:400	Query received:
On peer QmQe8GerSXrpsK5NhQbrx3PZTLBKq1BzdKaTjWkhoYE7iz 
UQI: QmVT4nXkCcghnSgaxCMuF3seddRXZCZSajtdrfGJXDxmZB-1730302413518736887
TTL: 1.125000 
From: QmbvLEyecLKJzWEaF1DwJjSpjjFZhytBLyvaLPyV6JB5Jx
2024-10-30T16:33:34.024+0100	WARN	IDSS	server/idss_main.go:409	Duplicate query received on Peer: QmQe8GerSXrpsK5NhQbrx3PZTLBKq1BzdKaTjWkhoYE7iz get Client
 (UQI: QmVT4nXkCcghnSgaxCMuF3seddRXZCZSajtdrfGJXDxmZB-1730302413518736887)
2024-10-30T16:33:34.985+0100	WARN	IDSS	server/idss_main.go:604	Response timeout from peer Qmcq2Fi6i1ufA6cWD5PhHCbDcLbXz3zr43gmqZD7auG977
2024-10-30T16:33:34.985+0100	WARN	IDSS	server/idss_main.go:604	Response timeout from peer QmbvLEyecLKJzWEaF1DwJjSpjjFZhytBLyvaLPyV6JB5Jx
2024-10-30T16:33:34.985+0100	WARN	IDSS	server/idss_main.go:604	Response timeout from peer QmaUyzWdNRMfEHLTVieiUysBr8vC2N3VUexp92Jcjdi4QZ
2024-10-30T16:33:34.986+0100	WARN	IDSS	server/idss_main.go:604	Response timeout from peer QmY3KziLnhU6RCNc9uSgBaP6CZFwSUUMij2XXcNYC6mUX4
2024-10-30T16:33:34.986+0100	WARN	IDSS	server/idss_main.go:604	Response timeout from peer QmZV3TbhWtfrDkYAnFJVMYUZUU9fMYp7UJzjfCHDv9qr5A
2024-10-30T16:33:34.987+0100	WARN	IDSS	server/idss_main.go:604	Response timeout from peer QmTjaGMytF5yVvUt7xwPyQMMdaxK53sBp8mnWAFQb4RVg8
2024-10-30T16:33:35.001+0100	WARN	IDSS	server/idss_main.go:604	Response timeout from peer QmQpQXB1b7TmgWsv6pvRMqwMMPyn1sJ7SbjuhdK6r5daQG
2024-10-30T16:33:35.003+0100	WARN	IDSS	server/idss_main.go:604	Response timeout from peer QmaCZ6PGzv7TqjNbcyVqzfH5KsuX5YE4AE1QYDCDcK49Ep
2024-10-30T16:33:35.003+0100	WARN	IDSS	server/idss_main.go:604	Response timeout from peer QmQgd2SGH3tGMf4Au184f2euzY4RoDshacFDnDLJUH5Bke
2024-10-30T16:33:35.005+0100	WARN	IDSS	server/idss_main.go:604	Response timeout from peer QmZajqudreu5rkvjDADMY7g16UitD7RkWSQpr7cBaf5R8f
2024-10-30T16:33:35.005+0100	WARN	IDSS	server/idss_main.go:604	Response timeout from peer QmX87h1VTfYQK5n2DCVHzHua6YV21QVTxtn6JQD4P6Up3k
2024-10-30T16:33:35.005+0100	WARN	IDSS	server/idss_main.go:604	Response timeout from peer QmTS2oW64P5TvNk61d5Hj9P4AFim7J9Dtp9sNQ14mdrhqx
2024-10-30T16:33:35.006+0100	INFO	IDSS	server/idss_main.go:658	DONE merging local and remote results
2024-10-30T16:33:35.038+0100	INFO	IDSS	server/idss_main.go:695	This is an intermediate peer QmQe8GerSXrpsK5NhQbrx3PZTLBKq1BzdKaTjWkhoYE7iz. Merging results to send to parent peer QmQe8GerSXrpsK5NhQbrx3PZTLBKq1BzdKaTjWkhoYE7iz
2024-10-30T16:33:35.038+0100	INFO	IDSS	server/idss_main.go:710	Sending merged result to peer QmYzmFZrD7oeB5Ln2Qkz4FKJ6X5amj7quked8RJUHQGty4
2024-10-30T16:33:35.038+0100	INFO	IDSS	server/idss_main.go:712	Record count: 100
2024-10-30T16:33:35.038+0100	INFO	IDSS	server/idss_main.go:731	Successfully sent merged result to peer QmYzmFZrD7oeB5Ln2Qkz4FKJ6X5amj7quked8RJUHQGty4
