2024-10-30T16:31:46.922+0100	INFO	IDSS	server/idss_main.go:168	Listening on peer Address: /ip4/127.0.0.1/tcp/36721/p2p/QmPa1Dgwnygc7axb9ugagryGhqCpTAe69BYov3WdJUpGQu

2024-10-30T16:31:46.924+0100	INFO	IDSS	server/idss_main.go:201	Loading data from file: ./idss_graph_db/QmPa1Dgwnygc7axb9ugagryGhqCpTAe69BYov3WdJUpGQu/QmPa1Dgwnygc7axb9ugagryGhqCpTAe69BYov3WdJUpGQu_data.json
2024-10-30T16:31:48.420+0100	INFO	IDSS	server/idss_db_init.go:76	Creating the Query Manager node...
2024-10-30T16:31:48.477+0100	INFO	IDSS	server/idss_db_init.go:102	Committed Query Manager node store transaction
2024-10-30T16:31:48.477+0100	INFO	IDSS	server/idss_main.go:341	Bootstrapped the DHT
2024/10/30 16:31:48 failed to sufficiently increase receive buffer size (was: 208 kiB, wanted: 7168 kiB, got: 416 kiB). See https://github.com/quic-go/quic-go/wiki/UDP-Buffer-Sizes for details.
2024-10-30T16:31:48.606+0100	INFO	IDSS	server/idss_main.go:352	Connected to bootstrap peer: QmbLHAnMoJPWSCR5Zhtx6BHJX9KiKNN6tpvbUcqanj75Nb
2024-10-30T16:31:48.746+0100	INFO	IDSS	server/idss_main.go:352	Connected to bootstrap peer: QmQCU2EcMqAqQPR2i9bChDtGNJchTbq5TbXJJ16u19uLTa
2024-10-30T16:31:48.880+0100	INFO	IDSS	server/idss_main.go:352	Connected to bootstrap peer: QmNnooDu7bfjPFoTZYxMNLWUQJyrVwtbZg5gBMjTezGAJN
2024-10-30T16:31:49.071+0100	INFO	IDSS	server/idss_main.go:352	Connected to bootstrap peer: QmcZf59bWwK5XFi76CZX8cbJ4BhTzzA3gU1ZjYZcYW3dwt
2024-10-30T16:31:49.217+0100	INFO	IDSS	server/idss_main.go:352	Connected to bootstrap peer: QmaCpDMGvV2BGHeYERUEnRQAwe3N8SzbUtfsmvsqQLuvuJ
2024-10-30T16:31:49.218+0100	INFO	IDSS	server/idss_main.go:282	Starting peer discovery...
2024-10-30T16:31:49.218+0100	INFO	IDSS	server/idss_main.go:291	Searching for other peers...
...
2024-10-30T16:31:51.024+0100	INFO	IDSS	server/idss_main.go:309	Connected to peer QmYzmFZrD7oeB5Ln2Qkz4FKJ6X5amj7quked8RJUHQGty4
2024-10-30T16:31:51.028+0100	INFO	IDSS	server/idss_main.go:309	Connected to peer QmaUyzWdNRMfEHLTVieiUysBr8vC2N3VUexp92Jcjdi4QZ
2024-10-30T16:31:51.033+0100	INFO	IDSS	server/idss_main.go:309	Connected to peer QmZV3TbhWtfrDkYAnFJVMYUZUU9fMYp7UJzjfCHDv9qr5A
2024-10-30T16:31:51.044+0100	INFO	IDSS	server/idss_main.go:309	Connected to peer QmbvLEyecLKJzWEaF1DwJjSpjjFZhytBLyvaLPyV6JB5Jx
2024-10-30T16:31:51.052+0100	INFO	IDSS	server/idss_main.go:309	Connected to peer QmY3KziLnhU6RCNc9uSgBaP6CZFwSUUMij2XXcNYC6mUX4
2024-10-30T16:31:51.058+0100	INFO	IDSS	server/idss_main.go:309	Connected to peer QmTS2oW64P5TvNk61d5Hj9P4AFim7J9Dtp9sNQ14mdrhqx
2024-10-30T16:31:51.063+0100	INFO	IDSS	server/idss_main.go:309	Connected to peer QmQpQXB1b7TmgWsv6pvRMqwMMPyn1sJ7SbjuhdK6r5daQG
2024-10-30T16:31:51.068+0100	INFO	IDSS	server/idss_main.go:309	Connected to peer QmX87h1VTfYQK5n2DCVHzHua6YV21QVTxtn6JQD4P6Up3k
2024-10-30T16:31:51.074+0100	INFO	IDSS	server/idss_main.go:309	Connected to peer QmZajqudreu5rkvjDADMY7g16UitD7RkWSQpr7cBaf5R8f
2024-10-30T16:31:51.080+0100	INFO	IDSS	server/idss_main.go:309	Connected to peer QmaCZ6PGzv7TqjNbcyVqzfH5KsuX5YE4AE1QYDCDcK49Ep
2024-10-30T16:31:51.095+0100	INFO	IDSS	server/idss_main.go:309	Connected to peer Qmcq2Fi6i1ufA6cWD5PhHCbDcLbXz3zr43gmqZD7auG977
2024-10-30T16:31:51.101+0100	INFO	IDSS	server/idss_main.go:309	Connected to peer QmTjaGMytF5yVvUt7xwPyQMMdaxK53sBp8mnWAFQb4RVg8
2024-10-30T16:31:51.107+0100	INFO	IDSS	server/idss_main.go:309	Connected to peer QmQgd2SGH3tGMf4Au184f2euzY4RoDshacFDnDLJUH5Bke
2024-10-30T16:31:57.424+0100	INFO	IDSS	server/idss_main.go:316	Num of found peers in the Routing Table: 57
2024-10-30T16:31:57.424+0100	INFO	IDSS	server/idss_main.go:319	Time taken to find peers: 8.206473365s
2024-10-30T16:31:57.424+0100	INFO	IDSS	server/idss_main.go:320	Peer discovery completed
2024-10-30T16:32:22.698+0100	INFO	IDSS	server/idss_main.go:364	Received incoming from QmYzmFZrD7oeB5Ln2Qkz4FKJ6X5amj7quked8RJUHQGty4
2024-10-30T16:32:22.699+0100	INFO	IDSS	server/idss_main.go:400	Query received:
On peer QmPa1Dgwnygc7axb9ugagryGhqCpTAe69BYov3WdJUpGQu 
UQI: QmVT4nXkCcghnSgaxCMuF3seddRXZCZSajtdrfGJXDxmZB-1730302342626177708
TTL: 1.500000 
From: QmYzmFZrD7oeB5Ln2Qkz4FKJ6X5amj7quked8RJUHQGty4
2024-10-30T16:32:22.770+0100	INFO	IDSS	server/idss_main.go:417	This is a new query on this peer
2024-10-30T16:32:22.770+0100	INFO	IDSS	server/idss_main.go:423	Entering executeAndBroadcastQuery...
2024-10-30T16:32:22.770+0100	INFO	IDSS	server/idss_main.go:857	Executing get Client
 locally in QmPa1Dgwnygc7axb9ugagryGhqCpTAe69BYov3WdJUpGQu
2024-10-30T16:32:22.896+0100	INFO	IDSS	server/idss_main.go:364	Received incoming from Qmcq2Fi6i1ufA6cWD5PhHCbDcLbXz3zr43gmqZD7auG977
2024-10-30T16:32:22.897+0100	INFO	IDSS	server/idss_main.go:400	Query received:
On peer QmPa1Dgwnygc7axb9ugagryGhqCpTAe69BYov3WdJUpGQu 
UQI: QmVT4nXkCcghnSgaxCMuF3seddRXZCZSajtdrfGJXDxmZB-1730302342626177708
TTL: 1.125000 
From: Qmcq2Fi6i1ufA6cWD5PhHCbDcLbXz3zr43gmqZD7auG977
2024-10-30T16:32:22.901+0100	INFO	IDSS	server/idss_main.go:364	Received incoming from QmTS2oW64P5TvNk61d5Hj9P4AFim7J9Dtp9sNQ14mdrhqx
2024-10-30T16:32:22.902+0100	INFO	IDSS	server/idss_main.go:400	Query received:
On peer QmPa1Dgwnygc7axb9ugagryGhqCpTAe69BYov3WdJUpGQu 
UQI: QmVT4nXkCcghnSgaxCMuF3seddRXZCZSajtdrfGJXDxmZB-1730302342626177708
TTL: 1.125000 
From: QmTS2oW64P5TvNk61d5Hj9P4AFim7J9Dtp9sNQ14mdrhqx
2024-10-30T16:32:22.930+0100	WARN	IDSS	server/idss_main.go:409	Duplicate query received on Peer: QmPa1Dgwnygc7axb9ugagryGhqCpTAe69BYov3WdJUpGQu get Client
 (UQI: QmVT4nXkCcghnSgaxCMuF3seddRXZCZSajtdrfGJXDxmZB-1730302342626177708)
2024-10-30T16:32:22.902+0100	INFO	IDSS	server/idss_main.go:449	Local query executed successfully
2024-10-30T16:32:22.930+0100	INFO	IDSS	server/idss_main.go:463	Sender address updated to: QmPa1Dgwnygc7axb9ugagryGhqCpTAe69BYov3WdJUpGQu
2024-10-30T16:32:22.930+0100	INFO	IDSS	server/idss_main.go:513	Broadcasting query in peer: QmPa1Dgwnygc7axb9ugagryGhqCpTAe69BYov3WdJUpGQu, Parent peer QmYzmFZrD7oeB5Ln2Qkz4FKJ6X5amj7quked8RJUHQGty4 
2024-10-30T16:32:22.931+0100	INFO	IDSS	server/idss_main.go:545	TTL in QmPa1Dgwnygc7axb9ugagryGhqCpTAe69BYov3WdJUpGQu after decrement: 1.125000
2024-10-30T16:32:22.931+0100	INFO	IDSS	server/idss_main.go:644	Peer QmPa1Dgwnygc7axb9ugagryGhqCpTAe69BYov3WdJUpGQu waiting for overlay peers results...
2024-10-30T16:32:22.931+0100	INFO	IDSS	server/idss_main.go:651	Overlay peers peer results collected, start merging...
2024-10-30T16:32:22.903+0100	WARN	IDSS	server/idss_main.go:409	Duplicate query received on Peer: QmPa1Dgwnygc7axb9ugagryGhqCpTAe69BYov3WdJUpGQu get Client
 (UQI: QmVT4nXkCcghnSgaxCMuF3seddRXZCZSajtdrfGJXDxmZB-1730302342626177708)
2024-10-30T16:32:22.935+0100	INFO	IDSS	server/idss_main.go:598	Query sent to peer QmZajqudreu5rkvjDADMY7g16UitD7RkWSQpr7cBaf5R8f, awaiting for response
2024-10-30T16:32:22.936+0100	INFO	IDSS	server/idss_main.go:598	Query sent to peer QmQpQXB1b7TmgWsv6pvRMqwMMPyn1sJ7SbjuhdK6r5daQG, awaiting for response
2024-10-30T16:32:22.939+0100	INFO	IDSS	server/idss_main.go:598	Query sent to peer QmQgd2SGH3tGMf4Au184f2euzY4RoDshacFDnDLJUH5Bke, awaiting for response
2024-10-30T16:32:22.981+0100	INFO	IDSS	server/idss_main.go:364	Received incoming from QmX87h1VTfYQK5n2DCVHzHua6YV21QVTxtn6JQD4P6Up3k
2024-10-30T16:32:23.004+0100	INFO	IDSS	server/idss_main.go:400	Query received:
On peer QmPa1Dgwnygc7axb9ugagryGhqCpTAe69BYov3WdJUpGQu 
UQI: QmVT4nXkCcghnSgaxCMuF3seddRXZCZSajtdrfGJXDxmZB-1730302342626177708
TTL: 1.125000 
From: QmX87h1VTfYQK5n2DCVHzHua6YV21QVTxtn6JQD4P6Up3k
2024-10-30T16:32:22.984+0100	INFO	IDSS	server/idss_main.go:598	Query sent to peer QmbvLEyecLKJzWEaF1DwJjSpjjFZhytBLyvaLPyV6JB5Jx, awaiting for response
2024-10-30T16:32:22.984+0100	INFO	IDSS	server/idss_main.go:598	Query sent to peer QmaCZ6PGzv7TqjNbcyVqzfH5KsuX5YE4AE1QYDCDcK49Ep, awaiting for response
2024-10-30T16:32:22.985+0100	INFO	IDSS	server/idss_main.go:598	Query sent to peer QmTjaGMytF5yVvUt7xwPyQMMdaxK53sBp8mnWAFQb4RVg8, awaiting for response
2024-10-30T16:32:22.985+0100	INFO	IDSS	server/idss_main.go:598	Query sent to peer QmX87h1VTfYQK5n2DCVHzHua6YV21QVTxtn6JQD4P6Up3k, awaiting for response
2024-10-30T16:32:22.985+0100	INFO	IDSS	server/idss_main.go:598	Query sent to peer Qmcq2Fi6i1ufA6cWD5PhHCbDcLbXz3zr43gmqZD7auG977, awaiting for response
2024-10-30T16:32:22.986+0100	INFO	IDSS	server/idss_main.go:598	Query sent to peer QmY3KziLnhU6RCNc9uSgBaP6CZFwSUUMij2XXcNYC6mUX4, awaiting for response
2024-10-30T16:32:22.993+0100	INFO	IDSS	server/idss_main.go:598	Query sent to peer QmTS2oW64P5TvNk61d5Hj9P4AFim7J9Dtp9sNQ14mdrhqx, awaiting for response
2024-10-30T16:32:22.995+0100	INFO	IDSS	server/idss_main.go:598	Query sent to peer QmZV3TbhWtfrDkYAnFJVMYUZUU9fMYp7UJzjfCHDv9qr5A, awaiting for response
2024-10-30T16:32:22.997+0100	INFO	IDSS	server/idss_main.go:598	Query sent to peer QmaUyzWdNRMfEHLTVieiUysBr8vC2N3VUexp92Jcjdi4QZ, awaiting for response
2024-10-30T16:32:23.004+0100	WARN	IDSS	server/idss_main.go:409	Duplicate query received on Peer: QmPa1Dgwnygc7axb9ugagryGhqCpTAe69BYov3WdJUpGQu get Client
 (UQI: QmVT4nXkCcghnSgaxCMuF3seddRXZCZSajtdrfGJXDxmZB-1730302342626177708)
2024-10-30T16:32:23.009+0100	INFO	IDSS	server/idss_main.go:364	Received incoming from QmY3KziLnhU6RCNc9uSgBaP6CZFwSUUMij2XXcNYC6mUX4
2024-10-30T16:32:23.009+0100	INFO	IDSS	server/idss_main.go:400	Query received:
On peer QmPa1Dgwnygc7axb9ugagryGhqCpTAe69BYov3WdJUpGQu 
UQI: QmVT4nXkCcghnSgaxCMuF3seddRXZCZSajtdrfGJXDxmZB-1730302342626177708
TTL: 1.125000 
From: QmY3KziLnhU6RCNc9uSgBaP6CZFwSUUMij2XXcNYC6mUX4
2024-10-30T16:32:23.010+0100	WARN	IDSS	server/idss_main.go:409	Duplicate query received on Peer: QmPa1Dgwnygc7axb9ugagryGhqCpTAe69BYov3WdJUpGQu get Client
 (UQI: QmVT4nXkCcghnSgaxCMuF3seddRXZCZSajtdrfGJXDxmZB-1730302342626177708)
2024-10-30T16:32:23.030+0100	INFO	IDSS	server/idss_main.go:364	Received incoming from QmZajqudreu5rkvjDADMY7g16UitD7RkWSQpr7cBaf5R8f
2024-10-30T16:32:23.030+0100	INFO	IDSS	server/idss_main.go:400	Query received:
On peer QmPa1Dgwnygc7axb9ugagryGhqCpTAe69BYov3WdJUpGQu 
UQI: QmVT4nXkCcghnSgaxCMuF3seddRXZCZSajtdrfGJXDxmZB-1730302342626177708
TTL: 1.125000 
From: QmZajqudreu5rkvjDADMY7g16UitD7RkWSQpr7cBaf5R8f
2024-10-30T16:32:23.031+0100	WARN	IDSS	server/idss_main.go:409	Duplicate query received on Peer: QmPa1Dgwnygc7axb9ugagryGhqCpTAe69BYov3WdJUpGQu get Client
 (UQI: QmVT4nXkCcghnSgaxCMuF3seddRXZCZSajtdrfGJXDxmZB-1730302342626177708)
2024-10-30T16:32:23.060+0100	INFO	IDSS	server/idss_main.go:364	Received incoming from QmTjaGMytF5yVvUt7xwPyQMMdaxK53sBp8mnWAFQb4RVg8
2024-10-30T16:32:23.060+0100	INFO	IDSS	server/idss_main.go:400	Query received:
On peer QmPa1Dgwnygc7axb9ugagryGhqCpTAe69BYov3WdJUpGQu 
UQI: QmVT4nXkCcghnSgaxCMuF3seddRXZCZSajtdrfGJXDxmZB-1730302342626177708
TTL: 1.125000 
From: QmTjaGMytF5yVvUt7xwPyQMMdaxK53sBp8mnWAFQb4RVg8
2024-10-30T16:32:23.061+0100	WARN	IDSS	server/idss_main.go:409	Duplicate query received on Peer: QmPa1Dgwnygc7axb9ugagryGhqCpTAe69BYov3WdJUpGQu get Client
 (UQI: QmVT4nXkCcghnSgaxCMuF3seddRXZCZSajtdrfGJXDxmZB-1730302342626177708)
2024-10-30T16:32:23.064+0100	INFO	IDSS	server/idss_main.go:364	Received incoming from QmaCZ6PGzv7TqjNbcyVqzfH5KsuX5YE4AE1QYDCDcK49Ep
2024-10-30T16:32:23.064+0100	INFO	IDSS	server/idss_main.go:400	Query received:
On peer QmPa1Dgwnygc7axb9ugagryGhqCpTAe69BYov3WdJUpGQu 
UQI: QmVT4nXkCcghnSgaxCMuF3seddRXZCZSajtdrfGJXDxmZB-1730302342626177708
TTL: 1.125000 
From: QmaCZ6PGzv7TqjNbcyVqzfH5KsuX5YE4AE1QYDCDcK49Ep
2024-10-30T16:32:23.065+0100	INFO	IDSS	server/idss_main.go:364	Received incoming from QmQgd2SGH3tGMf4Au184f2euzY4RoDshacFDnDLJUH5Bke
2024-10-30T16:32:23.065+0100	WARN	IDSS	server/idss_main.go:409	Duplicate query received on Peer: QmPa1Dgwnygc7axb9ugagryGhqCpTAe69BYov3WdJUpGQu get Client
 (UQI: QmVT4nXkCcghnSgaxCMuF3seddRXZCZSajtdrfGJXDxmZB-1730302342626177708)
2024-10-30T16:32:23.065+0100	INFO	IDSS	server/idss_main.go:400	Query received:
On peer QmPa1Dgwnygc7axb9ugagryGhqCpTAe69BYov3WdJUpGQu 
UQI: QmVT4nXkCcghnSgaxCMuF3seddRXZCZSajtdrfGJXDxmZB-1730302342626177708
TTL: 1.125000 
From: QmQgd2SGH3tGMf4Au184f2euzY4RoDshacFDnDLJUH5Bke
2024-10-30T16:32:23.065+0100	WARN	IDSS	server/idss_main.go:409	Duplicate query received on Peer: QmPa1Dgwnygc7axb9ugagryGhqCpTAe69BYov3WdJUpGQu get Client
 (UQI: QmVT4nXkCcghnSgaxCMuF3seddRXZCZSajtdrfGJXDxmZB-1730302342626177708)
2024-10-30T16:32:23.103+0100	INFO	IDSS	server/idss_main.go:364	Received incoming from QmbvLEyecLKJzWEaF1DwJjSpjjFZhytBLyvaLPyV6JB5Jx
2024-10-30T16:32:23.103+0100	INFO	IDSS	server/idss_main.go:400	Query received:
On peer QmPa1Dgwnygc7axb9ugagryGhqCpTAe69BYov3WdJUpGQu 
UQI: QmVT4nXkCcghnSgaxCMuF3seddRXZCZSajtdrfGJXDxmZB-1730302342626177708
TTL: 1.125000 
From: QmbvLEyecLKJzWEaF1DwJjSpjjFZhytBLyvaLPyV6JB5Jx
2024-10-30T16:32:23.104+0100	WARN	IDSS	server/idss_main.go:409	Duplicate query received on Peer: QmPa1Dgwnygc7axb9ugagryGhqCpTAe69BYov3WdJUpGQu get Client
 (UQI: QmVT4nXkCcghnSgaxCMuF3seddRXZCZSajtdrfGJXDxmZB-1730302342626177708)
2024-10-30T16:32:23.310+0100	INFO	IDSS	server/idss_main.go:364	Received incoming from QmZV3TbhWtfrDkYAnFJVMYUZUU9fMYp7UJzjfCHDv9qr5A
2024-10-30T16:32:23.310+0100	INFO	IDSS	server/idss_main.go:364	Received incoming from QmaUyzWdNRMfEHLTVieiUysBr8vC2N3VUexp92Jcjdi4QZ
2024-10-30T16:32:23.310+0100	INFO	IDSS	server/idss_main.go:400	Query received:
On peer QmPa1Dgwnygc7axb9ugagryGhqCpTAe69BYov3WdJUpGQu 
UQI: QmVT4nXkCcghnSgaxCMuF3seddRXZCZSajtdrfGJXDxmZB-1730302342626177708
TTL: 1.125000 
From: QmZV3TbhWtfrDkYAnFJVMYUZUU9fMYp7UJzjfCHDv9qr5A
2024-10-30T16:32:23.311+0100	INFO	IDSS	server/idss_main.go:400	Query received:
On peer QmPa1Dgwnygc7axb9ugagryGhqCpTAe69BYov3WdJUpGQu 
UQI: QmVT4nXkCcghnSgaxCMuF3seddRXZCZSajtdrfGJXDxmZB-1730302342626177708
TTL: 1.125000 
From: QmaUyzWdNRMfEHLTVieiUysBr8vC2N3VUexp92Jcjdi4QZ
2024-10-30T16:32:23.311+0100	WARN	IDSS	server/idss_main.go:409	Duplicate query received on Peer: QmPa1Dgwnygc7axb9ugagryGhqCpTAe69BYov3WdJUpGQu get Client
 (UQI: QmVT4nXkCcghnSgaxCMuF3seddRXZCZSajtdrfGJXDxmZB-1730302342626177708)
2024-10-30T16:32:23.311+0100	INFO	IDSS	server/idss_main.go:364	Received incoming from QmQpQXB1b7TmgWsv6pvRMqwMMPyn1sJ7SbjuhdK6r5daQG
2024-10-30T16:32:23.311+0100	INFO	IDSS	server/idss_main.go:400	Query received:
On peer QmPa1Dgwnygc7axb9ugagryGhqCpTAe69BYov3WdJUpGQu 
UQI: QmVT4nXkCcghnSgaxCMuF3seddRXZCZSajtdrfGJXDxmZB-1730302342626177708
TTL: 1.125000 
From: QmQpQXB1b7TmgWsv6pvRMqwMMPyn1sJ7SbjuhdK6r5daQG
2024-10-30T16:32:23.312+0100	WARN	IDSS	server/idss_main.go:409	Duplicate query received on Peer: QmPa1Dgwnygc7axb9ugagryGhqCpTAe69BYov3WdJUpGQu get Client
 (UQI: QmVT4nXkCcghnSgaxCMuF3seddRXZCZSajtdrfGJXDxmZB-1730302342626177708)
2024-10-30T16:32:23.312+0100	WARN	IDSS	server/idss_main.go:409	Duplicate query received on Peer: QmPa1Dgwnygc7axb9ugagryGhqCpTAe69BYov3WdJUpGQu get Client
 (UQI: QmVT4nXkCcghnSgaxCMuF3seddRXZCZSajtdrfGJXDxmZB-1730302342626177708)
2024-10-30T16:32:24.059+0100	WARN	IDSS	server/idss_main.go:604	Response timeout from peer QmY3KziLnhU6RCNc9uSgBaP6CZFwSUUMij2XXcNYC6mUX4
2024-10-30T16:32:24.059+0100	WARN	IDSS	server/idss_main.go:604	Response timeout from peer QmbvLEyecLKJzWEaF1DwJjSpjjFZhytBLyvaLPyV6JB5Jx
2024-10-30T16:32:24.061+0100	WARN	IDSS	server/idss_main.go:604	Response timeout from peer QmZajqudreu5rkvjDADMY7g16UitD7RkWSQpr7cBaf5R8f
2024-10-30T16:32:24.062+0100	WARN	IDSS	server/idss_main.go:604	Response timeout from peer QmQpQXB1b7TmgWsv6pvRMqwMMPyn1sJ7SbjuhdK6r5daQG
2024-10-30T16:32:24.062+0100	WARN	IDSS	server/idss_main.go:604	Response timeout from peer QmaCZ6PGzv7TqjNbcyVqzfH5KsuX5YE4AE1QYDCDcK49Ep
2024-10-30T16:32:24.062+0100	WARN	IDSS	server/idss_main.go:604	Response timeout from peer QmTjaGMytF5yVvUt7xwPyQMMdaxK53sBp8mnWAFQb4RVg8
2024-10-30T16:32:24.062+0100	WARN	IDSS	server/idss_main.go:604	Response timeout from peer Qmcq2Fi6i1ufA6cWD5PhHCbDcLbXz3zr43gmqZD7auG977
2024-10-30T16:32:24.062+0100	WARN	IDSS	server/idss_main.go:604	Response timeout from peer QmX87h1VTfYQK5n2DCVHzHua6YV21QVTxtn6JQD4P6Up3k
2024-10-30T16:32:24.064+0100	WARN	IDSS	server/idss_main.go:604	Response timeout from peer QmQgd2SGH3tGMf4Au184f2euzY4RoDshacFDnDLJUH5Bke
2024-10-30T16:32:24.070+0100	WARN	IDSS	server/idss_main.go:604	Response timeout from peer QmaUyzWdNRMfEHLTVieiUysBr8vC2N3VUexp92Jcjdi4QZ
2024-10-30T16:32:24.070+0100	WARN	IDSS	server/idss_main.go:604	Response timeout from peer QmZV3TbhWtfrDkYAnFJVMYUZUU9fMYp7UJzjfCHDv9qr5A
2024-10-30T16:32:24.070+0100	WARN	IDSS	server/idss_main.go:604	Response timeout from peer QmTS2oW64P5TvNk61d5Hj9P4AFim7J9Dtp9sNQ14mdrhqx
2024-10-30T16:32:24.072+0100	INFO	IDSS	server/idss_main.go:658	DONE merging local and remote results
2024-10-30T16:32:24.157+0100	INFO	IDSS	server/idss_main.go:695	This is an intermediate peer QmPa1Dgwnygc7axb9ugagryGhqCpTAe69BYov3WdJUpGQu. Merging results to send to parent peer QmPa1Dgwnygc7axb9ugagryGhqCpTAe69BYov3WdJUpGQu
2024-10-30T16:32:24.157+0100	INFO	IDSS	server/idss_main.go:710	Sending merged result to peer QmYzmFZrD7oeB5Ln2Qkz4FKJ6X5amj7quked8RJUHQGty4
2024-10-30T16:32:24.157+0100	INFO	IDSS	server/idss_main.go:712	Record count: 100
2024-10-30T16:32:24.160+0100	INFO	IDSS	server/idss_main.go:731	Successfully sent merged result to peer QmYzmFZrD7oeB5Ln2Qkz4FKJ6X5amj7quked8RJUHQGty4
2024-10-30T16:32:49.134+0100	INFO	IDSS	server/idss_main.go:364	Received incoming from QmYzmFZrD7oeB5Ln2Qkz4FKJ6X5amj7quked8RJUHQGty4
2024-10-30T16:32:49.134+0100	INFO	IDSS	server/idss_main.go:400	Query received:
On peer QmPa1Dgwnygc7axb9ugagryGhqCpTAe69BYov3WdJUpGQu 
UQI: QmVT4nXkCcghnSgaxCMuF3seddRXZCZSajtdrfGJXDxmZB-1730302369075974629
TTL: 1.500000 
From: QmYzmFZrD7oeB5Ln2Qkz4FKJ6X5amj7quked8RJUHQGty4
2024-10-30T16:32:49.202+0100	INFO	IDSS	server/idss_main.go:417	This is a new query on this peer
2024-10-30T16:32:49.202+0100	INFO	IDSS	server/idss_main.go:423	Entering executeAndBroadcastQuery...
2024-10-30T16:32:49.202+0100	INFO	IDSS	server/idss_main.go:857	Executing get Client
 locally in QmPa1Dgwnygc7axb9ugagryGhqCpTAe69BYov3WdJUpGQu
2024-10-30T16:32:49.274+0100	INFO	IDSS	server/idss_main.go:364	Received incoming from QmQgd2SGH3tGMf4Au184f2euzY4RoDshacFDnDLJUH5Bke
2024-10-30T16:32:49.275+0100	INFO	IDSS	server/idss_main.go:400	Query received:
On peer QmPa1Dgwnygc7axb9ugagryGhqCpTAe69BYov3WdJUpGQu 
UQI: QmVT4nXkCcghnSgaxCMuF3seddRXZCZSajtdrfGJXDxmZB-1730302369075974629
TTL: 1.125000 
From: QmQgd2SGH3tGMf4Au184f2euzY4RoDshacFDnDLJUH5Bke
2024-10-30T16:32:49.284+0100	INFO	IDSS	server/idss_main.go:364	Received incoming from QmZV3TbhWtfrDkYAnFJVMYUZUU9fMYp7UJzjfCHDv9qr5A
2024-10-30T16:32:49.285+0100	INFO	IDSS	server/idss_main.go:400	Query received:
On peer QmPa1Dgwnygc7axb9ugagryGhqCpTAe69BYov3WdJUpGQu 
UQI: QmVT4nXkCcghnSgaxCMuF3seddRXZCZSajtdrfGJXDxmZB-1730302369075974629
TTL: 1.125000 
From: QmZV3TbhWtfrDkYAnFJVMYUZUU9fMYp7UJzjfCHDv9qr5A
2024-10-30T16:32:49.285+0100	INFO	IDSS	server/idss_main.go:364	Received incoming from QmX87h1VTfYQK5n2DCVHzHua6YV21QVTxtn6JQD4P6Up3k
2024-10-30T16:32:49.285+0100	INFO	IDSS	server/idss_main.go:400	Query received:
On peer QmPa1Dgwnygc7axb9ugagryGhqCpTAe69BYov3WdJUpGQu 
UQI: QmVT4nXkCcghnSgaxCMuF3seddRXZCZSajtdrfGJXDxmZB-1730302369075974629
TTL: 1.125000 
From: QmX87h1VTfYQK5n2DCVHzHua6YV21QVTxtn6JQD4P6Up3k
2024-10-30T16:32:49.285+0100	INFO	IDSS	server/idss_main.go:364	Received incoming from QmTjaGMytF5yVvUt7xwPyQMMdaxK53sBp8mnWAFQb4RVg8
2024-10-30T16:32:49.285+0100	INFO	IDSS	server/idss_main.go:400	Query received:
On peer QmPa1Dgwnygc7axb9ugagryGhqCpTAe69BYov3WdJUpGQu 
UQI: QmVT4nXkCcghnSgaxCMuF3seddRXZCZSajtdrfGJXDxmZB-1730302369075974629
TTL: 1.125000 
From: QmTjaGMytF5yVvUt7xwPyQMMdaxK53sBp8mnWAFQb4RVg8
2024-10-30T16:32:49.290+0100	INFO	IDSS	server/idss_main.go:364	Received incoming from Qmcq2Fi6i1ufA6cWD5PhHCbDcLbXz3zr43gmqZD7auG977
2024-10-30T16:32:49.290+0100	INFO	IDSS	server/idss_main.go:400	Query received:
On peer QmPa1Dgwnygc7axb9ugagryGhqCpTAe69BYov3WdJUpGQu 
UQI: QmVT4nXkCcghnSgaxCMuF3seddRXZCZSajtdrfGJXDxmZB-1730302369075974629
TTL: 1.125000 
From: Qmcq2Fi6i1ufA6cWD5PhHCbDcLbXz3zr43gmqZD7auG977
2024-10-30T16:32:49.291+0100	INFO	IDSS	server/idss_main.go:364	Received incoming from QmY3KziLnhU6RCNc9uSgBaP6CZFwSUUMij2XXcNYC6mUX4
2024-10-30T16:32:49.291+0100	INFO	IDSS	server/idss_main.go:400	Query received:
On peer QmPa1Dgwnygc7axb9ugagryGhqCpTAe69BYov3WdJUpGQu 
UQI: QmVT4nXkCcghnSgaxCMuF3seddRXZCZSajtdrfGJXDxmZB-1730302369075974629
TTL: 1.125000 
From: QmY3KziLnhU6RCNc9uSgBaP6CZFwSUUMij2XXcNYC6mUX4
2024-10-30T16:32:49.291+0100	INFO	IDSS	server/idss_main.go:449	Local query executed successfully
2024-10-30T16:32:49.292+0100	INFO	IDSS	server/idss_main.go:463	Sender address updated to: QmPa1Dgwnygc7axb9ugagryGhqCpTAe69BYov3WdJUpGQu
2024-10-30T16:32:49.292+0100	INFO	IDSS	server/idss_main.go:513	Broadcasting query in peer: QmPa1Dgwnygc7axb9ugagryGhqCpTAe69BYov3WdJUpGQu, Parent peer QmYzmFZrD7oeB5Ln2Qkz4FKJ6X5amj7quked8RJUHQGty4 
2024-10-30T16:32:49.292+0100	INFO	IDSS	server/idss_main.go:545	TTL in QmPa1Dgwnygc7axb9ugagryGhqCpTAe69BYov3WdJUpGQu after decrement: 1.125000
2024-10-30T16:32:49.292+0100	INFO	IDSS	server/idss_main.go:644	Peer QmPa1Dgwnygc7axb9ugagryGhqCpTAe69BYov3WdJUpGQu waiting for overlay peers results...
2024-10-30T16:32:49.292+0100	INFO	IDSS	server/idss_main.go:651	Overlay peers peer results collected, start merging...
2024-10-30T16:32:49.293+0100	WARN	IDSS	server/idss_main.go:409	Duplicate query received on Peer: QmPa1Dgwnygc7axb9ugagryGhqCpTAe69BYov3WdJUpGQu get Client
 (UQI: QmVT4nXkCcghnSgaxCMuF3seddRXZCZSajtdrfGJXDxmZB-1730302369075974629)
2024-10-30T16:32:49.294+0100	INFO	IDSS	server/idss_main.go:598	Query sent to peer QmY3KziLnhU6RCNc9uSgBaP6CZFwSUUMij2XXcNYC6mUX4, awaiting for response
2024-10-30T16:32:49.295+0100	WARN	IDSS	server/idss_main.go:409	Duplicate query received on Peer: QmPa1Dgwnygc7axb9ugagryGhqCpTAe69BYov3WdJUpGQu get Client
 (UQI: QmVT4nXkCcghnSgaxCMuF3seddRXZCZSajtdrfGJXDxmZB-1730302369075974629)
2024-10-30T16:32:49.295+0100	INFO	IDSS	server/idss_main.go:598	Query sent to peer QmbvLEyecLKJzWEaF1DwJjSpjjFZhytBLyvaLPyV6JB5Jx, awaiting for response
2024-10-30T16:32:49.295+0100	WARN	IDSS	server/idss_main.go:409	Duplicate query received on Peer: QmPa1Dgwnygc7axb9ugagryGhqCpTAe69BYov3WdJUpGQu get Client
 (UQI: QmVT4nXkCcghnSgaxCMuF3seddRXZCZSajtdrfGJXDxmZB-1730302369075974629)
2024-10-30T16:32:49.296+0100	WARN	IDSS	server/idss_main.go:409	Duplicate query received on Peer: QmPa1Dgwnygc7axb9ugagryGhqCpTAe69BYov3WdJUpGQu get Client
 (UQI: QmVT4nXkCcghnSgaxCMuF3seddRXZCZSajtdrfGJXDxmZB-1730302369075974629)
2024-10-30T16:32:49.296+0100	INFO	IDSS	server/idss_main.go:598	Query sent to peer QmZajqudreu5rkvjDADMY7g16UitD7RkWSQpr7cBaf5R8f, awaiting for response
2024-10-30T16:32:49.296+0100	WARN	IDSS	server/idss_main.go:409	Duplicate query received on Peer: QmPa1Dgwnygc7axb9ugagryGhqCpTAe69BYov3WdJUpGQu get Client
 (UQI: QmVT4nXkCcghnSgaxCMuF3seddRXZCZSajtdrfGJXDxmZB-1730302369075974629)
2024-10-30T16:32:49.296+0100	WARN	IDSS	server/idss_main.go:409	Duplicate query received on Peer: QmPa1Dgwnygc7axb9ugagryGhqCpTAe69BYov3WdJUpGQu get Client
 (UQI: QmVT4nXkCcghnSgaxCMuF3seddRXZCZSajtdrfGJXDxmZB-1730302369075974629)
2024-10-30T16:32:49.298+0100	INFO	IDSS	server/idss_main.go:598	Query sent to peer QmQpQXB1b7TmgWsv6pvRMqwMMPyn1sJ7SbjuhdK6r5daQG, awaiting for response
2024-10-30T16:32:49.309+0100	INFO	IDSS	server/idss_main.go:598	Query sent to peer QmQgd2SGH3tGMf4Au184f2euzY4RoDshacFDnDLJUH5Bke, awaiting for response
2024-10-30T16:32:49.310+0100	INFO	IDSS	server/idss_main.go:598	Query sent to peer QmZV3TbhWtfrDkYAnFJVMYUZUU9fMYp7UJzjfCHDv9qr5A, awaiting for response
2024-10-30T16:32:49.311+0100	INFO	IDSS	server/idss_main.go:598	Query sent to peer QmTS2oW64P5TvNk61d5Hj9P4AFim7J9Dtp9sNQ14mdrhqx, awaiting for response
2024-10-30T16:32:49.311+0100	INFO	IDSS	server/idss_main.go:598	Query sent to peer QmaCZ6PGzv7TqjNbcyVqzfH5KsuX5YE4AE1QYDCDcK49Ep, awaiting for response
2024-10-30T16:32:49.312+0100	INFO	IDSS	server/idss_main.go:598	Query sent to peer QmaUyzWdNRMfEHLTVieiUysBr8vC2N3VUexp92Jcjdi4QZ, awaiting for response
2024-10-30T16:32:49.312+0100	INFO	IDSS	server/idss_main.go:598	Query sent to peer QmTjaGMytF5yVvUt7xwPyQMMdaxK53sBp8mnWAFQb4RVg8, awaiting for response
2024-10-30T16:32:49.312+0100	INFO	IDSS	server/idss_main.go:598	Query sent to peer Qmcq2Fi6i1ufA6cWD5PhHCbDcLbXz3zr43gmqZD7auG977, awaiting for response
2024-10-30T16:32:49.312+0100	INFO	IDSS	server/idss_main.go:598	Query sent to peer QmX87h1VTfYQK5n2DCVHzHua6YV21QVTxtn6JQD4P6Up3k, awaiting for response
2024-10-30T16:32:49.313+0100	INFO	IDSS	server/idss_main.go:364	Received incoming from QmaUyzWdNRMfEHLTVieiUysBr8vC2N3VUexp92Jcjdi4QZ
2024-10-30T16:32:49.329+0100	INFO	IDSS	server/idss_main.go:400	Query received:
On peer QmPa1Dgwnygc7axb9ugagryGhqCpTAe69BYov3WdJUpGQu 
UQI: QmVT4nXkCcghnSgaxCMuF3seddRXZCZSajtdrfGJXDxmZB-1730302369075974629
TTL: 1.125000 
From: QmaUyzWdNRMfEHLTVieiUysBr8vC2N3VUexp92Jcjdi4QZ
2024-10-30T16:32:49.363+0100	WARN	IDSS	server/idss_main.go:409	Duplicate query received on Peer: QmPa1Dgwnygc7axb9ugagryGhqCpTAe69BYov3WdJUpGQu get Client
 (UQI: QmVT4nXkCcghnSgaxCMuF3seddRXZCZSajtdrfGJXDxmZB-1730302369075974629)
2024-10-30T16:32:49.387+0100	INFO	IDSS	server/idss_main.go:364	Received incoming from QmZajqudreu5rkvjDADMY7g16UitD7RkWSQpr7cBaf5R8f
2024-10-30T16:32:49.387+0100	INFO	IDSS	server/idss_main.go:400	Query received:
On peer QmPa1Dgwnygc7axb9ugagryGhqCpTAe69BYov3WdJUpGQu 
UQI: QmVT4nXkCcghnSgaxCMuF3seddRXZCZSajtdrfGJXDxmZB-1730302369075974629
TTL: 1.125000 
From: QmZajqudreu5rkvjDADMY7g16UitD7RkWSQpr7cBaf5R8f
2024-10-30T16:32:49.388+0100	INFO	IDSS	server/idss_main.go:364	Received incoming from QmQpQXB1b7TmgWsv6pvRMqwMMPyn1sJ7SbjuhdK6r5daQG
2024-10-30T16:32:49.389+0100	INFO	IDSS	server/idss_main.go:364	Received incoming from QmTS2oW64P5TvNk61d5Hj9P4AFim7J9Dtp9sNQ14mdrhqx
2024-10-30T16:32:49.389+0100	INFO	IDSS	server/idss_main.go:400	Query received:
On peer QmPa1Dgwnygc7axb9ugagryGhqCpTAe69BYov3WdJUpGQu 
UQI: QmVT4nXkCcghnSgaxCMuF3seddRXZCZSajtdrfGJXDxmZB-1730302369075974629
TTL: 1.125000 
From: QmQpQXB1b7TmgWsv6pvRMqwMMPyn1sJ7SbjuhdK6r5daQG
2024-10-30T16:32:49.390+0100	WARN	IDSS	server/idss_main.go:409	Duplicate query received on Peer: QmPa1Dgwnygc7axb9ugagryGhqCpTAe69BYov3WdJUpGQu get Client
 (UQI: QmVT4nXkCcghnSgaxCMuF3seddRXZCZSajtdrfGJXDxmZB-1730302369075974629)
2024-10-30T16:32:49.394+0100	INFO	IDSS	server/idss_main.go:400	Query received:
On peer QmPa1Dgwnygc7axb9ugagryGhqCpTAe69BYov3WdJUpGQu 
UQI: QmVT4nXkCcghnSgaxCMuF3seddRXZCZSajtdrfGJXDxmZB-1730302369075974629
TTL: 1.125000 
From: QmTS2oW64P5TvNk61d5Hj9P4AFim7J9Dtp9sNQ14mdrhqx
2024-10-30T16:32:49.396+0100	WARN	IDSS	server/idss_main.go:409	Duplicate query received on Peer: QmPa1Dgwnygc7axb9ugagryGhqCpTAe69BYov3WdJUpGQu get Client
 (UQI: QmVT4nXkCcghnSgaxCMuF3seddRXZCZSajtdrfGJXDxmZB-1730302369075974629)
2024-10-30T16:32:49.400+0100	WARN	IDSS	server/idss_main.go:409	Duplicate query received on Peer: QmPa1Dgwnygc7axb9ugagryGhqCpTAe69BYov3WdJUpGQu get Client
 (UQI: QmVT4nXkCcghnSgaxCMuF3seddRXZCZSajtdrfGJXDxmZB-1730302369075974629)
2024-10-30T16:32:49.431+0100	INFO	IDSS	server/idss_main.go:364	Received incoming from QmbvLEyecLKJzWEaF1DwJjSpjjFZhytBLyvaLPyV6JB5Jx
2024-10-30T16:32:49.431+0100	INFO	IDSS	server/idss_main.go:400	Query received:
On peer QmPa1Dgwnygc7axb9ugagryGhqCpTAe69BYov3WdJUpGQu 
UQI: QmVT4nXkCcghnSgaxCMuF3seddRXZCZSajtdrfGJXDxmZB-1730302369075974629
TTL: 1.125000 
From: QmbvLEyecLKJzWEaF1DwJjSpjjFZhytBLyvaLPyV6JB5Jx
2024-10-30T16:32:49.432+0100	WARN	IDSS	server/idss_main.go:409	Duplicate query received on Peer: QmPa1Dgwnygc7axb9ugagryGhqCpTAe69BYov3WdJUpGQu get Client
 (UQI: QmVT4nXkCcghnSgaxCMuF3seddRXZCZSajtdrfGJXDxmZB-1730302369075974629)
2024-10-30T16:32:49.497+0100	INFO	IDSS	server/idss_main.go:364	Received incoming from QmaCZ6PGzv7TqjNbcyVqzfH5KsuX5YE4AE1QYDCDcK49Ep
2024-10-30T16:32:49.497+0100	INFO	IDSS	server/idss_main.go:400	Query received:
On peer QmPa1Dgwnygc7axb9ugagryGhqCpTAe69BYov3WdJUpGQu 
UQI: QmVT4nXkCcghnSgaxCMuF3seddRXZCZSajtdrfGJXDxmZB-1730302369075974629
TTL: 1.125000 
From: QmaCZ6PGzv7TqjNbcyVqzfH5KsuX5YE4AE1QYDCDcK49Ep
2024-10-30T16:32:49.498+0100	WARN	IDSS	server/idss_main.go:409	Duplicate query received on Peer: QmPa1Dgwnygc7axb9ugagryGhqCpTAe69BYov3WdJUpGQu get Client
 (UQI: QmVT4nXkCcghnSgaxCMuF3seddRXZCZSajtdrfGJXDxmZB-1730302369075974629)
2024-10-30T16:32:50.420+0100	WARN	IDSS	server/idss_main.go:604	Response timeout from peer QmbvLEyecLKJzWEaF1DwJjSpjjFZhytBLyvaLPyV6JB5Jx
2024-10-30T16:32:50.420+0100	WARN	IDSS	server/idss_main.go:604	Response timeout from peer QmZV3TbhWtfrDkYAnFJVMYUZUU9fMYp7UJzjfCHDv9qr5A
2024-10-30T16:32:50.420+0100	WARN	IDSS	server/idss_main.go:604	Response timeout from peer QmQgd2SGH3tGMf4Au184f2euzY4RoDshacFDnDLJUH5Bke
2024-10-30T16:32:50.420+0100	WARN	IDSS	server/idss_main.go:604	Response timeout from peer QmZajqudreu5rkvjDADMY7g16UitD7RkWSQpr7cBaf5R8f
2024-10-30T16:32:50.420+0100	WARN	IDSS	server/idss_main.go:604	Response timeout from peer QmaCZ6PGzv7TqjNbcyVqzfH5KsuX5YE4AE1QYDCDcK49Ep
2024-10-30T16:32:50.420+0100	WARN	IDSS	server/idss_main.go:604	Response timeout from peer QmQpQXB1b7TmgWsv6pvRMqwMMPyn1sJ7SbjuhdK6r5daQG
2024-10-30T16:32:50.420+0100	WARN	IDSS	server/idss_main.go:604	Response timeout from peer QmY3KziLnhU6RCNc9uSgBaP6CZFwSUUMij2XXcNYC6mUX4
2024-10-30T16:32:50.421+0100	WARN	IDSS	server/idss_main.go:604	Response timeout from peer QmaUyzWdNRMfEHLTVieiUysBr8vC2N3VUexp92Jcjdi4QZ
2024-10-30T16:32:50.421+0100	WARN	IDSS	server/idss_main.go:604	Response timeout from peer QmTS2oW64P5TvNk61d5Hj9P4AFim7J9Dtp9sNQ14mdrhqx
2024-10-30T16:32:50.421+0100	WARN	IDSS	server/idss_main.go:604	Response timeout from peer QmTjaGMytF5yVvUt7xwPyQMMdaxK53sBp8mnWAFQb4RVg8
2024-10-30T16:32:50.421+0100	WARN	IDSS	server/idss_main.go:604	Response timeout from peer QmX87h1VTfYQK5n2DCVHzHua6YV21QVTxtn6JQD4P6Up3k
2024-10-30T16:32:50.421+0100	WARN	IDSS	server/idss_main.go:604	Response timeout from peer Qmcq2Fi6i1ufA6cWD5PhHCbDcLbXz3zr43gmqZD7auG977
2024-10-30T16:32:50.422+0100	INFO	IDSS	server/idss_main.go:658	DONE merging local and remote results
2024-10-30T16:32:50.457+0100	INFO	IDSS	server/idss_main.go:695	This is an intermediate peer QmPa1Dgwnygc7axb9ugagryGhqCpTAe69BYov3WdJUpGQu. Merging results to send to parent peer QmPa1Dgwnygc7axb9ugagryGhqCpTAe69BYov3WdJUpGQu
2024-10-30T16:32:50.457+0100	INFO	IDSS	server/idss_main.go:710	Sending merged result to peer QmYzmFZrD7oeB5Ln2Qkz4FKJ6X5amj7quked8RJUHQGty4
2024-10-30T16:32:50.457+0100	INFO	IDSS	server/idss_main.go:712	Record count: 100
2024-10-30T16:32:50.457+0100	INFO	IDSS	server/idss_main.go:731	Successfully sent merged result to peer QmYzmFZrD7oeB5Ln2Qkz4FKJ6X5amj7quked8RJUHQGty4
2024-10-30T16:33:03.290+0100	INFO	IDSS	server/idss_main.go:364	Received incoming from QmYzmFZrD7oeB5Ln2Qkz4FKJ6X5amj7quked8RJUHQGty4
2024-10-30T16:33:03.291+0100	INFO	IDSS	server/idss_main.go:400	Query received:
On peer QmPa1Dgwnygc7axb9ugagryGhqCpTAe69BYov3WdJUpGQu 
UQI: QmVT4nXkCcghnSgaxCMuF3seddRXZCZSajtdrfGJXDxmZB-1730302383238050570
TTL: 1.500000 
From: QmYzmFZrD7oeB5Ln2Qkz4FKJ6X5amj7quked8RJUHQGty4
2024-10-30T16:33:03.377+0100	INFO	IDSS	server/idss_main.go:417	This is a new query on this peer
2024-10-30T16:33:03.377+0100	INFO	IDSS	server/idss_main.go:423	Entering executeAndBroadcastQuery...
2024-10-30T16:33:03.377+0100	INFO	IDSS	server/idss_main.go:857	Executing get Client
 locally in QmPa1Dgwnygc7axb9ugagryGhqCpTAe69BYov3WdJUpGQu
2024-10-30T16:33:03.463+0100	INFO	IDSS	server/idss_main.go:364	Received incoming from QmaCZ6PGzv7TqjNbcyVqzfH5KsuX5YE4AE1QYDCDcK49Ep
2024-10-30T16:33:03.463+0100	INFO	IDSS	server/idss_main.go:400	Query received:
On peer QmPa1Dgwnygc7axb9ugagryGhqCpTAe69BYov3WdJUpGQu 
UQI: QmVT4nXkCcghnSgaxCMuF3seddRXZCZSajtdrfGJXDxmZB-1730302383238050570
TTL: 1.125000 
From: QmaCZ6PGzv7TqjNbcyVqzfH5KsuX5YE4AE1QYDCDcK49Ep
2024-10-30T16:33:03.464+0100	INFO	IDSS	server/idss_main.go:364	Received incoming from QmZV3TbhWtfrDkYAnFJVMYUZUU9fMYp7UJzjfCHDv9qr5A
2024-10-30T16:33:03.464+0100	INFO	IDSS	server/idss_main.go:400	Query received:
On peer QmPa1Dgwnygc7axb9ugagryGhqCpTAe69BYov3WdJUpGQu 
UQI: QmVT4nXkCcghnSgaxCMuF3seddRXZCZSajtdrfGJXDxmZB-1730302383238050570
TTL: 1.125000 
From: QmZV3TbhWtfrDkYAnFJVMYUZUU9fMYp7UJzjfCHDv9qr5A
2024-10-30T16:33:03.476+0100	WARN	IDSS	server/idss_main.go:409	Duplicate query received on Peer: QmPa1Dgwnygc7axb9ugagryGhqCpTAe69BYov3WdJUpGQu get Client
 (UQI: QmVT4nXkCcghnSgaxCMuF3seddRXZCZSajtdrfGJXDxmZB-1730302383238050570)
2024-10-30T16:33:03.476+0100	WARN	IDSS	server/idss_main.go:409	Duplicate query received on Peer: QmPa1Dgwnygc7axb9ugagryGhqCpTAe69BYov3WdJUpGQu get Client
 (UQI: QmVT4nXkCcghnSgaxCMuF3seddRXZCZSajtdrfGJXDxmZB-1730302383238050570)
2024-10-30T16:33:03.476+0100	INFO	IDSS	server/idss_main.go:449	Local query executed successfully
2024-10-30T16:33:03.481+0100	INFO	IDSS	server/idss_main.go:463	Sender address updated to: QmPa1Dgwnygc7axb9ugagryGhqCpTAe69BYov3WdJUpGQu
2024-10-30T16:33:03.481+0100	INFO	IDSS	server/idss_main.go:513	Broadcasting query in peer: QmPa1Dgwnygc7axb9ugagryGhqCpTAe69BYov3WdJUpGQu, Parent peer QmYzmFZrD7oeB5Ln2Qkz4FKJ6X5amj7quked8RJUHQGty4 
2024-10-30T16:33:03.481+0100	INFO	IDSS	server/idss_main.go:545	TTL in QmPa1Dgwnygc7axb9ugagryGhqCpTAe69BYov3WdJUpGQu after decrement: 1.125000
2024-10-30T16:33:03.481+0100	INFO	IDSS	server/idss_main.go:644	Peer QmPa1Dgwnygc7axb9ugagryGhqCpTAe69BYov3WdJUpGQu waiting for overlay peers results...
2024-10-30T16:33:03.481+0100	INFO	IDSS	server/idss_main.go:651	Overlay peers peer results collected, start merging...
2024-10-30T16:33:03.481+0100	INFO	IDSS	server/idss_main.go:598	Query sent to peer QmY3KziLnhU6RCNc9uSgBaP6CZFwSUUMij2XXcNYC6mUX4, awaiting for response
2024-10-30T16:33:03.481+0100	INFO	IDSS	server/idss_main.go:598	Query sent to peer QmbvLEyecLKJzWEaF1DwJjSpjjFZhytBLyvaLPyV6JB5Jx, awaiting for response
2024-10-30T16:33:03.482+0100	INFO	IDSS	server/idss_main.go:598	Query sent to peer QmZajqudreu5rkvjDADMY7g16UitD7RkWSQpr7cBaf5R8f, awaiting for response
2024-10-30T16:33:03.482+0100	INFO	IDSS	server/idss_main.go:598	Query sent to peer QmQpQXB1b7TmgWsv6pvRMqwMMPyn1sJ7SbjuhdK6r5daQG, awaiting for response
2024-10-30T16:33:03.483+0100	INFO	IDSS	server/idss_main.go:598	Query sent to peer QmQgd2SGH3tGMf4Au184f2euzY4RoDshacFDnDLJUH5Bke, awaiting for response
2024-10-30T16:33:03.484+0100	INFO	IDSS	server/idss_main.go:598	Query sent to peer QmZV3TbhWtfrDkYAnFJVMYUZUU9fMYp7UJzjfCHDv9qr5A, awaiting for response
2024-10-30T16:33:03.486+0100	INFO	IDSS	server/idss_main.go:598	Query sent to peer QmaCZ6PGzv7TqjNbcyVqzfH5KsuX5YE4AE1QYDCDcK49Ep, awaiting for response
2024-10-30T16:33:03.486+0100	INFO	IDSS	server/idss_main.go:598	Query sent to peer QmTjaGMytF5yVvUt7xwPyQMMdaxK53sBp8mnWAFQb4RVg8, awaiting for response
2024-10-30T16:33:03.486+0100	INFO	IDSS	server/idss_main.go:598	Query sent to peer Qmcq2Fi6i1ufA6cWD5PhHCbDcLbXz3zr43gmqZD7auG977, awaiting for response
2024-10-30T16:33:03.487+0100	INFO	IDSS	server/idss_main.go:598	Query sent to peer QmX87h1VTfYQK5n2DCVHzHua6YV21QVTxtn6JQD4P6Up3k, awaiting for response
2024-10-30T16:33:03.491+0100	INFO	IDSS	server/idss_main.go:364	Received incoming from QmbvLEyecLKJzWEaF1DwJjSpjjFZhytBLyvaLPyV6JB5Jx
2024-10-30T16:33:03.492+0100	INFO	IDSS	server/idss_main.go:400	Query received:
On peer QmPa1Dgwnygc7axb9ugagryGhqCpTAe69BYov3WdJUpGQu 
UQI: QmVT4nXkCcghnSgaxCMuF3seddRXZCZSajtdrfGJXDxmZB-1730302383238050570
TTL: 1.125000 
From: QmbvLEyecLKJzWEaF1DwJjSpjjFZhytBLyvaLPyV6JB5Jx
2024-10-30T16:33:03.493+0100	WARN	IDSS	server/idss_main.go:409	Duplicate query received on Peer: QmPa1Dgwnygc7axb9ugagryGhqCpTAe69BYov3WdJUpGQu get Client
 (UQI: QmVT4nXkCcghnSgaxCMuF3seddRXZCZSajtdrfGJXDxmZB-1730302383238050570)
2024-10-30T16:33:03.493+0100	INFO	IDSS	server/idss_main.go:364	Received incoming from QmZajqudreu5rkvjDADMY7g16UitD7RkWSQpr7cBaf5R8f
2024-10-30T16:33:03.493+0100	INFO	IDSS	server/idss_main.go:400	Query received:
On peer QmPa1Dgwnygc7axb9ugagryGhqCpTAe69BYov3WdJUpGQu 
UQI: QmVT4nXkCcghnSgaxCMuF3seddRXZCZSajtdrfGJXDxmZB-1730302383238050570
TTL: 1.125000 
From: QmZajqudreu5rkvjDADMY7g16UitD7RkWSQpr7cBaf5R8f
2024-10-30T16:33:03.494+0100	WARN	IDSS	server/idss_main.go:409	Duplicate query received on Peer: QmPa1Dgwnygc7axb9ugagryGhqCpTAe69BYov3WdJUpGQu get Client
 (UQI: QmVT4nXkCcghnSgaxCMuF3seddRXZCZSajtdrfGJXDxmZB-1730302383238050570)
2024-10-30T16:33:03.494+0100	INFO	IDSS	server/idss_main.go:364	Received incoming from Qmcq2Fi6i1ufA6cWD5PhHCbDcLbXz3zr43gmqZD7auG977
2024-10-30T16:33:03.495+0100	INFO	IDSS	server/idss_main.go:400	Query received:
On peer QmPa1Dgwnygc7axb9ugagryGhqCpTAe69BYov3WdJUpGQu 
UQI: QmVT4nXkCcghnSgaxCMuF3seddRXZCZSajtdrfGJXDxmZB-1730302383238050570
TTL: 1.125000 
From: Qmcq2Fi6i1ufA6cWD5PhHCbDcLbXz3zr43gmqZD7auG977
2024-10-30T16:33:03.495+0100	WARN	IDSS	server/idss_main.go:409	Duplicate query received on Peer: QmPa1Dgwnygc7axb9ugagryGhqCpTAe69BYov3WdJUpGQu get Client
 (UQI: QmVT4nXkCcghnSgaxCMuF3seddRXZCZSajtdrfGJXDxmZB-1730302383238050570)
2024-10-30T16:33:03.495+0100	INFO	IDSS	server/idss_main.go:364	Received incoming from QmTjaGMytF5yVvUt7xwPyQMMdaxK53sBp8mnWAFQb4RVg8
2024-10-30T16:33:03.495+0100	INFO	IDSS	server/idss_main.go:400	Query received:
On peer QmPa1Dgwnygc7axb9ugagryGhqCpTAe69BYov3WdJUpGQu 
UQI: QmVT4nXkCcghnSgaxCMuF3seddRXZCZSajtdrfGJXDxmZB-1730302383238050570
TTL: 1.125000 
From: QmTjaGMytF5yVvUt7xwPyQMMdaxK53sBp8mnWAFQb4RVg8
2024-10-30T16:33:03.496+0100	WARN	IDSS	server/idss_main.go:409	Duplicate query received on Peer: QmPa1Dgwnygc7axb9ugagryGhqCpTAe69BYov3WdJUpGQu get Client
 (UQI: QmVT4nXkCcghnSgaxCMuF3seddRXZCZSajtdrfGJXDxmZB-1730302383238050570)
2024-10-30T16:33:03.496+0100	INFO	IDSS	server/idss_main.go:364	Received incoming from QmaUyzWdNRMfEHLTVieiUysBr8vC2N3VUexp92Jcjdi4QZ
2024-10-30T16:33:03.497+0100	INFO	IDSS	server/idss_main.go:400	Query received:
On peer QmPa1Dgwnygc7axb9ugagryGhqCpTAe69BYov3WdJUpGQu 
UQI: QmVT4nXkCcghnSgaxCMuF3seddRXZCZSajtdrfGJXDxmZB-1730302383238050570
TTL: 1.125000 
From: QmaUyzWdNRMfEHLTVieiUysBr8vC2N3VUexp92Jcjdi4QZ
2024-10-30T16:33:03.497+0100	WARN	IDSS	server/idss_main.go:409	Duplicate query received on Peer: QmPa1Dgwnygc7axb9ugagryGhqCpTAe69BYov3WdJUpGQu get Client
 (UQI: QmVT4nXkCcghnSgaxCMuF3seddRXZCZSajtdrfGJXDxmZB-1730302383238050570)
2024-10-30T16:33:03.507+0100	INFO	IDSS	server/idss_main.go:364	Received incoming from QmTS2oW64P5TvNk61d5Hj9P4AFim7J9Dtp9sNQ14mdrhqx
2024-10-30T16:33:03.507+0100	INFO	IDSS	server/idss_main.go:598	Query sent to peer QmTS2oW64P5TvNk61d5Hj9P4AFim7J9Dtp9sNQ14mdrhqx, awaiting for response
2024-10-30T16:33:03.507+0100	INFO	IDSS	server/idss_main.go:598	Query sent to peer QmaUyzWdNRMfEHLTVieiUysBr8vC2N3VUexp92Jcjdi4QZ, awaiting for response
2024-10-30T16:33:03.507+0100	INFO	IDSS	server/idss_main.go:400	Query received:
On peer QmPa1Dgwnygc7axb9ugagryGhqCpTAe69BYov3WdJUpGQu 
UQI: QmVT4nXkCcghnSgaxCMuF3seddRXZCZSajtdrfGJXDxmZB-1730302383238050570
TTL: 1.125000 
From: QmTS2oW64P5TvNk61d5Hj9P4AFim7J9Dtp9sNQ14mdrhqx
2024-10-30T16:33:03.509+0100	WARN	IDSS	server/idss_main.go:409	Duplicate query received on Peer: QmPa1Dgwnygc7axb9ugagryGhqCpTAe69BYov3WdJUpGQu get Client
 (UQI: QmVT4nXkCcghnSgaxCMuF3seddRXZCZSajtdrfGJXDxmZB-1730302383238050570)
2024-10-30T16:33:03.548+0100	INFO	IDSS	server/idss_main.go:364	Received incoming from QmQgd2SGH3tGMf4Au184f2euzY4RoDshacFDnDLJUH5Bke
2024-10-30T16:33:03.549+0100	INFO	IDSS	server/idss_main.go:400	Query received:
On peer QmPa1Dgwnygc7axb9ugagryGhqCpTAe69BYov3WdJUpGQu 
UQI: QmVT4nXkCcghnSgaxCMuF3seddRXZCZSajtdrfGJXDxmZB-1730302383238050570
TTL: 1.125000 
From: QmQgd2SGH3tGMf4Au184f2euzY4RoDshacFDnDLJUH5Bke
2024-10-30T16:33:03.552+0100	WARN	IDSS	server/idss_main.go:409	Duplicate query received on Peer: QmPa1Dgwnygc7axb9ugagryGhqCpTAe69BYov3WdJUpGQu get Client
 (UQI: QmVT4nXkCcghnSgaxCMuF3seddRXZCZSajtdrfGJXDxmZB-1730302383238050570)
2024-10-30T16:33:03.553+0100	INFO	IDSS	server/idss_main.go:364	Received incoming from QmY3KziLnhU6RCNc9uSgBaP6CZFwSUUMij2XXcNYC6mUX4
2024-10-30T16:33:03.553+0100	INFO	IDSS	server/idss_main.go:400	Query received:
On peer QmPa1Dgwnygc7axb9ugagryGhqCpTAe69BYov3WdJUpGQu 
UQI: QmVT4nXkCcghnSgaxCMuF3seddRXZCZSajtdrfGJXDxmZB-1730302383238050570
TTL: 1.125000 
From: QmY3KziLnhU6RCNc9uSgBaP6CZFwSUUMij2XXcNYC6mUX4
2024-10-30T16:33:03.554+0100	WARN	IDSS	server/idss_main.go:409	Duplicate query received on Peer: QmPa1Dgwnygc7axb9ugagryGhqCpTAe69BYov3WdJUpGQu get Client
 (UQI: QmVT4nXkCcghnSgaxCMuF3seddRXZCZSajtdrfGJXDxmZB-1730302383238050570)
2024-10-30T16:33:03.617+0100	INFO	IDSS	server/idss_main.go:364	Received incoming from QmX87h1VTfYQK5n2DCVHzHua6YV21QVTxtn6JQD4P6Up3k
2024-10-30T16:33:03.617+0100	INFO	IDSS	server/idss_main.go:400	Query received:
On peer QmPa1Dgwnygc7axb9ugagryGhqCpTAe69BYov3WdJUpGQu 
UQI: QmVT4nXkCcghnSgaxCMuF3seddRXZCZSajtdrfGJXDxmZB-1730302383238050570
TTL: 1.125000 
From: QmX87h1VTfYQK5n2DCVHzHua6YV21QVTxtn6JQD4P6Up3k
2024-10-30T16:33:03.618+0100	WARN	IDSS	server/idss_main.go:409	Duplicate query received on Peer: QmPa1Dgwnygc7axb9ugagryGhqCpTAe69BYov3WdJUpGQu get Client
 (UQI: QmVT4nXkCcghnSgaxCMuF3seddRXZCZSajtdrfGJXDxmZB-1730302383238050570)
2024-10-30T16:33:03.688+0100	INFO	IDSS	server/idss_main.go:364	Received incoming from QmQpQXB1b7TmgWsv6pvRMqwMMPyn1sJ7SbjuhdK6r5daQG
2024-10-30T16:33:03.689+0100	INFO	IDSS	server/idss_main.go:400	Query received:
On peer QmPa1Dgwnygc7axb9ugagryGhqCpTAe69BYov3WdJUpGQu 
UQI: QmVT4nXkCcghnSgaxCMuF3seddRXZCZSajtdrfGJXDxmZB-1730302383238050570
TTL: 1.125000 
From: QmQpQXB1b7TmgWsv6pvRMqwMMPyn1sJ7SbjuhdK6r5daQG
2024-10-30T16:33:03.690+0100	WARN	IDSS	server/idss_main.go:409	Duplicate query received on Peer: QmPa1Dgwnygc7axb9ugagryGhqCpTAe69BYov3WdJUpGQu get Client
 (UQI: QmVT4nXkCcghnSgaxCMuF3seddRXZCZSajtdrfGJXDxmZB-1730302383238050570)
2024-10-30T16:33:04.607+0100	WARN	IDSS	server/idss_main.go:604	Response timeout from peer QmY3KziLnhU6RCNc9uSgBaP6CZFwSUUMij2XXcNYC6mUX4
2024-10-30T16:33:04.607+0100	WARN	IDSS	server/idss_main.go:604	Response timeout from peer QmbvLEyecLKJzWEaF1DwJjSpjjFZhytBLyvaLPyV6JB5Jx
2024-10-30T16:33:04.607+0100	WARN	IDSS	server/idss_main.go:604	Response timeout from peer QmZajqudreu5rkvjDADMY7g16UitD7RkWSQpr7cBaf5R8f
2024-10-30T16:33:04.607+0100	WARN	IDSS	server/idss_main.go:604	Response timeout from peer QmQpQXB1b7TmgWsv6pvRMqwMMPyn1sJ7SbjuhdK6r5daQG
2024-10-30T16:33:04.611+0100	WARN	IDSS	server/idss_main.go:604	Response timeout from peer QmQgd2SGH3tGMf4Au184f2euzY4RoDshacFDnDLJUH5Bke
2024-10-30T16:33:04.611+0100	WARN	IDSS	server/idss_main.go:604	Response timeout from peer QmZV3TbhWtfrDkYAnFJVMYUZUU9fMYp7UJzjfCHDv9qr5A
2024-10-30T16:33:04.611+0100	WARN	IDSS	server/idss_main.go:604	Response timeout from peer QmaCZ6PGzv7TqjNbcyVqzfH5KsuX5YE4AE1QYDCDcK49Ep
2024-10-30T16:33:04.611+0100	WARN	IDSS	server/idss_main.go:604	Response timeout from peer QmTjaGMytF5yVvUt7xwPyQMMdaxK53sBp8mnWAFQb4RVg8
2024-10-30T16:33:04.611+0100	WARN	IDSS	server/idss_main.go:604	Response timeout from peer Qmcq2Fi6i1ufA6cWD5PhHCbDcLbXz3zr43gmqZD7auG977
2024-10-30T16:33:04.613+0100	WARN	IDSS	server/idss_main.go:604	Response timeout from peer QmX87h1VTfYQK5n2DCVHzHua6YV21QVTxtn6JQD4P6Up3k
2024-10-30T16:33:04.632+0100	WARN	IDSS	server/idss_main.go:604	Response timeout from peer QmaUyzWdNRMfEHLTVieiUysBr8vC2N3VUexp92Jcjdi4QZ
2024-10-30T16:33:04.633+0100	WARN	IDSS	server/idss_main.go:604	Response timeout from peer QmTS2oW64P5TvNk61d5Hj9P4AFim7J9Dtp9sNQ14mdrhqx
2024-10-30T16:33:04.633+0100	INFO	IDSS	server/idss_main.go:658	DONE merging local and remote results
2024-10-30T16:33:04.664+0100	INFO	IDSS	server/idss_main.go:695	This is an intermediate peer QmPa1Dgwnygc7axb9ugagryGhqCpTAe69BYov3WdJUpGQu. Merging results to send to parent peer QmPa1Dgwnygc7axb9ugagryGhqCpTAe69BYov3WdJUpGQu
2024-10-30T16:33:04.664+0100	INFO	IDSS	server/idss_main.go:710	Sending merged result to peer QmYzmFZrD7oeB5Ln2Qkz4FKJ6X5amj7quked8RJUHQGty4
2024-10-30T16:33:04.664+0100	INFO	IDSS	server/idss_main.go:712	Record count: 100
2024-10-30T16:33:04.664+0100	INFO	IDSS	server/idss_main.go:731	Successfully sent merged result to peer QmYzmFZrD7oeB5Ln2Qkz4FKJ6X5amj7quked8RJUHQGty4
2024-10-30T16:33:26.079+0100	INFO	IDSS	server/idss_main.go:364	Received incoming from QmYzmFZrD7oeB5Ln2Qkz4FKJ6X5amj7quked8RJUHQGty4
2024-10-30T16:33:26.079+0100	INFO	IDSS	server/idss_main.go:400	Query received:
On peer QmPa1Dgwnygc7axb9ugagryGhqCpTAe69BYov3WdJUpGQu 
UQI: QmVT4nXkCcghnSgaxCMuF3seddRXZCZSajtdrfGJXDxmZB-1730302406007796947
TTL: 1.500000 
From: QmYzmFZrD7oeB5Ln2Qkz4FKJ6X5amj7quked8RJUHQGty4
2024-10-30T16:33:26.246+0100	INFO	IDSS	server/idss_main.go:417	This is a new query on this peer
2024-10-30T16:33:26.246+0100	INFO	IDSS	server/idss_main.go:423	Entering executeAndBroadcastQuery...
2024-10-30T16:33:26.246+0100	INFO	IDSS	server/idss_main.go:857	Executing get Client
 locally in QmPa1Dgwnygc7axb9ugagryGhqCpTAe69BYov3WdJUpGQu
2024-10-30T16:33:26.305+0100	INFO	IDSS	server/idss_main.go:364	Received incoming from QmbvLEyecLKJzWEaF1DwJjSpjjFZhytBLyvaLPyV6JB5Jx
2024-10-30T16:33:26.305+0100	INFO	IDSS	server/idss_main.go:400	Query received:
On peer QmPa1Dgwnygc7axb9ugagryGhqCpTAe69BYov3WdJUpGQu 
UQI: QmVT4nXkCcghnSgaxCMuF3seddRXZCZSajtdrfGJXDxmZB-1730302406007796947
TTL: 1.125000 
From: QmbvLEyecLKJzWEaF1DwJjSpjjFZhytBLyvaLPyV6JB5Jx
2024-10-30T16:33:26.308+0100	INFO	IDSS	server/idss_main.go:364	Received incoming from QmTjaGMytF5yVvUt7xwPyQMMdaxK53sBp8mnWAFQb4RVg8
2024-10-30T16:33:26.308+0100	INFO	IDSS	server/idss_main.go:400	Query received:
On peer QmPa1Dgwnygc7axb9ugagryGhqCpTAe69BYov3WdJUpGQu 
UQI: QmVT4nXkCcghnSgaxCMuF3seddRXZCZSajtdrfGJXDxmZB-1730302406007796947
TTL: 1.125000 
From: QmTjaGMytF5yVvUt7xwPyQMMdaxK53sBp8mnWAFQb4RVg8
2024-10-30T16:33:26.316+0100	INFO	IDSS	server/idss_main.go:364	Received incoming from Qmcq2Fi6i1ufA6cWD5PhHCbDcLbXz3zr43gmqZD7auG977
2024-10-30T16:33:26.316+0100	INFO	IDSS	server/idss_main.go:400	Query received:
On peer QmPa1Dgwnygc7axb9ugagryGhqCpTAe69BYov3WdJUpGQu 
UQI: QmVT4nXkCcghnSgaxCMuF3seddRXZCZSajtdrfGJXDxmZB-1730302406007796947
TTL: 1.125000 
From: Qmcq2Fi6i1ufA6cWD5PhHCbDcLbXz3zr43gmqZD7auG977
2024-10-30T16:33:26.324+0100	INFO	IDSS	server/idss_main.go:364	Received incoming from QmaCZ6PGzv7TqjNbcyVqzfH5KsuX5YE4AE1QYDCDcK49Ep
2024-10-30T16:33:26.324+0100	INFO	IDSS	server/idss_main.go:400	Query received:
On peer QmPa1Dgwnygc7axb9ugagryGhqCpTAe69BYov3WdJUpGQu 
UQI: QmVT4nXkCcghnSgaxCMuF3seddRXZCZSajtdrfGJXDxmZB-1730302406007796947
TTL: 1.125000 
From: QmaCZ6PGzv7TqjNbcyVqzfH5KsuX5YE4AE1QYDCDcK49Ep
2024-10-30T16:33:26.334+0100	INFO	IDSS	server/idss_main.go:364	Received incoming from QmZV3TbhWtfrDkYAnFJVMYUZUU9fMYp7UJzjfCHDv9qr5A
2024-10-30T16:33:26.334+0100	INFO	IDSS	server/idss_main.go:449	Local query executed successfully
2024-10-30T16:33:26.335+0100	INFO	IDSS	server/idss_main.go:400	Query received:
On peer QmPa1Dgwnygc7axb9ugagryGhqCpTAe69BYov3WdJUpGQu 
UQI: QmVT4nXkCcghnSgaxCMuF3seddRXZCZSajtdrfGJXDxmZB-1730302406007796947
TTL: 1.125000 
From: QmZV3TbhWtfrDkYAnFJVMYUZUU9fMYp7UJzjfCHDv9qr5A
2024-10-30T16:33:26.335+0100	INFO	IDSS	server/idss_main.go:463	Sender address updated to: QmPa1Dgwnygc7axb9ugagryGhqCpTAe69BYov3WdJUpGQu
2024-10-30T16:33:26.335+0100	INFO	IDSS	server/idss_main.go:513	Broadcasting query in peer: QmPa1Dgwnygc7axb9ugagryGhqCpTAe69BYov3WdJUpGQu, Parent peer QmYzmFZrD7oeB5Ln2Qkz4FKJ6X5amj7quked8RJUHQGty4 
2024-10-30T16:33:26.335+0100	INFO	IDSS	server/idss_main.go:545	TTL in QmPa1Dgwnygc7axb9ugagryGhqCpTAe69BYov3WdJUpGQu after decrement: 1.125000
2024-10-30T16:33:26.335+0100	INFO	IDSS	server/idss_main.go:644	Peer QmPa1Dgwnygc7axb9ugagryGhqCpTAe69BYov3WdJUpGQu waiting for overlay peers results...
2024-10-30T16:33:26.335+0100	INFO	IDSS	server/idss_main.go:651	Overlay peers peer results collected, start merging...
2024-10-30T16:33:26.335+0100	WARN	IDSS	server/idss_main.go:409	Duplicate query received on Peer: QmPa1Dgwnygc7axb9ugagryGhqCpTAe69BYov3WdJUpGQu get Client
 (UQI: QmVT4nXkCcghnSgaxCMuF3seddRXZCZSajtdrfGJXDxmZB-1730302406007796947)
2024-10-30T16:33:26.335+0100	INFO	IDSS	server/idss_main.go:598	Query sent to peer QmQgd2SGH3tGMf4Au184f2euzY4RoDshacFDnDLJUH5Bke, awaiting for response
2024-10-30T16:33:26.335+0100	WARN	IDSS	server/idss_main.go:409	Duplicate query received on Peer: QmPa1Dgwnygc7axb9ugagryGhqCpTAe69BYov3WdJUpGQu get Client
 (UQI: QmVT4nXkCcghnSgaxCMuF3seddRXZCZSajtdrfGJXDxmZB-1730302406007796947)
2024-10-30T16:33:26.336+0100	INFO	IDSS	server/idss_main.go:598	Query sent to peer QmZV3TbhWtfrDkYAnFJVMYUZUU9fMYp7UJzjfCHDv9qr5A, awaiting for response
2024-10-30T16:33:26.336+0100	WARN	IDSS	server/idss_main.go:409	Duplicate query received on Peer: QmPa1Dgwnygc7axb9ugagryGhqCpTAe69BYov3WdJUpGQu get Client
 (UQI: QmVT4nXkCcghnSgaxCMuF3seddRXZCZSajtdrfGJXDxmZB-1730302406007796947)
2024-10-30T16:33:26.336+0100	WARN	IDSS	server/idss_main.go:409	Duplicate query received on Peer: QmPa1Dgwnygc7axb9ugagryGhqCpTAe69BYov3WdJUpGQu get Client
 (UQI: QmVT4nXkCcghnSgaxCMuF3seddRXZCZSajtdrfGJXDxmZB-1730302406007796947)
2024-10-30T16:33:26.337+0100	INFO	IDSS	server/idss_main.go:598	Query sent to peer QmaCZ6PGzv7TqjNbcyVqzfH5KsuX5YE4AE1QYDCDcK49Ep, awaiting for response
2024-10-30T16:33:26.337+0100	WARN	IDSS	server/idss_main.go:409	Duplicate query received on Peer: QmPa1Dgwnygc7axb9ugagryGhqCpTAe69BYov3WdJUpGQu get Client
 (UQI: QmVT4nXkCcghnSgaxCMuF3seddRXZCZSajtdrfGJXDxmZB-1730302406007796947)
2024-10-30T16:33:26.337+0100	INFO	IDSS	server/idss_main.go:598	Query sent to peer QmTjaGMytF5yVvUt7xwPyQMMdaxK53sBp8mnWAFQb4RVg8, awaiting for response
2024-10-30T16:33:26.337+0100	INFO	IDSS	server/idss_main.go:598	Query sent to peer QmX87h1VTfYQK5n2DCVHzHua6YV21QVTxtn6JQD4P6Up3k, awaiting for response
2024-10-30T16:33:26.337+0100	INFO	IDSS	server/idss_main.go:598	Query sent to peer QmZajqudreu5rkvjDADMY7g16UitD7RkWSQpr7cBaf5R8f, awaiting for response
2024-10-30T16:33:26.337+0100	INFO	IDSS	server/idss_main.go:598	Query sent to peer QmQpQXB1b7TmgWsv6pvRMqwMMPyn1sJ7SbjuhdK6r5daQG, awaiting for response
2024-10-30T16:33:26.349+0100	INFO	IDSS	server/idss_main.go:598	Query sent to peer QmbvLEyecLKJzWEaF1DwJjSpjjFZhytBLyvaLPyV6JB5Jx, awaiting for response
2024-10-30T16:33:26.350+0100	INFO	IDSS	server/idss_main.go:598	Query sent to peer QmY3KziLnhU6RCNc9uSgBaP6CZFwSUUMij2XXcNYC6mUX4, awaiting for response
2024-10-30T16:33:26.350+0100	INFO	IDSS	server/idss_main.go:598	Query sent to peer Qmcq2Fi6i1ufA6cWD5PhHCbDcLbXz3zr43gmqZD7auG977, awaiting for response
2024-10-30T16:33:26.350+0100	INFO	IDSS	server/idss_main.go:598	Query sent to peer QmTS2oW64P5TvNk61d5Hj9P4AFim7J9Dtp9sNQ14mdrhqx, awaiting for response
2024-10-30T16:33:26.350+0100	INFO	IDSS	server/idss_main.go:598	Query sent to peer QmaUyzWdNRMfEHLTVieiUysBr8vC2N3VUexp92Jcjdi4QZ, awaiting for response
2024-10-30T16:33:26.362+0100	INFO	IDSS	server/idss_main.go:364	Received incoming from QmTS2oW64P5TvNk61d5Hj9P4AFim7J9Dtp9sNQ14mdrhqx
2024-10-30T16:33:26.363+0100	INFO	IDSS	server/idss_main.go:364	Received incoming from QmZajqudreu5rkvjDADMY7g16UitD7RkWSQpr7cBaf5R8f
2024-10-30T16:33:26.363+0100	INFO	IDSS	server/idss_main.go:400	Query received:
On peer QmPa1Dgwnygc7axb9ugagryGhqCpTAe69BYov3WdJUpGQu 
UQI: QmVT4nXkCcghnSgaxCMuF3seddRXZCZSajtdrfGJXDxmZB-1730302406007796947
TTL: 1.125000 
From: QmZajqudreu5rkvjDADMY7g16UitD7RkWSQpr7cBaf5R8f
2024-10-30T16:33:26.363+0100	INFO	IDSS	server/idss_main.go:364	Received incoming from QmQpQXB1b7TmgWsv6pvRMqwMMPyn1sJ7SbjuhdK6r5daQG
2024-10-30T16:33:26.363+0100	INFO	IDSS	server/idss_main.go:400	Query received:
On peer QmPa1Dgwnygc7axb9ugagryGhqCpTAe69BYov3WdJUpGQu 
UQI: QmVT4nXkCcghnSgaxCMuF3seddRXZCZSajtdrfGJXDxmZB-1730302406007796947
TTL: 1.125000 
From: QmQpQXB1b7TmgWsv6pvRMqwMMPyn1sJ7SbjuhdK6r5daQG
2024-10-30T16:33:26.363+0100	WARN	IDSS	server/idss_main.go:409	Duplicate query received on Peer: QmPa1Dgwnygc7axb9ugagryGhqCpTAe69BYov3WdJUpGQu get Client
 (UQI: QmVT4nXkCcghnSgaxCMuF3seddRXZCZSajtdrfGJXDxmZB-1730302406007796947)
2024-10-30T16:33:26.364+0100	INFO	IDSS	server/idss_main.go:400	Query received:
On peer QmPa1Dgwnygc7axb9ugagryGhqCpTAe69BYov3WdJUpGQu 
UQI: QmVT4nXkCcghnSgaxCMuF3seddRXZCZSajtdrfGJXDxmZB-1730302406007796947
TTL: 1.125000 
From: QmTS2oW64P5TvNk61d5Hj9P4AFim7J9Dtp9sNQ14mdrhqx
2024-10-30T16:33:26.364+0100	WARN	IDSS	server/idss_main.go:409	Duplicate query received on Peer: QmPa1Dgwnygc7axb9ugagryGhqCpTAe69BYov3WdJUpGQu get Client
 (UQI: QmVT4nXkCcghnSgaxCMuF3seddRXZCZSajtdrfGJXDxmZB-1730302406007796947)
2024-10-30T16:33:26.364+0100	WARN	IDSS	server/idss_main.go:409	Duplicate query received on Peer: QmPa1Dgwnygc7axb9ugagryGhqCpTAe69BYov3WdJUpGQu get Client
 (UQI: QmVT4nXkCcghnSgaxCMuF3seddRXZCZSajtdrfGJXDxmZB-1730302406007796947)
2024-10-30T16:33:26.410+0100	INFO	IDSS	server/idss_main.go:364	Received incoming from QmQgd2SGH3tGMf4Au184f2euzY4RoDshacFDnDLJUH5Bke
2024-10-30T16:33:26.411+0100	INFO	IDSS	server/idss_main.go:400	Query received:
On peer QmPa1Dgwnygc7axb9ugagryGhqCpTAe69BYov3WdJUpGQu 
UQI: QmVT4nXkCcghnSgaxCMuF3seddRXZCZSajtdrfGJXDxmZB-1730302406007796947
TTL: 1.125000 
From: QmQgd2SGH3tGMf4Au184f2euzY4RoDshacFDnDLJUH5Bke
2024-10-30T16:33:26.411+0100	WARN	IDSS	server/idss_main.go:409	Duplicate query received on Peer: QmPa1Dgwnygc7axb9ugagryGhqCpTAe69BYov3WdJUpGQu get Client
 (UQI: QmVT4nXkCcghnSgaxCMuF3seddRXZCZSajtdrfGJXDxmZB-1730302406007796947)
2024-10-30T16:33:26.420+0100	INFO	IDSS	server/idss_main.go:364	Received incoming from QmaUyzWdNRMfEHLTVieiUysBr8vC2N3VUexp92Jcjdi4QZ
2024-10-30T16:33:26.420+0100	INFO	IDSS	server/idss_main.go:400	Query received:
On peer QmPa1Dgwnygc7axb9ugagryGhqCpTAe69BYov3WdJUpGQu 
UQI: QmVT4nXkCcghnSgaxCMuF3seddRXZCZSajtdrfGJXDxmZB-1730302406007796947
TTL: 1.125000 
From: QmaUyzWdNRMfEHLTVieiUysBr8vC2N3VUexp92Jcjdi4QZ
2024-10-30T16:33:26.421+0100	WARN	IDSS	server/idss_main.go:409	Duplicate query received on Peer: QmPa1Dgwnygc7axb9ugagryGhqCpTAe69BYov3WdJUpGQu get Client
 (UQI: QmVT4nXkCcghnSgaxCMuF3seddRXZCZSajtdrfGJXDxmZB-1730302406007796947)
2024-10-30T16:33:26.442+0100	INFO	IDSS	server/idss_main.go:364	Received incoming from QmY3KziLnhU6RCNc9uSgBaP6CZFwSUUMij2XXcNYC6mUX4
2024-10-30T16:33:26.444+0100	INFO	IDSS	server/idss_main.go:400	Query received:
On peer QmPa1Dgwnygc7axb9ugagryGhqCpTAe69BYov3WdJUpGQu 
UQI: QmVT4nXkCcghnSgaxCMuF3seddRXZCZSajtdrfGJXDxmZB-1730302406007796947
TTL: 1.125000 
From: QmY3KziLnhU6RCNc9uSgBaP6CZFwSUUMij2XXcNYC6mUX4
2024-10-30T16:33:26.444+0100	WARN	IDSS	server/idss_main.go:409	Duplicate query received on Peer: QmPa1Dgwnygc7axb9ugagryGhqCpTAe69BYov3WdJUpGQu get Client
 (UQI: QmVT4nXkCcghnSgaxCMuF3seddRXZCZSajtdrfGJXDxmZB-1730302406007796947)
2024-10-30T16:33:26.482+0100	INFO	IDSS	server/idss_main.go:364	Received incoming from QmX87h1VTfYQK5n2DCVHzHua6YV21QVTxtn6JQD4P6Up3k
2024-10-30T16:33:26.483+0100	INFO	IDSS	server/idss_main.go:400	Query received:
On peer QmPa1Dgwnygc7axb9ugagryGhqCpTAe69BYov3WdJUpGQu 
UQI: QmVT4nXkCcghnSgaxCMuF3seddRXZCZSajtdrfGJXDxmZB-1730302406007796947
TTL: 1.125000 
From: QmX87h1VTfYQK5n2DCVHzHua6YV21QVTxtn6JQD4P6Up3k
2024-10-30T16:33:26.483+0100	WARN	IDSS	server/idss_main.go:409	Duplicate query received on Peer: QmPa1Dgwnygc7axb9ugagryGhqCpTAe69BYov3WdJUpGQu get Client
 (UQI: QmVT4nXkCcghnSgaxCMuF3seddRXZCZSajtdrfGJXDxmZB-1730302406007796947)
2024-10-30T16:33:27.461+0100	WARN	IDSS	server/idss_main.go:604	Response timeout from peer QmQgd2SGH3tGMf4Au184f2euzY4RoDshacFDnDLJUH5Bke
2024-10-30T16:33:27.461+0100	WARN	IDSS	server/idss_main.go:604	Response timeout from peer QmZV3TbhWtfrDkYAnFJVMYUZUU9fMYp7UJzjfCHDv9qr5A
2024-10-30T16:33:27.466+0100	WARN	IDSS	server/idss_main.go:604	Response timeout from peer Qmcq2Fi6i1ufA6cWD5PhHCbDcLbXz3zr43gmqZD7auG977
2024-10-30T16:33:27.466+0100	WARN	IDSS	server/idss_main.go:604	Response timeout from peer QmX87h1VTfYQK5n2DCVHzHua6YV21QVTxtn6JQD4P6Up3k
2024-10-30T16:33:27.466+0100	WARN	IDSS	server/idss_main.go:604	Response timeout from peer QmaUyzWdNRMfEHLTVieiUysBr8vC2N3VUexp92Jcjdi4QZ
2024-10-30T16:33:27.466+0100	WARN	IDSS	server/idss_main.go:604	Response timeout from peer QmaCZ6PGzv7TqjNbcyVqzfH5KsuX5YE4AE1QYDCDcK49Ep
2024-10-30T16:33:27.466+0100	WARN	IDSS	server/idss_main.go:604	Response timeout from peer QmY3KziLnhU6RCNc9uSgBaP6CZFwSUUMij2XXcNYC6mUX4
2024-10-30T16:33:27.466+0100	WARN	IDSS	server/idss_main.go:604	Response timeout from peer QmQpQXB1b7TmgWsv6pvRMqwMMPyn1sJ7SbjuhdK6r5daQG
2024-10-30T16:33:27.466+0100	WARN	IDSS	server/idss_main.go:604	Response timeout from peer QmbvLEyecLKJzWEaF1DwJjSpjjFZhytBLyvaLPyV6JB5Jx
2024-10-30T16:33:27.466+0100	WARN	IDSS	server/idss_main.go:604	Response timeout from peer QmTS2oW64P5TvNk61d5Hj9P4AFim7J9Dtp9sNQ14mdrhqx
2024-10-30T16:33:27.466+0100	WARN	IDSS	server/idss_main.go:604	Response timeout from peer QmTjaGMytF5yVvUt7xwPyQMMdaxK53sBp8mnWAFQb4RVg8
2024-10-30T16:33:27.466+0100	WARN	IDSS	server/idss_main.go:604	Response timeout from peer QmZajqudreu5rkvjDADMY7g16UitD7RkWSQpr7cBaf5R8f
2024-10-30T16:33:27.467+0100	INFO	IDSS	server/idss_main.go:658	DONE merging local and remote results
2024-10-30T16:33:27.502+0100	INFO	IDSS	server/idss_main.go:695	This is an intermediate peer QmPa1Dgwnygc7axb9ugagryGhqCpTAe69BYov3WdJUpGQu. Merging results to send to parent peer QmPa1Dgwnygc7axb9ugagryGhqCpTAe69BYov3WdJUpGQu
2024-10-30T16:33:27.502+0100	INFO	IDSS	server/idss_main.go:710	Sending merged result to peer QmYzmFZrD7oeB5Ln2Qkz4FKJ6X5amj7quked8RJUHQGty4
2024-10-30T16:33:27.503+0100	INFO	IDSS	server/idss_main.go:712	Record count: 100
2024-10-30T16:33:27.503+0100	INFO	IDSS	server/idss_main.go:731	Successfully sent merged result to peer QmYzmFZrD7oeB5Ln2Qkz4FKJ6X5amj7quked8RJUHQGty4
2024-10-30T16:33:33.577+0100	INFO	IDSS	server/idss_main.go:364	Received incoming from QmYzmFZrD7oeB5Ln2Qkz4FKJ6X5amj7quked8RJUHQGty4
2024-10-30T16:33:33.578+0100	INFO	IDSS	server/idss_main.go:400	Query received:
On peer QmPa1Dgwnygc7axb9ugagryGhqCpTAe69BYov3WdJUpGQu 
UQI: QmVT4nXkCcghnSgaxCMuF3seddRXZCZSajtdrfGJXDxmZB-1730302413518736887
TTL: 1.500000 
From: QmYzmFZrD7oeB5Ln2Qkz4FKJ6X5amj7quked8RJUHQGty4
2024-10-30T16:33:33.670+0100	INFO	IDSS	server/idss_main.go:417	This is a new query on this peer
2024-10-30T16:33:33.670+0100	INFO	IDSS	server/idss_main.go:423	Entering executeAndBroadcastQuery...
2024-10-30T16:33:33.670+0100	INFO	IDSS	server/idss_main.go:857	Executing get Client
 locally in QmPa1Dgwnygc7axb9ugagryGhqCpTAe69BYov3WdJUpGQu
2024-10-30T16:33:33.777+0100	INFO	IDSS	server/idss_main.go:449	Local query executed successfully
2024-10-30T16:33:33.777+0100	INFO	IDSS	server/idss_main.go:463	Sender address updated to: QmPa1Dgwnygc7axb9ugagryGhqCpTAe69BYov3WdJUpGQu
2024-10-30T16:33:33.777+0100	INFO	IDSS	server/idss_main.go:513	Broadcasting query in peer: QmPa1Dgwnygc7axb9ugagryGhqCpTAe69BYov3WdJUpGQu, Parent peer QmYzmFZrD7oeB5Ln2Qkz4FKJ6X5amj7quked8RJUHQGty4 
2024-10-30T16:33:33.777+0100	INFO	IDSS	server/idss_main.go:545	TTL in QmPa1Dgwnygc7axb9ugagryGhqCpTAe69BYov3WdJUpGQu after decrement: 1.125000
2024-10-30T16:33:33.777+0100	INFO	IDSS	server/idss_main.go:644	Peer QmPa1Dgwnygc7axb9ugagryGhqCpTAe69BYov3WdJUpGQu waiting for overlay peers results...
2024-10-30T16:33:33.777+0100	INFO	IDSS	server/idss_main.go:651	Overlay peers peer results collected, start merging...
2024-10-30T16:33:33.778+0100	INFO	IDSS	server/idss_main.go:598	Query sent to peer QmY3KziLnhU6RCNc9uSgBaP6CZFwSUUMij2XXcNYC6mUX4, awaiting for response
2024-10-30T16:33:33.778+0100	INFO	IDSS	server/idss_main.go:598	Query sent to peer QmbvLEyecLKJzWEaF1DwJjSpjjFZhytBLyvaLPyV6JB5Jx, awaiting for response
2024-10-30T16:33:33.778+0100	INFO	IDSS	server/idss_main.go:598	Query sent to peer QmZajqudreu5rkvjDADMY7g16UitD7RkWSQpr7cBaf5R8f, awaiting for response
2024-10-30T16:33:33.778+0100	INFO	IDSS	server/idss_main.go:598	Query sent to peer QmQpQXB1b7TmgWsv6pvRMqwMMPyn1sJ7SbjuhdK6r5daQG, awaiting for response
2024-10-30T16:33:33.780+0100	INFO	IDSS	server/idss_main.go:598	Query sent to peer QmQgd2SGH3tGMf4Au184f2euzY4RoDshacFDnDLJUH5Bke, awaiting for response
2024-10-30T16:33:33.780+0100	INFO	IDSS	server/idss_main.go:598	Query sent to peer QmZV3TbhWtfrDkYAnFJVMYUZUU9fMYp7UJzjfCHDv9qr5A, awaiting for response
2024-10-30T16:33:33.781+0100	INFO	IDSS	server/idss_main.go:598	Query sent to peer QmaCZ6PGzv7TqjNbcyVqzfH5KsuX5YE4AE1QYDCDcK49Ep, awaiting for response
2024-10-30T16:33:33.782+0100	INFO	IDSS	server/idss_main.go:598	Query sent to peer QmTjaGMytF5yVvUt7xwPyQMMdaxK53sBp8mnWAFQb4RVg8, awaiting for response
2024-10-30T16:33:33.783+0100	INFO	IDSS	server/idss_main.go:598	Query sent to peer Qmcq2Fi6i1ufA6cWD5PhHCbDcLbXz3zr43gmqZD7auG977, awaiting for response
2024-10-30T16:33:33.783+0100	INFO	IDSS	server/idss_main.go:598	Query sent to peer QmX87h1VTfYQK5n2DCVHzHua6YV21QVTxtn6JQD4P6Up3k, awaiting for response
2024-10-30T16:33:33.785+0100	INFO	IDSS	server/idss_main.go:598	Query sent to peer QmaUyzWdNRMfEHLTVieiUysBr8vC2N3VUexp92Jcjdi4QZ, awaiting for response
2024-10-30T16:33:33.785+0100	INFO	IDSS	server/idss_main.go:598	Query sent to peer QmTS2oW64P5TvNk61d5Hj9P4AFim7J9Dtp9sNQ14mdrhqx, awaiting for response
2024-10-30T16:33:33.791+0100	INFO	IDSS	server/idss_main.go:364	Received incoming from QmaUyzWdNRMfEHLTVieiUysBr8vC2N3VUexp92Jcjdi4QZ
2024-10-30T16:33:33.792+0100	INFO	IDSS	server/idss_main.go:400	Query received:
On peer QmPa1Dgwnygc7axb9ugagryGhqCpTAe69BYov3WdJUpGQu 
UQI: QmVT4nXkCcghnSgaxCMuF3seddRXZCZSajtdrfGJXDxmZB-1730302413518736887
TTL: 1.125000 
From: QmaUyzWdNRMfEHLTVieiUysBr8vC2N3VUexp92Jcjdi4QZ
2024-10-30T16:33:33.793+0100	WARN	IDSS	server/idss_main.go:409	Duplicate query received on Peer: QmPa1Dgwnygc7axb9ugagryGhqCpTAe69BYov3WdJUpGQu get Client
 (UQI: QmVT4nXkCcghnSgaxCMuF3seddRXZCZSajtdrfGJXDxmZB-1730302413518736887)
2024-10-30T16:33:33.794+0100	INFO	IDSS	server/idss_main.go:364	Received incoming from QmZajqudreu5rkvjDADMY7g16UitD7RkWSQpr7cBaf5R8f
2024-10-30T16:33:33.794+0100	INFO	IDSS	server/idss_main.go:400	Query received:
On peer QmPa1Dgwnygc7axb9ugagryGhqCpTAe69BYov3WdJUpGQu 
UQI: QmVT4nXkCcghnSgaxCMuF3seddRXZCZSajtdrfGJXDxmZB-1730302413518736887
TTL: 1.125000 
From: QmZajqudreu5rkvjDADMY7g16UitD7RkWSQpr7cBaf5R8f
2024-10-30T16:33:33.794+0100	WARN	IDSS	server/idss_main.go:409	Duplicate query received on Peer: QmPa1Dgwnygc7axb9ugagryGhqCpTAe69BYov3WdJUpGQu get Client
 (UQI: QmVT4nXkCcghnSgaxCMuF3seddRXZCZSajtdrfGJXDxmZB-1730302413518736887)
2024-10-30T16:33:33.795+0100	INFO	IDSS	server/idss_main.go:364	Received incoming from QmZV3TbhWtfrDkYAnFJVMYUZUU9fMYp7UJzjfCHDv9qr5A
2024-10-30T16:33:33.795+0100	INFO	IDSS	server/idss_main.go:400	Query received:
On peer QmPa1Dgwnygc7axb9ugagryGhqCpTAe69BYov3WdJUpGQu 
UQI: QmVT4nXkCcghnSgaxCMuF3seddRXZCZSajtdrfGJXDxmZB-1730302413518736887
TTL: 1.125000 
From: QmZV3TbhWtfrDkYAnFJVMYUZUU9fMYp7UJzjfCHDv9qr5A
2024-10-30T16:33:33.796+0100	INFO	IDSS	server/idss_main.go:364	Received incoming from QmTS2oW64P5TvNk61d5Hj9P4AFim7J9Dtp9sNQ14mdrhqx
2024-10-30T16:33:33.797+0100	INFO	IDSS	server/idss_main.go:400	Query received:
On peer QmPa1Dgwnygc7axb9ugagryGhqCpTAe69BYov3WdJUpGQu 
UQI: QmVT4nXkCcghnSgaxCMuF3seddRXZCZSajtdrfGJXDxmZB-1730302413518736887
TTL: 1.125000 
From: QmTS2oW64P5TvNk61d5Hj9P4AFim7J9Dtp9sNQ14mdrhqx
2024-10-30T16:33:33.797+0100	WARN	IDSS	server/idss_main.go:409	Duplicate query received on Peer: QmPa1Dgwnygc7axb9ugagryGhqCpTAe69BYov3WdJUpGQu get Client
 (UQI: QmVT4nXkCcghnSgaxCMuF3seddRXZCZSajtdrfGJXDxmZB-1730302413518736887)
2024-10-30T16:33:33.798+0100	INFO	IDSS	server/idss_main.go:364	Received incoming from QmY3KziLnhU6RCNc9uSgBaP6CZFwSUUMij2XXcNYC6mUX4
2024-10-30T16:33:33.798+0100	INFO	IDSS	server/idss_main.go:400	Query received:
On peer QmPa1Dgwnygc7axb9ugagryGhqCpTAe69BYov3WdJUpGQu 
UQI: QmVT4nXkCcghnSgaxCMuF3seddRXZCZSajtdrfGJXDxmZB-1730302413518736887
TTL: 1.125000 
From: QmY3KziLnhU6RCNc9uSgBaP6CZFwSUUMij2XXcNYC6mUX4
2024-10-30T16:33:33.799+0100	WARN	IDSS	server/idss_main.go:409	Duplicate query received on Peer: QmPa1Dgwnygc7axb9ugagryGhqCpTAe69BYov3WdJUpGQu get Client
 (UQI: QmVT4nXkCcghnSgaxCMuF3seddRXZCZSajtdrfGJXDxmZB-1730302413518736887)
2024-10-30T16:33:33.799+0100	INFO	IDSS	server/idss_main.go:364	Received incoming from QmaCZ6PGzv7TqjNbcyVqzfH5KsuX5YE4AE1QYDCDcK49Ep
2024-10-30T16:33:33.799+0100	INFO	IDSS	server/idss_main.go:400	Query received:
On peer QmPa1Dgwnygc7axb9ugagryGhqCpTAe69BYov3WdJUpGQu 
UQI: QmVT4nXkCcghnSgaxCMuF3seddRXZCZSajtdrfGJXDxmZB-1730302413518736887
TTL: 1.125000 
From: QmaCZ6PGzv7TqjNbcyVqzfH5KsuX5YE4AE1QYDCDcK49Ep
2024-10-30T16:33:33.800+0100	WARN	IDSS	server/idss_main.go:409	Duplicate query received on Peer: QmPa1Dgwnygc7axb9ugagryGhqCpTAe69BYov3WdJUpGQu get Client
 (UQI: QmVT4nXkCcghnSgaxCMuF3seddRXZCZSajtdrfGJXDxmZB-1730302413518736887)
2024-10-30T16:33:33.800+0100	WARN	IDSS	server/idss_main.go:409	Duplicate query received on Peer: QmPa1Dgwnygc7axb9ugagryGhqCpTAe69BYov3WdJUpGQu get Client
 (UQI: QmVT4nXkCcghnSgaxCMuF3seddRXZCZSajtdrfGJXDxmZB-1730302413518736887)
2024-10-30T16:33:33.869+0100	INFO	IDSS	server/idss_main.go:364	Received incoming from Qmcq2Fi6i1ufA6cWD5PhHCbDcLbXz3zr43gmqZD7auG977
2024-10-30T16:33:33.869+0100	INFO	IDSS	server/idss_main.go:400	Query received:
On peer QmPa1Dgwnygc7axb9ugagryGhqCpTAe69BYov3WdJUpGQu 
UQI: QmVT4nXkCcghnSgaxCMuF3seddRXZCZSajtdrfGJXDxmZB-1730302413518736887
TTL: 1.125000 
From: Qmcq2Fi6i1ufA6cWD5PhHCbDcLbXz3zr43gmqZD7auG977
2024-10-30T16:33:33.872+0100	WARN	IDSS	server/idss_main.go:409	Duplicate query received on Peer: QmPa1Dgwnygc7axb9ugagryGhqCpTAe69BYov3WdJUpGQu get Client
 (UQI: QmVT4nXkCcghnSgaxCMuF3seddRXZCZSajtdrfGJXDxmZB-1730302413518736887)
2024-10-30T16:33:33.873+0100	INFO	IDSS	server/idss_main.go:364	Received incoming from QmQgd2SGH3tGMf4Au184f2euzY4RoDshacFDnDLJUH5Bke
2024-10-30T16:33:33.873+0100	INFO	IDSS	server/idss_main.go:400	Query received:
On peer QmPa1Dgwnygc7axb9ugagryGhqCpTAe69BYov3WdJUpGQu 
UQI: QmVT4nXkCcghnSgaxCMuF3seddRXZCZSajtdrfGJXDxmZB-1730302413518736887
TTL: 1.125000 
From: QmQgd2SGH3tGMf4Au184f2euzY4RoDshacFDnDLJUH5Bke
2024-10-30T16:33:33.875+0100	WARN	IDSS	server/idss_main.go:409	Duplicate query received on Peer: QmPa1Dgwnygc7axb9ugagryGhqCpTAe69BYov3WdJUpGQu get Client
 (UQI: QmVT4nXkCcghnSgaxCMuF3seddRXZCZSajtdrfGJXDxmZB-1730302413518736887)
2024-10-30T16:33:33.898+0100	INFO	IDSS	server/idss_main.go:364	Received incoming from QmTjaGMytF5yVvUt7xwPyQMMdaxK53sBp8mnWAFQb4RVg8
2024-10-30T16:33:33.923+0100	INFO	IDSS	server/idss_main.go:400	Query received:
On peer QmPa1Dgwnygc7axb9ugagryGhqCpTAe69BYov3WdJUpGQu 
UQI: QmVT4nXkCcghnSgaxCMuF3seddRXZCZSajtdrfGJXDxmZB-1730302413518736887
TTL: 1.125000 
From: QmTjaGMytF5yVvUt7xwPyQMMdaxK53sBp8mnWAFQb4RVg8
2024-10-30T16:33:33.928+0100	WARN	IDSS	server/idss_main.go:409	Duplicate query received on Peer: QmPa1Dgwnygc7axb9ugagryGhqCpTAe69BYov3WdJUpGQu get Client
 (UQI: QmVT4nXkCcghnSgaxCMuF3seddRXZCZSajtdrfGJXDxmZB-1730302413518736887)
2024-10-30T16:33:33.934+0100	INFO	IDSS	server/idss_main.go:364	Received incoming from QmX87h1VTfYQK5n2DCVHzHua6YV21QVTxtn6JQD4P6Up3k
2024-10-30T16:33:33.935+0100	INFO	IDSS	server/idss_main.go:400	Query received:
On peer QmPa1Dgwnygc7axb9ugagryGhqCpTAe69BYov3WdJUpGQu 
UQI: QmVT4nXkCcghnSgaxCMuF3seddRXZCZSajtdrfGJXDxmZB-1730302413518736887
TTL: 1.125000 
From: QmX87h1VTfYQK5n2DCVHzHua6YV21QVTxtn6JQD4P6Up3k
2024-10-30T16:33:33.935+0100	WARN	IDSS	server/idss_main.go:409	Duplicate query received on Peer: QmPa1Dgwnygc7axb9ugagryGhqCpTAe69BYov3WdJUpGQu get Client
 (UQI: QmVT4nXkCcghnSgaxCMuF3seddRXZCZSajtdrfGJXDxmZB-1730302413518736887)
2024-10-30T16:33:33.951+0100	INFO	IDSS	server/idss_main.go:364	Received incoming from QmQpQXB1b7TmgWsv6pvRMqwMMPyn1sJ7SbjuhdK6r5daQG
2024-10-30T16:33:33.951+0100	INFO	IDSS	server/idss_main.go:400	Query received:
On peer QmPa1Dgwnygc7axb9ugagryGhqCpTAe69BYov3WdJUpGQu 
UQI: QmVT4nXkCcghnSgaxCMuF3seddRXZCZSajtdrfGJXDxmZB-1730302413518736887
TTL: 1.125000 
From: QmQpQXB1b7TmgWsv6pvRMqwMMPyn1sJ7SbjuhdK6r5daQG
2024-10-30T16:33:33.952+0100	WARN	IDSS	server/idss_main.go:409	Duplicate query received on Peer: QmPa1Dgwnygc7axb9ugagryGhqCpTAe69BYov3WdJUpGQu get Client
 (UQI: QmVT4nXkCcghnSgaxCMuF3seddRXZCZSajtdrfGJXDxmZB-1730302413518736887)
2024-10-30T16:33:34.018+0100	INFO	IDSS	server/idss_main.go:364	Received incoming from QmbvLEyecLKJzWEaF1DwJjSpjjFZhytBLyvaLPyV6JB5Jx
2024-10-30T16:33:34.018+0100	INFO	IDSS	server/idss_main.go:400	Query received:
On peer QmPa1Dgwnygc7axb9ugagryGhqCpTAe69BYov3WdJUpGQu 
UQI: QmVT4nXkCcghnSgaxCMuF3seddRXZCZSajtdrfGJXDxmZB-1730302413518736887
TTL: 1.125000 
From: QmbvLEyecLKJzWEaF1DwJjSpjjFZhytBLyvaLPyV6JB5Jx
2024-10-30T16:33:34.019+0100	WARN	IDSS	server/idss_main.go:409	Duplicate query received on Peer: QmPa1Dgwnygc7axb9ugagryGhqCpTAe69BYov3WdJUpGQu get Client
 (UQI: QmVT4nXkCcghnSgaxCMuF3seddRXZCZSajtdrfGJXDxmZB-1730302413518736887)
2024-10-30T16:33:34.903+0100	WARN	IDSS	server/idss_main.go:604	Response timeout from peer QmY3KziLnhU6RCNc9uSgBaP6CZFwSUUMij2XXcNYC6mUX4
2024-10-30T16:33:34.903+0100	WARN	IDSS	server/idss_main.go:604	Response timeout from peer QmbvLEyecLKJzWEaF1DwJjSpjjFZhytBLyvaLPyV6JB5Jx
2024-10-30T16:33:34.903+0100	WARN	IDSS	server/idss_main.go:604	Response timeout from peer QmZajqudreu5rkvjDADMY7g16UitD7RkWSQpr7cBaf5R8f
2024-10-30T16:33:34.905+0100	WARN	IDSS	server/idss_main.go:604	Response timeout from peer QmQpQXB1b7TmgWsv6pvRMqwMMPyn1sJ7SbjuhdK6r5daQG
2024-10-30T16:33:34.905+0100	WARN	IDSS	server/idss_main.go:604	Response timeout from peer QmQgd2SGH3tGMf4Au184f2euzY4RoDshacFDnDLJUH5Bke
2024-10-30T16:33:34.905+0100	WARN	IDSS	server/idss_main.go:604	Response timeout from peer QmZV3TbhWtfrDkYAnFJVMYUZUU9fMYp7UJzjfCHDv9qr5A
2024-10-30T16:33:34.907+0100	WARN	IDSS	server/idss_main.go:604	Response timeout from peer QmaCZ6PGzv7TqjNbcyVqzfH5KsuX5YE4AE1QYDCDcK49Ep
2024-10-30T16:33:34.907+0100	WARN	IDSS	server/idss_main.go:604	Response timeout from peer QmTjaGMytF5yVvUt7xwPyQMMdaxK53sBp8mnWAFQb4RVg8
2024-10-30T16:33:34.907+0100	WARN	IDSS	server/idss_main.go:604	Response timeout from peer Qmcq2Fi6i1ufA6cWD5PhHCbDcLbXz3zr43gmqZD7auG977
2024-10-30T16:33:34.909+0100	WARN	IDSS	server/idss_main.go:604	Response timeout from peer QmX87h1VTfYQK5n2DCVHzHua6YV21QVTxtn6JQD4P6Up3k
2024-10-30T16:33:34.910+0100	WARN	IDSS	server/idss_main.go:604	Response timeout from peer QmaUyzWdNRMfEHLTVieiUysBr8vC2N3VUexp92Jcjdi4QZ
2024-10-30T16:33:34.910+0100	WARN	IDSS	server/idss_main.go:604	Response timeout from peer QmTS2oW64P5TvNk61d5Hj9P4AFim7J9Dtp9sNQ14mdrhqx
2024-10-30T16:33:34.911+0100	INFO	IDSS	server/idss_main.go:658	DONE merging local and remote results
2024-10-30T16:33:34.944+0100	INFO	IDSS	server/idss_main.go:695	This is an intermediate peer QmPa1Dgwnygc7axb9ugagryGhqCpTAe69BYov3WdJUpGQu. Merging results to send to parent peer QmPa1Dgwnygc7axb9ugagryGhqCpTAe69BYov3WdJUpGQu
2024-10-30T16:33:34.944+0100	INFO	IDSS	server/idss_main.go:710	Sending merged result to peer QmYzmFZrD7oeB5Ln2Qkz4FKJ6X5amj7quked8RJUHQGty4
2024-10-30T16:33:34.944+0100	INFO	IDSS	server/idss_main.go:712	Record count: 100
2024-10-30T16:33:34.944+0100	INFO	IDSS	server/idss_main.go:731	Successfully sent merged result to peer QmYzmFZrD7oeB5Ln2Qkz4FKJ6X5amj7quked8RJUHQGty4
