2024-10-30T16:31:20.914+0100	INFO	IDSS	server/idss_main.go:168	Listening on peer Address: /ip4/127.0.0.1/tcp/45255/p2p/QmXiA68qEDE3Qy1KEXYvk5ZoMo7B3vgSwfnfF3QP4QmJZN

2024-10-30T16:31:20.916+0100	INFO	IDSS	server/idss_main.go:201	Loading data from file: ./idss_graph_db/QmXiA68qEDE3Qy1KEXYvk5ZoMo7B3vgSwfnfF3QP4QmJZN/QmXiA68qEDE3Qy1KEXYvk5ZoMo7B3vgSwfnfF3QP4QmJZN_data.json
2024-10-30T16:31:22.601+0100	INFO	IDSS	server/idss_db_init.go:76	Creating the Query Manager node...
2024-10-30T16:31:22.644+0100	INFO	IDSS	server/idss_db_init.go:102	Committed Query Manager node store transaction
2024-10-30T16:31:22.645+0100	INFO	IDSS	server/idss_main.go:341	Bootstrapped the DHT
2024/10/30 16:31:22 failed to sufficiently increase receive buffer size (was: 208 kiB, wanted: 7168 kiB, got: 416 kiB). See https://github.com/quic-go/quic-go/wiki/UDP-Buffer-Sizes for details.
2024-10-30T16:31:22.769+0100	INFO	IDSS	server/idss_main.go:352	Connected to bootstrap peer: QmbLHAnMoJPWSCR5Zhtx6BHJX9KiKNN6tpvbUcqanj75Nb
2024-10-30T16:31:22.904+0100	INFO	IDSS	server/idss_main.go:352	Connected to bootstrap peer: QmQCU2EcMqAqQPR2i9bChDtGNJchTbq5TbXJJ16u19uLTa
2024-10-30T16:31:23.036+0100	INFO	IDSS	server/idss_main.go:352	Connected to bootstrap peer: QmNnooDu7bfjPFoTZYxMNLWUQJyrVwtbZg5gBMjTezGAJN
2024-10-30T16:31:23.227+0100	INFO	IDSS	server/idss_main.go:352	Connected to bootstrap peer: QmcZf59bWwK5XFi76CZX8cbJ4BhTzzA3gU1ZjYZcYW3dwt
2024-10-30T16:31:23.382+0100	INFO	IDSS	server/idss_main.go:352	Connected to bootstrap peer: QmaCpDMGvV2BGHeYERUEnRQAwe3N8SzbUtfsmvsqQLuvuJ
2024-10-30T16:31:23.382+0100	INFO	IDSS	server/idss_main.go:282	Starting peer discovery...
2024-10-30T16:31:23.382+0100	INFO	IDSS	server/idss_main.go:291	Searching for other peers...
...
2024-10-30T16:31:24.791+0100	INFO	IDSS	server/idss_main.go:309	Connected to peer QmYzmFZrD7oeB5Ln2Qkz4FKJ6X5amj7quked8RJUHQGty4
2024-10-30T16:31:24.797+0100	INFO	IDSS	server/idss_main.go:309	Connected to peer QmaUyzWdNRMfEHLTVieiUysBr8vC2N3VUexp92Jcjdi4QZ
2024-10-30T16:31:24.801+0100	INFO	IDSS	server/idss_main.go:309	Connected to peer QmZV3TbhWtfrDkYAnFJVMYUZUU9fMYp7UJzjfCHDv9qr5A
2024-10-30T16:31:24.806+0100	INFO	IDSS	server/idss_main.go:309	Connected to peer QmbvLEyecLKJzWEaF1DwJjSpjjFZhytBLyvaLPyV6JB5Jx
2024-10-30T16:31:24.811+0100	INFO	IDSS	server/idss_main.go:309	Connected to peer QmY3KziLnhU6RCNc9uSgBaP6CZFwSUUMij2XXcNYC6mUX4
2024-10-30T16:31:24.811+0100	INFO	IDSS	server/idss_main.go:309	Connected to peer QmY3KziLnhU6RCNc9uSgBaP6CZFwSUUMij2XXcNYC6mUX4
2024-10-30T16:31:24.816+0100	INFO	IDSS	server/idss_main.go:309	Connected to peer QmTS2oW64P5TvNk61d5Hj9P4AFim7J9Dtp9sNQ14mdrhqx
2024-10-30T16:31:24.822+0100	INFO	IDSS	server/idss_main.go:309	Connected to peer QmQpQXB1b7TmgWsv6pvRMqwMMPyn1sJ7SbjuhdK6r5daQG
2024-10-30T16:31:24.822+0100	INFO	IDSS	server/idss_main.go:309	Connected to peer QmQpQXB1b7TmgWsv6pvRMqwMMPyn1sJ7SbjuhdK6r5daQG
2024-10-30T16:31:24.827+0100	INFO	IDSS	server/idss_main.go:309	Connected to peer QmX87h1VTfYQK5n2DCVHzHua6YV21QVTxtn6JQD4P6Up3k
2024-10-30T16:31:26.734+0100	INFO	IDSS	server/idss_main.go:309	Connected to peer QmZajqudreu5rkvjDADMY7g16UitD7RkWSQpr7cBaf5R8f
2024-10-30T16:31:29.915+0100	INFO	IDSS	server/idss_main.go:316	Num of found peers in the Routing Table: 22
2024-10-30T16:31:29.915+0100	INFO	IDSS	server/idss_main.go:319	Time taken to find peers: 6.533457677s
2024-10-30T16:31:29.915+0100	INFO	IDSS	server/idss_main.go:320	Peer discovery completed
2024-10-30T16:32:22.707+0100	INFO	IDSS	server/idss_main.go:364	Received incoming from QmYzmFZrD7oeB5Ln2Qkz4FKJ6X5amj7quked8RJUHQGty4
2024-10-30T16:32:22.707+0100	INFO	IDSS	server/idss_main.go:400	Query received:
On peer QmXiA68qEDE3Qy1KEXYvk5ZoMo7B3vgSwfnfF3QP4QmJZN 
UQI: QmVT4nXkCcghnSgaxCMuF3seddRXZCZSajtdrfGJXDxmZB-1730302342626177708
TTL: 1.500000 
From: QmYzmFZrD7oeB5Ln2Qkz4FKJ6X5amj7quked8RJUHQGty4
2024-10-30T16:32:22.777+0100	INFO	IDSS	server/idss_main.go:417	This is a new query on this peer
2024-10-30T16:32:22.777+0100	INFO	IDSS	server/idss_main.go:423	Entering executeAndBroadcastQuery...
2024-10-30T16:32:22.777+0100	INFO	IDSS	server/idss_main.go:857	Executing get Client
 locally in QmXiA68qEDE3Qy1KEXYvk5ZoMo7B3vgSwfnfF3QP4QmJZN
2024-10-30T16:32:22.902+0100	INFO	IDSS	server/idss_main.go:449	Local query executed successfully
2024-10-30T16:32:22.913+0100	INFO	IDSS	server/idss_main.go:364	Received incoming from QmTS2oW64P5TvNk61d5Hj9P4AFim7J9Dtp9sNQ14mdrhqx
2024-10-30T16:32:22.942+0100	INFO	IDSS	server/idss_main.go:463	Sender address updated to: QmXiA68qEDE3Qy1KEXYvk5ZoMo7B3vgSwfnfF3QP4QmJZN
2024-10-30T16:32:22.942+0100	INFO	IDSS	server/idss_main.go:513	Broadcasting query in peer: QmXiA68qEDE3Qy1KEXYvk5ZoMo7B3vgSwfnfF3QP4QmJZN, Parent peer QmYzmFZrD7oeB5Ln2Qkz4FKJ6X5amj7quked8RJUHQGty4 
2024-10-30T16:32:22.942+0100	INFO	IDSS	server/idss_main.go:545	TTL in QmXiA68qEDE3Qy1KEXYvk5ZoMo7B3vgSwfnfF3QP4QmJZN after decrement: 1.125000
2024-10-30T16:32:22.942+0100	INFO	IDSS	server/idss_main.go:400	Query received:
On peer QmXiA68qEDE3Qy1KEXYvk5ZoMo7B3vgSwfnfF3QP4QmJZN 
UQI: QmVT4nXkCcghnSgaxCMuF3seddRXZCZSajtdrfGJXDxmZB-1730302342626177708
TTL: 1.125000 
From: QmTS2oW64P5TvNk61d5Hj9P4AFim7J9Dtp9sNQ14mdrhqx
2024-10-30T16:32:22.942+0100	INFO	IDSS	server/idss_main.go:644	Peer QmXiA68qEDE3Qy1KEXYvk5ZoMo7B3vgSwfnfF3QP4QmJZN waiting for overlay peers results...
2024-10-30T16:32:22.942+0100	INFO	IDSS	server/idss_main.go:651	Overlay peers peer results collected, start merging...
2024-10-30T16:32:22.943+0100	WARN	IDSS	server/idss_main.go:409	Duplicate query received on Peer: QmXiA68qEDE3Qy1KEXYvk5ZoMo7B3vgSwfnfF3QP4QmJZN get Client
 (UQI: QmVT4nXkCcghnSgaxCMuF3seddRXZCZSajtdrfGJXDxmZB-1730302342626177708)
2024-10-30T16:32:22.950+0100	INFO	IDSS	server/idss_main.go:364	Received incoming from QmX87h1VTfYQK5n2DCVHzHua6YV21QVTxtn6JQD4P6Up3k
2024-10-30T16:32:22.950+0100	INFO	IDSS	server/idss_main.go:400	Query received:
On peer QmXiA68qEDE3Qy1KEXYvk5ZoMo7B3vgSwfnfF3QP4QmJZN 
UQI: QmVT4nXkCcghnSgaxCMuF3seddRXZCZSajtdrfGJXDxmZB-1730302342626177708
TTL: 1.125000 
From: QmX87h1VTfYQK5n2DCVHzHua6YV21QVTxtn6JQD4P6Up3k
2024-10-30T16:32:22.950+0100	INFO	IDSS	server/idss_main.go:598	Query sent to peer QmQpQXB1b7TmgWsv6pvRMqwMMPyn1sJ7SbjuhdK6r5daQG, awaiting for response
2024-10-30T16:32:22.950+0100	WARN	IDSS	server/idss_main.go:409	Duplicate query received on Peer: QmXiA68qEDE3Qy1KEXYvk5ZoMo7B3vgSwfnfF3QP4QmJZN get Client
 (UQI: QmVT4nXkCcghnSgaxCMuF3seddRXZCZSajtdrfGJXDxmZB-1730302342626177708)
2024-10-30T16:32:22.951+0100	INFO	IDSS	server/idss_main.go:598	Query sent to peer QmX87h1VTfYQK5n2DCVHzHua6YV21QVTxtn6JQD4P6Up3k, awaiting for response
2024-10-30T16:32:22.952+0100	INFO	IDSS	server/idss_main.go:598	Query sent to peer QmbvLEyecLKJzWEaF1DwJjSpjjFZhytBLyvaLPyV6JB5Jx, awaiting for response
2024-10-30T16:32:22.953+0100	INFO	IDSS	server/idss_main.go:598	Query sent to peer QmZajqudreu5rkvjDADMY7g16UitD7RkWSQpr7cBaf5R8f, awaiting for response
2024-10-30T16:32:22.953+0100	INFO	IDSS	server/idss_main.go:598	Query sent to peer QmY3KziLnhU6RCNc9uSgBaP6CZFwSUUMij2XXcNYC6mUX4, awaiting for response
2024-10-30T16:32:22.954+0100	INFO	IDSS	server/idss_main.go:598	Query sent to peer QmZV3TbhWtfrDkYAnFJVMYUZUU9fMYp7UJzjfCHDv9qr5A, awaiting for response
2024-10-30T16:32:22.958+0100	INFO	IDSS	server/idss_main.go:598	Query sent to peer QmaUyzWdNRMfEHLTVieiUysBr8vC2N3VUexp92Jcjdi4QZ, awaiting for response
2024-10-30T16:32:22.961+0100	INFO	IDSS	server/idss_main.go:598	Query sent to peer QmTS2oW64P5TvNk61d5Hj9P4AFim7J9Dtp9sNQ14mdrhqx, awaiting for response
2024-10-30T16:32:23.027+0100	INFO	IDSS	server/idss_main.go:364	Received incoming from QmZajqudreu5rkvjDADMY7g16UitD7RkWSQpr7cBaf5R8f
2024-10-30T16:32:23.027+0100	INFO	IDSS	server/idss_main.go:400	Query received:
On peer QmXiA68qEDE3Qy1KEXYvk5ZoMo7B3vgSwfnfF3QP4QmJZN 
UQI: QmVT4nXkCcghnSgaxCMuF3seddRXZCZSajtdrfGJXDxmZB-1730302342626177708
TTL: 1.125000 
From: QmZajqudreu5rkvjDADMY7g16UitD7RkWSQpr7cBaf5R8f
2024-10-30T16:32:23.028+0100	WARN	IDSS	server/idss_main.go:409	Duplicate query received on Peer: QmXiA68qEDE3Qy1KEXYvk5ZoMo7B3vgSwfnfF3QP4QmJZN get Client
 (UQI: QmVT4nXkCcghnSgaxCMuF3seddRXZCZSajtdrfGJXDxmZB-1730302342626177708)
2024-10-30T16:32:23.024+0100	INFO	IDSS	server/idss_main.go:364	Received incoming from QmY3KziLnhU6RCNc9uSgBaP6CZFwSUUMij2XXcNYC6mUX4
2024-10-30T16:32:23.094+0100	INFO	IDSS	server/idss_main.go:400	Query received:
On peer QmXiA68qEDE3Qy1KEXYvk5ZoMo7B3vgSwfnfF3QP4QmJZN 
UQI: QmVT4nXkCcghnSgaxCMuF3seddRXZCZSajtdrfGJXDxmZB-1730302342626177708
TTL: 1.125000 
From: QmY3KziLnhU6RCNc9uSgBaP6CZFwSUUMij2XXcNYC6mUX4
2024-10-30T16:32:23.096+0100	WARN	IDSS	server/idss_main.go:409	Duplicate query received on Peer: QmXiA68qEDE3Qy1KEXYvk5ZoMo7B3vgSwfnfF3QP4QmJZN get Client
 (UQI: QmVT4nXkCcghnSgaxCMuF3seddRXZCZSajtdrfGJXDxmZB-1730302342626177708)
2024-10-30T16:32:23.182+0100	INFO	IDSS	server/idss_main.go:364	Received incoming from QmbvLEyecLKJzWEaF1DwJjSpjjFZhytBLyvaLPyV6JB5Jx
2024-10-30T16:32:23.182+0100	INFO	IDSS	server/idss_main.go:400	Query received:
On peer QmXiA68qEDE3Qy1KEXYvk5ZoMo7B3vgSwfnfF3QP4QmJZN 
UQI: QmVT4nXkCcghnSgaxCMuF3seddRXZCZSajtdrfGJXDxmZB-1730302342626177708
TTL: 1.125000 
From: QmbvLEyecLKJzWEaF1DwJjSpjjFZhytBLyvaLPyV6JB5Jx
2024-10-30T16:32:23.182+0100	WARN	IDSS	server/idss_main.go:409	Duplicate query received on Peer: QmXiA68qEDE3Qy1KEXYvk5ZoMo7B3vgSwfnfF3QP4QmJZN get Client
 (UQI: QmVT4nXkCcghnSgaxCMuF3seddRXZCZSajtdrfGJXDxmZB-1730302342626177708)
2024-10-30T16:32:23.278+0100	INFO	IDSS	server/idss_main.go:364	Received incoming from QmaUyzWdNRMfEHLTVieiUysBr8vC2N3VUexp92Jcjdi4QZ
2024-10-30T16:32:23.279+0100	INFO	IDSS	server/idss_main.go:400	Query received:
On peer QmXiA68qEDE3Qy1KEXYvk5ZoMo7B3vgSwfnfF3QP4QmJZN 
UQI: QmVT4nXkCcghnSgaxCMuF3seddRXZCZSajtdrfGJXDxmZB-1730302342626177708
TTL: 1.125000 
From: QmaUyzWdNRMfEHLTVieiUysBr8vC2N3VUexp92Jcjdi4QZ
2024-10-30T16:32:23.279+0100	WARN	IDSS	server/idss_main.go:409	Duplicate query received on Peer: QmXiA68qEDE3Qy1KEXYvk5ZoMo7B3vgSwfnfF3QP4QmJZN get Client
 (UQI: QmVT4nXkCcghnSgaxCMuF3seddRXZCZSajtdrfGJXDxmZB-1730302342626177708)
2024-10-30T16:32:23.297+0100	INFO	IDSS	server/idss_main.go:364	Received incoming from QmQpQXB1b7TmgWsv6pvRMqwMMPyn1sJ7SbjuhdK6r5daQG
2024-10-30T16:32:23.323+0100	INFO	IDSS	server/idss_main.go:400	Query received:
On peer QmXiA68qEDE3Qy1KEXYvk5ZoMo7B3vgSwfnfF3QP4QmJZN 
UQI: QmVT4nXkCcghnSgaxCMuF3seddRXZCZSajtdrfGJXDxmZB-1730302342626177708
TTL: 1.125000 
From: QmQpQXB1b7TmgWsv6pvRMqwMMPyn1sJ7SbjuhdK6r5daQG
2024-10-30T16:32:23.328+0100	WARN	IDSS	server/idss_main.go:409	Duplicate query received on Peer: QmXiA68qEDE3Qy1KEXYvk5ZoMo7B3vgSwfnfF3QP4QmJZN get Client
 (UQI: QmVT4nXkCcghnSgaxCMuF3seddRXZCZSajtdrfGJXDxmZB-1730302342626177708)
2024-10-30T16:32:23.347+0100	INFO	IDSS	server/idss_main.go:364	Received incoming from QmZV3TbhWtfrDkYAnFJVMYUZUU9fMYp7UJzjfCHDv9qr5A
2024-10-30T16:32:23.349+0100	INFO	IDSS	server/idss_main.go:400	Query received:
On peer QmXiA68qEDE3Qy1KEXYvk5ZoMo7B3vgSwfnfF3QP4QmJZN 
UQI: QmVT4nXkCcghnSgaxCMuF3seddRXZCZSajtdrfGJXDxmZB-1730302342626177708
TTL: 1.125000 
From: QmZV3TbhWtfrDkYAnFJVMYUZUU9fMYp7UJzjfCHDv9qr5A
2024-10-30T16:32:23.349+0100	WARN	IDSS	server/idss_main.go:409	Duplicate query received on Peer: QmXiA68qEDE3Qy1KEXYvk5ZoMo7B3vgSwfnfF3QP4QmJZN get Client
 (UQI: QmVT4nXkCcghnSgaxCMuF3seddRXZCZSajtdrfGJXDxmZB-1730302342626177708)
2024-10-30T16:32:24.069+0100	WARN	IDSS	server/idss_main.go:604	Response timeout from peer QmbvLEyecLKJzWEaF1DwJjSpjjFZhytBLyvaLPyV6JB5Jx
2024-10-30T16:32:24.072+0100	WARN	IDSS	server/idss_main.go:604	Response timeout from peer QmQpQXB1b7TmgWsv6pvRMqwMMPyn1sJ7SbjuhdK6r5daQG
2024-10-30T16:32:24.074+0100	WARN	IDSS	server/idss_main.go:604	Response timeout from peer QmX87h1VTfYQK5n2DCVHzHua6YV21QVTxtn6JQD4P6Up3k
2024-10-30T16:32:24.074+0100	WARN	IDSS	server/idss_main.go:604	Response timeout from peer QmY3KziLnhU6RCNc9uSgBaP6CZFwSUUMij2XXcNYC6mUX4
2024-10-30T16:32:24.075+0100	WARN	IDSS	server/idss_main.go:604	Response timeout from peer QmZV3TbhWtfrDkYAnFJVMYUZUU9fMYp7UJzjfCHDv9qr5A
2024-10-30T16:32:24.075+0100	WARN	IDSS	server/idss_main.go:604	Response timeout from peer QmTS2oW64P5TvNk61d5Hj9P4AFim7J9Dtp9sNQ14mdrhqx
2024-10-30T16:32:24.075+0100	WARN	IDSS	server/idss_main.go:604	Response timeout from peer QmaUyzWdNRMfEHLTVieiUysBr8vC2N3VUexp92Jcjdi4QZ
2024-10-30T16:32:24.075+0100	WARN	IDSS	server/idss_main.go:604	Response timeout from peer QmZajqudreu5rkvjDADMY7g16UitD7RkWSQpr7cBaf5R8f
2024-10-30T16:32:24.076+0100	INFO	IDSS	server/idss_main.go:658	DONE merging local and remote results
2024-10-30T16:32:24.161+0100	INFO	IDSS	server/idss_main.go:695	This is an intermediate peer QmXiA68qEDE3Qy1KEXYvk5ZoMo7B3vgSwfnfF3QP4QmJZN. Merging results to send to parent peer QmXiA68qEDE3Qy1KEXYvk5ZoMo7B3vgSwfnfF3QP4QmJZN
2024-10-30T16:32:24.162+0100	INFO	IDSS	server/idss_main.go:710	Sending merged result to peer QmYzmFZrD7oeB5Ln2Qkz4FKJ6X5amj7quked8RJUHQGty4
2024-10-30T16:32:24.162+0100	INFO	IDSS	server/idss_main.go:712	Record count: 100
2024-10-30T16:32:24.163+0100	INFO	IDSS	server/idss_main.go:731	Successfully sent merged result to peer QmYzmFZrD7oeB5Ln2Qkz4FKJ6X5amj7quked8RJUHQGty4
2024-10-30T16:32:49.134+0100	INFO	IDSS	server/idss_main.go:364	Received incoming from QmYzmFZrD7oeB5Ln2Qkz4FKJ6X5amj7quked8RJUHQGty4
2024-10-30T16:32:49.134+0100	INFO	IDSS	server/idss_main.go:400	Query received:
On peer QmXiA68qEDE3Qy1KEXYvk5ZoMo7B3vgSwfnfF3QP4QmJZN 
UQI: QmVT4nXkCcghnSgaxCMuF3seddRXZCZSajtdrfGJXDxmZB-1730302369075974629
TTL: 1.500000 
From: QmYzmFZrD7oeB5Ln2Qkz4FKJ6X5amj7quked8RJUHQGty4
2024-10-30T16:32:49.207+0100	INFO	IDSS	server/idss_main.go:417	This is a new query on this peer
2024-10-30T16:32:49.207+0100	INFO	IDSS	server/idss_main.go:423	Entering executeAndBroadcastQuery...
2024-10-30T16:32:49.208+0100	INFO	IDSS	server/idss_main.go:857	Executing get Client
 locally in QmXiA68qEDE3Qy1KEXYvk5ZoMo7B3vgSwfnfF3QP4QmJZN
2024-10-30T16:32:49.275+0100	INFO	IDSS	server/idss_main.go:364	Received incoming from QmX87h1VTfYQK5n2DCVHzHua6YV21QVTxtn6JQD4P6Up3k
2024-10-30T16:32:49.275+0100	INFO	IDSS	server/idss_main.go:400	Query received:
On peer QmXiA68qEDE3Qy1KEXYvk5ZoMo7B3vgSwfnfF3QP4QmJZN 
UQI: QmVT4nXkCcghnSgaxCMuF3seddRXZCZSajtdrfGJXDxmZB-1730302369075974629
TTL: 1.125000 
From: QmX87h1VTfYQK5n2DCVHzHua6YV21QVTxtn6JQD4P6Up3k
2024-10-30T16:32:49.283+0100	INFO	IDSS	server/idss_main.go:364	Received incoming from QmZV3TbhWtfrDkYAnFJVMYUZUU9fMYp7UJzjfCHDv9qr5A
2024-10-30T16:32:49.284+0100	INFO	IDSS	server/idss_main.go:400	Query received:
On peer QmXiA68qEDE3Qy1KEXYvk5ZoMo7B3vgSwfnfF3QP4QmJZN 
UQI: QmVT4nXkCcghnSgaxCMuF3seddRXZCZSajtdrfGJXDxmZB-1730302369075974629
TTL: 1.125000 
From: QmZV3TbhWtfrDkYAnFJVMYUZUU9fMYp7UJzjfCHDv9qr5A
2024-10-30T16:32:49.291+0100	INFO	IDSS	server/idss_main.go:364	Received incoming from QmY3KziLnhU6RCNc9uSgBaP6CZFwSUUMij2XXcNYC6mUX4
2024-10-30T16:32:49.291+0100	INFO	IDSS	server/idss_main.go:400	Query received:
On peer QmXiA68qEDE3Qy1KEXYvk5ZoMo7B3vgSwfnfF3QP4QmJZN 
UQI: QmVT4nXkCcghnSgaxCMuF3seddRXZCZSajtdrfGJXDxmZB-1730302369075974629
TTL: 1.125000 
From: QmY3KziLnhU6RCNc9uSgBaP6CZFwSUUMij2XXcNYC6mUX4
2024-10-30T16:32:49.313+0100	INFO	IDSS	server/idss_main.go:364	Received incoming from QmaUyzWdNRMfEHLTVieiUysBr8vC2N3VUexp92Jcjdi4QZ
2024-10-30T16:32:49.315+0100	INFO	IDSS	server/idss_main.go:400	Query received:
On peer QmXiA68qEDE3Qy1KEXYvk5ZoMo7B3vgSwfnfF3QP4QmJZN 
UQI: QmVT4nXkCcghnSgaxCMuF3seddRXZCZSajtdrfGJXDxmZB-1730302369075974629
TTL: 1.125000 
From: QmaUyzWdNRMfEHLTVieiUysBr8vC2N3VUexp92Jcjdi4QZ
2024-10-30T16:32:49.327+0100	INFO	IDSS	server/idss_main.go:449	Local query executed successfully
2024-10-30T16:32:49.328+0100	INFO	IDSS	server/idss_main.go:463	Sender address updated to: QmXiA68qEDE3Qy1KEXYvk5ZoMo7B3vgSwfnfF3QP4QmJZN
2024-10-30T16:32:49.328+0100	INFO	IDSS	server/idss_main.go:513	Broadcasting query in peer: QmXiA68qEDE3Qy1KEXYvk5ZoMo7B3vgSwfnfF3QP4QmJZN, Parent peer QmYzmFZrD7oeB5Ln2Qkz4FKJ6X5amj7quked8RJUHQGty4 
2024-10-30T16:32:49.328+0100	INFO	IDSS	server/idss_main.go:545	TTL in QmXiA68qEDE3Qy1KEXYvk5ZoMo7B3vgSwfnfF3QP4QmJZN after decrement: 1.125000
2024-10-30T16:32:49.328+0100	INFO	IDSS	server/idss_main.go:644	Peer QmXiA68qEDE3Qy1KEXYvk5ZoMo7B3vgSwfnfF3QP4QmJZN waiting for overlay peers results...
2024-10-30T16:32:49.328+0100	INFO	IDSS	server/idss_main.go:651	Overlay peers peer results collected, start merging...
2024-10-30T16:32:49.329+0100	WARN	IDSS	server/idss_main.go:409	Duplicate query received on Peer: QmXiA68qEDE3Qy1KEXYvk5ZoMo7B3vgSwfnfF3QP4QmJZN get Client
 (UQI: QmVT4nXkCcghnSgaxCMuF3seddRXZCZSajtdrfGJXDxmZB-1730302369075974629)
2024-10-30T16:32:49.330+0100	WARN	IDSS	server/idss_main.go:409	Duplicate query received on Peer: QmXiA68qEDE3Qy1KEXYvk5ZoMo7B3vgSwfnfF3QP4QmJZN get Client
 (UQI: QmVT4nXkCcghnSgaxCMuF3seddRXZCZSajtdrfGJXDxmZB-1730302369075974629)
2024-10-30T16:32:49.330+0100	WARN	IDSS	server/idss_main.go:409	Duplicate query received on Peer: QmXiA68qEDE3Qy1KEXYvk5ZoMo7B3vgSwfnfF3QP4QmJZN get Client
 (UQI: QmVT4nXkCcghnSgaxCMuF3seddRXZCZSajtdrfGJXDxmZB-1730302369075974629)
2024-10-30T16:32:49.330+0100	WARN	IDSS	server/idss_main.go:409	Duplicate query received on Peer: QmXiA68qEDE3Qy1KEXYvk5ZoMo7B3vgSwfnfF3QP4QmJZN get Client
 (UQI: QmVT4nXkCcghnSgaxCMuF3seddRXZCZSajtdrfGJXDxmZB-1730302369075974629)
2024-10-30T16:32:49.331+0100	INFO	IDSS	server/idss_main.go:598	Query sent to peer QmX87h1VTfYQK5n2DCVHzHua6YV21QVTxtn6JQD4P6Up3k, awaiting for response
2024-10-30T16:32:49.333+0100	INFO	IDSS	server/idss_main.go:598	Query sent to peer QmY3KziLnhU6RCNc9uSgBaP6CZFwSUUMij2XXcNYC6mUX4, awaiting for response
2024-10-30T16:32:49.333+0100	INFO	IDSS	server/idss_main.go:598	Query sent to peer QmZV3TbhWtfrDkYAnFJVMYUZUU9fMYp7UJzjfCHDv9qr5A, awaiting for response
2024-10-30T16:32:49.335+0100	INFO	IDSS	server/idss_main.go:598	Query sent to peer QmTS2oW64P5TvNk61d5Hj9P4AFim7J9Dtp9sNQ14mdrhqx, awaiting for response
2024-10-30T16:32:49.337+0100	INFO	IDSS	server/idss_main.go:598	Query sent to peer QmaUyzWdNRMfEHLTVieiUysBr8vC2N3VUexp92Jcjdi4QZ, awaiting for response
2024-10-30T16:32:49.348+0100	INFO	IDSS	server/idss_main.go:598	Query sent to peer QmZajqudreu5rkvjDADMY7g16UitD7RkWSQpr7cBaf5R8f, awaiting for response
2024-10-30T16:32:49.355+0100	INFO	IDSS	server/idss_main.go:598	Query sent to peer QmbvLEyecLKJzWEaF1DwJjSpjjFZhytBLyvaLPyV6JB5Jx, awaiting for response
2024-10-30T16:32:49.357+0100	INFO	IDSS	server/idss_main.go:598	Query sent to peer QmQpQXB1b7TmgWsv6pvRMqwMMPyn1sJ7SbjuhdK6r5daQG, awaiting for response
2024-10-30T16:32:49.363+0100	INFO	IDSS	server/idss_main.go:364	Received incoming from QmZajqudreu5rkvjDADMY7g16UitD7RkWSQpr7cBaf5R8f
2024-10-30T16:32:49.364+0100	INFO	IDSS	server/idss_main.go:400	Query received:
On peer QmXiA68qEDE3Qy1KEXYvk5ZoMo7B3vgSwfnfF3QP4QmJZN 
UQI: QmVT4nXkCcghnSgaxCMuF3seddRXZCZSajtdrfGJXDxmZB-1730302369075974629
TTL: 1.125000 
From: QmZajqudreu5rkvjDADMY7g16UitD7RkWSQpr7cBaf5R8f
2024-10-30T16:32:49.364+0100	WARN	IDSS	server/idss_main.go:409	Duplicate query received on Peer: QmXiA68qEDE3Qy1KEXYvk5ZoMo7B3vgSwfnfF3QP4QmJZN get Client
 (UQI: QmVT4nXkCcghnSgaxCMuF3seddRXZCZSajtdrfGJXDxmZB-1730302369075974629)
2024-10-30T16:32:49.365+0100	INFO	IDSS	server/idss_main.go:364	Received incoming from QmQpQXB1b7TmgWsv6pvRMqwMMPyn1sJ7SbjuhdK6r5daQG
2024-10-30T16:32:49.365+0100	INFO	IDSS	server/idss_main.go:400	Query received:
On peer QmXiA68qEDE3Qy1KEXYvk5ZoMo7B3vgSwfnfF3QP4QmJZN 
UQI: QmVT4nXkCcghnSgaxCMuF3seddRXZCZSajtdrfGJXDxmZB-1730302369075974629
TTL: 1.125000 
From: QmQpQXB1b7TmgWsv6pvRMqwMMPyn1sJ7SbjuhdK6r5daQG
2024-10-30T16:32:49.366+0100	WARN	IDSS	server/idss_main.go:409	Duplicate query received on Peer: QmXiA68qEDE3Qy1KEXYvk5ZoMo7B3vgSwfnfF3QP4QmJZN get Client
 (UQI: QmVT4nXkCcghnSgaxCMuF3seddRXZCZSajtdrfGJXDxmZB-1730302369075974629)
2024-10-30T16:32:49.377+0100	INFO	IDSS	server/idss_main.go:364	Received incoming from QmTS2oW64P5TvNk61d5Hj9P4AFim7J9Dtp9sNQ14mdrhqx
2024-10-30T16:32:49.392+0100	INFO	IDSS	server/idss_main.go:400	Query received:
On peer QmXiA68qEDE3Qy1KEXYvk5ZoMo7B3vgSwfnfF3QP4QmJZN 
UQI: QmVT4nXkCcghnSgaxCMuF3seddRXZCZSajtdrfGJXDxmZB-1730302369075974629
TTL: 1.125000 
From: QmTS2oW64P5TvNk61d5Hj9P4AFim7J9Dtp9sNQ14mdrhqx
2024-10-30T16:32:49.395+0100	WARN	IDSS	server/idss_main.go:409	Duplicate query received on Peer: QmXiA68qEDE3Qy1KEXYvk5ZoMo7B3vgSwfnfF3QP4QmJZN get Client
 (UQI: QmVT4nXkCcghnSgaxCMuF3seddRXZCZSajtdrfGJXDxmZB-1730302369075974629)
2024-10-30T16:32:49.477+0100	INFO	IDSS	server/idss_main.go:364	Received incoming from QmbvLEyecLKJzWEaF1DwJjSpjjFZhytBLyvaLPyV6JB5Jx
2024-10-30T16:32:49.477+0100	INFO	IDSS	server/idss_main.go:400	Query received:
On peer QmXiA68qEDE3Qy1KEXYvk5ZoMo7B3vgSwfnfF3QP4QmJZN 
UQI: QmVT4nXkCcghnSgaxCMuF3seddRXZCZSajtdrfGJXDxmZB-1730302369075974629
TTL: 1.125000 
From: QmbvLEyecLKJzWEaF1DwJjSpjjFZhytBLyvaLPyV6JB5Jx
2024-10-30T16:32:49.480+0100	WARN	IDSS	server/idss_main.go:409	Duplicate query received on Peer: QmXiA68qEDE3Qy1KEXYvk5ZoMo7B3vgSwfnfF3QP4QmJZN get Client
 (UQI: QmVT4nXkCcghnSgaxCMuF3seddRXZCZSajtdrfGJXDxmZB-1730302369075974629)
2024-10-30T16:32:50.457+0100	WARN	IDSS	server/idss_main.go:604	Response timeout from peer QmX87h1VTfYQK5n2DCVHzHua6YV21QVTxtn6JQD4P6Up3k
2024-10-30T16:32:50.458+0100	WARN	IDSS	server/idss_main.go:604	Response timeout from peer QmY3KziLnhU6RCNc9uSgBaP6CZFwSUUMij2XXcNYC6mUX4
2024-10-30T16:32:50.458+0100	WARN	IDSS	server/idss_main.go:604	Response timeout from peer QmZV3TbhWtfrDkYAnFJVMYUZUU9fMYp7UJzjfCHDv9qr5A
2024-10-30T16:32:50.460+0100	WARN	IDSS	server/idss_main.go:604	Response timeout from peer QmTS2oW64P5TvNk61d5Hj9P4AFim7J9Dtp9sNQ14mdrhqx
2024-10-30T16:32:50.463+0100	WARN	IDSS	server/idss_main.go:604	Response timeout from peer QmaUyzWdNRMfEHLTVieiUysBr8vC2N3VUexp92Jcjdi4QZ
2024-10-30T16:32:50.473+0100	WARN	IDSS	server/idss_main.go:604	Response timeout from peer QmZajqudreu5rkvjDADMY7g16UitD7RkWSQpr7cBaf5R8f
2024-10-30T16:32:50.480+0100	WARN	IDSS	server/idss_main.go:604	Response timeout from peer QmbvLEyecLKJzWEaF1DwJjSpjjFZhytBLyvaLPyV6JB5Jx
2024-10-30T16:32:50.483+0100	WARN	IDSS	server/idss_main.go:604	Response timeout from peer QmQpQXB1b7TmgWsv6pvRMqwMMPyn1sJ7SbjuhdK6r5daQG
2024-10-30T16:32:50.483+0100	INFO	IDSS	server/idss_main.go:658	DONE merging local and remote results
2024-10-30T16:32:50.520+0100	INFO	IDSS	server/idss_main.go:695	This is an intermediate peer QmXiA68qEDE3Qy1KEXYvk5ZoMo7B3vgSwfnfF3QP4QmJZN. Merging results to send to parent peer QmXiA68qEDE3Qy1KEXYvk5ZoMo7B3vgSwfnfF3QP4QmJZN
2024-10-30T16:32:50.521+0100	INFO	IDSS	server/idss_main.go:710	Sending merged result to peer QmYzmFZrD7oeB5Ln2Qkz4FKJ6X5amj7quked8RJUHQGty4
2024-10-30T16:32:50.521+0100	INFO	IDSS	server/idss_main.go:712	Record count: 100
2024-10-30T16:32:50.521+0100	INFO	IDSS	server/idss_main.go:731	Successfully sent merged result to peer QmYzmFZrD7oeB5Ln2Qkz4FKJ6X5amj7quked8RJUHQGty4
2024-10-30T16:33:03.283+0100	INFO	IDSS	server/idss_main.go:364	Received incoming from QmYzmFZrD7oeB5Ln2Qkz4FKJ6X5amj7quked8RJUHQGty4
2024-10-30T16:33:03.283+0100	INFO	IDSS	server/idss_main.go:400	Query received:
On peer QmXiA68qEDE3Qy1KEXYvk5ZoMo7B3vgSwfnfF3QP4QmJZN 
UQI: QmVT4nXkCcghnSgaxCMuF3seddRXZCZSajtdrfGJXDxmZB-1730302383238050570
TTL: 1.500000 
From: QmYzmFZrD7oeB5Ln2Qkz4FKJ6X5amj7quked8RJUHQGty4
2024-10-30T16:33:03.389+0100	INFO	IDSS	server/idss_main.go:417	This is a new query on this peer
2024-10-30T16:33:03.389+0100	INFO	IDSS	server/idss_main.go:423	Entering executeAndBroadcastQuery...
2024-10-30T16:33:03.390+0100	INFO	IDSS	server/idss_main.go:857	Executing get Client
 locally in QmXiA68qEDE3Qy1KEXYvk5ZoMo7B3vgSwfnfF3QP4QmJZN
2024-10-30T16:33:03.460+0100	INFO	IDSS	server/idss_main.go:364	Received incoming from QmZV3TbhWtfrDkYAnFJVMYUZUU9fMYp7UJzjfCHDv9qr5A
2024-10-30T16:33:03.461+0100	INFO	IDSS	server/idss_main.go:400	Query received:
On peer QmXiA68qEDE3Qy1KEXYvk5ZoMo7B3vgSwfnfF3QP4QmJZN 
UQI: QmVT4nXkCcghnSgaxCMuF3seddRXZCZSajtdrfGJXDxmZB-1730302383238050570
TTL: 1.125000 
From: QmZV3TbhWtfrDkYAnFJVMYUZUU9fMYp7UJzjfCHDv9qr5A
2024-10-30T16:33:03.473+0100	INFO	IDSS	server/idss_main.go:449	Local query executed successfully
2024-10-30T16:33:03.478+0100	INFO	IDSS	server/idss_main.go:463	Sender address updated to: QmXiA68qEDE3Qy1KEXYvk5ZoMo7B3vgSwfnfF3QP4QmJZN
2024-10-30T16:33:03.478+0100	INFO	IDSS	server/idss_main.go:513	Broadcasting query in peer: QmXiA68qEDE3Qy1KEXYvk5ZoMo7B3vgSwfnfF3QP4QmJZN, Parent peer QmYzmFZrD7oeB5Ln2Qkz4FKJ6X5amj7quked8RJUHQGty4 
2024-10-30T16:33:03.479+0100	INFO	IDSS	server/idss_main.go:545	TTL in QmXiA68qEDE3Qy1KEXYvk5ZoMo7B3vgSwfnfF3QP4QmJZN after decrement: 1.125000
2024-10-30T16:33:03.479+0100	INFO	IDSS	server/idss_main.go:644	Peer QmXiA68qEDE3Qy1KEXYvk5ZoMo7B3vgSwfnfF3QP4QmJZN waiting for overlay peers results...
2024-10-30T16:33:03.479+0100	INFO	IDSS	server/idss_main.go:651	Overlay peers peer results collected, start merging...
2024-10-30T16:33:03.474+0100	WARN	IDSS	server/idss_main.go:409	Duplicate query received on Peer: QmXiA68qEDE3Qy1KEXYvk5ZoMo7B3vgSwfnfF3QP4QmJZN get Client
 (UQI: QmVT4nXkCcghnSgaxCMuF3seddRXZCZSajtdrfGJXDxmZB-1730302383238050570)
2024-10-30T16:33:03.479+0100	INFO	IDSS	server/idss_main.go:598	Query sent to peer QmbvLEyecLKJzWEaF1DwJjSpjjFZhytBLyvaLPyV6JB5Jx, awaiting for response
2024-10-30T16:33:03.480+0100	INFO	IDSS	server/idss_main.go:598	Query sent to peer QmQpQXB1b7TmgWsv6pvRMqwMMPyn1sJ7SbjuhdK6r5daQG, awaiting for response
2024-10-30T16:33:03.481+0100	INFO	IDSS	server/idss_main.go:598	Query sent to peer QmX87h1VTfYQK5n2DCVHzHua6YV21QVTxtn6JQD4P6Up3k, awaiting for response
2024-10-30T16:33:03.481+0100	INFO	IDSS	server/idss_main.go:598	Query sent to peer QmY3KziLnhU6RCNc9uSgBaP6CZFwSUUMij2XXcNYC6mUX4, awaiting for response
2024-10-30T16:33:03.482+0100	INFO	IDSS	server/idss_main.go:598	Query sent to peer QmZV3TbhWtfrDkYAnFJVMYUZUU9fMYp7UJzjfCHDv9qr5A, awaiting for response
2024-10-30T16:33:03.482+0100	INFO	IDSS	server/idss_main.go:598	Query sent to peer QmTS2oW64P5TvNk61d5Hj9P4AFim7J9Dtp9sNQ14mdrhqx, awaiting for response
2024-10-30T16:33:03.483+0100	INFO	IDSS	server/idss_main.go:598	Query sent to peer QmaUyzWdNRMfEHLTVieiUysBr8vC2N3VUexp92Jcjdi4QZ, awaiting for response
2024-10-30T16:33:03.484+0100	INFO	IDSS	server/idss_main.go:598	Query sent to peer QmZajqudreu5rkvjDADMY7g16UitD7RkWSQpr7cBaf5R8f, awaiting for response
2024-10-30T16:33:03.476+0100	INFO	IDSS	server/idss_main.go:364	Received incoming from QmZajqudreu5rkvjDADMY7g16UitD7RkWSQpr7cBaf5R8f
2024-10-30T16:33:03.484+0100	INFO	IDSS	server/idss_main.go:400	Query received:
On peer QmXiA68qEDE3Qy1KEXYvk5ZoMo7B3vgSwfnfF3QP4QmJZN 
UQI: QmVT4nXkCcghnSgaxCMuF3seddRXZCZSajtdrfGJXDxmZB-1730302383238050570
TTL: 1.125000 
From: QmZajqudreu5rkvjDADMY7g16UitD7RkWSQpr7cBaf5R8f
2024-10-30T16:33:03.485+0100	WARN	IDSS	server/idss_main.go:409	Duplicate query received on Peer: QmXiA68qEDE3Qy1KEXYvk5ZoMo7B3vgSwfnfF3QP4QmJZN get Client
 (UQI: QmVT4nXkCcghnSgaxCMuF3seddRXZCZSajtdrfGJXDxmZB-1730302383238050570)
2024-10-30T16:33:03.488+0100	INFO	IDSS	server/idss_main.go:364	Received incoming from QmbvLEyecLKJzWEaF1DwJjSpjjFZhytBLyvaLPyV6JB5Jx
2024-10-30T16:33:03.488+0100	INFO	IDSS	server/idss_main.go:400	Query received:
On peer QmXiA68qEDE3Qy1KEXYvk5ZoMo7B3vgSwfnfF3QP4QmJZN 
UQI: QmVT4nXkCcghnSgaxCMuF3seddRXZCZSajtdrfGJXDxmZB-1730302383238050570
TTL: 1.125000 
From: QmbvLEyecLKJzWEaF1DwJjSpjjFZhytBLyvaLPyV6JB5Jx
2024-10-30T16:33:03.489+0100	WARN	IDSS	server/idss_main.go:409	Duplicate query received on Peer: QmXiA68qEDE3Qy1KEXYvk5ZoMo7B3vgSwfnfF3QP4QmJZN get Client
 (UQI: QmVT4nXkCcghnSgaxCMuF3seddRXZCZSajtdrfGJXDxmZB-1730302383238050570)
2024-10-30T16:33:03.490+0100	INFO	IDSS	server/idss_main.go:364	Received incoming from QmTS2oW64P5TvNk61d5Hj9P4AFim7J9Dtp9sNQ14mdrhqx
2024-10-30T16:33:03.490+0100	INFO	IDSS	server/idss_main.go:400	Query received:
On peer QmXiA68qEDE3Qy1KEXYvk5ZoMo7B3vgSwfnfF3QP4QmJZN 
UQI: QmVT4nXkCcghnSgaxCMuF3seddRXZCZSajtdrfGJXDxmZB-1730302383238050570
TTL: 1.125000 
From: QmTS2oW64P5TvNk61d5Hj9P4AFim7J9Dtp9sNQ14mdrhqx
2024-10-30T16:33:03.529+0100	INFO	IDSS	server/idss_main.go:364	Received incoming from QmaUyzWdNRMfEHLTVieiUysBr8vC2N3VUexp92Jcjdi4QZ
2024-10-30T16:33:03.529+0100	INFO	IDSS	server/idss_main.go:400	Query received:
On peer QmXiA68qEDE3Qy1KEXYvk5ZoMo7B3vgSwfnfF3QP4QmJZN 
UQI: QmVT4nXkCcghnSgaxCMuF3seddRXZCZSajtdrfGJXDxmZB-1730302383238050570
TTL: 1.125000 
From: QmaUyzWdNRMfEHLTVieiUysBr8vC2N3VUexp92Jcjdi4QZ
2024-10-30T16:33:03.530+0100	WARN	IDSS	server/idss_main.go:409	Duplicate query received on Peer: QmXiA68qEDE3Qy1KEXYvk5ZoMo7B3vgSwfnfF3QP4QmJZN get Client
 (UQI: QmVT4nXkCcghnSgaxCMuF3seddRXZCZSajtdrfGJXDxmZB-1730302383238050570)
2024-10-30T16:33:03.534+0100	WARN	IDSS	server/idss_main.go:409	Duplicate query received on Peer: QmXiA68qEDE3Qy1KEXYvk5ZoMo7B3vgSwfnfF3QP4QmJZN get Client
 (UQI: QmVT4nXkCcghnSgaxCMuF3seddRXZCZSajtdrfGJXDxmZB-1730302383238050570)
2024-10-30T16:33:03.666+0100	INFO	IDSS	server/idss_main.go:364	Received incoming from QmQpQXB1b7TmgWsv6pvRMqwMMPyn1sJ7SbjuhdK6r5daQG
2024-10-30T16:33:03.666+0100	INFO	IDSS	server/idss_main.go:400	Query received:
On peer QmXiA68qEDE3Qy1KEXYvk5ZoMo7B3vgSwfnfF3QP4QmJZN 
UQI: QmVT4nXkCcghnSgaxCMuF3seddRXZCZSajtdrfGJXDxmZB-1730302383238050570
TTL: 1.125000 
From: QmQpQXB1b7TmgWsv6pvRMqwMMPyn1sJ7SbjuhdK6r5daQG
2024-10-30T16:33:03.667+0100	INFO	IDSS	server/idss_main.go:364	Received incoming from QmY3KziLnhU6RCNc9uSgBaP6CZFwSUUMij2XXcNYC6mUX4
2024-10-30T16:33:03.667+0100	INFO	IDSS	server/idss_main.go:400	Query received:
On peer QmXiA68qEDE3Qy1KEXYvk5ZoMo7B3vgSwfnfF3QP4QmJZN 
UQI: QmVT4nXkCcghnSgaxCMuF3seddRXZCZSajtdrfGJXDxmZB-1730302383238050570
TTL: 1.125000 
From: QmY3KziLnhU6RCNc9uSgBaP6CZFwSUUMij2XXcNYC6mUX4
2024-10-30T16:33:03.667+0100	WARN	IDSS	server/idss_main.go:409	Duplicate query received on Peer: QmXiA68qEDE3Qy1KEXYvk5ZoMo7B3vgSwfnfF3QP4QmJZN get Client
 (UQI: QmVT4nXkCcghnSgaxCMuF3seddRXZCZSajtdrfGJXDxmZB-1730302383238050570)
2024-10-30T16:33:03.668+0100	WARN	IDSS	server/idss_main.go:409	Duplicate query received on Peer: QmXiA68qEDE3Qy1KEXYvk5ZoMo7B3vgSwfnfF3QP4QmJZN get Client
 (UQI: QmVT4nXkCcghnSgaxCMuF3seddRXZCZSajtdrfGJXDxmZB-1730302383238050570)
2024-10-30T16:33:03.674+0100	INFO	IDSS	server/idss_main.go:364	Received incoming from QmX87h1VTfYQK5n2DCVHzHua6YV21QVTxtn6JQD4P6Up3k
2024-10-30T16:33:03.674+0100	INFO	IDSS	server/idss_main.go:400	Query received:
On peer QmXiA68qEDE3Qy1KEXYvk5ZoMo7B3vgSwfnfF3QP4QmJZN 
UQI: QmVT4nXkCcghnSgaxCMuF3seddRXZCZSajtdrfGJXDxmZB-1730302383238050570
TTL: 1.125000 
From: QmX87h1VTfYQK5n2DCVHzHua6YV21QVTxtn6JQD4P6Up3k
2024-10-30T16:33:03.675+0100	WARN	IDSS	server/idss_main.go:409	Duplicate query received on Peer: QmXiA68qEDE3Qy1KEXYvk5ZoMo7B3vgSwfnfF3QP4QmJZN get Client
 (UQI: QmVT4nXkCcghnSgaxCMuF3seddRXZCZSajtdrfGJXDxmZB-1730302383238050570)
2024-10-30T16:33:04.604+0100	WARN	IDSS	server/idss_main.go:604	Response timeout from peer QmbvLEyecLKJzWEaF1DwJjSpjjFZhytBLyvaLPyV6JB5Jx
2024-10-30T16:33:04.606+0100	WARN	IDSS	server/idss_main.go:604	Response timeout from peer QmQpQXB1b7TmgWsv6pvRMqwMMPyn1sJ7SbjuhdK6r5daQG
2024-10-30T16:33:04.606+0100	WARN	IDSS	server/idss_main.go:604	Response timeout from peer QmX87h1VTfYQK5n2DCVHzHua6YV21QVTxtn6JQD4P6Up3k
2024-10-30T16:33:04.606+0100	WARN	IDSS	server/idss_main.go:604	Response timeout from peer QmY3KziLnhU6RCNc9uSgBaP6CZFwSUUMij2XXcNYC6mUX4
2024-10-30T16:33:04.607+0100	WARN	IDSS	server/idss_main.go:604	Response timeout from peer QmZV3TbhWtfrDkYAnFJVMYUZUU9fMYp7UJzjfCHDv9qr5A
2024-10-30T16:33:04.607+0100	WARN	IDSS	server/idss_main.go:604	Response timeout from peer QmTS2oW64P5TvNk61d5Hj9P4AFim7J9Dtp9sNQ14mdrhqx
2024-10-30T16:33:04.609+0100	WARN	IDSS	server/idss_main.go:604	Response timeout from peer QmaUyzWdNRMfEHLTVieiUysBr8vC2N3VUexp92Jcjdi4QZ
2024-10-30T16:33:04.609+0100	WARN	IDSS	server/idss_main.go:604	Response timeout from peer QmZajqudreu5rkvjDADMY7g16UitD7RkWSQpr7cBaf5R8f
2024-10-30T16:33:04.609+0100	INFO	IDSS	server/idss_main.go:658	DONE merging local and remote results
2024-10-30T16:33:04.644+0100	INFO	IDSS	server/idss_main.go:695	This is an intermediate peer QmXiA68qEDE3Qy1KEXYvk5ZoMo7B3vgSwfnfF3QP4QmJZN. Merging results to send to parent peer QmXiA68qEDE3Qy1KEXYvk5ZoMo7B3vgSwfnfF3QP4QmJZN
2024-10-30T16:33:04.644+0100	INFO	IDSS	server/idss_main.go:710	Sending merged result to peer QmYzmFZrD7oeB5Ln2Qkz4FKJ6X5amj7quked8RJUHQGty4
2024-10-30T16:33:04.645+0100	INFO	IDSS	server/idss_main.go:712	Record count: 100
2024-10-30T16:33:04.645+0100	INFO	IDSS	server/idss_main.go:731	Successfully sent merged result to peer QmYzmFZrD7oeB5Ln2Qkz4FKJ6X5amj7quked8RJUHQGty4
2024-10-30T16:33:26.069+0100	INFO	IDSS	server/idss_main.go:364	Received incoming from QmYzmFZrD7oeB5Ln2Qkz4FKJ6X5amj7quked8RJUHQGty4
2024-10-30T16:33:26.069+0100	INFO	IDSS	server/idss_main.go:400	Query received:
On peer QmXiA68qEDE3Qy1KEXYvk5ZoMo7B3vgSwfnfF3QP4QmJZN 
UQI: QmVT4nXkCcghnSgaxCMuF3seddRXZCZSajtdrfGJXDxmZB-1730302406007796947
TTL: 1.500000 
From: QmYzmFZrD7oeB5Ln2Qkz4FKJ6X5amj7quked8RJUHQGty4
2024-10-30T16:33:26.234+0100	INFO	IDSS	server/idss_main.go:417	This is a new query on this peer
2024-10-30T16:33:26.241+0100	INFO	IDSS	server/idss_main.go:423	Entering executeAndBroadcastQuery...
2024-10-30T16:33:26.241+0100	INFO	IDSS	server/idss_main.go:857	Executing get Client
 locally in QmXiA68qEDE3Qy1KEXYvk5ZoMo7B3vgSwfnfF3QP4QmJZN
2024-10-30T16:33:26.303+0100	INFO	IDSS	server/idss_main.go:364	Received incoming from QmbvLEyecLKJzWEaF1DwJjSpjjFZhytBLyvaLPyV6JB5Jx
2024-10-30T16:33:26.303+0100	INFO	IDSS	server/idss_main.go:400	Query received:
On peer QmXiA68qEDE3Qy1KEXYvk5ZoMo7B3vgSwfnfF3QP4QmJZN 
UQI: QmVT4nXkCcghnSgaxCMuF3seddRXZCZSajtdrfGJXDxmZB-1730302406007796947
TTL: 1.125000 
From: QmbvLEyecLKJzWEaF1DwJjSpjjFZhytBLyvaLPyV6JB5Jx
2024-10-30T16:33:26.327+0100	INFO	IDSS	server/idss_main.go:449	Local query executed successfully
2024-10-30T16:33:26.327+0100	WARN	IDSS	server/idss_main.go:409	Duplicate query received on Peer: QmXiA68qEDE3Qy1KEXYvk5ZoMo7B3vgSwfnfF3QP4QmJZN get Client
 (UQI: QmVT4nXkCcghnSgaxCMuF3seddRXZCZSajtdrfGJXDxmZB-1730302406007796947)
2024-10-30T16:33:26.327+0100	INFO	IDSS	server/idss_main.go:463	Sender address updated to: QmXiA68qEDE3Qy1KEXYvk5ZoMo7B3vgSwfnfF3QP4QmJZN
2024-10-30T16:33:26.327+0100	INFO	IDSS	server/idss_main.go:513	Broadcasting query in peer: QmXiA68qEDE3Qy1KEXYvk5ZoMo7B3vgSwfnfF3QP4QmJZN, Parent peer QmYzmFZrD7oeB5Ln2Qkz4FKJ6X5amj7quked8RJUHQGty4 
2024-10-30T16:33:26.328+0100	INFO	IDSS	server/idss_main.go:545	TTL in QmXiA68qEDE3Qy1KEXYvk5ZoMo7B3vgSwfnfF3QP4QmJZN after decrement: 1.125000
2024-10-30T16:33:26.328+0100	INFO	IDSS	server/idss_main.go:644	Peer QmXiA68qEDE3Qy1KEXYvk5ZoMo7B3vgSwfnfF3QP4QmJZN waiting for overlay peers results...
2024-10-30T16:33:26.328+0100	INFO	IDSS	server/idss_main.go:651	Overlay peers peer results collected, start merging...
2024-10-30T16:33:26.328+0100	INFO	IDSS	server/idss_main.go:598	Query sent to peer QmaUyzWdNRMfEHLTVieiUysBr8vC2N3VUexp92Jcjdi4QZ, awaiting for response
2024-10-30T16:33:26.328+0100	INFO	IDSS	server/idss_main.go:598	Query sent to peer QmZajqudreu5rkvjDADMY7g16UitD7RkWSQpr7cBaf5R8f, awaiting for response
2024-10-30T16:33:26.329+0100	INFO	IDSS	server/idss_main.go:598	Query sent to peer QmbvLEyecLKJzWEaF1DwJjSpjjFZhytBLyvaLPyV6JB5Jx, awaiting for response
2024-10-30T16:33:26.330+0100	INFO	IDSS	server/idss_main.go:598	Query sent to peer QmQpQXB1b7TmgWsv6pvRMqwMMPyn1sJ7SbjuhdK6r5daQG, awaiting for response
2024-10-30T16:33:26.330+0100	INFO	IDSS	server/idss_main.go:364	Received incoming from QmQpQXB1b7TmgWsv6pvRMqwMMPyn1sJ7SbjuhdK6r5daQG
2024-10-30T16:33:26.330+0100	INFO	IDSS	server/idss_main.go:598	Query sent to peer QmY3KziLnhU6RCNc9uSgBaP6CZFwSUUMij2XXcNYC6mUX4, awaiting for response
2024-10-30T16:33:26.330+0100	INFO	IDSS	server/idss_main.go:598	Query sent to peer QmZV3TbhWtfrDkYAnFJVMYUZUU9fMYp7UJzjfCHDv9qr5A, awaiting for response
2024-10-30T16:33:26.330+0100	INFO	IDSS	server/idss_main.go:598	Query sent to peer QmTS2oW64P5TvNk61d5Hj9P4AFim7J9Dtp9sNQ14mdrhqx, awaiting for response
2024-10-30T16:33:26.330+0100	INFO	IDSS	server/idss_main.go:400	Query received:
On peer QmXiA68qEDE3Qy1KEXYvk5ZoMo7B3vgSwfnfF3QP4QmJZN 
UQI: QmVT4nXkCcghnSgaxCMuF3seddRXZCZSajtdrfGJXDxmZB-1730302406007796947
TTL: 1.125000 
From: QmQpQXB1b7TmgWsv6pvRMqwMMPyn1sJ7SbjuhdK6r5daQG
2024-10-30T16:33:26.331+0100	WARN	IDSS	server/idss_main.go:409	Duplicate query received on Peer: QmXiA68qEDE3Qy1KEXYvk5ZoMo7B3vgSwfnfF3QP4QmJZN get Client
 (UQI: QmVT4nXkCcghnSgaxCMuF3seddRXZCZSajtdrfGJXDxmZB-1730302406007796947)
2024-10-30T16:33:26.331+0100	INFO	IDSS	server/idss_main.go:598	Query sent to peer QmX87h1VTfYQK5n2DCVHzHua6YV21QVTxtn6JQD4P6Up3k, awaiting for response
2024-10-30T16:33:26.336+0100	INFO	IDSS	server/idss_main.go:364	Received incoming from QmZV3TbhWtfrDkYAnFJVMYUZUU9fMYp7UJzjfCHDv9qr5A
2024-10-30T16:33:26.336+0100	INFO	IDSS	server/idss_main.go:400	Query received:
On peer QmXiA68qEDE3Qy1KEXYvk5ZoMo7B3vgSwfnfF3QP4QmJZN 
UQI: QmVT4nXkCcghnSgaxCMuF3seddRXZCZSajtdrfGJXDxmZB-1730302406007796947
TTL: 1.125000 
From: QmZV3TbhWtfrDkYAnFJVMYUZUU9fMYp7UJzjfCHDv9qr5A
2024-10-30T16:33:26.337+0100	WARN	IDSS	server/idss_main.go:409	Duplicate query received on Peer: QmXiA68qEDE3Qy1KEXYvk5ZoMo7B3vgSwfnfF3QP4QmJZN get Client
 (UQI: QmVT4nXkCcghnSgaxCMuF3seddRXZCZSajtdrfGJXDxmZB-1730302406007796947)
2024-10-30T16:33:26.337+0100	INFO	IDSS	server/idss_main.go:364	Received incoming from QmZajqudreu5rkvjDADMY7g16UitD7RkWSQpr7cBaf5R8f
2024-10-30T16:33:26.337+0100	INFO	IDSS	server/idss_main.go:400	Query received:
On peer QmXiA68qEDE3Qy1KEXYvk5ZoMo7B3vgSwfnfF3QP4QmJZN 
UQI: QmVT4nXkCcghnSgaxCMuF3seddRXZCZSajtdrfGJXDxmZB-1730302406007796947
TTL: 1.125000 
From: QmZajqudreu5rkvjDADMY7g16UitD7RkWSQpr7cBaf5R8f
2024-10-30T16:33:26.338+0100	WARN	IDSS	server/idss_main.go:409	Duplicate query received on Peer: QmXiA68qEDE3Qy1KEXYvk5ZoMo7B3vgSwfnfF3QP4QmJZN get Client
 (UQI: QmVT4nXkCcghnSgaxCMuF3seddRXZCZSajtdrfGJXDxmZB-1730302406007796947)
2024-10-30T16:33:26.355+0100	INFO	IDSS	server/idss_main.go:364	Received incoming from QmTS2oW64P5TvNk61d5Hj9P4AFim7J9Dtp9sNQ14mdrhqx
2024-10-30T16:33:26.355+0100	INFO	IDSS	server/idss_main.go:400	Query received:
On peer QmXiA68qEDE3Qy1KEXYvk5ZoMo7B3vgSwfnfF3QP4QmJZN 
UQI: QmVT4nXkCcghnSgaxCMuF3seddRXZCZSajtdrfGJXDxmZB-1730302406007796947
TTL: 1.125000 
From: QmTS2oW64P5TvNk61d5Hj9P4AFim7J9Dtp9sNQ14mdrhqx
2024-10-30T16:33:26.356+0100	WARN	IDSS	server/idss_main.go:409	Duplicate query received on Peer: QmXiA68qEDE3Qy1KEXYvk5ZoMo7B3vgSwfnfF3QP4QmJZN get Client
 (UQI: QmVT4nXkCcghnSgaxCMuF3seddRXZCZSajtdrfGJXDxmZB-1730302406007796947)
2024-10-30T16:33:26.416+0100	INFO	IDSS	server/idss_main.go:364	Received incoming from QmaUyzWdNRMfEHLTVieiUysBr8vC2N3VUexp92Jcjdi4QZ
2024-10-30T16:33:26.420+0100	INFO	IDSS	server/idss_main.go:400	Query received:
On peer QmXiA68qEDE3Qy1KEXYvk5ZoMo7B3vgSwfnfF3QP4QmJZN 
UQI: QmVT4nXkCcghnSgaxCMuF3seddRXZCZSajtdrfGJXDxmZB-1730302406007796947
TTL: 1.125000 
From: QmaUyzWdNRMfEHLTVieiUysBr8vC2N3VUexp92Jcjdi4QZ
2024-10-30T16:33:26.420+0100	WARN	IDSS	server/idss_main.go:409	Duplicate query received on Peer: QmXiA68qEDE3Qy1KEXYvk5ZoMo7B3vgSwfnfF3QP4QmJZN get Client
 (UQI: QmVT4nXkCcghnSgaxCMuF3seddRXZCZSajtdrfGJXDxmZB-1730302406007796947)
2024-10-30T16:33:26.435+0100	INFO	IDSS	server/idss_main.go:364	Received incoming from QmY3KziLnhU6RCNc9uSgBaP6CZFwSUUMij2XXcNYC6mUX4
2024-10-30T16:33:26.436+0100	INFO	IDSS	server/idss_main.go:400	Query received:
On peer QmXiA68qEDE3Qy1KEXYvk5ZoMo7B3vgSwfnfF3QP4QmJZN 
UQI: QmVT4nXkCcghnSgaxCMuF3seddRXZCZSajtdrfGJXDxmZB-1730302406007796947
TTL: 1.125000 
From: QmY3KziLnhU6RCNc9uSgBaP6CZFwSUUMij2XXcNYC6mUX4
2024-10-30T16:33:26.436+0100	WARN	IDSS	server/idss_main.go:409	Duplicate query received on Peer: QmXiA68qEDE3Qy1KEXYvk5ZoMo7B3vgSwfnfF3QP4QmJZN get Client
 (UQI: QmVT4nXkCcghnSgaxCMuF3seddRXZCZSajtdrfGJXDxmZB-1730302406007796947)
2024-10-30T16:33:26.467+0100	INFO	IDSS	server/idss_main.go:364	Received incoming from QmX87h1VTfYQK5n2DCVHzHua6YV21QVTxtn6JQD4P6Up3k
2024-10-30T16:33:26.484+0100	INFO	IDSS	server/idss_main.go:400	Query received:
On peer QmXiA68qEDE3Qy1KEXYvk5ZoMo7B3vgSwfnfF3QP4QmJZN 
UQI: QmVT4nXkCcghnSgaxCMuF3seddRXZCZSajtdrfGJXDxmZB-1730302406007796947
TTL: 1.125000 
From: QmX87h1VTfYQK5n2DCVHzHua6YV21QVTxtn6JQD4P6Up3k
2024-10-30T16:33:26.485+0100	WARN	IDSS	server/idss_main.go:409	Duplicate query received on Peer: QmXiA68qEDE3Qy1KEXYvk5ZoMo7B3vgSwfnfF3QP4QmJZN get Client
 (UQI: QmVT4nXkCcghnSgaxCMuF3seddRXZCZSajtdrfGJXDxmZB-1730302406007796947)
2024-10-30T16:33:27.454+0100	WARN	IDSS	server/idss_main.go:604	Response timeout from peer QmaUyzWdNRMfEHLTVieiUysBr8vC2N3VUexp92Jcjdi4QZ
2024-10-30T16:33:27.454+0100	WARN	IDSS	server/idss_main.go:604	Response timeout from peer QmZajqudreu5rkvjDADMY7g16UitD7RkWSQpr7cBaf5R8f
2024-10-30T16:33:27.454+0100	WARN	IDSS	server/idss_main.go:604	Response timeout from peer QmbvLEyecLKJzWEaF1DwJjSpjjFZhytBLyvaLPyV6JB5Jx
2024-10-30T16:33:27.455+0100	WARN	IDSS	server/idss_main.go:604	Response timeout from peer QmQpQXB1b7TmgWsv6pvRMqwMMPyn1sJ7SbjuhdK6r5daQG
2024-10-30T16:33:27.455+0100	WARN	IDSS	server/idss_main.go:604	Response timeout from peer QmX87h1VTfYQK5n2DCVHzHua6YV21QVTxtn6JQD4P6Up3k
2024-10-30T16:33:27.455+0100	WARN	IDSS	server/idss_main.go:604	Response timeout from peer QmY3KziLnhU6RCNc9uSgBaP6CZFwSUUMij2XXcNYC6mUX4
2024-10-30T16:33:27.455+0100	WARN	IDSS	server/idss_main.go:604	Response timeout from peer QmZV3TbhWtfrDkYAnFJVMYUZUU9fMYp7UJzjfCHDv9qr5A
2024-10-30T16:33:27.456+0100	WARN	IDSS	server/idss_main.go:604	Response timeout from peer QmTS2oW64P5TvNk61d5Hj9P4AFim7J9Dtp9sNQ14mdrhqx
2024-10-30T16:33:27.457+0100	INFO	IDSS	server/idss_main.go:658	DONE merging local and remote results
2024-10-30T16:33:27.496+0100	INFO	IDSS	server/idss_main.go:695	This is an intermediate peer QmXiA68qEDE3Qy1KEXYvk5ZoMo7B3vgSwfnfF3QP4QmJZN. Merging results to send to parent peer QmXiA68qEDE3Qy1KEXYvk5ZoMo7B3vgSwfnfF3QP4QmJZN
2024-10-30T16:33:27.496+0100	INFO	IDSS	server/idss_main.go:710	Sending merged result to peer QmYzmFZrD7oeB5Ln2Qkz4FKJ6X5amj7quked8RJUHQGty4
2024-10-30T16:33:27.496+0100	INFO	IDSS	server/idss_main.go:712	Record count: 100
2024-10-30T16:33:27.496+0100	INFO	IDSS	server/idss_main.go:731	Successfully sent merged result to peer QmYzmFZrD7oeB5Ln2Qkz4FKJ6X5amj7quked8RJUHQGty4
2024-10-30T16:33:33.575+0100	INFO	IDSS	server/idss_main.go:364	Received incoming from QmYzmFZrD7oeB5Ln2Qkz4FKJ6X5amj7quked8RJUHQGty4
2024-10-30T16:33:33.576+0100	INFO	IDSS	server/idss_main.go:400	Query received:
On peer QmXiA68qEDE3Qy1KEXYvk5ZoMo7B3vgSwfnfF3QP4QmJZN 
UQI: QmVT4nXkCcghnSgaxCMuF3seddRXZCZSajtdrfGJXDxmZB-1730302413518736887
TTL: 1.500000 
From: QmYzmFZrD7oeB5Ln2Qkz4FKJ6X5amj7quked8RJUHQGty4
2024-10-30T16:33:33.690+0100	INFO	IDSS	server/idss_main.go:417	This is a new query on this peer
2024-10-30T16:33:33.692+0100	INFO	IDSS	server/idss_main.go:423	Entering executeAndBroadcastQuery...
2024-10-30T16:33:33.692+0100	INFO	IDSS	server/idss_main.go:857	Executing get Client
 locally in QmXiA68qEDE3Qy1KEXYvk5ZoMo7B3vgSwfnfF3QP4QmJZN
2024-10-30T16:33:33.789+0100	INFO	IDSS	server/idss_main.go:364	Received incoming from QmTS2oW64P5TvNk61d5Hj9P4AFim7J9Dtp9sNQ14mdrhqx
2024-10-30T16:33:33.789+0100	INFO	IDSS	server/idss_main.go:400	Query received:
On peer QmXiA68qEDE3Qy1KEXYvk5ZoMo7B3vgSwfnfF3QP4QmJZN 
UQI: QmVT4nXkCcghnSgaxCMuF3seddRXZCZSajtdrfGJXDxmZB-1730302413518736887
TTL: 1.125000 
From: QmTS2oW64P5TvNk61d5Hj9P4AFim7J9Dtp9sNQ14mdrhqx
2024-10-30T16:33:33.790+0100	INFO	IDSS	server/idss_main.go:364	Received incoming from QmY3KziLnhU6RCNc9uSgBaP6CZFwSUUMij2XXcNYC6mUX4
2024-10-30T16:33:33.790+0100	INFO	IDSS	server/idss_main.go:400	Query received:
On peer QmXiA68qEDE3Qy1KEXYvk5ZoMo7B3vgSwfnfF3QP4QmJZN 
UQI: QmVT4nXkCcghnSgaxCMuF3seddRXZCZSajtdrfGJXDxmZB-1730302413518736887
TTL: 1.125000 
From: QmY3KziLnhU6RCNc9uSgBaP6CZFwSUUMij2XXcNYC6mUX4
2024-10-30T16:33:33.791+0100	INFO	IDSS	server/idss_main.go:364	Received incoming from QmZajqudreu5rkvjDADMY7g16UitD7RkWSQpr7cBaf5R8f
2024-10-30T16:33:33.791+0100	INFO	IDSS	server/idss_main.go:400	Query received:
On peer QmXiA68qEDE3Qy1KEXYvk5ZoMo7B3vgSwfnfF3QP4QmJZN 
UQI: QmVT4nXkCcghnSgaxCMuF3seddRXZCZSajtdrfGJXDxmZB-1730302413518736887
TTL: 1.125000 
From: QmZajqudreu5rkvjDADMY7g16UitD7RkWSQpr7cBaf5R8f
2024-10-30T16:33:33.791+0100	INFO	IDSS	server/idss_main.go:364	Received incoming from QmZV3TbhWtfrDkYAnFJVMYUZUU9fMYp7UJzjfCHDv9qr5A
2024-10-30T16:33:33.792+0100	INFO	IDSS	server/idss_main.go:400	Query received:
On peer QmXiA68qEDE3Qy1KEXYvk5ZoMo7B3vgSwfnfF3QP4QmJZN 
UQI: QmVT4nXkCcghnSgaxCMuF3seddRXZCZSajtdrfGJXDxmZB-1730302413518736887
TTL: 1.125000 
From: QmZV3TbhWtfrDkYAnFJVMYUZUU9fMYp7UJzjfCHDv9qr5A
2024-10-30T16:33:33.800+0100	INFO	IDSS	server/idss_main.go:364	Received incoming from QmaUyzWdNRMfEHLTVieiUysBr8vC2N3VUexp92Jcjdi4QZ
2024-10-30T16:33:33.800+0100	INFO	IDSS	server/idss_main.go:400	Query received:
On peer QmXiA68qEDE3Qy1KEXYvk5ZoMo7B3vgSwfnfF3QP4QmJZN 
UQI: QmVT4nXkCcghnSgaxCMuF3seddRXZCZSajtdrfGJXDxmZB-1730302413518736887
TTL: 1.125000 
From: QmaUyzWdNRMfEHLTVieiUysBr8vC2N3VUexp92Jcjdi4QZ
2024-10-30T16:33:33.944+0100	INFO	IDSS	server/idss_main.go:364	Received incoming from QmX87h1VTfYQK5n2DCVHzHua6YV21QVTxtn6JQD4P6Up3k
2024-10-30T16:33:33.944+0100	INFO	IDSS	server/idss_main.go:400	Query received:
On peer QmXiA68qEDE3Qy1KEXYvk5ZoMo7B3vgSwfnfF3QP4QmJZN 
UQI: QmVT4nXkCcghnSgaxCMuF3seddRXZCZSajtdrfGJXDxmZB-1730302413518736887
TTL: 1.125000 
From: QmX87h1VTfYQK5n2DCVHzHua6YV21QVTxtn6JQD4P6Up3k
2024-10-30T16:33:33.955+0100	INFO	IDSS	server/idss_main.go:364	Received incoming from QmQpQXB1b7TmgWsv6pvRMqwMMPyn1sJ7SbjuhdK6r5daQG
2024-10-30T16:33:33.956+0100	INFO	IDSS	server/idss_main.go:400	Query received:
On peer QmXiA68qEDE3Qy1KEXYvk5ZoMo7B3vgSwfnfF3QP4QmJZN 
UQI: QmVT4nXkCcghnSgaxCMuF3seddRXZCZSajtdrfGJXDxmZB-1730302413518736887
TTL: 1.125000 
From: QmQpQXB1b7TmgWsv6pvRMqwMMPyn1sJ7SbjuhdK6r5daQG
2024-10-30T16:33:33.961+0100	WARN	IDSS	server/idss_main.go:409	Duplicate query received on Peer: QmXiA68qEDE3Qy1KEXYvk5ZoMo7B3vgSwfnfF3QP4QmJZN get Client
 (UQI: QmVT4nXkCcghnSgaxCMuF3seddRXZCZSajtdrfGJXDxmZB-1730302413518736887)
2024-10-30T16:33:33.961+0100	WARN	IDSS	server/idss_main.go:409	Duplicate query received on Peer: QmXiA68qEDE3Qy1KEXYvk5ZoMo7B3vgSwfnfF3QP4QmJZN get Client
 (UQI: QmVT4nXkCcghnSgaxCMuF3seddRXZCZSajtdrfGJXDxmZB-1730302413518736887)
2024-10-30T16:33:33.962+0100	WARN	IDSS	server/idss_main.go:409	Duplicate query received on Peer: QmXiA68qEDE3Qy1KEXYvk5ZoMo7B3vgSwfnfF3QP4QmJZN get Client
 (UQI: QmVT4nXkCcghnSgaxCMuF3seddRXZCZSajtdrfGJXDxmZB-1730302413518736887)
2024-10-30T16:33:33.962+0100	WARN	IDSS	server/idss_main.go:409	Duplicate query received on Peer: QmXiA68qEDE3Qy1KEXYvk5ZoMo7B3vgSwfnfF3QP4QmJZN get Client
 (UQI: QmVT4nXkCcghnSgaxCMuF3seddRXZCZSajtdrfGJXDxmZB-1730302413518736887)
2024-10-30T16:33:33.963+0100	WARN	IDSS	server/idss_main.go:409	Duplicate query received on Peer: QmXiA68qEDE3Qy1KEXYvk5ZoMo7B3vgSwfnfF3QP4QmJZN get Client
 (UQI: QmVT4nXkCcghnSgaxCMuF3seddRXZCZSajtdrfGJXDxmZB-1730302413518736887)
2024-10-30T16:33:33.963+0100	WARN	IDSS	server/idss_main.go:409	Duplicate query received on Peer: QmXiA68qEDE3Qy1KEXYvk5ZoMo7B3vgSwfnfF3QP4QmJZN get Client
 (UQI: QmVT4nXkCcghnSgaxCMuF3seddRXZCZSajtdrfGJXDxmZB-1730302413518736887)
2024-10-30T16:33:33.964+0100	WARN	IDSS	server/idss_main.go:409	Duplicate query received on Peer: QmXiA68qEDE3Qy1KEXYvk5ZoMo7B3vgSwfnfF3QP4QmJZN get Client
 (UQI: QmVT4nXkCcghnSgaxCMuF3seddRXZCZSajtdrfGJXDxmZB-1730302413518736887)
2024-10-30T16:33:33.960+0100	INFO	IDSS	server/idss_main.go:449	Local query executed successfully
2024-10-30T16:33:33.973+0100	INFO	IDSS	server/idss_main.go:463	Sender address updated to: QmXiA68qEDE3Qy1KEXYvk5ZoMo7B3vgSwfnfF3QP4QmJZN
2024-10-30T16:33:33.973+0100	INFO	IDSS	server/idss_main.go:513	Broadcasting query in peer: QmXiA68qEDE3Qy1KEXYvk5ZoMo7B3vgSwfnfF3QP4QmJZN, Parent peer QmYzmFZrD7oeB5Ln2Qkz4FKJ6X5amj7quked8RJUHQGty4 
2024-10-30T16:33:33.973+0100	INFO	IDSS	server/idss_main.go:545	TTL in QmXiA68qEDE3Qy1KEXYvk5ZoMo7B3vgSwfnfF3QP4QmJZN after decrement: 1.125000
2024-10-30T16:33:33.973+0100	INFO	IDSS	server/idss_main.go:644	Peer QmXiA68qEDE3Qy1KEXYvk5ZoMo7B3vgSwfnfF3QP4QmJZN waiting for overlay peers results...
2024-10-30T16:33:33.973+0100	INFO	IDSS	server/idss_main.go:651	Overlay peers peer results collected, start merging...
2024-10-30T16:33:33.973+0100	INFO	IDSS	server/idss_main.go:598	Query sent to peer QmZajqudreu5rkvjDADMY7g16UitD7RkWSQpr7cBaf5R8f, awaiting for response
2024-10-30T16:33:33.974+0100	INFO	IDSS	server/idss_main.go:598	Query sent to peer QmbvLEyecLKJzWEaF1DwJjSpjjFZhytBLyvaLPyV6JB5Jx, awaiting for response
2024-10-30T16:33:33.975+0100	INFO	IDSS	server/idss_main.go:598	Query sent to peer QmaUyzWdNRMfEHLTVieiUysBr8vC2N3VUexp92Jcjdi4QZ, awaiting for response
2024-10-30T16:33:33.975+0100	INFO	IDSS	server/idss_main.go:598	Query sent to peer QmTS2oW64P5TvNk61d5Hj9P4AFim7J9Dtp9sNQ14mdrhqx, awaiting for response
2024-10-30T16:33:33.975+0100	INFO	IDSS	server/idss_main.go:598	Query sent to peer QmX87h1VTfYQK5n2DCVHzHua6YV21QVTxtn6JQD4P6Up3k, awaiting for response
2024-10-30T16:33:33.976+0100	INFO	IDSS	server/idss_main.go:598	Query sent to peer QmY3KziLnhU6RCNc9uSgBaP6CZFwSUUMij2XXcNYC6mUX4, awaiting for response
2024-10-30T16:33:33.976+0100	INFO	IDSS	server/idss_main.go:598	Query sent to peer QmQpQXB1b7TmgWsv6pvRMqwMMPyn1sJ7SbjuhdK6r5daQG, awaiting for response
2024-10-30T16:33:33.977+0100	INFO	IDSS	server/idss_main.go:598	Query sent to peer QmZV3TbhWtfrDkYAnFJVMYUZUU9fMYp7UJzjfCHDv9qr5A, awaiting for response
2024-10-30T16:33:34.009+0100	INFO	IDSS	server/idss_main.go:364	Received incoming from QmbvLEyecLKJzWEaF1DwJjSpjjFZhytBLyvaLPyV6JB5Jx
2024-10-30T16:33:34.010+0100	INFO	IDSS	server/idss_main.go:400	Query received:
On peer QmXiA68qEDE3Qy1KEXYvk5ZoMo7B3vgSwfnfF3QP4QmJZN 
UQI: QmVT4nXkCcghnSgaxCMuF3seddRXZCZSajtdrfGJXDxmZB-1730302413518736887
TTL: 1.125000 
From: QmbvLEyecLKJzWEaF1DwJjSpjjFZhytBLyvaLPyV6JB5Jx
2024-10-30T16:33:34.010+0100	WARN	IDSS	server/idss_main.go:409	Duplicate query received on Peer: QmXiA68qEDE3Qy1KEXYvk5ZoMo7B3vgSwfnfF3QP4QmJZN get Client
 (UQI: QmVT4nXkCcghnSgaxCMuF3seddRXZCZSajtdrfGJXDxmZB-1730302413518736887)
2024-10-30T16:33:35.099+0100	WARN	IDSS	server/idss_main.go:604	Response timeout from peer QmZajqudreu5rkvjDADMY7g16UitD7RkWSQpr7cBaf5R8f
2024-10-30T16:33:35.099+0100	WARN	IDSS	server/idss_main.go:604	Response timeout from peer QmbvLEyecLKJzWEaF1DwJjSpjjFZhytBLyvaLPyV6JB5Jx
2024-10-30T16:33:35.099+0100	WARN	IDSS	server/idss_main.go:604	Response timeout from peer QmY3KziLnhU6RCNc9uSgBaP6CZFwSUUMij2XXcNYC6mUX4
2024-10-30T16:33:35.099+0100	WARN	IDSS	server/idss_main.go:604	Response timeout from peer QmZV3TbhWtfrDkYAnFJVMYUZUU9fMYp7UJzjfCHDv9qr5A
2024-10-30T16:33:35.099+0100	WARN	IDSS	server/idss_main.go:604	Response timeout from peer QmTS2oW64P5TvNk61d5Hj9P4AFim7J9Dtp9sNQ14mdrhqx
2024-10-30T16:33:35.100+0100	WARN	IDSS	server/idss_main.go:604	Response timeout from peer QmaUyzWdNRMfEHLTVieiUysBr8vC2N3VUexp92Jcjdi4QZ
2024-10-30T16:33:35.101+0100	WARN	IDSS	server/idss_main.go:604	Response timeout from peer QmQpQXB1b7TmgWsv6pvRMqwMMPyn1sJ7SbjuhdK6r5daQG
2024-10-30T16:33:35.101+0100	WARN	IDSS	server/idss_main.go:604	Response timeout from peer QmX87h1VTfYQK5n2DCVHzHua6YV21QVTxtn6JQD4P6Up3k
2024-10-30T16:33:35.102+0100	INFO	IDSS	server/idss_main.go:658	DONE merging local and remote results
2024-10-30T16:33:35.122+0100	INFO	IDSS	server/idss_main.go:695	This is an intermediate peer QmXiA68qEDE3Qy1KEXYvk5ZoMo7B3vgSwfnfF3QP4QmJZN. Merging results to send to parent peer QmXiA68qEDE3Qy1KEXYvk5ZoMo7B3vgSwfnfF3QP4QmJZN
2024-10-30T16:33:35.122+0100	INFO	IDSS	server/idss_main.go:710	Sending merged result to peer QmYzmFZrD7oeB5Ln2Qkz4FKJ6X5amj7quked8RJUHQGty4
2024-10-30T16:33:35.122+0100	INFO	IDSS	server/idss_main.go:712	Record count: 100
2024-10-30T16:33:35.123+0100	INFO	IDSS	server/idss_main.go:731	Successfully sent merged result to peer QmYzmFZrD7oeB5Ln2Qkz4FKJ6X5amj7quked8RJUHQGty4
